#
# There is insufficient memory for the Java Runtime Environment to continue.
# Native memory allocation (malloc) failed to allocate 1048576 bytes for AllocateHeap
# Possible reasons:
#   The system is out of physical RAM or swap space
#   The process is running with CompressedOops enabled, and the Java Heap may be blocking the growth of the native heap
# Possible solutions:
#   Reduce memory load on the system
#   Increase physical memory or swap space
#   Check if swap backing store is full
#   Decrease Java heap size (-Xmx/-Xms)
#   Decrease number of Java threads
#   Decrease Java thread stack sizes (-Xss)
#   Set larger code cache with -XX:ReservedCodeCacheSize=
#   JVM is running with Unscaled Compressed Oops mode in which the Java heap is
#     placed in the first 4GB address space. The Java Heap base address is the
#     maximum limit for the native heap growth. Please use -XX:HeapBaseMinAddress
#     to set the Java Heap base and to place the Java Heap above 4GB virtual address.
# This output file may be truncated or incomplete.
#
#  Out of Memory Error (./open/src/hotspot/share/memory/allocation.cpp:44), pid=14052, tid=10772
#
# JRE version: OpenJDK Runtime Environment (15.0.1+9) (build 15.0.1+9-18)
# Java VM: OpenJDK 64-Bit Server VM (15.0.1+9-18, mixed mode, sharing, tiered, compressed oops, g1 gc, windows-amd64)
# No core dump will be written. Minidumps are not enabled by default on client versions of Windows
#

---------------  S U M M A R Y ------------

Command Line: -XX:TieredStopAtLevel=1 -Xverify:none -Dspring.output.ansi.enabled=always -Dcom.sun.management.jmxremote -Dspring.jmx.enabled=true -Dspring.liveBeansView.mbeanDomain -Dspring.application.admin.enabled=true -javaagent:C:\Program Files\JetBrains\IntelliJ IDEA 2020.1\lib\idea_rt.jar=59345:C:\Program Files\JetBrains\IntelliJ IDEA 2020.1\bin -Dfile.encoding=UTF-8 com.example.demo.DemoApplication

Host: Intel(R) Core(TM) i5 CPU       M 430  @ 2.27GHz, 4 cores, 7G,  Windows 10 , 64 bit Build 19041 (10.0.19041.1348)
Time: Wed Dec  8 16:51:37 2021 Новосибирское стандартное время elapsed time: 2.124424 seconds (0d 0h 0m 2s)

---------------  T H R E A D  ---------------

Current thread (0x000001f7fa887f80):  VMThread "VM Thread" [stack: 0x000000eb8f600000,0x000000eb8f700000] [id=10772]

Stack: [0x000000eb8f600000,0x000000eb8f700000]
[error occurred during error reporting (printing stack bounds), id 0xc0000005, EXCEPTION_ACCESS_VIOLATION (0xc0000005) at pc=0x000001f7e40410bd]

Native frames: (J=compiled Java code, j=interpreted, Vv=VM code, C=native code)
V  [jvm.dll+0x62ae9a]
V  [jvm.dll+0x781389]
V  [jvm.dll+0x782ae3]
V  [jvm.dll+0x7830a5]
V  [jvm.dll+0x78305b]
V  [jvm.dll+0x62a2b9]
V  [jvm.dll+0x62aa88]
C  [ntdll.dll+0xa20cf]
C  [ntdll.dll+0x51454]
C  [ntdll.dll+0xa0bfe]
C  0x000001f7e40410bd

VM_Operation (0x000000eb8f0f81c0): CollectForMetadataAllocation, mode: safepoint, requested by thread 0x000001f7da658b30


---------------  P R O C E S S  ---------------

Threads class SMR info:
_java_thread_list=0x000001f7fbac09f0, length=12, elements={
0x000001f7da658b30, 0x000001f7fa88e3b0, 0x000001f7fa88ef60, 0x000001f7fa8aa720,
0x000001f7fa8ac0f0, 0x000001f7fa8aeac0, 0x000001f7fa8b0540, 0x000001f7fa8e2330,
0x000001f7fa86fa20, 0x000001f7fb605ae0, 0x000001f7fb605fb0, 0x000001f7fbb36970
}

Java Threads: ( => current thread )
  0x000001f7da658b30 JavaThread "main" [_thread_blocked, id=16748, stack(0x000000eb8f000000,0x000000eb8f100000)]
  0x000001f7fa88e3b0 JavaThread "Reference Handler" daemon [_thread_blocked, id=15924, stack(0x000000eb8f700000,0x000000eb8f800000)]
  0x000001f7fa88ef60 JavaThread "Finalizer" daemon [_thread_blocked, id=7504, stack(0x000000eb8f800000,0x000000eb8f900000)]
  0x000001f7fa8aa720 JavaThread "Signal Dispatcher" daemon [_thread_blocked, id=10016, stack(0x000000eb8f900000,0x000000eb8fa00000)]
  0x000001f7fa8ac0f0 JavaThread "Attach Listener" daemon [_thread_blocked, id=17920, stack(0x000000eb8fa00000,0x000000eb8fb00000)]
  0x000001f7fa8aeac0 JavaThread "Service Thread" daemon [_thread_blocked, id=7964, stack(0x000000eb8fb00000,0x000000eb8fc00000)]
  0x000001f7fa8b0540 JavaThread "C1 CompilerThread0" daemon [_thread_blocked, id=16160, stack(0x000000eb8fc00000,0x000000eb8fd00000)]
  0x000001f7fa8e2330 JavaThread "Sweeper thread" daemon [_thread_blocked, id=1140, stack(0x000000eb8fd00000,0x000000eb8fe00000)]
  0x000001f7fa86fa20 JavaThread "Common-Cleaner" daemon [_thread_blocked, id=14008, stack(0x000000eb8fe00000,0x000000eb8ff00000)]
  0x000001f7fb605ae0 JavaThread "Monitor Ctrl-Break" daemon [_thread_in_native, id=12624, stack(0x000000eb8ff00000,0x000000eb90000000)]
  0x000001f7fb605fb0 JavaThread "Notification Thread" daemon [_thread_blocked, id=1164, stack(0x000000eb90000000,0x000000eb90100000)]
  0x000001f7fbb36970 JavaThread "RMI TCP Accept-0" daemon [_thread_in_native, id=2928, stack(0x000000eb90100000,0x000000eb90200000)]

Other Threads:
=>0x000001f7fa887f80 VMThread "VM Thread" [stack: 0x000000eb8f600000,0x000000eb8f700000] [id=10772]
  0x000001f7da659c60 WatcherThread [stack: 0x000000eb90200000,0x000000eb90300000] [id=17012]
  0x000001f7da50e800 GCTaskThread "GC Thread#0" [stack: 0x000000eb8f100000,0x000000eb8f200000] [id=17704]
  0x000001f7fbb8e930 GCTaskThread "GC Thread#1" [stack: 0x000000eb90300000,0x000000eb90400000] [id=4744]
  0x000001f7fbb8e2d0 GCTaskThread "GC Thread#2" [stack: 0x000000eb90400000,0x000000eb90500000] [id=12724]
  0x000001f7da6a5fa0 ConcurrentGCThread "G1 Main Marker" [stack: 0x000000eb8f200000,0x000000eb8f300000] [id=10292]
  0x000001f7da6a6aa0 ConcurrentGCThread "G1 Conc#0" [stack: 0x000000eb8f300000,0x000000eb8f400000] [id=10412]
  0x000001f7da71c8a0 ConcurrentGCThread "G1 Refine#0" [stack: 0x000000eb8f400000,0x000000eb8f500000] [id=4976]
  0x000001f7fbb751a0 ConcurrentGCThread "G1 Refine#1" [stack: 0x000000eb90500000,0x000000eb90600000] [id=9872]
  0x000001f7da71d4a0 ConcurrentGCThread "G1 Young RemSet Sampling" [stack: 0x000000eb8f500000,0x000000eb8f600000] [id=17736]

Threads with active compile tasks:

VM state: at safepoint (normal execution)

VM Mutex/Monitor currently owned by a thread:  ([mutex/lock_event])
[0x000001f7da64a220] Threads_lock - owner thread: 0x000001f7fa887f80
[0x000001f7da64b810] Heap_lock - owner thread: 0x000001f7da658b30

Heap address: 0x0000000080200000, size: 2046 MB, Compressed Oops mode: 32-bit
CDS archive(s) mapped at: [0x0000000800000000-0x0000000800b50000-0x0000000800b50000), size 11862016, SharedBaseAddress: 0x0000000800000000, ArchiveRelocationMode: 0.
Compressed class space mapped at: 0x0000000800b50000-0x0000000840b50000, size: 1073741824
Narrow klass base: 0x0000000800000000, Narrow klass shift: 3, Narrow klass range: 0x100000000

GC Precious Log:
 CPUs: 4 total, 4 available
 Memory: 8182M
 Large Page Support: Disabled
 NUMA Support: Disabled
 Compressed Oops: Enabled (32-bit)
 Heap Region Size: 1M
 Heap Min Capacity: 8M
 Heap Initial Capacity: 128M
 Heap Max Capacity: 2046M
 Pre-touch: Disabled
 Parallel Workers: 4
 Concurrent Workers: 1
 Concurrent Refinement Workers: 4
 Periodic GC: Disabled

Heap:
 garbage-first heap   total 131072K, used 8539K [0x0000000080200000, 0x0000000100000000)
  region size 1024K, 2 young (2048K), 2 survivors (2048K)
 Metaspace       used 8546K, capacity 8780K, committed 8832K, reserved 1064960K
  class space    used 1064K, capacity 1149K, committed 1152K, reserved 1048576K

Heap Regions: E=young(eden), S=young(survivor), O=old, HS=humongous(starts), HC=humongous(continues), CS=collection set, F=free, OA=open archive, CA=closed archive, TAMS=top-at-mark-start (previous, next)
|   0|0x0000000080200000, 0x0000000080300000, 0x0000000080300000|100%|HS|  |TAMS 0x0000000080200000, 0x0000000080300000| Complete 
|   1|0x0000000080300000, 0x0000000080400000, 0x0000000080400000|100%| O|  |TAMS 0x0000000080300000, 0x0000000080400000| Untracked 
|   2|0x0000000080400000, 0x0000000080500000, 0x0000000080500000|100%| O|  |TAMS 0x0000000080400000, 0x0000000080500000| Untracked 
|   3|0x0000000080500000, 0x0000000080600000, 0x0000000080600000|100%| O|  |TAMS 0x0000000080500000, 0x0000000080600000| Untracked 
|   4|0x0000000080600000, 0x0000000080700000, 0x0000000080700000|100%| O|  |TAMS 0x0000000080600000, 0x0000000080700000| Untracked 
|   5|0x0000000080700000, 0x0000000080800000, 0x0000000080800000|100%| O|  |TAMS 0x0000000080700000, 0x0000000080800000| Untracked 
|   6|0x0000000080800000, 0x00000000808b4000, 0x0000000080900000| 70%| O|  |TAMS 0x0000000080800000, 0x00000000808b4000| Untracked 
|   7|0x0000000080900000, 0x0000000080900000, 0x0000000080a00000|  0%| F|  |TAMS 0x0000000080900000, 0x0000000080900000| Untracked 
|   8|0x0000000080a00000, 0x0000000080a00000, 0x0000000080b00000|  0%| F|  |TAMS 0x0000000080a00000, 0x0000000080a00000| Untracked 
|   9|0x0000000080b00000, 0x0000000080b00000, 0x0000000080c00000|  0%| F|  |TAMS 0x0000000080b00000, 0x0000000080b00000| Untracked 
|  10|0x0000000080c00000, 0x0000000080c00000, 0x0000000080d00000|  0%| F|  |TAMS 0x0000000080c00000, 0x0000000080c00000| Untracked 
|  11|0x0000000080d00000, 0x0000000080d00000, 0x0000000080e00000|  0%| F|  |TAMS 0x0000000080d00000, 0x0000000080d00000| Untracked 
|  12|0x0000000080e00000, 0x0000000080e00000, 0x0000000080f00000|  0%| F|  |TAMS 0x0000000080e00000, 0x0000000080e00000| Untracked 
|  13|0x0000000080f00000, 0x0000000080f00000, 0x0000000081000000|  0%| F|  |TAMS 0x0000000080f00000, 0x0000000080f00000| Untracked 
|  14|0x0000000081000000, 0x0000000081000000, 0x0000000081100000|  0%| F|  |TAMS 0x0000000081000000, 0x0000000081000000| Untracked 
|  15|0x0000000081100000, 0x0000000081100000, 0x0000000081200000|  0%| F|  |TAMS 0x0000000081100000, 0x0000000081100000| Untracked 
|  16|0x0000000081200000, 0x0000000081200000, 0x0000000081300000|  0%| F|  |TAMS 0x0000000081200000, 0x0000000081200000| Untracked 
|  17|0x0000000081300000, 0x0000000081300000, 0x0000000081400000|  0%| F|  |TAMS 0x0000000081300000, 0x0000000081300000| Untracked 
|  18|0x0000000081400000, 0x0000000081400000, 0x0000000081500000|  0%| F|  |TAMS 0x0000000081400000, 0x0000000081400000| Untracked 
|  19|0x0000000081500000, 0x0000000081500000, 0x0000000081600000|  0%| F|  |TAMS 0x0000000081500000, 0x0000000081500000| Untracked 
|  20|0x0000000081600000, 0x0000000081600000, 0x0000000081700000|  0%| F|  |TAMS 0x0000000081600000, 0x0000000081600000| Untracked 
|  21|0x0000000081700000, 0x0000000081700000, 0x0000000081800000|  0%| F|  |TAMS 0x0000000081700000, 0x0000000081700000| Untracked 
|  22|0x0000000081800000, 0x0000000081800000, 0x0000000081900000|  0%| F|  |TAMS 0x0000000081800000, 0x0000000081800000| Untracked 
|  23|0x0000000081900000, 0x0000000081900000, 0x0000000081a00000|  0%| F|  |TAMS 0x0000000081900000, 0x0000000081900000| Untracked 
|  24|0x0000000081a00000, 0x0000000081a00000, 0x0000000081b00000|  0%| F|  |TAMS 0x0000000081a00000, 0x0000000081a00000| Untracked 
|  25|0x0000000081b00000, 0x0000000081b00000, 0x0000000081c00000|  0%| F|  |TAMS 0x0000000081b00000, 0x0000000081b00000| Untracked 
|  26|0x0000000081c00000, 0x0000000081c00000, 0x0000000081d00000|  0%| F|  |TAMS 0x0000000081c00000, 0x0000000081c00000| Untracked 
|  27|0x0000000081d00000, 0x0000000081d00000, 0x0000000081e00000|  0%| F|  |TAMS 0x0000000081d00000, 0x0000000081d00000| Untracked 
|  28|0x0000000081e00000, 0x0000000081e00000, 0x0000000081f00000|  0%| F|  |TAMS 0x0000000081e00000, 0x0000000081e00000| Untracked 
|  29|0x0000000081f00000, 0x0000000081f00000, 0x0000000082000000|  0%| F|  |TAMS 0x0000000081f00000, 0x0000000081f00000| Untracked 
|  30|0x0000000082000000, 0x0000000082000000, 0x0000000082100000|  0%| F|  |TAMS 0x0000000082000000, 0x0000000082000000| Untracked 
|  31|0x0000000082100000, 0x0000000082100000, 0x0000000082200000|  0%| F|  |TAMS 0x0000000082100000, 0x0000000082100000| Untracked 
|  32|0x0000000082200000, 0x0000000082200000, 0x0000000082300000|  0%| F|  |TAMS 0x0000000082200000, 0x0000000082200000| Untracked 
|  33|0x0000000082300000, 0x0000000082300000, 0x0000000082400000|  0%| F|  |TAMS 0x0000000082300000, 0x0000000082300000| Untracked 
|  34|0x0000000082400000, 0x0000000082400000, 0x0000000082500000|  0%| F|  |TAMS 0x0000000082400000, 0x0000000082400000| Untracked 
|  35|0x0000000082500000, 0x0000000082500000, 0x0000000082600000|  0%| F|  |TAMS 0x0000000082500000, 0x0000000082500000| Untracked 
|  36|0x0000000082600000, 0x0000000082600000, 0x0000000082700000|  0%| F|  |TAMS 0x0000000082600000, 0x0000000082600000| Untracked 
|  37|0x0000000082700000, 0x0000000082700000, 0x0000000082800000|  0%| F|  |TAMS 0x0000000082700000, 0x0000000082700000| Untracked 
|  38|0x0000000082800000, 0x0000000082800000, 0x0000000082900000|  0%| F|  |TAMS 0x0000000082800000, 0x0000000082800000| Untracked 
|  39|0x0000000082900000, 0x0000000082900000, 0x0000000082a00000|  0%| F|  |TAMS 0x0000000082900000, 0x0000000082900000| Untracked 
|  40|0x0000000082a00000, 0x0000000082a00000, 0x0000000082b00000|  0%| F|  |TAMS 0x0000000082a00000, 0x0000000082a00000| Untracked 
|  41|0x0000000082b00000, 0x0000000082b00000, 0x0000000082c00000|  0%| F|  |TAMS 0x0000000082b00000, 0x0000000082b00000| Untracked 
|  42|0x0000000082c00000, 0x0000000082c00000, 0x0000000082d00000|  0%| F|  |TAMS 0x0000000082c00000, 0x0000000082c00000| Untracked 
|  43|0x0000000082d00000, 0x0000000082d00000, 0x0000000082e00000|  0%| F|  |TAMS 0x0000000082d00000, 0x0000000082d00000| Untracked 
|  44|0x0000000082e00000, 0x0000000082e00000, 0x0000000082f00000|  0%| F|  |TAMS 0x0000000082e00000, 0x0000000082e00000| Untracked 
|  45|0x0000000082f00000, 0x0000000082f00000, 0x0000000083000000|  0%| F|  |TAMS 0x0000000082f00000, 0x0000000082f00000| Untracked 
|  46|0x0000000083000000, 0x0000000083000000, 0x0000000083100000|  0%| F|  |TAMS 0x0000000083000000, 0x0000000083000000| Untracked 
|  47|0x0000000083100000, 0x0000000083100000, 0x0000000083200000|  0%| F|  |TAMS 0x0000000083100000, 0x0000000083100000| Untracked 
|  48|0x0000000083200000, 0x0000000083200000, 0x0000000083300000|  0%| F|  |TAMS 0x0000000083200000, 0x0000000083200000| Untracked 
|  49|0x0000000083300000, 0x0000000083300000, 0x0000000083400000|  0%| F|  |TAMS 0x0000000083300000, 0x0000000083300000| Untracked 
|  50|0x0000000083400000, 0x0000000083400000, 0x0000000083500000|  0%| F|  |TAMS 0x0000000083400000, 0x0000000083400000| Untracked 
|  51|0x0000000083500000, 0x0000000083500000, 0x0000000083600000|  0%| F|  |TAMS 0x0000000083500000, 0x0000000083500000| Untracked 
|  52|0x0000000083600000, 0x0000000083600000, 0x0000000083700000|  0%| F|  |TAMS 0x0000000083600000, 0x0000000083600000| Untracked 
|  53|0x0000000083700000, 0x0000000083700000, 0x0000000083800000|  0%| F|  |TAMS 0x0000000083700000, 0x0000000083700000| Untracked 
|  54|0x0000000083800000, 0x0000000083800000, 0x0000000083900000|  0%| F|  |TAMS 0x0000000083800000, 0x0000000083800000| Untracked 
|  55|0x0000000083900000, 0x0000000083900000, 0x0000000083a00000|  0%| F|  |TAMS 0x0000000083900000, 0x0000000083900000| Untracked 
|  56|0x0000000083a00000, 0x0000000083a00000, 0x0000000083b00000|  0%| F|  |TAMS 0x0000000083a00000, 0x0000000083a00000| Untracked 
|  57|0x0000000083b00000, 0x0000000083b00000, 0x0000000083c00000|  0%| F|  |TAMS 0x0000000083b00000, 0x0000000083b00000| Untracked 
|  58|0x0000000083c00000, 0x0000000083c00000, 0x0000000083d00000|  0%| F|  |TAMS 0x0000000083c00000, 0x0000000083c00000| Untracked 
|  59|0x0000000083d00000, 0x0000000083d00000, 0x0000000083e00000|  0%| F|  |TAMS 0x0000000083d00000, 0x0000000083d00000| Untracked 
|  60|0x0000000083e00000, 0x0000000083e00000, 0x0000000083f00000|  0%| F|  |TAMS 0x0000000083e00000, 0x0000000083e00000| Untracked 
|  61|0x0000000083f00000, 0x0000000083f00000, 0x0000000084000000|  0%| F|  |TAMS 0x0000000083f00000, 0x0000000083f00000| Untracked 
|  62|0x0000000084000000, 0x0000000084000000, 0x0000000084100000|  0%| F|  |TAMS 0x0000000084000000, 0x0000000084000000| Untracked 
|  63|0x0000000084100000, 0x0000000084100000, 0x0000000084200000|  0%| F|  |TAMS 0x0000000084100000, 0x0000000084100000| Untracked 
|  64|0x0000000084200000, 0x0000000084200000, 0x0000000084300000|  0%| F|  |TAMS 0x0000000084200000, 0x0000000084200000| Untracked 
|  65|0x0000000084300000, 0x0000000084300000, 0x0000000084400000|  0%| F|  |TAMS 0x0000000084300000, 0x0000000084300000| Untracked 
|  66|0x0000000084400000, 0x0000000084400000, 0x0000000084500000|  0%| F|  |TAMS 0x0000000084400000, 0x0000000084400000| Untracked 
|  67|0x0000000084500000, 0x0000000084500000, 0x0000000084600000|  0%| F|  |TAMS 0x0000000084500000, 0x0000000084500000| Untracked 
|  68|0x0000000084600000, 0x0000000084600000, 0x0000000084700000|  0%| F|  |TAMS 0x0000000084600000, 0x0000000084600000| Untracked 
|  69|0x0000000084700000, 0x0000000084700000, 0x0000000084800000|  0%| F|  |TAMS 0x0000000084700000, 0x0000000084700000| Untracked 
|  70|0x0000000084800000, 0x0000000084800000, 0x0000000084900000|  0%| F|  |TAMS 0x0000000084800000, 0x0000000084800000| Untracked 
|  71|0x0000000084900000, 0x0000000084900000, 0x0000000084a00000|  0%| F|  |TAMS 0x0000000084900000, 0x0000000084900000| Untracked 
|  72|0x0000000084a00000, 0x0000000084a00000, 0x0000000084b00000|  0%| F|  |TAMS 0x0000000084a00000, 0x0000000084a00000| Untracked 
|  73|0x0000000084b00000, 0x0000000084b00000, 0x0000000084c00000|  0%| F|  |TAMS 0x0000000084b00000, 0x0000000084b00000| Untracked 
|  74|0x0000000084c00000, 0x0000000084c00000, 0x0000000084d00000|  0%| F|  |TAMS 0x0000000084c00000, 0x0000000084c00000| Untracked 
|  75|0x0000000084d00000, 0x0000000084d00000, 0x0000000084e00000|  0%| F|  |TAMS 0x0000000084d00000, 0x0000000084d00000| Untracked 
|  76|0x0000000084e00000, 0x0000000084e00000, 0x0000000084f00000|  0%| F|  |TAMS 0x0000000084e00000, 0x0000000084e00000| Untracked 
|  77|0x0000000084f00000, 0x0000000084f00000, 0x0000000085000000|  0%| F|  |TAMS 0x0000000084f00000, 0x0000000084f00000| Untracked 
|  78|0x0000000085000000, 0x0000000085000000, 0x0000000085100000|  0%| F|  |TAMS 0x0000000085000000, 0x0000000085000000| Untracked 
|  79|0x0000000085100000, 0x0000000085100000, 0x0000000085200000|  0%| F|  |TAMS 0x0000000085100000, 0x0000000085100000| Untracked 
|  80|0x0000000085200000, 0x0000000085200000, 0x0000000085300000|  0%| F|  |TAMS 0x0000000085200000, 0x0000000085200000| Untracked 
|  81|0x0000000085300000, 0x0000000085300000, 0x0000000085400000|  0%| F|  |TAMS 0x0000000085300000, 0x0000000085300000| Untracked 
|  82|0x0000000085400000, 0x0000000085400000, 0x0000000085500000|  0%| F|  |TAMS 0x0000000085400000, 0x0000000085400000| Untracked 
|  83|0x0000000085500000, 0x0000000085500000, 0x0000000085600000|  0%| F|  |TAMS 0x0000000085500000, 0x0000000085500000| Untracked 
|  84|0x0000000085600000, 0x0000000085600000, 0x0000000085700000|  0%| F|  |TAMS 0x0000000085600000, 0x0000000085600000| Untracked 
|  85|0x0000000085700000, 0x0000000085700000, 0x0000000085800000|  0%| F|  |TAMS 0x0000000085700000, 0x0000000085700000| Untracked 
|  86|0x0000000085800000, 0x0000000085800000, 0x0000000085900000|  0%| F|  |TAMS 0x0000000085800000, 0x0000000085800000| Untracked 
|  87|0x0000000085900000, 0x0000000085900000, 0x0000000085a00000|  0%| F|  |TAMS 0x0000000085900000, 0x0000000085900000| Untracked 
|  88|0x0000000085a00000, 0x0000000085a00000, 0x0000000085b00000|  0%| F|  |TAMS 0x0000000085a00000, 0x0000000085a00000| Untracked 
|  89|0x0000000085b00000, 0x0000000085b00000, 0x0000000085c00000|  0%| F|  |TAMS 0x0000000085b00000, 0x0000000085b00000| Untracked 
|  90|0x0000000085c00000, 0x0000000085c00000, 0x0000000085d00000|  0%| F|  |TAMS 0x0000000085c00000, 0x0000000085c00000| Untracked 
|  91|0x0000000085d00000, 0x0000000085d00000, 0x0000000085e00000|  0%| F|  |TAMS 0x0000000085d00000, 0x0000000085d00000| Untracked 
|  92|0x0000000085e00000, 0x0000000085e00000, 0x0000000085f00000|  0%| F|  |TAMS 0x0000000085e00000, 0x0000000085e00000| Untracked 
|  93|0x0000000085f00000, 0x0000000085f00000, 0x0000000086000000|  0%| F|  |TAMS 0x0000000085f00000, 0x0000000085f00000| Untracked 
|  94|0x0000000086000000, 0x0000000086000000, 0x0000000086100000|  0%| F|  |TAMS 0x0000000086000000, 0x0000000086000000| Untracked 
|  95|0x0000000086100000, 0x0000000086100000, 0x0000000086200000|  0%| F|  |TAMS 0x0000000086100000, 0x0000000086100000| Untracked 
|  96|0x0000000086200000, 0x0000000086200000, 0x0000000086300000|  0%| F|  |TAMS 0x0000000086200000, 0x0000000086200000| Untracked 
|  97|0x0000000086300000, 0x0000000086300000, 0x0000000086400000|  0%| F|  |TAMS 0x0000000086300000, 0x0000000086300000| Untracked 
|  98|0x0000000086400000, 0x0000000086400000, 0x0000000086500000|  0%| F|  |TAMS 0x0000000086400000, 0x0000000086400000| Untracked 
|  99|0x0000000086500000, 0x0000000086500000, 0x0000000086600000|  0%| F|  |TAMS 0x0000000086500000, 0x0000000086500000| Untracked 
| 100|0x0000000086600000, 0x0000000086600000, 0x0000000086700000|  0%| F|  |TAMS 0x0000000086600000, 0x0000000086600000| Untracked 
| 101|0x0000000086700000, 0x0000000086700000, 0x0000000086800000|  0%| F|  |TAMS 0x0000000086700000, 0x0000000086700000| Untracked 
| 102|0x0000000086800000, 0x0000000086800000, 0x0000000086900000|  0%| F|  |TAMS 0x0000000086800000, 0x0000000086800000| Untracked 
| 103|0x0000000086900000, 0x0000000086900000, 0x0000000086a00000|  0%| F|  |TAMS 0x0000000086900000, 0x0000000086900000| Untracked 
| 104|0x0000000086a00000, 0x0000000086a00000, 0x0000000086b00000|  0%| F|  |TAMS 0x0000000086a00000, 0x0000000086a00000| Untracked 
| 105|0x0000000086b00000, 0x0000000086b00000, 0x0000000086c00000|  0%| F|  |TAMS 0x0000000086b00000, 0x0000000086b00000| Untracked 
| 106|0x0000000086c00000, 0x0000000086c00000, 0x0000000086d00000|  0%| F|  |TAMS 0x0000000086c00000, 0x0000000086c00000| Untracked 
| 107|0x0000000086d00000, 0x0000000086d00000, 0x0000000086e00000|  0%| F|  |TAMS 0x0000000086d00000, 0x0000000086d00000| Untracked 
| 108|0x0000000086e00000, 0x0000000086e00000, 0x0000000086f00000|  0%| F|  |TAMS 0x0000000086e00000, 0x0000000086e00000| Untracked 
| 109|0x0000000086f00000, 0x0000000086f00000, 0x0000000087000000|  0%| F|  |TAMS 0x0000000086f00000, 0x0000000086f00000| Untracked 
| 110|0x0000000087000000, 0x0000000087000000, 0x0000000087100000|  0%| F|  |TAMS 0x0000000087000000, 0x0000000087000000| Untracked 
| 111|0x0000000087100000, 0x0000000087100000, 0x0000000087200000|  0%| F|  |TAMS 0x0000000087100000, 0x0000000087100000| Untracked 
| 112|0x0000000087200000, 0x0000000087200000, 0x0000000087300000|  0%| F|  |TAMS 0x0000000087200000, 0x0000000087200000| Untracked 
| 113|0x0000000087300000, 0x0000000087300000, 0x0000000087400000|  0%| F|  |TAMS 0x0000000087300000, 0x0000000087300000| Untracked 
| 114|0x0000000087400000, 0x0000000087400000, 0x0000000087500000|  0%| F|  |TAMS 0x0000000087400000, 0x0000000087400000| Untracked 
| 115|0x0000000087500000, 0x0000000087500000, 0x0000000087600000|  0%| F|  |TAMS 0x0000000087500000, 0x0000000087500000| Untracked 
| 116|0x0000000087600000, 0x0000000087600000, 0x0000000087700000|  0%| F|  |TAMS 0x0000000087600000, 0x0000000087600000| Untracked 
| 117|0x0000000087700000, 0x00000000877a2d20, 0x0000000087800000| 63%| S|CS|TAMS 0x0000000087700000, 0x0000000087700000| Complete 
| 118|0x0000000087800000, 0x0000000087900000, 0x0000000087900000|100%| S|CS|TAMS 0x0000000087800000, 0x0000000087800000| Complete 
| 119|0x0000000087900000, 0x0000000087900000, 0x0000000087a00000|  0%| F|  |TAMS 0x0000000087900000, 0x0000000087900000| Untracked 
| 120|0x0000000087a00000, 0x0000000087a00000, 0x0000000087b00000|  0%| F|  |TAMS 0x0000000087a00000, 0x0000000087a00000| Untracked 
| 121|0x0000000087b00000, 0x0000000087b00000, 0x0000000087c00000|  0%| F|  |TAMS 0x0000000087b00000, 0x0000000087b00000| Untracked 
| 122|0x0000000087c00000, 0x0000000087c00000, 0x0000000087d00000|  0%| F|  |TAMS 0x0000000087c00000, 0x0000000087c00000| Untracked 
| 123|0x0000000087d00000, 0x0000000087d00000, 0x0000000087e00000|  0%| F|  |TAMS 0x0000000087d00000, 0x0000000087d00000| Untracked 
| 124|0x0000000087e00000, 0x0000000087e00000, 0x0000000087f00000|  0%| F|  |TAMS 0x0000000087e00000, 0x0000000087e00000| Untracked 
| 125|0x0000000087f00000, 0x0000000087f00000, 0x0000000088000000|  0%| F|  |TAMS 0x0000000087f00000, 0x0000000087f00000| Untracked 
| 126|0x0000000088000000, 0x0000000088000000, 0x0000000088100000|  0%| F|  |TAMS 0x0000000088000000, 0x0000000088000000| Untracked 
| 127|0x0000000088100000, 0x0000000088100000, 0x0000000088200000|  0%| F|  |TAMS 0x0000000088100000, 0x0000000088100000| Untracked 

Card table byte_map: [0x000001f7f3a70000,0x000001f7f3e70000] _byte_map_base: 0x000001f7f366f000

Marking Bits (Prev, Next): (CMBitMap*) 0x000001f7da695680, (CMBitMap*) 0x000001f7da6956c0
 Prev Bits: [0x000001f7f4270000, 0x000001f7f6268000)
 Next Bits: [0x000001f7f6270000, 0x000001f7f8268000)

Polling page: 0x000001f7da720000

Metaspace:

Usage:
  Non-class:      7.45 MB capacity,     7.31 MB ( 98%) used,   136.26 KB (  2%) free+waste,    13.62 KB ( <1%) overhead. 
      Class:      1.12 MB capacity,     1.04 MB ( 93%) used,    77.48 KB (  7%) free+waste,     6.56 KB ( <1%) overhead. 
       Both:      8.57 MB capacity,     8.35 MB ( 97%) used,   213.73 KB (  2%) free+waste,    20.19 KB ( <1%) overhead. 

Virtual space:
  Non-class space:       16.00 MB reserved,       7.50 MB ( 47%) committed 
      Class space:        1.00 GB reserved,       1.12 MB ( <1%) committed 
             Both:        1.02 GB reserved,       8.62 MB ( <1%) committed 

Chunk freelists:
   Non-Class:  49.00 KB
       Class:  3.00 KB
        Both:  52.00 KB

MaxMetaspaceSize: 17179869184.00 GB
CompressedClassSpaceSize: 1.00 GB

CodeHeap 'non-profiled nmethods': size=238912Kb used=2036Kb max_used=2036Kb free=236875Kb
 bounds [0x000001f7e46f0000, 0x000001f7e4960000, 0x000001f7f3040000]
CodeHeap 'non-nmethods': size=6848Kb used=1184Kb max_used=1184Kb free=5664Kb
 bounds [0x000001f7e4040000, 0x000001f7e42b0000, 0x000001f7e46f0000]
 total_blobs=1896 nmethods=1442 adapters=383
 compilation: enabled
              stopped_count=0, restarted_count=0
 full_count=0

Compilation events (20 events):
Event: 2.080 Thread 0x000001f7fa8b0540 1426       1       org.springframework.boot.context.properties.source.ConfigurationPropertyName::getElement (161 bytes)
Event: 2.081 Thread 0x000001f7fa8b0540 nmethod 1426 0x000001f7e48e7f90 code [0x000001f7e48e8200, 0x000001f7e48e87c8]
Event: 2.082 Thread 0x000001f7fa8b0540 1427       1       java.util.concurrent.ConcurrentHashMap$KeyIterator::next (34 bytes)
Event: 2.082 Thread 0x000001f7fa8b0540 nmethod 1427 0x000001f7e48e8b90 code [0x000001f7e48e8d40, 0x000001f7e48e8ed8]
Event: 2.083 Thread 0x000001f7fa8b0540 1428       1       org.springframework.boot.context.properties.source.ConfigurationPropertyName::<init> (21 bytes)
Event: 2.083 Thread 0x000001f7fa8b0540 nmethod 1428 0x000001f7e48e9010 code [0x000001f7e48e91a0, 0x000001f7e48e93b8]
Event: 2.083 Thread 0x000001f7fa8b0540 1429       1       java.lang.StringBuilder::length (5 bytes)
Event: 2.083 Thread 0x000001f7fa8b0540 nmethod 1429 0x000001f7e48e9490 code [0x000001f7e48e9620, 0x000001f7e48e96d8]
Event: 2.083 Thread 0x000001f7fa8b0540 1430       1       org.springframework.boot.context.properties.source.ConfigurationPropertyName$ElementsParser::<init> (37 bytes)
Event: 2.084 Thread 0x000001f7fa8b0540 nmethod 1430 0x000001f7e48e9790 code [0x000001f7e48e9940, 0x000001f7e48e9d58]
Event: 2.084 Thread 0x000001f7fa8b0540 1431       1       org.springframework.boot.context.properties.source.ConfigurationPropertyName::isAncestorOf (25 bytes)
Event: 2.084 Thread 0x000001f7fa8b0540 nmethod 1431 0x000001f7e48e9e10 code [0x000001f7e48e9fc0, 0x000001f7e48ea158]
Event: 2.085 Thread 0x000001f7fa8b0540 1433       1       java.lang.invoke.LambdaForm::normalize (322 bytes)
Event: 2.087 Thread 0x000001f7fa8b0540 nmethod 1433 0x000001f7e48ea610 code [0x000001f7e48ea840, 0x000001f7e48eb0b8]
Event: 2.101 Thread 0x000001f7fa8b0540 1435       1       sun.invoke.util.Wrapper::isSubwordOrInt (20 bytes)
Event: 2.101 Thread 0x000001f7fa8b0540 nmethod 1435 0x000001f7e48ec190 code [0x000001f7e48ec320, 0x000001f7e48ec458]
Event: 2.101 Thread 0x000001f7fa8b0540 1436       1       sun.invoke.util.Wrapper::isIntegral (23 bytes)
Event: 2.101 Thread 0x000001f7fa8b0540 nmethod 1436 0x000001f7e48ec510 code [0x000001f7e48ec6a0, 0x000001f7e48ec798]
Event: 2.101 Thread 0x000001f7fa8b0540 1437       1       sun.invoke.util.Wrapper::isNumeric (16 bytes)
Event: 2.102 Thread 0x000001f7fa8b0540 nmethod 1437 0x000001f7e48ecb10 code [0x000001f7e48ecca0, 0x000001f7e48ecd78]

GC Heap History (6 events):
Event: 1.384 GC heap before
{Heap before GC invocations=0 (full 0):
 garbage-first heap   total 131072K, used 14336K [0x0000000080200000, 0x0000000100000000)
  region size 1024K, 13 young (13312K), 0 survivors (0K)
 Metaspace       used 5306K, capacity 5485K, committed 5632K, reserved 1056768K
  class space    used 606K, capacity 670K, committed 768K, reserved 1048576K
}
Event: 1.395 GC heap after
{Heap after GC invocations=1 (full 0):
 garbage-first heap   total 131072K, used 6770K [0x0000000080200000, 0x0000000100000000)
  region size 1024K, 2 young (2048K), 2 survivors (2048K)
 Metaspace       used 5306K, capacity 5485K, committed 5632K, reserved 1056768K
  class space    used 606K, capacity 670K, committed 768K, reserved 1048576K
}
Event: 1.705 GC heap before
{Heap before GC invocations=1 (full 0):
 garbage-first heap   total 131072K, used 12914K [0x0000000080200000, 0x0000000100000000)
  region size 1024K, 9 young (9216K), 2 survivors (2048K)
 Metaspace       used 6649K, capacity 6893K, committed 7040K, reserved 1056768K
  class space    used 783K, capacity 842K, committed 896K, reserved 1048576K
}
Event: 1.712 GC heap after
{Heap after GC invocations=2 (full 0):
 garbage-first heap   total 131072K, used 7829K [0x0000000080200000, 0x0000000100000000)
  region size 1024K, 1 young (1024K), 1 survivors (1024K)
 Metaspace       used 6649K, capacity 6893K, committed 7040K, reserved 1056768K
  class space    used 783K, capacity 842K, committed 896K, reserved 1048576K
}
Event: 2.112 GC heap before
{Heap before GC invocations=2 (full 0):
 garbage-first heap   total 131072K, used 14997K [0x0000000080200000, 0x0000000100000000)
  region size 1024K, 9 young (9216K), 1 survivors (1024K)
 Metaspace       used 8546K, capacity 8780K, committed 8832K, reserved 1062912K
  class space    used 1064K, capacity 1149K, committed 1152K, reserved 1048576K
}
Event: 2.119 GC heap after
{Heap after GC invocations=3 (full 0):
 garbage-first heap   total 131072K, used 8539K [0x0000000080200000, 0x0000000100000000)
  region size 1024K, 2 young (2048K), 2 survivors (2048K)
 Metaspace       used 8546K, capacity 8780K, committed 8832K, reserved 1062912K
  class space    used 1064K, capacity 1149K, committed 1152K, reserved 1048576K
}

Deoptimization events (0 events):
No events

Classes unloaded (0 events):
No events

Classes redefined (0 events):
No events

Internal exceptions (20 events):
Event: 0.971 Thread 0x000001f7da658b30 Exception <a 'java/lang/NoSuchMethodError'{0x00000000879a8d90}: 'int java.lang.invoke.DirectMethodHandle$Holder.invokeSpecialIFC(java.lang.Object, java.lang.Object, java.lang.Object)'> (0x00000000879a8d90) 
thrown [./open/src/hotspot/share/interpreter/linkResolver.cpp, line 782]
Event: 1.024 Thread 0x000001f7da658b30 Exception <a 'java/lang/NoSuchMethodError'{0x00000000879f3508}: 'void java.lang.invoke.DirectMethodHandle$Holder.invokeStaticInit(java.lang.Object, java.lang.Object)'> (0x00000000879f3508) 
thrown [./open/src/hotspot/share/interpreter/linkResolver.cpp, line 782]
Event: 1.053 Thread 0x000001f7da658b30 Exception <a 'java/lang/NoSuchMethodError'{0x0000000087820bf0}: 'java.lang.Object java.lang.invoke.DirectMethodHandle$Holder.invokeStaticInit(java.lang.Object, int, int, int, int)'> (0x0000000087820bf0) 
thrown [./open/src/hotspot/share/interpreter/linkResolver.cpp, line 782]
Event: 1.195 Thread 0x000001f7da658b30 Exception <a 'java/lang/NoSuchMethodError'{0x00000000877c1bd8}: 'java.lang.Object java.lang.invoke.DirectMethodHandle$Holder.invokeStaticInit(java.lang.Object, java.lang.Object, int, int, int, int)'> (0x00000000877c1bd8) 
thrown [./open/src/hotspot/share/interpreter/linkResolver.cpp, line 782]
Event: 1.231 Thread 0x000001f7da658b30 Exception <a 'java/lang/ClassNotFoundException'{0x00000000877e1330}: javax/management/remote/rmi/RMIServerImpl_Skel> (0x00000000877e1330) 
thrown [./open/src/hotspot/share/classfile/systemDictionary.cpp, line 295]
Event: 1.351 Thread 0x000001f7da658b30 Exception <a 'java/lang/ClassNotFoundException'{0x00000000875c7da0}: javax/smartcardio/CardPermission> (0x00000000875c7da0) 
thrown [./open/src/hotspot/share/classfile/systemDictionary.cpp, line 295]
Event: 1.356 Thread 0x000001f7da658b30 Exception <a 'java/io/FileNotFoundException'{0x00000000875d1cc8}> (0x00000000875d1cc8) 
thrown [./open/src/hotspot/share/prims/jni.cpp, line 578]
Event: 1.564 Thread 0x000001f7da658b30 Exception <a 'java/lang/NoSuchMethodError'{0x0000000087eeeb58}: 'java.lang.Object java.lang.invoke.DirectMethodHandle$Holder.invokeSpecialIFC(java.lang.Object, java.lang.Object, java.lang.Object, java.lang.Object)'> (0x0000000087eeeb58) 
thrown [./open/src/hotspot/share/interpreter/linkResolver.cpp, line 782]
Event: 1.580 Thread 0x000001f7da658b30 Exception <a 'java/lang/NoSuchMethodError'{0x0000000087d371c8}: 'int java.lang.invoke.DirectMethodHandle$Holder.invokeVirtual(java.lang.Object, java.lang.Object, java.lang.Object)'> (0x0000000087d371c8) 
thrown [./open/src/hotspot/share/interpreter/linkResolver.cpp, line 782]
Event: 1.596 Thread 0x000001f7da658b30 Exception <a 'java/lang/NoSuchMethodError'{0x0000000087d97280}: 'int java.lang.invoke.DirectMethodHandle$Holder.invokeStaticInit(java.lang.Object, java.lang.Object)'> (0x0000000087d97280) 
thrown [./open/src/hotspot/share/interpreter/linkResolver.cpp, line 782]
Event: 1.674 Thread 0x000001f7da658b30 Exception <a 'java/lang/NoSuchMethodError'{0x0000000087b57820}: 'int java.lang.invoke.DirectMethodHandle$Holder.invokeStaticInit(java.lang.Object, java.lang.Object, java.lang.Object)'> (0x0000000087b57820) 
thrown [./open/src/hotspot/share/interpreter/linkResolver.cpp, line 782]
Event: 1.681 Thread 0x000001f7da658b30 Exception <a 'java/lang/NoSuchMethodError'{0x0000000087b83fa8}: 'java.lang.Object java.lang.invoke.DirectMethodHandle$Holder.invokeVirtual(java.lang.Object, java.lang.Object, java.lang.Object)'> (0x0000000087b83fa8) 
thrown [./open/src/hotspot/share/interpreter/linkResolver.cpp, line 782]
Event: 1.692 Thread 0x000001f7da658b30 Exception <a 'java/lang/NoSuchMethodError'{0x0000000087bb1fd0}: 'java.lang.Object java.lang.invoke.DirectMethodHandle$Holder.newInvokeSpecial(java.lang.Object, java.lang.Object, java.lang.Object, java.lang.Object, java.lang.Object)'> (0x0000000087bb1fd0) 
thrown [./open/src/hotspot/share/interpreter/linkResolver.cpp, line 782]
Event: 1.815 Thread 0x000001f7da658b30 Exception <a 'java/io/FileNotFoundException'{0x00000000880cb800}> (0x00000000880cb800) 
thrown [./open/src/hotspot/share/prims/jni.cpp, line 578]
Event: 1.976 Thread 0x000001f7da658b30 Exception <a 'java/lang/NoSuchMethodError'{0x0000000087da4190}: 'void java.lang.invoke.DirectMethodHandle$Holder.invokeStatic(java.lang.Object, java.lang.Object, java.lang.Object, java.lang.Object)'> (0x0000000087da4190) 
thrown [./open/src/hotspot/share/interpreter/linkResolver.cpp, line 782]
Event: 1.982 Thread 0x000001f7da658b30 Exception <a 'java/lang/NoSuchMethodError'{0x0000000087dc6568}: 'java.lang.Object java.lang.invoke.Invokers$Holder.invokeExact_MT(java.lang.Object, java.lang.Object, java.lang.Object, java.lang.Object, java.lang.Object, java.lang.Object)'> (0x0000000087dc6568) 
thrown [./open/src/hotspot/share/interpreter/linkResolver.cpp, line 782]
Event: 1.988 Thread 0x000001f7da658b30 Exception <a 'java/lang/NoSuchMethodError'{0x0000000087ddd168}: 'java.lang.Object java.lang.invoke.DirectMethodHandle$Holder.invokeInterface(java.lang.Object, java.lang.Object, java.lang.Object)'> (0x0000000087ddd168) 
thrown [./open/src/hotspot/share/interpreter/linkResolver.cpp, line 782]
Event: 1.988 Thread 0x000001f7da658b30 Exception <a 'java/lang/IncompatibleClassChangeError'{0x0000000087de0a00}: Found class java.lang.Object, but interface was expected> (0x0000000087de0a00) 
thrown [./open/src/hotspot/share/interpreter/linkResolver.cpp, line 848]
Event: 2.024 Thread 0x000001f7da658b30 Exception <a 'java/lang/NoSuchMethodError'{0x0000000087ccb510}: 'int java.lang.invoke.DirectMethodHandle$Holder.invokeSpecial(java.lang.Object, java.lang.Object, java.lang.Object, java.lang.Object)'> (0x0000000087ccb510) 
thrown [./open/src/hotspot/share/interpreter/linkResolver.cpp, line 782]
Event: 2.086 Thread 0x000001f7da658b30 Exception <a 'java/lang/NoSuchMethodError'{0x0000000087926a80}: 'java.lang.Object java.lang.invoke.DirectMethodHandle$Holder.newInvokeSpecial(java.lang.Object, java.lang.Object, java.lang.Object, java.lang.Object, java.lang.Object, java.lang.Object)'> (0x0000000087926a80) 
thrown [./open/src/hotspot/share/interpreter/linkResolver.cpp, line 782]

Events (20 events):
Event: 2.016 loading class java/util/function/UnaryOperator done
Event: 2.027 loading class java/lang/ProcessEnvironment$CheckedKeySet
Event: 2.027 loading class java/lang/ProcessEnvironment$CheckedKeySet done
Event: 2.030 loading class java/util/stream/MatchOps$MatchKind
Event: 2.030 loading class java/util/stream/MatchOps$MatchKind done
Event: 2.030 loading class java/util/stream/MatchOps
Event: 2.030 loading class java/util/stream/MatchOps done
Event: 2.030 loading class java/util/stream/MatchOps$MatchOp
Event: 2.031 loading class java/util/stream/MatchOps$MatchOp done
Event: 2.031 loading class java/util/stream/MatchOps$BooleanTerminalSink
Event: 2.031 loading class java/util/stream/MatchOps$BooleanTerminalSink done
Event: 2.031 loading class java/util/stream/MatchOps$2MatchSink
Event: 2.032 loading class java/util/stream/MatchOps$2MatchSink done
Event: 2.055 loading class java/beans/PropertyEditorSupport
Event: 2.056 loading class java/beans/PropertyEditor
Event: 2.056 loading class java/beans/PropertyEditor done
Event: 2.056 loading class java/beans/PropertyEditorSupport done
Event: 2.104 loading class java/util/regex/Pattern$Neg
Event: 2.104 loading class java/util/regex/Pattern$Neg done
Event: 2.111 Executing VM operation: CollectForMetadataAllocation


Dynamic libraries:
0x00007ff693a50000 - 0x00007ff693a5d000 	C:\OPENJDK\bin\java.exe
0x00007ffdc6250000 - 0x00007ffdc6445000 	C:\WINDOWS\SYSTEM32\ntdll.dll
0x00007ffd91b80000 - 0x00007ffd91b96000 	C:\Program Files\AVAST Software\Avast\aswhook.dll
0x00007ffdc4ce0000 - 0x00007ffdc4d9e000 	C:\WINDOWS\System32\KERNEL32.DLL
0x00007ffdc3f70000 - 0x00007ffdc4238000 	C:\WINDOWS\System32\KERNELBASE.dll
0x00007ffdc3d70000 - 0x00007ffdc3e70000 	C:\WINDOWS\System32\ucrtbase.dll
0x00007ffdc0e30000 - 0x00007ffdc0e48000 	C:\OPENJDK\bin\jli.dll
0x00007ffdc42a0000 - 0x00007ffdc4441000 	C:\WINDOWS\System32\USER32.dll
0x00007ffdc3f10000 - 0x00007ffdc3f32000 	C:\WINDOWS\System32\win32u.dll
0x00007ffdc4be0000 - 0x00007ffdc4c0b000 	C:\WINDOWS\System32\GDI32.dll
0x00007ffdc3a00000 - 0x00007ffdc3b0b000 	C:\WINDOWS\System32\gdi32full.dll
0x00007ffdc3e70000 - 0x00007ffdc3f0d000 	C:\WINDOWS\System32\msvcp_win.dll
0x00007ffdc0e10000 - 0x00007ffdc0e29000 	C:\OPENJDK\bin\VCRUNTIME140.dll
0x00007ffdb8610000 - 0x00007ffdb88aa000 	C:\WINDOWS\WinSxS\amd64_microsoft.windows.common-controls_6595b64144ccf1df_6.0.19041.1110_none_60b5254171f9507e\COMCTL32.dll
0x00007ffdc49d0000 - 0x00007ffdc4a6e000 	C:\WINDOWS\System32\msvcrt.dll
0x00007ffdc4cb0000 - 0x00007ffdc4ce0000 	C:\WINDOWS\System32\IMM32.DLL
0x00007ffdc0e00000 - 0x00007ffdc0e0c000 	C:\OPENJDK\bin\vcruntime140_1.dll
0x00007ffdbd7a0000 - 0x00007ffdbd831000 	C:\OPENJDK\bin\msvcp140.dll
0x00007ffd90400000 - 0x00007ffd90f5e000 	C:\OPENJDK\bin\server\jvm.dll
0x00007ffdc4da0000 - 0x00007ffdc4e4c000 	C:\WINDOWS\System32\ADVAPI32.dll
0x00007ffdc4c10000 - 0x00007ffdc4cab000 	C:\WINDOWS\System32\sechost.dll
0x00007ffdc5c60000 - 0x00007ffdc5d8a000 	C:\WINDOWS\System32\RPCRT4.dll
0x00007ffdc5c50000 - 0x00007ffdc5c58000 	C:\WINDOWS\System32\PSAPI.DLL
0x00007ffdb4ab0000 - 0x00007ffdb4ab9000 	C:\WINDOWS\SYSTEM32\WSOCK32.dll
0x00007ffdc4a70000 - 0x00007ffdc4adb000 	C:\WINDOWS\System32\WS2_32.dll
0x00007ffdb88b0000 - 0x00007ffdb88d7000 	C:\WINDOWS\SYSTEM32\WINMM.dll
0x00007ffdb9470000 - 0x00007ffdb947a000 	C:\WINDOWS\SYSTEM32\VERSION.dll
0x00007ffdc1530000 - 0x00007ffdc1542000 	C:\WINDOWS\SYSTEM32\kernel.appcore.dll
0x00007ffdc0df0000 - 0x00007ffdc0dfa000 	C:\OPENJDK\bin\jimage.dll
0x00007ffdb83f0000 - 0x00007ffdb85d4000 	C:\WINDOWS\SYSTEM32\DBGHELP.DLL
0x00007ffdb8260000 - 0x00007ffdb828c000 	C:\WINDOWS\SYSTEM32\dbgcore.DLL
0x00007ffdc3970000 - 0x00007ffdc39f3000 	C:\WINDOWS\System32\bcryptPrimitives.dll
0x00007ffdc0de0000 - 0x00007ffdc0dee000 	C:\OPENJDK\bin\instrument.dll
0x00007ffdbf040000 - 0x00007ffdbf065000 	C:\OPENJDK\bin\java.dll
0x00007ffdc4e50000 - 0x00007ffdc558f000 	C:\WINDOWS\System32\SHELL32.dll
0x00007ffdc2720000 - 0x00007ffdc2eb0000 	C:\WINDOWS\SYSTEM32\windows.storage.dll
0x00007ffdc4450000 - 0x00007ffdc47a5000 	C:\WINDOWS\System32\combase.dll
0x00007ffdc33c0000 - 0x00007ffdc33ee000 	C:\WINDOWS\SYSTEM32\Wldp.dll
0x00007ffdc5660000 - 0x00007ffdc570d000 	C:\WINDOWS\System32\SHCORE.dll
0x00007ffdc5710000 - 0x00007ffdc5765000 	C:\WINDOWS\System32\shlwapi.dll
0x00007ffdc38b0000 - 0x00007ffdc38cf000 	C:\WINDOWS\SYSTEM32\profapi.dll
0x00007ffdbe770000 - 0x00007ffdbe788000 	C:\OPENJDK\bin\zip.dll
0x00007ffdbf110000 - 0x00007ffdbf129000 	C:\OPENJDK\bin\net.dll
0x00007ffdbd170000 - 0x00007ffdbd27c000 	C:\WINDOWS\SYSTEM32\WINHTTP.dll
0x00007ffdc2650000 - 0x00007ffdc26ba000 	C:\WINDOWS\system32\mswsock.dll
0x00007ffdbe790000 - 0x00007ffdbe7a2000 	C:\OPENJDK\bin\nio.dll
0x00007ffdbd950000 - 0x00007ffdbd96a000 	C:\Program Files\JetBrains\IntelliJ IDEA 2020.1\bin\breakgen64.dll
0x00007ffdc2310000 - 0x00007ffdc23db000 	C:\WINDOWS\SYSTEM32\DNSAPI.dll
0x00007ffdc22d0000 - 0x00007ffdc230b000 	C:\WINDOWS\SYSTEM32\IPHLPAPI.DLL
0x00007ffdc4850000 - 0x00007ffdc4858000 	C:\WINDOWS\System32\NSI.dll
0x00007ffdb72a0000 - 0x00007ffdb72aa000 	C:\Windows\System32\rasadhlp.dll
0x00007ffdb62a0000 - 0x00007ffdb631f000 	C:\WINDOWS\System32\fwpuclnt.dll
0x00007ffdc3f40000 - 0x00007ffdc3f67000 	C:\WINDOWS\System32\bcrypt.dll
0x00007ffdbea20000 - 0x00007ffdbea29000 	C:\OPENJDK\bin\management.dll
0x00007ffdbd940000 - 0x00007ffdbd94b000 	C:\OPENJDK\bin\management_ext.dll
0x00007ffdc3310000 - 0x00007ffdc3328000 	C:\WINDOWS\SYSTEM32\CRYPTSP.dll
0x0000000052ad0000 - 0x0000000052ae1000 	C:\Program Files\Common Files\Crypto Pro\AppCompat\cpadvai.dll
0x0000000052af0000 - 0x0000000052af7000 	C:\Program Files\Common Files\Crypto Pro\AppCompat\detoured.dll
0x00007ffdc1f00000 - 0x00007ffdc1f34000 	C:\WINDOWS\system32\rsaenh.dll
0x00007ffdc3870000 - 0x00007ffdc389e000 	C:\WINDOWS\SYSTEM32\USERENV.dll
0x00007ffdc3330000 - 0x00007ffdc333c000 	C:\WINDOWS\SYSTEM32\CRYPTBASE.dll
0x00007ffdb7e90000 - 0x00007ffdb7ea7000 	C:\WINDOWS\SYSTEM32\dhcpcsvc6.DLL
0x00007ffdb8320000 - 0x00007ffdb833d000 	C:\WINDOWS\SYSTEM32\dhcpcsvc.DLL
0x00007ffdacdc0000 - 0x00007ffdacdd7000 	C:\WINDOWS\system32\napinsp.dll
0x00007ffdacda0000 - 0x00007ffdacdbb000 	C:\WINDOWS\system32\pnrpnsp.dll
0x00007ffdaf8f0000 - 0x00007ffdaf905000 	C:\WINDOWS\system32\wshbth.dll
0x00007ffdbf020000 - 0x00007ffdbf03d000 	C:\WINDOWS\system32\NLAapi.dll
0x00007ffdacd30000 - 0x00007ffdacd42000 	C:\WINDOWS\System32\winrnr.dll

dbghelp: loaded successfully - version: 4.0.5 - missing functions: none
symbol engine: initialized successfully - sym options: 0x614 - pdb path: .;C:\OPENJDK\bin;C:\WINDOWS\SYSTEM32;C:\Program Files\AVAST Software\Avast;C:\WINDOWS\WinSxS\amd64_microsoft.windows.common-controls_6595b64144ccf1df_6.0.19041.1110_none_60b5254171f9507e;C:\OPENJDK\bin\server;C:\Program Files\JetBrains\IntelliJ IDEA 2020.1\bin;C:\Program Files\Common Files\Crypto Pro\AppCompat

VM Arguments:
jvm_args: -XX:TieredStopAtLevel=1 -Xverify:none -Dspring.output.ansi.enabled=always -Dcom.sun.management.jmxremote -Dspring.jmx.enabled=true -Dspring.liveBeansView.mbeanDomain -Dspring.application.admin.enabled=true -javaagent:C:\Program Files\JetBrains\IntelliJ IDEA 2020.1\lib\idea_rt.jar=59345:C:\Program Files\JetBrains\IntelliJ IDEA 2020.1\bin -Dfile.encoding=UTF-8 
java_command: com.example.demo.DemoApplication
java_class_path (initial): C:\Users\79513\Desktop\проекты JM\3.1.1\target\classes;C:\Users\79513\.m2\repository\org\springframework\boot\spring-boot-starter-data-jpa\2.5.8-SNAPSHOT\spring-boot-starter-data-jpa-2.5.8-20211201.145113-18.jar;C:\Users\79513\.m2\repository\org\springframework\boot\spring-boot-starter-aop\2.5.8-SNAPSHOT\spring-boot-starter-aop-2.5.8-20211201.145113-18.jar;C:\Users\79513\.m2\repository\org\aspectj\aspectjweaver\1.9.7\aspectjweaver-1.9.7.jar;C:\Users\79513\.m2\repository\org\springframework\boot\spring-boot-starter-jdbc\2.5.8-SNAPSHOT\spring-boot-starter-jdbc-2.5.8-20211201.145113-18.jar;C:\Users\79513\.m2\repository\com\zaxxer\HikariCP\4.0.3\HikariCP-4.0.3.jar;C:\Users\79513\.m2\repository\org\springframework\spring-jdbc\5.3.13\spring-jdbc-5.3.13.jar;C:\Users\79513\.m2\repository\jakarta\transaction\jakarta.transaction-api\1.3.3\jakarta.transaction-api-1.3.3.jar;C:\Users\79513\.m2\repository\jakarta\persistence\jakarta.persistence-api\2.2.3\jakarta.persistence-api-2.2.3.jar;C:\Users\79513\.m2\repository\org\hibernate\hibernate-core\5.4.32.Final\hibernate-core-5.4.32.Final.jar;C:\Users\79513\.m2\repository\org\javassist\javassist\3.27.0-GA\javassist-3.27.0-GA.jar;C:\Users\79513\.m2\repository\net\bytebuddy\byte-buddy\1.10.22\byte-buddy-1.10.22.jar;C:\Users\79513\.m2\repository\antlr\antlr\2.7.7\antlr-2.7.7.jar;C:\Users\79513\.m2\repository\org\jboss\jandex\2.2.3.Final\jandex-2.2.3.Final.jar;C:\Users\79513\.m2\repository\org\dom4j\dom4j\2.1.3\dom4j-2.1.3.jar;C:\Users\79513\.m2\repository\org\hibernate\common\hibernate-commons-annotations\5.1.2.Final\hibernate-commons-annotations-5.1.2.Final.jar;C:\Users\79513\.m2\repository\org\glassfish\jaxb\jaxb-runtime\2.3.5\jaxb-runtime-2.3.5.jar;C:\Users\79513\.m2\repository\org\glassfish\jaxb\txw2\2.3.5\txw2-2.3.5.jar;C:\Users\79513\.m2\repository\com\sun\istack\istack-commons-runtime\3.0.12\istack-commons-runtime-3.0.12.jar;C:\Users\79513\.m2\repository\com\sun\activation\jakarta.activation\1.2.2\ja
Launcher Type: SUN_STANDARD

[Global flags]
     intx CICompilerCount                          = 3                                         {product} {ergonomic}
     uint ConcGCThreads                            = 1                                         {product} {ergonomic}
     uint G1ConcRefinementThreads                  = 4                                         {product} {ergonomic}
   size_t G1HeapRegionSize                         = 1048576                                   {product} {ergonomic}
    uintx GCDrainStackTargetSize                   = 64                                        {product} {ergonomic}
   size_t InitialHeapSize                          = 134217728                                 {product} {ergonomic}
     bool ManagementServer                         = true                                      {product} {command line}
   size_t MarkStackSize                            = 4194304                                   {product} {ergonomic}
   size_t MaxHeapSize                              = 2145386496                                {product} {ergonomic}
   size_t MaxNewSize                               = 1286602752                                {product} {ergonomic}
   size_t MinHeapDeltaBytes                        = 1048576                                   {product} {ergonomic}
   size_t MinHeapSize                              = 8388608                                   {product} {ergonomic}
    uintx NonNMethodCodeHeapSize                   = 6973028                                {pd product} {ergonomic}
    uintx NonProfiledCodeHeapSize                  = 244685212                              {pd product} {ergonomic}
    uintx ProfiledCodeHeapSize                     = 0                                      {pd product} {ergonomic}
    uintx ReservedCodeCacheSize                    = 251658240                              {pd product} {ergonomic}
     bool SegmentedCodeCache                       = true                                      {product} {ergonomic}
   size_t SoftMaxHeapSize                          = 2145386496                             {manageable} {ergonomic}
     intx TieredStopAtLevel                        = 1                                         {product} {command line}
     bool UseCompressedClassPointers               = true                                 {lp64_product} {ergonomic}
     bool UseCompressedOops                        = true                                 {lp64_product} {ergonomic}
     bool UseG1GC                                  = true                                      {product} {ergonomic}
     bool UseLargePagesIndividualAllocation        = false                                  {pd product} {ergonomic}

Logging:
Log output configuration:
 #0: stdout all=warning uptime,level,tags
 #1: stderr all=off uptime,level,tags

Environment Variables:
JAVA_HOME=C:\OPENJDK
PATH=C:\Program Files (x86)\NVIDIA Corporation\PhysX\Common;C:\WINDOWS\system32;C:\WINDOWS;C:\WINDOWS\System32\Wbem;C:\WINDOWS\System32\WindowsPowerShell\v1.0\;C:\WINDOWS\System32\OpenSSH\;C:\Program Files (x86)\NoteBook FanControl\;C:\Program Files\Git\cmd;C:\apache-maven-3.8.3\bin;C:\OPENJDK\bin;C:\windows\system32\;C:\tizen-studio\tools\ide\bin;C:\Users\79513\AppData\Local\Microsoft\WindowsApps;C:\Users\79513\AppData\Local\GitHubDesktop\bin
USERNAME=Анатолий
OS=Windows_NT
PROCESSOR_IDENTIFIER=Intel64 Family 6 Model 37 Stepping 2, GenuineIntel



---------------  S Y S T E M  ---------------

OS:
 Windows 10 , 64 bit Build 19041 (10.0.19041.1348)
OS uptime: 0 days 6:08 hours

CPU: total 4 (initial active 4) (2 cores per cpu, 2 threads per core) family 6 model 37 stepping 2 microcode 0x11, cmov, cx8, fxsr, mmx, sse, sse2, sse3, ssse3, sse4.1, sse4.2, popcnt, ht, tsc, tscinvbit, clflush

Memory: 4k page, system-wide physical 8182M (2450M free)
TotalPageFile size 9182M (AvailPageFile size 5M)
current process WorkingSet (physical memory assigned to process): 72M, peak: 72M
current process commit charge ("private bytes"): 217M, peak: 218M

vm_info: OpenJDK 64-Bit Server VM (15.0.1+9-18) for windows-amd64 JRE (15.0.1+9-18), built on Sep 15 2020 14:39:31 by "mach5one" with unknown MS VC++:1925

END.
