#
# There is insufficient memory for the Java Runtime Environment to continue.
# Native memory allocation (malloc) failed to allocate 32744 bytes for ChunkPool::allocate
# Possible reasons:
#   The system is out of physical RAM or swap space
#   The process is running with CompressedOops enabled, and the Java Heap may be blocking the growth of the native heap
# Possible solutions:
#   Reduce memory load on the system
#   Increase physical memory or swap space
#   Check if swap backing store is full
#   Decrease Java heap size (-Xmx/-Xms)
#   Decrease number of Java threads
#   Decrease Java thread stack sizes (-Xss)
#   Set larger code cache with -XX:ReservedCodeCacheSize=
#   JVM is running with Unscaled Compressed Oops mode in which the Java heap is
#     placed in the first 4GB address space. The Java Heap base address is the
#     maximum limit for the native heap growth. Please use -XX:HeapBaseMinAddress
#     to set the Java Heap base and to place the Java Heap above 4GB virtual address.
# This output file may be truncated or incomplete.
#
#  Out of Memory Error (./open/src/hotspot/share/memory/arena.cpp:79), pid=7156, tid=22824
#
# JRE version: OpenJDK Runtime Environment (15.0.1+9) (build 15.0.1+9-18)
# Java VM: OpenJDK 64-Bit Server VM (15.0.1+9-18, mixed mode, sharing, tiered, compressed oops, g1 gc, windows-amd64)
# No core dump will be written. Minidumps are not enabled by default on client versions of Windows
#

---------------  S U M M A R Y ------------

Command Line: -XX:TieredStopAtLevel=1 -Xverify:none -Dspring.output.ansi.enabled=always -Dcom.sun.management.jmxremote -Dspring.jmx.enabled=true -Dspring.liveBeansView.mbeanDomain -Dspring.application.admin.enabled=true -javaagent:C:\Program Files\JetBrains\IntelliJ IDEA 2020.1\lib\idea_rt.jar=64057:C:\Program Files\JetBrains\IntelliJ IDEA 2020.1\bin -Dfile.encoding=UTF-8 com.example.demo.DemoApplication

Host: Intel(R) Core(TM) i5 CPU       M 430  @ 2.27GHz, 4 cores, 7G,  Windows 10 , 64 bit Build 19041 (10.0.19041.1348)
Time: Sun Dec 19 15:32:27 2021 Новосибирское стандартное время elapsed time: 1.623853 seconds (0d 0h 0m 1s)

---------------  T H R E A D  ---------------

Current thread (0x0000020d95503780):  JavaThread "C1 CompilerThread0" daemon [_thread_in_vm, id=22824, stack(0x0000001039600000,0x0000001039700000)]


Current CompileTask:
C1:   1624 1029       1       java.net.URLStreamHandler::parseURL (1201 bytes)

Stack: [0x0000001039600000,0x0000001039700000]
Native frames: (J=compiled Java code, j=interpreted, Vv=VM code, C=native code)
V  [jvm.dll+0x62ae9a]
V  [jvm.dll+0x781389]
V  [jvm.dll+0x782ae3]
V  [jvm.dll+0x783143]
V  [jvm.dll+0x216265]
V  [jvm.dll+0x9828f]
V  [jvm.dll+0x985dc]
V  [jvm.dll+0x1a72dd]
V  [jvm.dll+0x1a7a53]
V  [jvm.dll+0x1961cb]
V  [jvm.dll+0x195df0]
V  [jvm.dll+0x1aae03]
V  [jvm.dll+0x118fa7]
V  [jvm.dll+0x11bd25]
V  [jvm.dll+0x11a004]
V  [jvm.dll+0x113e08]
V  [jvm.dll+0x123c92]
V  [jvm.dll+0x10f470]
V  [jvm.dll+0x10f7f0]
V  [jvm.dll+0x10fab4]
V  [jvm.dll+0x10edf2]
V  [jvm.dll+0x110c8c]
V  [jvm.dll+0x1f9165]
V  [jvm.dll+0x1f720c]
V  [jvm.dll+0x74485d]
V  [jvm.dll+0x73d65a]
V  [jvm.dll+0x629c56]
C  [ucrtbase.dll+0x21bb2]
C  [KERNEL32.DLL+0x17034]
C  [ntdll.dll+0x52651]


---------------  P R O C E S S  ---------------

Threads class SMR info:
_java_thread_list=0x0000020d963ab280, length=12, elements={
0x0000020df71c46e0, 0x0000020d954e23e0, 0x0000020d954e3ed0, 0x0000020d954fe570,
0x0000020d954fff40, 0x0000020d95502d10, 0x0000020d95503780, 0x0000020d9553b230,
0x0000020d954c2980, 0x0000020d9623aee0, 0x0000020d96249300, 0x0000020d964289f0
}

Java Threads: ( => current thread )
  0x0000020df71c46e0 JavaThread "main" [_thread_in_vm, id=20080, stack(0x0000001038a00000,0x0000001038b00000)]
  0x0000020d954e23e0 JavaThread "Reference Handler" daemon [_thread_blocked, id=4584, stack(0x0000001039100000,0x0000001039200000)]
  0x0000020d954e3ed0 JavaThread "Finalizer" daemon [_thread_blocked, id=23068, stack(0x0000001039200000,0x0000001039300000)]
  0x0000020d954fe570 JavaThread "Signal Dispatcher" daemon [_thread_blocked, id=18392, stack(0x0000001039300000,0x0000001039400000)]
  0x0000020d954fff40 JavaThread "Attach Listener" daemon [_thread_blocked, id=13824, stack(0x0000001039400000,0x0000001039500000)]
  0x0000020d95502d10 JavaThread "Service Thread" daemon [_thread_blocked, id=18604, stack(0x0000001039500000,0x0000001039600000)]
=>0x0000020d95503780 JavaThread "C1 CompilerThread0" daemon [_thread_in_vm, id=22824, stack(0x0000001039600000,0x0000001039700000)]
  0x0000020d9553b230 JavaThread "Sweeper thread" daemon [_thread_blocked, id=21244, stack(0x0000001039700000,0x0000001039800000)]
  0x0000020d954c2980 JavaThread "Common-Cleaner" daemon [_thread_blocked, id=23616, stack(0x0000001039800000,0x0000001039900000)]
  0x0000020d9623aee0 JavaThread "Monitor Ctrl-Break" daemon [_thread_in_native, id=21916, stack(0x0000001039900000,0x0000001039a00000)]
  0x0000020d96249300 JavaThread "Notification Thread" daemon [_thread_blocked, id=11812, stack(0x0000001039a00000,0x0000001039b00000)]
  0x0000020d964289f0 JavaThread "RMI TCP Accept-0" daemon [_thread_in_native, id=15112, stack(0x0000001039b00000,0x0000001039c00000)]

Other Threads:
  0x0000020d954ddb40 VMThread "VM Thread" [stack: 0x0000001039000000,0x0000001039100000] [id=23396] _threads_hazard_ptr=0x0000020d963ab280
  0x0000020df71c5810 WatcherThread [stack: 0x0000001039c00000,0x0000001039d00000] [id=18912]
  0x0000020df7205ae0 GCTaskThread "GC Thread#0" [stack: 0x0000001038b00000,0x0000001038c00000] [id=20708]
  0x0000020d96474110 GCTaskThread "GC Thread#1" [stack: 0x0000001039d00000,0x0000001039e00000] [id=22288]
  0x0000020d96477410 GCTaskThread "GC Thread#2" [stack: 0x0000001039e00000,0x0000001039f00000] [id=22928]
  0x0000020df7216bf0 ConcurrentGCThread "G1 Main Marker" [stack: 0x0000001038c00000,0x0000001038d00000] [id=9288]
  0x0000020df72177e0 ConcurrentGCThread "G1 Conc#0" [stack: 0x0000001038d00000,0x0000001038e00000] [id=9332]
  0x0000020df728e450 ConcurrentGCThread "G1 Refine#0" [stack: 0x0000001038e00000,0x0000001038f00000] [id=25100]
  0x0000020d954c5da0 ConcurrentGCThread "G1 Refine#1" [stack: 0x0000001039f00000,0x000000103a000000] [id=24480]
  0x0000020d95355200 ConcurrentGCThread "G1 Young RemSet Sampling" [stack: 0x0000001038f00000,0x0000001039000000] [id=19892]

Threads with active compile tasks:
C1 CompilerThread0     1696 1029       1       java.net.URLStreamHandler::parseURL (1201 bytes)

VM state: synchronizing (normal execution)

VM Mutex/Monitor currently owned by a thread:  ([mutex/lock_event])
[0x0000020df71b5850] Threads_lock - owner thread: 0x0000020d954ddb40
[0x0000020df71b6030] Heap_lock - owner thread: 0x0000020df7216bf0

Heap address: 0x0000000080200000, size: 2046 MB, Compressed Oops mode: 32-bit
CDS archive(s) mapped at: [0x0000000800000000-0x0000000800b50000-0x0000000800b50000), size 11862016, SharedBaseAddress: 0x0000000800000000, ArchiveRelocationMode: 0.
Compressed class space mapped at: 0x0000000800b50000-0x0000000840b50000, size: 1073741824
Narrow klass base: 0x0000000800000000, Narrow klass shift: 3, Narrow klass range: 0x100000000

GC Precious Log:
 CPUs: 4 total, 4 available
 Memory: 8182M
 Large Page Support: Disabled
 NUMA Support: Disabled
 Compressed Oops: Enabled (32-bit)
 Heap Region Size: 1M
 Heap Min Capacity: 8M
 Heap Initial Capacity: 128M
 Heap Max Capacity: 2046M
 Pre-touch: Disabled
 Parallel Workers: 4
 Concurrent Workers: 1
 Concurrent Refinement Workers: 4
 Periodic GC: Disabled

Heap:
 garbage-first heap   total 131072K, used 7530K [0x0000000080200000, 0x0000000100000000)
  region size 1024K, 2 young (2048K), 1 survivors (1024K)
 Metaspace       used 5656K, capacity 5839K, committed 6144K, reserved 1062912K
  class space    used 662K, capacity 704K, committed 768K, reserved 1048576K

Heap Regions: E=young(eden), S=young(survivor), O=old, HS=humongous(starts), HC=humongous(continues), CS=collection set, F=free, OA=open archive, CA=closed archive, TAMS=top-at-mark-start (previous, next)
|   0|0x0000000080200000, 0x0000000080300000, 0x0000000080300000|100%|HS|  |TAMS 0x0000000080200000, 0x0000000080300000| Complete 
|   1|0x0000000080300000, 0x0000000080400000, 0x0000000080400000|100%| O|  |TAMS 0x0000000080300000, 0x0000000080400000| Untracked 
|   2|0x0000000080400000, 0x0000000080500000, 0x0000000080500000|100%| O|  |TAMS 0x0000000080400000, 0x0000000080500000| Untracked 
|   3|0x0000000080500000, 0x0000000080600000, 0x0000000080600000|100%| O|  |TAMS 0x0000000080500000, 0x0000000080600000| Untracked 
|   4|0x0000000080600000, 0x0000000080700000, 0x0000000080700000|100%| O|  |TAMS 0x0000000080600000, 0x00000000806bf600| Untracked 
|   5|0x0000000080700000, 0x0000000080800000, 0x0000000080800000|100%| O|  |TAMS 0x0000000080700000, 0x0000000080700000| Untracked 
|   6|0x0000000080800000, 0x00000000808daa00, 0x0000000080900000| 85%| O|  |TAMS 0x0000000080800000, 0x0000000080800000| Untracked 
|   7|0x0000000080900000, 0x0000000080900000, 0x0000000080a00000|  0%| F|  |TAMS 0x0000000080900000, 0x0000000080900000| Untracked 
|   8|0x0000000080a00000, 0x0000000080a00000, 0x0000000080b00000|  0%| F|  |TAMS 0x0000000080a00000, 0x0000000080a00000| Untracked 
|   9|0x0000000080b00000, 0x0000000080b00000, 0x0000000080c00000|  0%| F|  |TAMS 0x0000000080b00000, 0x0000000080b00000| Untracked 
|  10|0x0000000080c00000, 0x0000000080c00000, 0x0000000080d00000|  0%| F|  |TAMS 0x0000000080c00000, 0x0000000080c00000| Untracked 
|  11|0x0000000080d00000, 0x0000000080d00000, 0x0000000080e00000|  0%| F|  |TAMS 0x0000000080d00000, 0x0000000080d00000| Untracked 
|  12|0x0000000080e00000, 0x0000000080e00000, 0x0000000080f00000|  0%| F|  |TAMS 0x0000000080e00000, 0x0000000080e00000| Untracked 
|  13|0x0000000080f00000, 0x0000000080f00000, 0x0000000081000000|  0%| F|  |TAMS 0x0000000080f00000, 0x0000000080f00000| Untracked 
|  14|0x0000000081000000, 0x0000000081000000, 0x0000000081100000|  0%| F|  |TAMS 0x0000000081000000, 0x0000000081000000| Untracked 
|  15|0x0000000081100000, 0x0000000081100000, 0x0000000081200000|  0%| F|  |TAMS 0x0000000081100000, 0x0000000081100000| Untracked 
|  16|0x0000000081200000, 0x0000000081200000, 0x0000000081300000|  0%| F|  |TAMS 0x0000000081200000, 0x0000000081200000| Untracked 
|  17|0x0000000081300000, 0x0000000081300000, 0x0000000081400000|  0%| F|  |TAMS 0x0000000081300000, 0x0000000081300000| Untracked 
|  18|0x0000000081400000, 0x0000000081400000, 0x0000000081500000|  0%| F|  |TAMS 0x0000000081400000, 0x0000000081400000| Untracked 
|  19|0x0000000081500000, 0x0000000081500000, 0x0000000081600000|  0%| F|  |TAMS 0x0000000081500000, 0x0000000081500000| Untracked 
|  20|0x0000000081600000, 0x0000000081600000, 0x0000000081700000|  0%| F|  |TAMS 0x0000000081600000, 0x0000000081600000| Untracked 
|  21|0x0000000081700000, 0x0000000081700000, 0x0000000081800000|  0%| F|  |TAMS 0x0000000081700000, 0x0000000081700000| Untracked 
|  22|0x0000000081800000, 0x0000000081800000, 0x0000000081900000|  0%| F|  |TAMS 0x0000000081800000, 0x0000000081800000| Untracked 
|  23|0x0000000081900000, 0x0000000081900000, 0x0000000081a00000|  0%| F|  |TAMS 0x0000000081900000, 0x0000000081900000| Untracked 
|  24|0x0000000081a00000, 0x0000000081a00000, 0x0000000081b00000|  0%| F|  |TAMS 0x0000000081a00000, 0x0000000081a00000| Untracked 
|  25|0x0000000081b00000, 0x0000000081b00000, 0x0000000081c00000|  0%| F|  |TAMS 0x0000000081b00000, 0x0000000081b00000| Untracked 
|  26|0x0000000081c00000, 0x0000000081c00000, 0x0000000081d00000|  0%| F|  |TAMS 0x0000000081c00000, 0x0000000081c00000| Untracked 
|  27|0x0000000081d00000, 0x0000000081d00000, 0x0000000081e00000|  0%| F|  |TAMS 0x0000000081d00000, 0x0000000081d00000| Untracked 
|  28|0x0000000081e00000, 0x0000000081e00000, 0x0000000081f00000|  0%| F|  |TAMS 0x0000000081e00000, 0x0000000081e00000| Untracked 
|  29|0x0000000081f00000, 0x0000000081f00000, 0x0000000082000000|  0%| F|  |TAMS 0x0000000081f00000, 0x0000000081f00000| Untracked 
|  30|0x0000000082000000, 0x0000000082000000, 0x0000000082100000|  0%| F|  |TAMS 0x0000000082000000, 0x0000000082000000| Untracked 
|  31|0x0000000082100000, 0x0000000082100000, 0x0000000082200000|  0%| F|  |TAMS 0x0000000082100000, 0x0000000082100000| Untracked 
|  32|0x0000000082200000, 0x0000000082200000, 0x0000000082300000|  0%| F|  |TAMS 0x0000000082200000, 0x0000000082200000| Untracked 
|  33|0x0000000082300000, 0x0000000082300000, 0x0000000082400000|  0%| F|  |TAMS 0x0000000082300000, 0x0000000082300000| Untracked 
|  34|0x0000000082400000, 0x0000000082400000, 0x0000000082500000|  0%| F|  |TAMS 0x0000000082400000, 0x0000000082400000| Untracked 
|  35|0x0000000082500000, 0x0000000082500000, 0x0000000082600000|  0%| F|  |TAMS 0x0000000082500000, 0x0000000082500000| Untracked 
|  36|0x0000000082600000, 0x0000000082600000, 0x0000000082700000|  0%| F|  |TAMS 0x0000000082600000, 0x0000000082600000| Untracked 
|  37|0x0000000082700000, 0x0000000082700000, 0x0000000082800000|  0%| F|  |TAMS 0x0000000082700000, 0x0000000082700000| Untracked 
|  38|0x0000000082800000, 0x0000000082800000, 0x0000000082900000|  0%| F|  |TAMS 0x0000000082800000, 0x0000000082800000| Untracked 
|  39|0x0000000082900000, 0x0000000082900000, 0x0000000082a00000|  0%| F|  |TAMS 0x0000000082900000, 0x0000000082900000| Untracked 
|  40|0x0000000082a00000, 0x0000000082a00000, 0x0000000082b00000|  0%| F|  |TAMS 0x0000000082a00000, 0x0000000082a00000| Untracked 
|  41|0x0000000082b00000, 0x0000000082b00000, 0x0000000082c00000|  0%| F|  |TAMS 0x0000000082b00000, 0x0000000082b00000| Untracked 
|  42|0x0000000082c00000, 0x0000000082c00000, 0x0000000082d00000|  0%| F|  |TAMS 0x0000000082c00000, 0x0000000082c00000| Untracked 
|  43|0x0000000082d00000, 0x0000000082d00000, 0x0000000082e00000|  0%| F|  |TAMS 0x0000000082d00000, 0x0000000082d00000| Untracked 
|  44|0x0000000082e00000, 0x0000000082e00000, 0x0000000082f00000|  0%| F|  |TAMS 0x0000000082e00000, 0x0000000082e00000| Untracked 
|  45|0x0000000082f00000, 0x0000000082f00000, 0x0000000083000000|  0%| F|  |TAMS 0x0000000082f00000, 0x0000000082f00000| Untracked 
|  46|0x0000000083000000, 0x0000000083000000, 0x0000000083100000|  0%| F|  |TAMS 0x0000000083000000, 0x0000000083000000| Untracked 
|  47|0x0000000083100000, 0x0000000083100000, 0x0000000083200000|  0%| F|  |TAMS 0x0000000083100000, 0x0000000083100000| Untracked 
|  48|0x0000000083200000, 0x0000000083200000, 0x0000000083300000|  0%| F|  |TAMS 0x0000000083200000, 0x0000000083200000| Untracked 
|  49|0x0000000083300000, 0x0000000083300000, 0x0000000083400000|  0%| F|  |TAMS 0x0000000083300000, 0x0000000083300000| Untracked 
|  50|0x0000000083400000, 0x0000000083400000, 0x0000000083500000|  0%| F|  |TAMS 0x0000000083400000, 0x0000000083400000| Untracked 
|  51|0x0000000083500000, 0x0000000083500000, 0x0000000083600000|  0%| F|  |TAMS 0x0000000083500000, 0x0000000083500000| Untracked 
|  52|0x0000000083600000, 0x0000000083600000, 0x0000000083700000|  0%| F|  |TAMS 0x0000000083600000, 0x0000000083600000| Untracked 
|  53|0x0000000083700000, 0x0000000083700000, 0x0000000083800000|  0%| F|  |TAMS 0x0000000083700000, 0x0000000083700000| Untracked 
|  54|0x0000000083800000, 0x0000000083800000, 0x0000000083900000|  0%| F|  |TAMS 0x0000000083800000, 0x0000000083800000| Untracked 
|  55|0x0000000083900000, 0x0000000083900000, 0x0000000083a00000|  0%| F|  |TAMS 0x0000000083900000, 0x0000000083900000| Untracked 
|  56|0x0000000083a00000, 0x0000000083a00000, 0x0000000083b00000|  0%| F|  |TAMS 0x0000000083a00000, 0x0000000083a00000| Untracked 
|  57|0x0000000083b00000, 0x0000000083b00000, 0x0000000083c00000|  0%| F|  |TAMS 0x0000000083b00000, 0x0000000083b00000| Untracked 
|  58|0x0000000083c00000, 0x0000000083c00000, 0x0000000083d00000|  0%| F|  |TAMS 0x0000000083c00000, 0x0000000083c00000| Untracked 
|  59|0x0000000083d00000, 0x0000000083d00000, 0x0000000083e00000|  0%| F|  |TAMS 0x0000000083d00000, 0x0000000083d00000| Untracked 
|  60|0x0000000083e00000, 0x0000000083e00000, 0x0000000083f00000|  0%| F|  |TAMS 0x0000000083e00000, 0x0000000083e00000| Untracked 
|  61|0x0000000083f00000, 0x0000000083f00000, 0x0000000084000000|  0%| F|  |TAMS 0x0000000083f00000, 0x0000000083f00000| Untracked 
|  62|0x0000000084000000, 0x0000000084000000, 0x0000000084100000|  0%| F|  |TAMS 0x0000000084000000, 0x0000000084000000| Untracked 
|  63|0x0000000084100000, 0x0000000084100000, 0x0000000084200000|  0%| F|  |TAMS 0x0000000084100000, 0x0000000084100000| Untracked 
|  64|0x0000000084200000, 0x0000000084200000, 0x0000000084300000|  0%| F|  |TAMS 0x0000000084200000, 0x0000000084200000| Untracked 
|  65|0x0000000084300000, 0x0000000084300000, 0x0000000084400000|  0%| F|  |TAMS 0x0000000084300000, 0x0000000084300000| Untracked 
|  66|0x0000000084400000, 0x0000000084400000, 0x0000000084500000|  0%| F|  |TAMS 0x0000000084400000, 0x0000000084400000| Untracked 
|  67|0x0000000084500000, 0x0000000084500000, 0x0000000084600000|  0%| F|  |TAMS 0x0000000084500000, 0x0000000084500000| Untracked 
|  68|0x0000000084600000, 0x0000000084600000, 0x0000000084700000|  0%| F|  |TAMS 0x0000000084600000, 0x0000000084600000| Untracked 
|  69|0x0000000084700000, 0x0000000084700000, 0x0000000084800000|  0%| F|  |TAMS 0x0000000084700000, 0x0000000084700000| Untracked 
|  70|0x0000000084800000, 0x0000000084800000, 0x0000000084900000|  0%| F|  |TAMS 0x0000000084800000, 0x0000000084800000| Untracked 
|  71|0x0000000084900000, 0x0000000084900000, 0x0000000084a00000|  0%| F|  |TAMS 0x0000000084900000, 0x0000000084900000| Untracked 
|  72|0x0000000084a00000, 0x0000000084a00000, 0x0000000084b00000|  0%| F|  |TAMS 0x0000000084a00000, 0x0000000084a00000| Untracked 
|  73|0x0000000084b00000, 0x0000000084b00000, 0x0000000084c00000|  0%| F|  |TAMS 0x0000000084b00000, 0x0000000084b00000| Untracked 
|  74|0x0000000084c00000, 0x0000000084c00000, 0x0000000084d00000|  0%| F|  |TAMS 0x0000000084c00000, 0x0000000084c00000| Untracked 
|  75|0x0000000084d00000, 0x0000000084d00000, 0x0000000084e00000|  0%| F|  |TAMS 0x0000000084d00000, 0x0000000084d00000| Untracked 
|  76|0x0000000084e00000, 0x0000000084e00000, 0x0000000084f00000|  0%| F|  |TAMS 0x0000000084e00000, 0x0000000084e00000| Untracked 
|  77|0x0000000084f00000, 0x0000000084f00000, 0x0000000085000000|  0%| F|  |TAMS 0x0000000084f00000, 0x0000000084f00000| Untracked 
|  78|0x0000000085000000, 0x0000000085000000, 0x0000000085100000|  0%| F|  |TAMS 0x0000000085000000, 0x0000000085000000| Untracked 
|  79|0x0000000085100000, 0x0000000085100000, 0x0000000085200000|  0%| F|  |TAMS 0x0000000085100000, 0x0000000085100000| Untracked 
|  80|0x0000000085200000, 0x0000000085200000, 0x0000000085300000|  0%| F|  |TAMS 0x0000000085200000, 0x0000000085200000| Untracked 
|  81|0x0000000085300000, 0x0000000085300000, 0x0000000085400000|  0%| F|  |TAMS 0x0000000085300000, 0x0000000085300000| Untracked 
|  82|0x0000000085400000, 0x0000000085400000, 0x0000000085500000|  0%| F|  |TAMS 0x0000000085400000, 0x0000000085400000| Untracked 
|  83|0x0000000085500000, 0x0000000085500000, 0x0000000085600000|  0%| F|  |TAMS 0x0000000085500000, 0x0000000085500000| Untracked 
|  84|0x0000000085600000, 0x0000000085600000, 0x0000000085700000|  0%| F|  |TAMS 0x0000000085600000, 0x0000000085600000| Untracked 
|  85|0x0000000085700000, 0x0000000085700000, 0x0000000085800000|  0%| F|  |TAMS 0x0000000085700000, 0x0000000085700000| Untracked 
|  86|0x0000000085800000, 0x0000000085800000, 0x0000000085900000|  0%| F|  |TAMS 0x0000000085800000, 0x0000000085800000| Untracked 
|  87|0x0000000085900000, 0x0000000085900000, 0x0000000085a00000|  0%| F|  |TAMS 0x0000000085900000, 0x0000000085900000| Untracked 
|  88|0x0000000085a00000, 0x0000000085a00000, 0x0000000085b00000|  0%| F|  |TAMS 0x0000000085a00000, 0x0000000085a00000| Untracked 
|  89|0x0000000085b00000, 0x0000000085b00000, 0x0000000085c00000|  0%| F|  |TAMS 0x0000000085b00000, 0x0000000085b00000| Untracked 
|  90|0x0000000085c00000, 0x0000000085c00000, 0x0000000085d00000|  0%| F|  |TAMS 0x0000000085c00000, 0x0000000085c00000| Untracked 
|  91|0x0000000085d00000, 0x0000000085d00000, 0x0000000085e00000|  0%| F|  |TAMS 0x0000000085d00000, 0x0000000085d00000| Untracked 
|  92|0x0000000085e00000, 0x0000000085e00000, 0x0000000085f00000|  0%| F|  |TAMS 0x0000000085e00000, 0x0000000085e00000| Untracked 
|  93|0x0000000085f00000, 0x0000000085f00000, 0x0000000086000000|  0%| F|  |TAMS 0x0000000085f00000, 0x0000000085f00000| Untracked 
|  94|0x0000000086000000, 0x0000000086000000, 0x0000000086100000|  0%| F|  |TAMS 0x0000000086000000, 0x0000000086000000| Untracked 
|  95|0x0000000086100000, 0x0000000086100000, 0x0000000086200000|  0%| F|  |TAMS 0x0000000086100000, 0x0000000086100000| Untracked 
|  96|0x0000000086200000, 0x0000000086200000, 0x0000000086300000|  0%| F|  |TAMS 0x0000000086200000, 0x0000000086200000| Untracked 
|  97|0x0000000086300000, 0x0000000086300000, 0x0000000086400000|  0%| F|  |TAMS 0x0000000086300000, 0x0000000086300000| Untracked 
|  98|0x0000000086400000, 0x0000000086400000, 0x0000000086500000|  0%| F|  |TAMS 0x0000000086400000, 0x0000000086400000| Untracked 
|  99|0x0000000086500000, 0x0000000086500000, 0x0000000086600000|  0%| F|  |TAMS 0x0000000086500000, 0x0000000086500000| Untracked 
| 100|0x0000000086600000, 0x0000000086600000, 0x0000000086700000|  0%| F|  |TAMS 0x0000000086600000, 0x0000000086600000| Untracked 
| 101|0x0000000086700000, 0x0000000086700000, 0x0000000086800000|  0%| F|  |TAMS 0x0000000086700000, 0x0000000086700000| Untracked 
| 102|0x0000000086800000, 0x0000000086800000, 0x0000000086900000|  0%| F|  |TAMS 0x0000000086800000, 0x0000000086800000| Untracked 
| 103|0x0000000086900000, 0x0000000086900000, 0x0000000086a00000|  0%| F|  |TAMS 0x0000000086900000, 0x0000000086900000| Untracked 
| 104|0x0000000086a00000, 0x0000000086a00000, 0x0000000086b00000|  0%| F|  |TAMS 0x0000000086a00000, 0x0000000086a00000| Untracked 
| 105|0x0000000086b00000, 0x0000000086b00000, 0x0000000086c00000|  0%| F|  |TAMS 0x0000000086b00000, 0x0000000086b00000| Untracked 
| 106|0x0000000086c00000, 0x0000000086c00000, 0x0000000086d00000|  0%| F|  |TAMS 0x0000000086c00000, 0x0000000086c00000| Untracked 
| 107|0x0000000086d00000, 0x0000000086d00000, 0x0000000086e00000|  0%| F|  |TAMS 0x0000000086d00000, 0x0000000086d00000| Untracked 
| 108|0x0000000086e00000, 0x0000000086e00000, 0x0000000086f00000|  0%| F|  |TAMS 0x0000000086e00000, 0x0000000086e00000| Untracked 
| 109|0x0000000086f00000, 0x0000000086f00000, 0x0000000087000000|  0%| F|  |TAMS 0x0000000086f00000, 0x0000000086f00000| Untracked 
| 110|0x0000000087000000, 0x0000000087000000, 0x0000000087100000|  0%| F|  |TAMS 0x0000000087000000, 0x0000000087000000| Untracked 
| 111|0x0000000087100000, 0x0000000087100000, 0x0000000087200000|  0%| F|  |TAMS 0x0000000087100000, 0x0000000087100000| Untracked 
| 112|0x0000000087200000, 0x0000000087200000, 0x0000000087300000|  0%| F|  |TAMS 0x0000000087200000, 0x0000000087200000| Untracked 
| 113|0x0000000087300000, 0x0000000087300000, 0x0000000087400000|  0%| F|  |TAMS 0x0000000087300000, 0x0000000087300000| Untracked 
| 114|0x0000000087400000, 0x0000000087400000, 0x0000000087500000|  0%| F|  |TAMS 0x0000000087400000, 0x0000000087400000| Untracked 
| 115|0x0000000087500000, 0x0000000087500000, 0x0000000087600000|  0%| F|  |TAMS 0x0000000087500000, 0x0000000087500000| Untracked 
| 116|0x0000000087600000, 0x0000000087600000, 0x0000000087700000|  0%| F|  |TAMS 0x0000000087600000, 0x0000000087600000| Untracked 
| 117|0x0000000087700000, 0x0000000087700000, 0x0000000087800000|  0%| F|  |TAMS 0x0000000087700000, 0x0000000087700000| Untracked 
| 118|0x0000000087800000, 0x0000000087800000, 0x0000000087900000|  0%| F|  |TAMS 0x0000000087800000, 0x0000000087800000| Untracked 
| 119|0x0000000087900000, 0x0000000087900000, 0x0000000087a00000|  0%| F|  |TAMS 0x0000000087900000, 0x0000000087900000| Untracked 
| 120|0x0000000087a00000, 0x0000000087a00000, 0x0000000087b00000|  0%| F|  |TAMS 0x0000000087a00000, 0x0000000087a00000| Untracked 
| 121|0x0000000087b00000, 0x0000000087b00000, 0x0000000087c00000|  0%| F|  |TAMS 0x0000000087b00000, 0x0000000087b00000| Untracked 
| 122|0x0000000087c00000, 0x0000000087c00000, 0x0000000087d00000|  0%| F|  |TAMS 0x0000000087c00000, 0x0000000087c00000| Untracked 
| 123|0x0000000087d00000, 0x0000000087d00000, 0x0000000087e00000|  0%| F|  |TAMS 0x0000000087d00000, 0x0000000087d00000| Untracked 
| 124|0x0000000087e00000, 0x0000000087e00000, 0x0000000087f00000|  0%| F|  |TAMS 0x0000000087e00000, 0x0000000087e00000| Untracked 
| 125|0x0000000087f00000, 0x0000000087f7ff10, 0x0000000088000000| 49%| S|CS|TAMS 0x0000000087f00000, 0x0000000087f00000| Complete 
| 126|0x0000000088000000, 0x0000000088000000, 0x0000000088100000|  0%| F|  |TAMS 0x0000000088000000, 0x0000000088000000| Untracked 
| 127|0x0000000088100000, 0x0000000088170368, 0x0000000088200000| 43%| E|  |TAMS 0x0000000088100000, 0x0000000088100000| Complete 

Card table byte_map: [0x0000020dff7e0000,0x0000020dffbe0000] _byte_map_base: 0x0000020dff3df000

Marking Bits (Prev, Next): (CMBitMap*) 0x0000020df72062d0, (CMBitMap*) 0x0000020df7206310
 Prev Bits: [0x0000020d8f000000, 0x0000020d90ff8000)
 Next Bits: [0x0000020d91000000, 0x0000020d92ff8000)

Polling page: 0x0000020df6990000

Metaspace:

Usage:
  Non-class:      5.01 MB capacity,     4.88 MB ( 97%) used,   133.62 KB (  3%) free+waste,     7.25 KB ( <1%) overhead. 
      Class:    704.00 KB capacity,   662.57 KB ( 94%) used,    37.49 KB (  5%) free+waste,     3.94 KB ( <1%) overhead. 
       Both:      5.70 MB capacity,     5.52 MB ( 97%) used,   171.11 KB (  3%) free+waste,    11.19 KB ( <1%) overhead. 

Virtual space:
  Non-class space:       14.00 MB reserved,       5.25 MB ( 38%) committed 
      Class space:        1.00 GB reserved,     768.00 KB ( <1%) committed 
             Both:        1.01 GB reserved,       6.00 MB ( <1%) committed 

Chunk freelists:
   Non-Class:  49.00 KB
       Class:  0 bytes
        Both:  49.00 KB

MaxMetaspaceSize: 17179869184.00 GB
CompressedClassSpaceSize: 1.00 GB

CodeHeap 'non-profiled nmethods': size=238912Kb used=1377Kb max_used=1377Kb free=237534Kb
 bounds [0x0000020d806b0000, 0x0000020d80920000, 0x0000020d8f000000]
CodeHeap 'non-nmethods': size=6848Kb used=1174Kb max_used=1174Kb free=5673Kb
 bounds [0x0000020d80000000, 0x0000020d80270000, 0x0000020d806b0000]
 total_blobs=1469 nmethods=1028 adapters=370
 compilation: enabled
              stopped_count=0, restarted_count=0
 full_count=0

Compilation events (20 events):
Event: 1.592 Thread 0x0000020d95503780 nmethod 1018 0x0000020d80804a10 code [0x0000020d80804ba0, 0x0000020d80804d18]
Event: 1.592 Thread 0x0000020d95503780 1019       1       jdk.internal.misc.VM::isModuleSystemInited (13 bytes)
Event: 1.593 Thread 0x0000020d95503780 nmethod 1019 0x0000020d80804e90 code [0x0000020d80805020, 0x0000020d808050d8]
Event: 1.594 Thread 0x0000020d95503780 1020       1       java.lang.ClassLoader::getClassLoadingLock (35 bytes)
Event: 1.594 Thread 0x0000020d95503780 nmethod 1020 0x0000020d80805690 code [0x0000020d80805820, 0x0000020d80805988]
Event: 1.594 Thread 0x0000020d95503780 1021       1       java.lang.ClassLoader::findLoadedClass (16 bytes)
Event: 1.594 Thread 0x0000020d95503780 nmethod 1021 0x0000020d80805a90 code [0x0000020d80805c40, 0x0000020d80805d78]
Event: 1.594 Thread 0x0000020d95503780 1023       1       jdk.internal.loader.BuiltinClassLoader::findLoadedModule (33 bytes)
Event: 1.595 Thread 0x0000020d95503780 nmethod 1023 0x0000020d80805e10 code [0x0000020d80805fe0, 0x0000020d808061d8]
Event: 1.595 Thread 0x0000020d95503780 1024       1       java.util.jar.Attributes::getValue (9 bytes)
Event: 1.595 Thread 0x0000020d95503780 nmethod 1024 0x0000020d80806390 code [0x0000020d80806520, 0x0000020d80806648]
Event: 1.595 Thread 0x0000020d95503780 1025       1       java.util.jar.Attributes::get (11 bytes)
Event: 1.595 Thread 0x0000020d95503780 nmethod 1025 0x0000020d80806710 code [0x0000020d808068a0, 0x0000020d80806988]
Event: 1.597 Thread 0x0000020d95503780 1026       1       java.util.ArrayDeque::addLast (51 bytes)
Event: 1.597 Thread 0x0000020d95503780 nmethod 1026 0x0000020d80806a10 code [0x0000020d80806bc0, 0x0000020d80806e78]
Event: 1.598 Thread 0x0000020d95503780 1027   !   1       jdk.internal.loader.BuiltinClassLoader::loadClassOrNull (143 bytes)
Event: 1.600 Thread 0x0000020d95503780 nmethod 1027 0x0000020d80807010 code [0x0000020d80807280, 0x0000020d80807a58]
Event: 1.601 Thread 0x0000020d95503780 1028       1       java.util.ArrayDeque::add (7 bytes)
Event: 1.602 Thread 0x0000020d95503780 nmethod 1028 0x0000020d80808210 code [0x0000020d808083a0, 0x0000020d80808468]
Event: 1.602 Thread 0x0000020d95503780 1029       1       java.net.URLStreamHandler::parseURL (1201 bytes)

GC Heap History (4 events):
Event: 1.501 GC heap before
{Heap before GC invocations=0 (full 0):
 garbage-first heap   total 131072K, used 13312K [0x0000000080200000, 0x0000000100000000)
  region size 1024K, 13 young (13312K), 0 survivors (0K)
 Metaspace       used 5406K, capacity 5581K, committed 5888K, reserved 1056768K
  class space    used 627K, capacity 702K, committed 768K, reserved 1048576K
}
Event: 1.519 GC heap after
{Heap after GC invocations=1 (full 0):
 garbage-first heap   total 131072K, used 6909K [0x0000000080200000, 0x0000000100000000)
  region size 1024K, 2 young (2048K), 2 survivors (2048K)
 Metaspace       used 5406K, capacity 5581K, committed 5888K, reserved 1056768K
  class space    used 627K, capacity 702K, committed 768K, reserved 1048576K
}
Event: 1.604 GC heap before
{Heap before GC invocations=1 (full 0):
 garbage-first heap   total 131072K, used 7933K [0x0000000080200000, 0x0000000100000000)
  region size 1024K, 4 young (4096K), 2 survivors (2048K)
 Metaspace       used 5642K, capacity 5775K, committed 5888K, reserved 1062912K
  class space    used 659K, capacity 704K, committed 768K, reserved 1048576K
}
Event: 1.610 GC heap after
{Heap after GC invocations=2 (full 0):
 garbage-first heap   total 131072K, used 7530K [0x0000000080200000, 0x0000000100000000)
  region size 1024K, 1 young (1024K), 1 survivors (1024K)
 Metaspace       used 5642K, capacity 5775K, committed 5888K, reserved 1062912K
  class space    used 659K, capacity 704K, committed 768K, reserved 1048576K
}

Deoptimization events (0 events):
No events

Classes unloaded (0 events):
No events

Classes redefined (0 events):
No events

Internal exceptions (17 events):
Event: 0.649 Thread 0x0000020df71c46e0 Exception <a 'java/lang/NoSuchMethodError'{0x0000000087b10668}: 'void java.lang.invoke.DirectMethodHandle$Holder.invokeSpecial(java.lang.Object, java.lang.Object, java.lang.Object)'> (0x0000000087b10668) 
thrown [./open/src/hotspot/share/interpreter/linkResolver.cpp, line 782]
Event: 0.650 Thread 0x0000020d9623aee0 Exception <a 'java/lang/NoSuchMethodError'{0x0000000087b4b358}: 'java.lang.Object java.lang.invoke.DirectMethodHandle$Holder.invokeStatic(java.lang.Object)'> (0x0000000087b4b358) 
thrown [./open/src/hotspot/share/interpreter/linkResolver.cpp, line 782]
Event: 0.650 Thread 0x0000020d9623aee0 Exception <a 'java/lang/NoSuchMethodError'{0x0000000087b4eaa8}: 'java.lang.Object java.lang.invoke.DirectMethodHandle$Holder.invokeStaticInit(java.lang.Object)'> (0x0000000087b4eaa8) 
thrown [./open/src/hotspot/share/interpreter/linkResolver.cpp, line 782]
Event: 0.666 Thread 0x0000020d9623aee0 Exception <a 'java/lang/NoSuchMethodError'{0x0000000087b5bc38}: 'void java.lang.invoke.DirectMethodHandle$Holder.invokeStatic(java.lang.Object, java.lang.Object)'> (0x0000000087b5bc38) 
thrown [./open/src/hotspot/share/interpreter/linkResolver.cpp, line 782]
Event: 0.761 Thread 0x0000020df71c46e0 Exception <a 'java/lang/NoSuchMethodError'{0x0000000087b98cf8}: 'java.lang.Object java.lang.invoke.DirectMethodHandle$Holder.invokeInterface(java.lang.Object, java.lang.Object)'> (0x0000000087b98cf8) 
thrown [./open/src/hotspot/share/interpreter/linkResolver.cpp, line 782]
Event: 0.764 Thread 0x0000020df71c46e0 Exception <a 'java/lang/NoSuchMethodError'{0x0000000087ba1388}: 'java.lang.Object java.lang.invoke.DirectMethodHandle$Holder.invokeStaticInit(java.lang.Object, java.lang.Object, java.lang.Object)'> (0x0000000087ba1388) 
thrown [./open/src/hotspot/share/interpreter/linkResolver.cpp, line 782]
Event: 0.773 Thread 0x0000020df71c46e0 Exception <a 'java/lang/NoSuchMethodError'{0x0000000087bbf880}: 'int java.lang.invoke.DirectMethodHandle$Holder.invokeInterface(java.lang.Object, java.lang.Object)'> (0x0000000087bbf880) 
thrown [./open/src/hotspot/share/interpreter/linkResolver.cpp, line 782]
Event: 0.774 Thread 0x0000020df71c46e0 Exception <a 'java/lang/IncompatibleClassChangeError'{0x0000000087bc3078}: Found class java.lang.Object, but interface was expected> (0x0000000087bc3078) 
thrown [./open/src/hotspot/share/interpreter/linkResolver.cpp, line 848]
Event: 0.873 Thread 0x0000020df71c46e0 Exception <a 'java/lang/NoSuchMethodError'{0x0000000087a82018}: 'int java.lang.invoke.DirectMethodHandle$Holder.invokeSpecial(java.lang.Object, java.lang.Object, java.lang.Object)'> (0x0000000087a82018) 
thrown [./open/src/hotspot/share/interpreter/linkResolver.cpp, line 782]
Event: 0.947 Thread 0x0000020df71c46e0 Exception <a 'java/lang/NoSuchMethodError'{0x00000000879504c8}: 'void java.lang.invoke.DirectMethodHandle$Holder.invokeStatic(java.lang.Object, java.lang.Object, java.lang.Object)'> (0x00000000879504c8) 
thrown [./open/src/hotspot/share/interpreter/linkResolver.cpp, line 782]
Event: 0.977 Thread 0x0000020df71c46e0 Exception <a 'java/lang/NoSuchMethodError'{0x000000008799cf28}: 'int java.lang.invoke.DirectMethodHandle$Holder.invokeSpecialIFC(java.lang.Object, java.lang.Object, java.lang.Object)'> (0x000000008799cf28) 
thrown [./open/src/hotspot/share/interpreter/linkResolver.cpp, line 782]
Event: 1.142 Thread 0x0000020df71c46e0 Exception <a 'java/lang/NoSuchMethodError'{0x00000000879e7468}: 'void java.lang.invoke.DirectMethodHandle$Holder.invokeStaticInit(java.lang.Object, java.lang.Object)'> (0x00000000879e7468) 
thrown [./open/src/hotspot/share/interpreter/linkResolver.cpp, line 782]
Event: 1.183 Thread 0x0000020df71c46e0 Exception <a 'java/lang/NoSuchMethodError'{0x000000008789af60}: 'java.lang.Object java.lang.invoke.DirectMethodHandle$Holder.invokeStaticInit(java.lang.Object, int, int, int, int)'> (0x000000008789af60) 
thrown [./open/src/hotspot/share/interpreter/linkResolver.cpp, line 782]
Event: 1.293 Thread 0x0000020df71c46e0 Exception <a 'java/lang/NoSuchMethodError'{0x0000000087754340}: 'java.lang.Object java.lang.invoke.DirectMethodHandle$Holder.invokeStaticInit(java.lang.Object, java.lang.Object, int, int, int, int)'> (0x0000000087754340) 
thrown [./open/src/hotspot/share/interpreter/linkResolver.cpp, line 782]
Event: 1.323 Thread 0x0000020df71c46e0 Exception <a 'java/lang/ClassNotFoundException'{0x00000000877731c0}: javax/management/remote/rmi/RMIServerImpl_Skel> (0x00000000877731c0) 
thrown [./open/src/hotspot/share/classfile/systemDictionary.cpp, line 295]
Event: 1.437 Thread 0x0000020df71c46e0 Exception <a 'java/lang/ClassNotFoundException'{0x00000000875455b8}: javax/smartcardio/CardPermission> (0x00000000875455b8) 
thrown [./open/src/hotspot/share/classfile/systemDictionary.cpp, line 295]
Event: 1.443 Thread 0x0000020df71c46e0 Exception <a 'java/io/FileNotFoundException'{0x00000000875534f0}> (0x00000000875534f0) 
thrown [./open/src/hotspot/share/prims/jni.cpp, line 578]

Events (20 events):
Event: 1.453 loading class java/security/PermissionsEnumerator
Event: 1.453 loading class java/security/PermissionsEnumerator done
Event: 1.454 loading class java/security/AccessControlException
Event: 1.454 loading class java/security/AccessControlException done
Event: 1.477 loading class java/util/concurrent/atomic/AtomicBoolean
Event: 1.477 loading class java/util/concurrent/atomic/AtomicBoolean done
Event: 1.500 Executing VM operation: G1CollectForAllocation
Event: 1.519 Executing VM operation: G1CollectForAllocation done
Event: 1.519 Executing VM operation: HandshakeAllThreads
Event: 1.519 Executing VM operation: HandshakeAllThreads done
Event: 1.542 loading class sun/util/resources/LocaleData$CommonResourceBundleProvider
Event: 1.542 loading class sun/util/resources/LocaleData$LocaleDataResourceBundleProvider
Event: 1.542 loading class java/util/spi/ResourceBundleProvider
Event: 1.542 loading class java/util/spi/ResourceBundleProvider done
Event: 1.542 loading class sun/util/resources/LocaleData$LocaleDataResourceBundleProvider done
Event: 1.542 loading class sun/util/resources/LocaleData$CommonResourceBundleProvider done
Event: 1.543 loading class sun/util/resources/Bundles$2
Event: 1.543 loading class sun/util/resources/Bundles$2 done
Event: 1.603 Executing VM operation: CollectForMetadataAllocation
Event: 1.610 Executing VM operation: CollectForMetadataAllocation done


Dynamic libraries:
0x00007ff7431f0000 - 0x00007ff7431fd000 	C:\OPENJDK\bin\java.exe
0x00007ffba88f0000 - 0x00007ffba8ae5000 	C:\WINDOWS\SYSTEM32\ntdll.dll
0x00007ffb79dd0000 - 0x00007ffb79de6000 	C:\Program Files\AVAST Software\Avast\aswhook.dll
0x00007ffba85e0000 - 0x00007ffba869e000 	C:\WINDOWS\System32\KERNEL32.DLL
0x00007ffba6550000 - 0x00007ffba6818000 	C:\WINDOWS\System32\KERNELBASE.dll
0x00007ffba6000000 - 0x00007ffba6100000 	C:\WINDOWS\System32\ucrtbase.dll
0x00007ffb9fa00000 - 0x00007ffb9fa19000 	C:\OPENJDK\bin\VCRUNTIME140.dll
0x00007ffb91fe0000 - 0x00007ffb91ff8000 	C:\OPENJDK\bin\jli.dll
0x00007ffba6d40000 - 0x00007ffba6ee1000 	C:\WINDOWS\System32\USER32.dll
0x00007ffba6150000 - 0x00007ffba6172000 	C:\WINDOWS\System32\win32u.dll
0x00007ffba86a0000 - 0x00007ffba86cb000 	C:\WINDOWS\System32\GDI32.dll
0x00007ffba6820000 - 0x00007ffba692d000 	C:\WINDOWS\System32\gdi32full.dll
0x00007ffba62c0000 - 0x00007ffba635d000 	C:\WINDOWS\System32\msvcp_win.dll
0x00007ffb9cca0000 - 0x00007ffb9cf3a000 	C:\WINDOWS\WinSxS\amd64_microsoft.windows.common-controls_6595b64144ccf1df_6.0.19041.1110_none_60b5254171f9507e\COMCTL32.dll
0x00007ffba6c00000 - 0x00007ffba6c9e000 	C:\WINDOWS\System32\msvcrt.dll
0x00007ffba6a10000 - 0x00007ffba6a40000 	C:\WINDOWS\System32\IMM32.DLL
0x00007ffb9f9f0000 - 0x00007ffb9f9fc000 	C:\OPENJDK\bin\vcruntime140_1.dll
0x00007ffb71df0000 - 0x00007ffb71e81000 	C:\OPENJDK\bin\msvcp140.dll
0x00007ffb68ef0000 - 0x00007ffb69a4e000 	C:\OPENJDK\bin\server\jvm.dll
0x00007ffba8800000 - 0x00007ffba88ac000 	C:\WINDOWS\System32\ADVAPI32.dll
0x00007ffba6ca0000 - 0x00007ffba6d3b000 	C:\WINDOWS\System32\sechost.dll
0x00007ffba7800000 - 0x00007ffba792a000 	C:\WINDOWS\System32\RPCRT4.dll
0x00007ffba84e0000 - 0x00007ffba84e8000 	C:\WINDOWS\System32\PSAPI.DLL
0x00007ffb9cff0000 - 0x00007ffb9d017000 	C:\WINDOWS\SYSTEM32\WINMM.dll
0x00007ffb95c30000 - 0x00007ffb95c39000 	C:\WINDOWS\SYSTEM32\WSOCK32.dll
0x00007ffba7930000 - 0x00007ffba799b000 	C:\WINDOWS\System32\WS2_32.dll
0x00007ffb9d6f0000 - 0x00007ffb9d6fa000 	C:\WINDOWS\SYSTEM32\VERSION.dll
0x00007ffba3ba0000 - 0x00007ffba3bb2000 	C:\WINDOWS\SYSTEM32\kernel.appcore.dll
0x00007ffb9f460000 - 0x00007ffb9f46a000 	C:\OPENJDK\bin\jimage.dll
0x00007ffb9cab0000 - 0x00007ffb9cc94000 	C:\WINDOWS\SYSTEM32\DBGHELP.DLL
0x00007ffb9d040000 - 0x00007ffb9d06c000 	C:\WINDOWS\SYSTEM32\dbgcore.DLL
0x00007ffba6180000 - 0x00007ffba6202000 	C:\WINDOWS\System32\bcryptPrimitives.dll
0x00007ffba34d0000 - 0x00007ffba34de000 	C:\OPENJDK\bin\instrument.dll
0x00007ffb91030000 - 0x00007ffb91055000 	C:\OPENJDK\bin\java.dll
0x00007ffba79b0000 - 0x00007ffba80f4000 	C:\WINDOWS\System32\SHELL32.dll
0x00007ffba4d20000 - 0x00007ffba54b4000 	C:\WINDOWS\SYSTEM32\windows.storage.dll
0x00007ffba73f0000 - 0x00007ffba7745000 	C:\WINDOWS\System32\combase.dll
0x00007ffba5a50000 - 0x00007ffba5a7e000 	C:\WINDOWS\SYSTEM32\Wldp.dll
0x00007ffba7750000 - 0x00007ffba77fd000 	C:\WINDOWS\System32\SHCORE.dll
0x00007ffba8480000 - 0x00007ffba84d5000 	C:\WINDOWS\System32\shlwapi.dll
0x00007ffba5f40000 - 0x00007ffba5f5f000 	C:\WINDOWS\SYSTEM32\profapi.dll
0x00007ffb91010000 - 0x00007ffb91028000 	C:\OPENJDK\bin\zip.dll
0x00007ffb91180000 - 0x00007ffb91199000 	C:\OPENJDK\bin\net.dll
0x00007ffb9f070000 - 0x00007ffb9f17c000 	C:\WINDOWS\SYSTEM32\WINHTTP.dll
0x00007ffba4bf0000 - 0x00007ffba4c5a000 	C:\WINDOWS\system32\mswsock.dll
0x00007ffb910a0000 - 0x00007ffb910b2000 	C:\OPENJDK\bin\nio.dll
0x00007ffba17a0000 - 0x00007ffba17ba000 	C:\Program Files\JetBrains\IntelliJ IDEA 2020.1\bin\breakgen64.dll
0x00007ffba4920000 - 0x00007ffba49eb000 	C:\WINDOWS\SYSTEM32\DNSAPI.dll
0x00007ffba48e0000 - 0x00007ffba491b000 	C:\WINDOWS\SYSTEM32\IPHLPAPI.DLL
0x00007ffba79a0000 - 0x00007ffba79a8000 	C:\WINDOWS\System32\NSI.dll
0x00007ffb965a0000 - 0x00007ffb965aa000 	C:\Windows\System32\rasadhlp.dll
0x00007ffb965e0000 - 0x00007ffb9665f000 	C:\WINDOWS\System32\fwpuclnt.dll
0x00007ffba63c0000 - 0x00007ffba63e7000 	C:\WINDOWS\System32\bcrypt.dll
0x00007ffb9e790000 - 0x00007ffb9e799000 	C:\OPENJDK\bin\management.dll
0x00007ffb9c120000 - 0x00007ffb9c12b000 	C:\OPENJDK\bin\management_ext.dll
0x00007ffba59a0000 - 0x00007ffba59b8000 	C:\WINDOWS\SYSTEM32\CRYPTSP.dll
0x000000006dbe0000 - 0x000000006dbf1000 	C:\Program Files\Common Files\Crypto Pro\AppCompat\cpadvai.dll
0x000000006dc00000 - 0x000000006dc07000 	C:\Program Files\Common Files\Crypto Pro\AppCompat\detoured.dll
0x00007ffba4570000 - 0x00007ffba45a4000 	C:\WINDOWS\system32\rsaenh.dll
0x00007ffba5f00000 - 0x00007ffba5f2e000 	C:\WINDOWS\SYSTEM32\USERENV.dll
0x00007ffba59c0000 - 0x00007ffba59cc000 	C:\WINDOWS\SYSTEM32\CRYPTBASE.dll
0x00007ffb98560000 - 0x00007ffb98577000 	C:\WINDOWS\SYSTEM32\dhcpcsvc6.DLL
0x00007ffb9cf40000 - 0x00007ffb9cf5d000 	C:\WINDOWS\SYSTEM32\dhcpcsvc.DLL
0x00007ffb8f370000 - 0x00007ffb8f387000 	C:\WINDOWS\system32\napinsp.dll
0x00007ffb8f350000 - 0x00007ffb8f36b000 	C:\WINDOWS\system32\pnrpnsp.dll
0x00007ffb8f330000 - 0x00007ffb8f345000 	C:\WINDOWS\system32\wshbth.dll
0x00007ffba1690000 - 0x00007ffba16ad000 	C:\WINDOWS\system32\NLAapi.dll
0x00007ffb8f310000 - 0x00007ffb8f322000 	C:\WINDOWS\System32\winrnr.dll

dbghelp: loaded successfully - version: 4.0.5 - missing functions: none
symbol engine: initialized successfully - sym options: 0x614 - pdb path: .;C:\OPENJDK\bin;C:\WINDOWS\SYSTEM32;C:\Program Files\AVAST Software\Avast;C:\WINDOWS\WinSxS\amd64_microsoft.windows.common-controls_6595b64144ccf1df_6.0.19041.1110_none_60b5254171f9507e;C:\OPENJDK\bin\server;C:\Program Files\JetBrains\IntelliJ IDEA 2020.1\bin;C:\Program Files\Common Files\Crypto Pro\AppCompat

VM Arguments:
jvm_args: -XX:TieredStopAtLevel=1 -Xverify:none -Dspring.output.ansi.enabled=always -Dcom.sun.management.jmxremote -Dspring.jmx.enabled=true -Dspring.liveBeansView.mbeanDomain -Dspring.application.admin.enabled=true -javaagent:C:\Program Files\JetBrains\IntelliJ IDEA 2020.1\lib\idea_rt.jar=64057:C:\Program Files\JetBrains\IntelliJ IDEA 2020.1\bin -Dfile.encoding=UTF-8 
java_command: com.example.demo.DemoApplication
java_class_path (initial): C:\Users\79513\IdeaProjects\3.1.3-new2\target\classes;C:\Users\79513\.m2\repository\org\springframework\boot\spring-boot-starter-data-jpa\2.5.8-SNAPSHOT\spring-boot-starter-data-jpa-2.5.8-20211218.170435-44.jar;C:\Users\79513\.m2\repository\org\springframework\boot\spring-boot-starter-aop\2.5.8-SNAPSHOT\spring-boot-starter-aop-2.5.8-20211218.170435-44.jar;C:\Users\79513\.m2\repository\org\aspectj\aspectjweaver\1.9.7\aspectjweaver-1.9.7.jar;C:\Users\79513\.m2\repository\org\springframework\boot\spring-boot-starter-jdbc\2.5.8-SNAPSHOT\spring-boot-starter-jdbc-2.5.8-20211218.085333-43.jar;C:\Users\79513\.m2\repository\com\zaxxer\HikariCP\4.0.3\HikariCP-4.0.3.jar;C:\Users\79513\.m2\repository\org\springframework\spring-jdbc\5.3.14\spring-jdbc-5.3.14.jar;C:\Users\79513\.m2\repository\jakarta\transaction\jakarta.transaction-api\1.3.3\jakarta.transaction-api-1.3.3.jar;C:\Users\79513\.m2\repository\jakarta\persistence\jakarta.persistence-api\2.2.3\jakarta.persistence-api-2.2.3.jar;C:\Users\79513\.m2\repository\org\hibernate\hibernate-core\5.4.32.Final\hibernate-core-5.4.32.Final.jar;C:\Users\79513\.m2\repository\org\javassist\javassist\3.27.0-GA\javassist-3.27.0-GA.jar;C:\Users\79513\.m2\repository\net\bytebuddy\byte-buddy\1.10.22\byte-buddy-1.10.22.jar;C:\Users\79513\.m2\repository\antlr\antlr\2.7.7\antlr-2.7.7.jar;C:\Users\79513\.m2\repository\org\jboss\jandex\2.2.3.Final\jandex-2.2.3.Final.jar;C:\Users\79513\.m2\repository\org\dom4j\dom4j\2.1.3\dom4j-2.1.3.jar;C:\Users\79513\.m2\repository\org\hibernate\common\hibernate-commons-annotations\5.1.2.Final\hibernate-commons-annotations-5.1.2.Final.jar;C:\Users\79513\.m2\repository\org\glassfish\jaxb\jaxb-runtime\2.3.5\jaxb-runtime-2.3.5.jar;C:\Users\79513\.m2\repository\org\glassfish\jaxb\txw2\2.3.5\txw2-2.3.5.jar;C:\Users\79513\.m2\repository\com\sun\istack\istack-commons-runtime\3.0.12\istack-commons-runtime-3.0.12.jar;C:\Users\79513\.m2\repository\com\sun\activation\jakarta.activation\1.2.2\jak
Launcher Type: SUN_STANDARD

[Global flags]
     intx CICompilerCount                          = 3                                         {product} {ergonomic}
     uint ConcGCThreads                            = 1                                         {product} {ergonomic}
     uint G1ConcRefinementThreads                  = 4                                         {product} {ergonomic}
   size_t G1HeapRegionSize                         = 1048576                                   {product} {ergonomic}
    uintx GCDrainStackTargetSize                   = 64                                        {product} {ergonomic}
   size_t InitialHeapSize                          = 134217728                                 {product} {ergonomic}
     bool ManagementServer                         = true                                      {product} {command line}
   size_t MarkStackSize                            = 4194304                                   {product} {ergonomic}
   size_t MaxHeapSize                              = 2145386496                                {product} {ergonomic}
   size_t MaxNewSize                               = 1286602752                                {product} {ergonomic}
   size_t MinHeapDeltaBytes                        = 1048576                                   {product} {ergonomic}
   size_t MinHeapSize                              = 8388608                                   {product} {ergonomic}
    uintx NonNMethodCodeHeapSize                   = 6973028                                {pd product} {ergonomic}
    uintx NonProfiledCodeHeapSize                  = 244685212                              {pd product} {ergonomic}
    uintx ProfiledCodeHeapSize                     = 0                                      {pd product} {ergonomic}
    uintx ReservedCodeCacheSize                    = 251658240                              {pd product} {ergonomic}
     bool SegmentedCodeCache                       = true                                      {product} {ergonomic}
   size_t SoftMaxHeapSize                          = 2145386496                             {manageable} {ergonomic}
     intx TieredStopAtLevel                        = 1                                         {product} {command line}
     bool UseCompressedClassPointers               = true                                 {lp64_product} {ergonomic}
     bool UseCompressedOops                        = true                                 {lp64_product} {ergonomic}
     bool UseG1GC                                  = true                                      {product} {ergonomic}
     bool UseLargePagesIndividualAllocation        = false                                  {pd product} {ergonomic}

Logging:
Log output configuration:
 #0: stdout all=warning uptime,level,tags
 #1: stderr all=off uptime,level,tags

Environment Variables:
JAVA_HOME=C:\OPENJDK
PATH=C:\Program Files (x86)\NVIDIA Corporation\PhysX\Common;C:\WINDOWS\system32;C:\WINDOWS;C:\WINDOWS\System32\Wbem;C:\WINDOWS\System32\WindowsPowerShell\v1.0\;C:\WINDOWS\System32\OpenSSH\;C:\Program Files (x86)\NoteBook FanControl\;C:\Program Files\Git\cmd;C:\apache-maven-3.8.3\bin;C:\OPENJDK\bin;C:\windows\system32\;C:\tizen-studio\tools\ide\bin;C:\Users\79513\AppData\Local\Microsoft\WindowsApps;C:\Users\79513\AppData\Local\GitHubDesktop\bin
USERNAME=Анатолий
OS=Windows_NT
PROCESSOR_IDENTIFIER=Intel64 Family 6 Model 37 Stepping 2, GenuineIntel



---------------  S Y S T E M  ---------------

OS:
 Windows 10 , 64 bit Build 19041 (10.0.19041.1348)
OS uptime: 1 days 13:48 hours

CPU: total 4 (initial active 4) (2 cores per cpu, 2 threads per core) family 6 model 37 stepping 2 microcode 0x11, cmov, cx8, fxsr, mmx, sse, sse2, sse3, ssse3, sse4.1, sse4.2, popcnt, ht, tsc, tscinvbit, clflush

Memory: 4k page, system-wide physical 8182M (1533M free)
TotalPageFile size 9182M (AvailPageFile size 223M)
current process WorkingSet (physical memory assigned to process): 65M, peak: 65M
current process commit charge ("private bytes"): 211M, peak: 211M

vm_info: OpenJDK 64-Bit Server VM (15.0.1+9-18) for windows-amd64 JRE (15.0.1+9-18), built on Sep 15 2020 14:39:31 by "mach5one" with unknown MS VC++:1925

END.
