#
# There is insufficient memory for the Java Runtime Environment to continue.
# Native memory allocation (mmap) failed to map 27262976 bytes for G1 virtual space
# Possible reasons:
#   The system is out of physical RAM or swap space
#   The process is running with CompressedOops enabled, and the Java Heap may be blocking the growth of the native heap
# Possible solutions:
#   Reduce memory load on the system
#   Increase physical memory or swap space
#   Check if swap backing store is full
#   Decrease Java heap size (-Xmx/-Xms)
#   Decrease number of Java threads
#   Decrease Java thread stack sizes (-Xss)
#   Set larger code cache with -XX:ReservedCodeCacheSize=
#   JVM is running with Unscaled Compressed Oops mode in which the Java heap is
#     placed in the first 4GB address space. The Java Heap base address is the
#     maximum limit for the native heap growth. Please use -XX:HeapBaseMinAddress
#     to set the Java Heap base and to place the Java Heap above 4GB virtual address.
# This output file may be truncated or incomplete.
#
#  Out of Memory Error (./open/src/hotspot/os/windows/os_windows.cpp:3472), pid=18292, tid=804
#
# JRE version: OpenJDK Runtime Environment (15.0.1+9) (build 15.0.1+9-18)
# Java VM: OpenJDK 64-Bit Server VM (15.0.1+9-18, mixed mode, sharing, tiered, compressed oops, g1 gc, windows-amd64)
# No core dump will be written. Minidumps are not enabled by default on client versions of Windows
#

---------------  S U M M A R Y ------------

Command Line: -XX:TieredStopAtLevel=1 -Xverify:none -Dspring.output.ansi.enabled=always -Dcom.sun.management.jmxremote -Dspring.jmx.enabled=true -Dspring.liveBeansView.mbeanDomain -Dspring.application.admin.enabled=true -javaagent:C:\Program Files\JetBrains\IntelliJ IDEA 2020.1\lib\idea_rt.jar=62238:C:\Program Files\JetBrains\IntelliJ IDEA 2020.1\bin -Dfile.encoding=UTF-8 com.example.demo.DemoApplication

Host: Intel(R) Core(TM) i5 CPU       M 430  @ 2.27GHz, 4 cores, 7G,  Windows 10 , 64 bit Build 19041 (10.0.19041.1348)
Time: Sun Dec 19 02:17:47 2021 Новосибирское стандартное время elapsed time: 6.084292 seconds (0d 0h 0m 6s)

---------------  T H R E A D  ---------------

Current thread (0x0000022abf8a9a60):  VMThread "VM Thread" [stack: 0x000000b971500000,0x000000b971600000] [id=804]

Stack: [0x000000b971500000,0x000000b971600000]
[error occurred during error reporting (printing stack bounds), id 0xc0000005, EXCEPTION_ACCESS_VIOLATION (0xc0000005) at pc=0x0000022aa90710bd]

Native frames: (J=compiled Java code, j=interpreted, Vv=VM code, C=native code)
V  [jvm.dll+0x62ae9a]
V  [jvm.dll+0x781389]
V  [jvm.dll+0x782ae3]
V  [jvm.dll+0x7830a5]
V  [jvm.dll+0x78305b]
V  [jvm.dll+0x62a2b9]
V  [jvm.dll+0x62aa88]
C  [ntdll.dll+0xa20cf]
C  [ntdll.dll+0x51454]
C  [ntdll.dll+0xa0bfe]
C  0x0000022aa90710bd

VM_Operation (0x000000b970ffcb10): CollectForMetadataAllocation, mode: safepoint, requested by thread 0x0000022a9f669610


---------------  P R O C E S S  ---------------

Threads class SMR info:
_java_thread_list=0x0000022ac1711a00, length=12, elements={
0x0000022a9f669610, 0x0000022abf8aeaa0, 0x0000022abf8b0590, 0x0000022abf8ccc20,
0x0000022abf8ce5f0, 0x0000022abf8d1b60, 0x0000022abf8d35e0, 0x0000022abf8e1390,
0x0000022abf890b40, 0x0000022ac06420b0, 0x0000022ac062a210, 0x0000022ac07f4df0
}

Java Threads: ( => current thread )
  0x0000022a9f669610 JavaThread "main" [_thread_blocked, id=6752, stack(0x000000b970f00000,0x000000b971000000)]
  0x0000022abf8aeaa0 JavaThread "Reference Handler" daemon [_thread_blocked, id=14672, stack(0x000000b971600000,0x000000b971700000)]
  0x0000022abf8b0590 JavaThread "Finalizer" daemon [_thread_blocked, id=1092, stack(0x000000b971700000,0x000000b971800000)]
  0x0000022abf8ccc20 JavaThread "Signal Dispatcher" daemon [_thread_blocked, id=11204, stack(0x000000b971800000,0x000000b971900000)]
  0x0000022abf8ce5f0 JavaThread "Attach Listener" daemon [_thread_blocked, id=16220, stack(0x000000b971900000,0x000000b971a00000)]
  0x0000022abf8d1b60 JavaThread "Service Thread" daemon [_thread_blocked, id=1164, stack(0x000000b971a00000,0x000000b971b00000)]
  0x0000022abf8d35e0 JavaThread "C1 CompilerThread0" daemon [_thread_blocked, id=3684, stack(0x000000b971b00000,0x000000b971c00000)]
  0x0000022abf8e1390 JavaThread "Sweeper thread" daemon [_thread_blocked, id=13828, stack(0x000000b971c00000,0x000000b971d00000)]
  0x0000022abf890b40 JavaThread "Common-Cleaner" daemon [_thread_blocked, id=11136, stack(0x000000b971d00000,0x000000b971e00000)]
  0x0000022ac06420b0 JavaThread "Monitor Ctrl-Break" daemon [_thread_in_native, id=6176, stack(0x000000b971e00000,0x000000b971f00000)]
  0x0000022ac062a210 JavaThread "Notification Thread" daemon [_thread_blocked, id=16036, stack(0x000000b971f00000,0x000000b972000000)]
  0x0000022ac07f4df0 JavaThread "RMI TCP Accept-0" daemon [_thread_in_native, id=8924, stack(0x000000b972000000,0x000000b972100000)]

Other Threads:
=>0x0000022abf8a9a60 VMThread "VM Thread" [stack: 0x000000b971500000,0x000000b971600000] [id=804]
  0x0000022a9f66a740 WatcherThread [stack: 0x000000b972100000,0x000000b972200000] [id=16836]
  0x0000022a9f50e850 GCTaskThread "GC Thread#0" [stack: 0x000000b971000000,0x000000b971100000] [id=15480]
  0x0000022ac085cb50 GCTaskThread "GC Thread#1" [stack: 0x000000b972200000,0x000000b972300000] [id=16752]
  0x0000022ac085a1e0 GCTaskThread "GC Thread#2" [stack: 0x000000b972300000,0x000000b972400000] [id=16376]
  0x0000022ac085ab70 GCTaskThread "GC Thread#3" [stack: 0x000000b972600000,0x000000b972700000] [id=11356]
  0x0000022a9f6b6a70 ConcurrentGCThread "G1 Main Marker" [stack: 0x000000b971100000,0x000000b971200000] [id=18308]
  0x0000022a9f6b7640 ConcurrentGCThread "G1 Conc#0" [stack: 0x000000b971200000,0x000000b971300000] [id=13140]
  0x0000022a9f72e450 ConcurrentGCThread "G1 Refine#0" [stack: 0x000000b971300000,0x000000b971400000] [id=8188]
  0x0000022ac08aeac0 ConcurrentGCThread "G1 Refine#1" [stack: 0x000000b972400000,0x000000b972500000] [id=6392]
  0x0000022abf721990 ConcurrentGCThread "G1 Young RemSet Sampling" [stack: 0x000000b971400000,0x000000b971500000] [id=16600]

Threads with active compile tasks:

VM state: at safepoint (normal execution)

VM Mutex/Monitor currently owned by a thread:  ([mutex/lock_event])
[0x0000022a9f65b2a0] Threads_lock - owner thread: 0x0000022abf8a9a60
[0x0000022a9f65b8d0] Heap_lock - owner thread: 0x0000022a9f669610

Heap address: 0x0000000080200000, size: 2046 MB, Compressed Oops mode: 32-bit
CDS archive(s) mapped at: [0x0000000800000000-0x0000000800b50000-0x0000000800b50000), size 11862016, SharedBaseAddress: 0x0000000800000000, ArchiveRelocationMode: 0.
Compressed class space mapped at: 0x0000000800b50000-0x0000000840b50000, size: 1073741824
Narrow klass base: 0x0000000800000000, Narrow klass shift: 3, Narrow klass range: 0x100000000

GC Precious Log:
 CPUs: 4 total, 4 available
 Memory: 8182M
 Large Page Support: Disabled
 NUMA Support: Disabled
 Compressed Oops: Enabled (32-bit)
 Heap Region Size: 1M
 Heap Min Capacity: 8M
 Heap Initial Capacity: 128M
 Heap Max Capacity: 2046M
 Pre-touch: Disabled
 Parallel Workers: 4
 Concurrent Workers: 1
 Concurrent Refinement Workers: 4
 Periodic GC: Disabled

Heap:
 garbage-first heap   total 157696K, used 13709K [0x0000000080200000, 0x0000000100000000)
  region size 1024K, 7 young (7168K), 7 survivors (7168K)
 Metaspace       used 20782K, capacity 21142K, committed 21296K, reserved 1067008K
  class space    used 2764K, capacity 2878K, committed 2944K, reserved 1048576K

Heap Regions: E=young(eden), S=young(survivor), O=old, HS=humongous(starts), HC=humongous(continues), CS=collection set, F=free, OA=open archive, CA=closed archive, TAMS=top-at-mark-start (previous, next)
|   0|0x0000000080200000, 0x0000000080300000, 0x0000000080300000|100%|HS|  |TAMS 0x0000000080200000, 0x0000000080300000| Complete 
|   1|0x0000000080300000, 0x0000000080400000, 0x0000000080400000|100%| O|  |TAMS 0x0000000080300000, 0x0000000080400000| Untracked 
|   2|0x0000000080400000, 0x0000000080500000, 0x0000000080500000|100%| O|  |TAMS 0x0000000080400000, 0x0000000080500000| Untracked 
|   3|0x0000000080500000, 0x0000000080600000, 0x0000000080600000|100%| O|  |TAMS 0x0000000080500000, 0x0000000080600000| Untracked 
|   4|0x0000000080600000, 0x0000000080700000, 0x0000000080700000|100%| O|  |TAMS 0x0000000080600000, 0x0000000080700000| Untracked 
|   5|0x0000000080700000, 0x0000000080800000, 0x0000000080800000|100%| O|  |TAMS 0x0000000080700000, 0x0000000080800000| Untracked 
|   6|0x0000000080800000, 0x00000000808e3400, 0x0000000080900000| 88%| O|  |TAMS 0x0000000080800000, 0x00000000808e3400| Untracked 
|   7|0x0000000080900000, 0x0000000080900000, 0x0000000080a00000|  0%| F|  |TAMS 0x0000000080900000, 0x0000000080900000| Untracked 
|   8|0x0000000080a00000, 0x0000000080a00000, 0x0000000080b00000|  0%| F|  |TAMS 0x0000000080a00000, 0x0000000080a00000| Untracked 
|   9|0x0000000080b00000, 0x0000000080b00000, 0x0000000080c00000|  0%| F|  |TAMS 0x0000000080b00000, 0x0000000080b00000| Untracked 
|  10|0x0000000080c00000, 0x0000000080c00000, 0x0000000080d00000|  0%| F|  |TAMS 0x0000000080c00000, 0x0000000080c00000| Untracked 
|  11|0x0000000080d00000, 0x0000000080d00000, 0x0000000080e00000|  0%| F|  |TAMS 0x0000000080d00000, 0x0000000080d00000| Untracked 
|  12|0x0000000080e00000, 0x0000000080e00000, 0x0000000080f00000|  0%| F|  |TAMS 0x0000000080e00000, 0x0000000080e00000| Untracked 
|  13|0x0000000080f00000, 0x0000000080f00000, 0x0000000081000000|  0%| F|  |TAMS 0x0000000080f00000, 0x0000000080f00000| Untracked 
|  14|0x0000000081000000, 0x0000000081000000, 0x0000000081100000|  0%| F|  |TAMS 0x0000000081000000, 0x0000000081000000| Untracked 
|  15|0x0000000081100000, 0x0000000081100000, 0x0000000081200000|  0%| F|  |TAMS 0x0000000081100000, 0x0000000081100000| Untracked 
|  16|0x0000000081200000, 0x0000000081200000, 0x0000000081300000|  0%| F|  |TAMS 0x0000000081200000, 0x0000000081200000| Untracked 
|  17|0x0000000081300000, 0x0000000081300000, 0x0000000081400000|  0%| F|  |TAMS 0x0000000081300000, 0x0000000081300000| Untracked 
|  18|0x0000000081400000, 0x0000000081400000, 0x0000000081500000|  0%| F|  |TAMS 0x0000000081400000, 0x0000000081400000| Untracked 
|  19|0x0000000081500000, 0x0000000081500000, 0x0000000081600000|  0%| F|  |TAMS 0x0000000081500000, 0x0000000081500000| Untracked 
|  20|0x0000000081600000, 0x0000000081600000, 0x0000000081700000|  0%| F|  |TAMS 0x0000000081600000, 0x0000000081600000| Untracked 
|  21|0x0000000081700000, 0x0000000081700000, 0x0000000081800000|  0%| F|  |TAMS 0x0000000081700000, 0x0000000081700000| Untracked 
|  22|0x0000000081800000, 0x0000000081800000, 0x0000000081900000|  0%| F|  |TAMS 0x0000000081800000, 0x0000000081800000| Untracked 
|  23|0x0000000081900000, 0x0000000081900000, 0x0000000081a00000|  0%| F|  |TAMS 0x0000000081900000, 0x0000000081900000| Untracked 
|  24|0x0000000081a00000, 0x0000000081a00000, 0x0000000081b00000|  0%| F|  |TAMS 0x0000000081a00000, 0x0000000081a00000| Untracked 
|  25|0x0000000081b00000, 0x0000000081b00000, 0x0000000081c00000|  0%| F|  |TAMS 0x0000000081b00000, 0x0000000081b00000| Untracked 
|  26|0x0000000081c00000, 0x0000000081c00000, 0x0000000081d00000|  0%| F|  |TAMS 0x0000000081c00000, 0x0000000081c00000| Untracked 
|  27|0x0000000081d00000, 0x0000000081d00000, 0x0000000081e00000|  0%| F|  |TAMS 0x0000000081d00000, 0x0000000081d00000| Untracked 
|  28|0x0000000081e00000, 0x0000000081e00000, 0x0000000081f00000|  0%| F|  |TAMS 0x0000000081e00000, 0x0000000081e00000| Untracked 
|  29|0x0000000081f00000, 0x0000000081f00000, 0x0000000082000000|  0%| F|  |TAMS 0x0000000081f00000, 0x0000000081f00000| Untracked 
|  30|0x0000000082000000, 0x0000000082000000, 0x0000000082100000|  0%| F|  |TAMS 0x0000000082000000, 0x0000000082000000| Untracked 
|  31|0x0000000082100000, 0x0000000082100000, 0x0000000082200000|  0%| F|  |TAMS 0x0000000082100000, 0x0000000082100000| Untracked 
|  32|0x0000000082200000, 0x0000000082200000, 0x0000000082300000|  0%| F|  |TAMS 0x0000000082200000, 0x0000000082200000| Untracked 
|  33|0x0000000082300000, 0x0000000082300000, 0x0000000082400000|  0%| F|  |TAMS 0x0000000082300000, 0x0000000082300000| Untracked 
|  34|0x0000000082400000, 0x0000000082400000, 0x0000000082500000|  0%| F|  |TAMS 0x0000000082400000, 0x0000000082400000| Untracked 
|  35|0x0000000082500000, 0x0000000082500000, 0x0000000082600000|  0%| F|  |TAMS 0x0000000082500000, 0x0000000082500000| Untracked 
|  36|0x0000000082600000, 0x0000000082600000, 0x0000000082700000|  0%| F|  |TAMS 0x0000000082600000, 0x0000000082600000| Untracked 
|  37|0x0000000082700000, 0x0000000082700000, 0x0000000082800000|  0%| F|  |TAMS 0x0000000082700000, 0x0000000082700000| Untracked 
|  38|0x0000000082800000, 0x0000000082800000, 0x0000000082900000|  0%| F|  |TAMS 0x0000000082800000, 0x0000000082800000| Untracked 
|  39|0x0000000082900000, 0x0000000082900000, 0x0000000082a00000|  0%| F|  |TAMS 0x0000000082900000, 0x0000000082900000| Untracked 
|  40|0x0000000082a00000, 0x0000000082a00000, 0x0000000082b00000|  0%| F|  |TAMS 0x0000000082a00000, 0x0000000082a00000| Untracked 
|  41|0x0000000082b00000, 0x0000000082b00000, 0x0000000082c00000|  0%| F|  |TAMS 0x0000000082b00000, 0x0000000082b00000| Untracked 
|  42|0x0000000082c00000, 0x0000000082c00000, 0x0000000082d00000|  0%| F|  |TAMS 0x0000000082c00000, 0x0000000082c00000| Untracked 
|  43|0x0000000082d00000, 0x0000000082d00000, 0x0000000082e00000|  0%| F|  |TAMS 0x0000000082d00000, 0x0000000082d00000| Untracked 
|  44|0x0000000082e00000, 0x0000000082e00000, 0x0000000082f00000|  0%| F|  |TAMS 0x0000000082e00000, 0x0000000082e00000| Untracked 
|  45|0x0000000082f00000, 0x0000000082f00000, 0x0000000083000000|  0%| F|  |TAMS 0x0000000082f00000, 0x0000000082f00000| Untracked 
|  46|0x0000000083000000, 0x0000000083000000, 0x0000000083100000|  0%| F|  |TAMS 0x0000000083000000, 0x0000000083000000| Untracked 
|  47|0x0000000083100000, 0x0000000083100000, 0x0000000083200000|  0%| F|  |TAMS 0x0000000083100000, 0x0000000083100000| Untracked 
|  48|0x0000000083200000, 0x0000000083200000, 0x0000000083300000|  0%| F|  |TAMS 0x0000000083200000, 0x0000000083200000| Untracked 
|  49|0x0000000083300000, 0x0000000083300000, 0x0000000083400000|  0%| F|  |TAMS 0x0000000083300000, 0x0000000083300000| Untracked 
|  50|0x0000000083400000, 0x0000000083400000, 0x0000000083500000|  0%| F|  |TAMS 0x0000000083400000, 0x0000000083400000| Untracked 
|  51|0x0000000083500000, 0x0000000083500000, 0x0000000083600000|  0%| F|  |TAMS 0x0000000083500000, 0x0000000083500000| Untracked 
|  52|0x0000000083600000, 0x0000000083600000, 0x0000000083700000|  0%| F|  |TAMS 0x0000000083600000, 0x0000000083600000| Untracked 
|  53|0x0000000083700000, 0x0000000083700000, 0x0000000083800000|  0%| F|  |TAMS 0x0000000083700000, 0x0000000083700000| Untracked 
|  54|0x0000000083800000, 0x0000000083800000, 0x0000000083900000|  0%| F|  |TAMS 0x0000000083800000, 0x0000000083800000| Untracked 
|  55|0x0000000083900000, 0x0000000083900000, 0x0000000083a00000|  0%| F|  |TAMS 0x0000000083900000, 0x0000000083900000| Untracked 
|  56|0x0000000083a00000, 0x0000000083a00000, 0x0000000083b00000|  0%| F|  |TAMS 0x0000000083a00000, 0x0000000083a00000| Untracked 
|  57|0x0000000083b00000, 0x0000000083b00000, 0x0000000083c00000|  0%| F|  |TAMS 0x0000000083b00000, 0x0000000083b00000| Untracked 
|  58|0x0000000083c00000, 0x0000000083c00000, 0x0000000083d00000|  0%| F|  |TAMS 0x0000000083c00000, 0x0000000083c00000| Untracked 
|  59|0x0000000083d00000, 0x0000000083d00000, 0x0000000083e00000|  0%| F|  |TAMS 0x0000000083d00000, 0x0000000083d00000| Untracked 
|  60|0x0000000083e00000, 0x0000000083e00000, 0x0000000083f00000|  0%| F|  |TAMS 0x0000000083e00000, 0x0000000083e00000| Untracked 
|  61|0x0000000083f00000, 0x0000000083f00000, 0x0000000084000000|  0%| F|  |TAMS 0x0000000083f00000, 0x0000000083f00000| Untracked 
|  62|0x0000000084000000, 0x0000000084000000, 0x0000000084100000|  0%| F|  |TAMS 0x0000000084000000, 0x0000000084000000| Untracked 
|  63|0x0000000084100000, 0x0000000084100000, 0x0000000084200000|  0%| F|  |TAMS 0x0000000084100000, 0x0000000084100000| Untracked 
|  64|0x0000000084200000, 0x0000000084200000, 0x0000000084300000|  0%| F|  |TAMS 0x0000000084200000, 0x0000000084200000| Untracked 
|  65|0x0000000084300000, 0x0000000084300000, 0x0000000084400000|  0%| F|  |TAMS 0x0000000084300000, 0x0000000084300000| Untracked 
|  66|0x0000000084400000, 0x0000000084400000, 0x0000000084500000|  0%| F|  |TAMS 0x0000000084400000, 0x0000000084400000| Untracked 
|  67|0x0000000084500000, 0x0000000084500000, 0x0000000084600000|  0%| F|  |TAMS 0x0000000084500000, 0x0000000084500000| Untracked 
|  68|0x0000000084600000, 0x0000000084600000, 0x0000000084700000|  0%| F|  |TAMS 0x0000000084600000, 0x0000000084600000| Untracked 
|  69|0x0000000084700000, 0x0000000084700000, 0x0000000084800000|  0%| F|  |TAMS 0x0000000084700000, 0x0000000084700000| Untracked 
|  70|0x0000000084800000, 0x0000000084800000, 0x0000000084900000|  0%| F|  |TAMS 0x0000000084800000, 0x0000000084800000| Untracked 
|  71|0x0000000084900000, 0x0000000084900000, 0x0000000084a00000|  0%| F|  |TAMS 0x0000000084900000, 0x0000000084900000| Untracked 
|  72|0x0000000084a00000, 0x0000000084a00000, 0x0000000084b00000|  0%| F|  |TAMS 0x0000000084a00000, 0x0000000084a00000| Untracked 
|  73|0x0000000084b00000, 0x0000000084b00000, 0x0000000084c00000|  0%| F|  |TAMS 0x0000000084b00000, 0x0000000084b00000| Untracked 
|  74|0x0000000084c00000, 0x0000000084c00000, 0x0000000084d00000|  0%| F|  |TAMS 0x0000000084c00000, 0x0000000084c00000| Untracked 
|  75|0x0000000084d00000, 0x0000000084d00000, 0x0000000084e00000|  0%| F|  |TAMS 0x0000000084d00000, 0x0000000084d00000| Untracked 
|  76|0x0000000084e00000, 0x0000000084e00000, 0x0000000084f00000|  0%| F|  |TAMS 0x0000000084e00000, 0x0000000084e00000| Untracked 
|  77|0x0000000084f00000, 0x0000000084f00000, 0x0000000085000000|  0%| F|  |TAMS 0x0000000084f00000, 0x0000000084f00000| Untracked 
|  78|0x0000000085000000, 0x0000000085000000, 0x0000000085100000|  0%| F|  |TAMS 0x0000000085000000, 0x0000000085000000| Untracked 
|  79|0x0000000085100000, 0x0000000085100000, 0x0000000085200000|  0%| F|  |TAMS 0x0000000085100000, 0x0000000085100000| Untracked 
|  80|0x0000000085200000, 0x0000000085200000, 0x0000000085300000|  0%| F|  |TAMS 0x0000000085200000, 0x0000000085200000| Untracked 
|  81|0x0000000085300000, 0x0000000085300000, 0x0000000085400000|  0%| F|  |TAMS 0x0000000085300000, 0x0000000085300000| Untracked 
|  82|0x0000000085400000, 0x0000000085400000, 0x0000000085500000|  0%| F|  |TAMS 0x0000000085400000, 0x0000000085400000| Untracked 
|  83|0x0000000085500000, 0x0000000085500000, 0x0000000085600000|  0%| F|  |TAMS 0x0000000085500000, 0x0000000085500000| Untracked 
|  84|0x0000000085600000, 0x0000000085600000, 0x0000000085700000|  0%| F|  |TAMS 0x0000000085600000, 0x0000000085600000| Untracked 
|  85|0x0000000085700000, 0x0000000085700000, 0x0000000085800000|  0%| F|  |TAMS 0x0000000085700000, 0x0000000085700000| Untracked 
|  86|0x0000000085800000, 0x0000000085800000, 0x0000000085900000|  0%| F|  |TAMS 0x0000000085800000, 0x0000000085800000| Untracked 
|  87|0x0000000085900000, 0x0000000085980020, 0x0000000085a00000| 50%| S|CS|TAMS 0x0000000085900000, 0x0000000085900000| Complete 
|  88|0x0000000085a00000, 0x0000000085b00000, 0x0000000085b00000|100%| S|CS|TAMS 0x0000000085a00000, 0x0000000085a00000| Complete 
|  89|0x0000000085b00000, 0x0000000085c00000, 0x0000000085c00000|100%| S|CS|TAMS 0x0000000085b00000, 0x0000000085b00000| Complete 
|  90|0x0000000085c00000, 0x0000000085d00000, 0x0000000085d00000|100%| S|CS|TAMS 0x0000000085c00000, 0x0000000085c00000| Complete 
|  91|0x0000000085d00000, 0x0000000085e00000, 0x0000000085e00000|100%| S|CS|TAMS 0x0000000085d00000, 0x0000000085d00000| Complete 
|  92|0x0000000085e00000, 0x0000000085f00000, 0x0000000085f00000|100%| S|CS|TAMS 0x0000000085e00000, 0x0000000085e00000| Complete 
|  93|0x0000000085f00000, 0x0000000086000000, 0x0000000086000000|100%| S|CS|TAMS 0x0000000085f00000, 0x0000000085f00000| Complete 
|  94|0x0000000086000000, 0x0000000086000000, 0x0000000086100000|  0%| F|  |TAMS 0x0000000086000000, 0x0000000086000000| Untracked 
|  95|0x0000000086100000, 0x0000000086100000, 0x0000000086200000|  0%| F|  |TAMS 0x0000000086100000, 0x0000000086100000| Untracked 
|  96|0x0000000086200000, 0x0000000086200000, 0x0000000086300000|  0%| F|  |TAMS 0x0000000086200000, 0x0000000086200000| Untracked 
|  97|0x0000000086300000, 0x0000000086300000, 0x0000000086400000|  0%| F|  |TAMS 0x0000000086300000, 0x0000000086300000| Untracked 
|  98|0x0000000086400000, 0x0000000086400000, 0x0000000086500000|  0%| F|  |TAMS 0x0000000086400000, 0x0000000086400000| Untracked 
|  99|0x0000000086500000, 0x0000000086500000, 0x0000000086600000|  0%| F|  |TAMS 0x0000000086500000, 0x0000000086500000| Untracked 
| 100|0x0000000086600000, 0x0000000086600000, 0x0000000086700000|  0%| F|  |TAMS 0x0000000086600000, 0x0000000086600000| Untracked 
| 101|0x0000000086700000, 0x0000000086700000, 0x0000000086800000|  0%| F|  |TAMS 0x0000000086700000, 0x0000000086700000| Untracked 
| 102|0x0000000086800000, 0x0000000086800000, 0x0000000086900000|  0%| F|  |TAMS 0x0000000086800000, 0x0000000086800000| Untracked 
| 103|0x0000000086900000, 0x0000000086900000, 0x0000000086a00000|  0%| F|  |TAMS 0x0000000086900000, 0x0000000086900000| Untracked 
| 104|0x0000000086a00000, 0x0000000086a00000, 0x0000000086b00000|  0%| F|  |TAMS 0x0000000086a00000, 0x0000000086a00000| Untracked 
| 105|0x0000000086b00000, 0x0000000086b00000, 0x0000000086c00000|  0%| F|  |TAMS 0x0000000086b00000, 0x0000000086b00000| Untracked 
| 106|0x0000000086c00000, 0x0000000086c00000, 0x0000000086d00000|  0%| F|  |TAMS 0x0000000086c00000, 0x0000000086c00000| Untracked 
| 107|0x0000000086d00000, 0x0000000086d00000, 0x0000000086e00000|  0%| F|  |TAMS 0x0000000086d00000, 0x0000000086d00000| Untracked 
| 108|0x0000000086e00000, 0x0000000086e00000, 0x0000000086f00000|  0%| F|  |TAMS 0x0000000086e00000, 0x0000000086e00000| Untracked 
| 109|0x0000000086f00000, 0x0000000086f00000, 0x0000000087000000|  0%| F|  |TAMS 0x0000000086f00000, 0x0000000086f00000| Untracked 
| 110|0x0000000087000000, 0x0000000087000000, 0x0000000087100000|  0%| F|  |TAMS 0x0000000087000000, 0x0000000087000000| Untracked 
| 111|0x0000000087100000, 0x0000000087100000, 0x0000000087200000|  0%| F|  |TAMS 0x0000000087100000, 0x0000000087100000| Untracked 
| 112|0x0000000087200000, 0x0000000087200000, 0x0000000087300000|  0%| F|  |TAMS 0x0000000087200000, 0x0000000087200000| Untracked 
| 113|0x0000000087300000, 0x0000000087300000, 0x0000000087400000|  0%| F|  |TAMS 0x0000000087300000, 0x0000000087300000| Untracked 
| 114|0x0000000087400000, 0x0000000087400000, 0x0000000087500000|  0%| F|  |TAMS 0x0000000087400000, 0x0000000087400000| Untracked 
| 115|0x0000000087500000, 0x0000000087500000, 0x0000000087600000|  0%| F|  |TAMS 0x0000000087500000, 0x0000000087500000| Untracked 
| 116|0x0000000087600000, 0x0000000087600000, 0x0000000087700000|  0%| F|  |TAMS 0x0000000087600000, 0x0000000087600000| Untracked 
| 117|0x0000000087700000, 0x0000000087700000, 0x0000000087800000|  0%| F|  |TAMS 0x0000000087700000, 0x0000000087700000| Untracked 
| 118|0x0000000087800000, 0x0000000087800000, 0x0000000087900000|  0%| F|  |TAMS 0x0000000087800000, 0x0000000087800000| Untracked 
| 119|0x0000000087900000, 0x0000000087900000, 0x0000000087a00000|  0%| F|  |TAMS 0x0000000087900000, 0x0000000087900000| Untracked 
| 120|0x0000000087a00000, 0x0000000087a00000, 0x0000000087b00000|  0%| F|  |TAMS 0x0000000087a00000, 0x0000000087a00000| Untracked 
| 121|0x0000000087b00000, 0x0000000087b00000, 0x0000000087c00000|  0%| F|  |TAMS 0x0000000087b00000, 0x0000000087b00000| Untracked 
| 122|0x0000000087c00000, 0x0000000087c00000, 0x0000000087d00000|  0%| F|  |TAMS 0x0000000087c00000, 0x0000000087c00000| Untracked 
| 123|0x0000000087d00000, 0x0000000087d00000, 0x0000000087e00000|  0%| F|  |TAMS 0x0000000087d00000, 0x0000000087d00000| Untracked 
| 124|0x0000000087e00000, 0x0000000087e00000, 0x0000000087f00000|  0%| F|  |TAMS 0x0000000087e00000, 0x0000000087e00000| Untracked 
| 125|0x0000000087f00000, 0x0000000087f00000, 0x0000000088000000|  0%| F|  |TAMS 0x0000000087f00000, 0x0000000087f00000| Untracked 
| 126|0x0000000088000000, 0x0000000088000000, 0x0000000088100000|  0%| F|  |TAMS 0x0000000088000000, 0x0000000088000000| Untracked 
| 127|0x0000000088100000, 0x0000000088100000, 0x0000000088200000|  0%| F|  |TAMS 0x0000000088100000, 0x0000000088100000| Untracked 

Card table byte_map: [0x0000022ab8a90000,0x0000022ab8e90000] _byte_map_base: 0x0000022ab868f000

Marking Bits (Prev, Next): (CMBitMap*) 0x0000022a9f6a6150, (CMBitMap*) 0x0000022a9f6a6190
 Prev Bits: [0x0000022ab9290000, 0x0000022abb288000)
 Next Bits: [0x0000022abb290000, 0x0000022abd288000)

Polling page: 0x0000022a9f730000

Metaspace:

Usage:
  Non-class:     17.84 MB capacity,    17.60 MB ( 99%) used,   209.84 KB (  1%) free+waste,    36.00 KB ( <1%) overhead. 
      Class:      2.81 MB capacity,     2.70 MB ( 96%) used,    97.66 KB (  3%) free+waste,    15.75 KB ( <1%) overhead. 
       Both:     20.65 MB capacity,    20.30 MB ( 98%) used,   307.49 KB (  1%) free+waste,    51.75 KB ( <1%) overhead. 

Virtual space:
  Non-class space:       18.00 MB reserved,      17.92 MB (>99%) committed 
      Class space:        1.00 GB reserved,       2.88 MB ( <1%) committed 
             Both:        1.02 GB reserved,      20.80 MB (  2%) committed 

Chunk freelists:
   Non-Class:  40.00 KB
       Class:  2.00 KB
        Both:  42.00 KB

MaxMetaspaceSize: 17179869184.00 GB
CompressedClassSpaceSize: 1.00 GB

CodeHeap 'non-profiled nmethods': size=238912Kb used=4962Kb max_used=4962Kb free=233949Kb
 bounds [0x0000022aa9720000, 0x0000022aa9c00000, 0x0000022ab8070000]
CodeHeap 'non-nmethods': size=6848Kb used=1206Kb max_used=1206Kb free=5641Kb
 bounds [0x0000022aa9070000, 0x0000022aa92e0000, 0x0000022aa9720000]
 total_blobs=3660 nmethods=3183 adapters=405
 compilation: enabled
              stopped_count=0, restarted_count=0
 full_count=0

Compilation events (20 events):
Event: 6.042 Thread 0x0000022abf8d35e0 3177       1       org.springframework.core.ResolvableType::forMethodParameter (40 bytes)
Event: 6.042 Thread 0x0000022abf8d35e0 nmethod 3177 0x0000022aa9bf4f10 code [0x0000022aa9bf5100, 0x0000022aa9bf5468]
Event: 6.042 Thread 0x0000022abf8d35e0 3171       1       java.beans.FeatureDescriptor::setName (6 bytes)
Event: 6.043 Thread 0x0000022abf8d35e0 nmethod 3171 0x0000022aa9bf5710 code [0x0000022aa9bf58a0, 0x0000022aa9bf5998]
Event: 6.043 Thread 0x0000022abf8d35e0 3176  s    1       java.util.Hashtable::put (104 bytes)
Event: 6.043 Thread 0x0000022abf8d35e0 nmethod 3176 0x0000022aa9bf5a10 code [0x0000022aa9bf5c00, 0x0000022aa9bf6018]
Event: 6.043 Thread 0x0000022abf8d35e0 3172       1       sun.reflect.generics.repository.GenericDeclRepository::getTypeParameters (27 bytes)
Event: 6.046 Thread 0x0000022abf8d35e0 nmethod 3172 0x0000022aa9bf6210 code [0x0000022aa9bf63c0, 0x0000022aa9bf6598]
Event: 6.046 Thread 0x0000022abf8d35e0 3179       1       java.lang.reflect.Method::getTypeParameters (20 bytes)
Event: 6.049 Thread 0x0000022abf8d35e0 nmethod 3179 0x0000022aa9bf6690 code [0x0000022aa9bf6880, 0x0000022aa9bf6e28]
Event: 6.049 Thread 0x0000022abf8d35e0 3180       1       java.util.Collections::unmodifiableList (27 bytes)
Event: 6.049 Thread 0x0000022abf8d35e0 nmethod 3180 0x0000022aa9bf7010 code [0x0000022aa9bf71e0, 0x0000022aa9bf76f8]
Event: 6.049 Thread 0x0000022abf8d35e0 3181       1       java.util.Collections$UnmodifiableRandomAccessList::<init> (6 bytes)
Event: 6.050 Thread 0x0000022abf8d35e0 nmethod 3181 0x0000022aa9bf7890 code [0x0000022aa9bf7a40, 0x0000022aa9bf7c88]
Event: 6.050 Thread 0x0000022abf8d35e0 3183       1       com.sun.beans.util.Cache$Kind$Soft::getReferent (5 bytes)
Event: 6.050 Thread 0x0000022abf8d35e0 nmethod 3183 0x0000022aa9bf7d90 code [0x0000022aa9bf7f20, 0x0000022aa9bf8018]
Event: 6.050 Thread 0x0000022abf8d35e0 3182       1       java.util.Collections$UnmodifiableList::<init> (11 bytes)
Event: 6.050 Thread 0x0000022abf8d35e0 nmethod 3182 0x0000022aa9bf8090 code [0x0000022aa9bf8240, 0x0000022aa9bf8488]
Event: 6.050 Thread 0x0000022abf8d35e0 3175       1       java.lang.reflect.Modifier::methodModifiers (4 bytes)
Event: 6.051 Thread 0x0000022abf8d35e0 nmethod 3175 0x0000022aa9bf8590 code [0x0000022aa9bf8720, 0x0000022aa9bf87b8]

GC Heap History (9 events):
Event: 1.810 GC heap before
{Heap before GC invocations=0 (full 0):
 garbage-first heap   total 131072K, used 13312K [0x0000000080200000, 0x0000000100000000)
  region size 1024K, 13 young (13312K), 0 survivors (0K)
 Metaspace       used 5411K, capacity 5645K, committed 5888K, reserved 1056768K
  class space    used 628K, capacity 702K, committed 768K, reserved 1048576K
}
Event: 1.822 GC heap after
{Heap after GC invocations=1 (full 0):
 garbage-first heap   total 131072K, used 6959K [0x0000000080200000, 0x0000000100000000)
  region size 1024K, 2 young (2048K), 2 survivors (2048K)
 Metaspace       used 5411K, capacity 5645K, committed 5888K, reserved 1056768K
  class space    used 628K, capacity 702K, committed 768K, reserved 1048576K
}
Event: 2.186 GC heap before
{Heap before GC invocations=1 (full 0):
 garbage-first heap   total 131072K, used 14127K [0x0000000080200000, 0x0000000100000000)
  region size 1024K, 9 young (9216K), 2 survivors (2048K)
 Metaspace       used 6781K, capacity 6989K, committed 7040K, reserved 1056768K
  class space    used 803K, capacity 874K, committed 896K, reserved 1048576K
}
Event: 2.193 GC heap after
{Heap after GC invocations=2 (full 0):
 garbage-first heap   total 131072K, used 7987K [0x0000000080200000, 0x0000000100000000)
  region size 1024K, 1 young (1024K), 1 survivors (1024K)
 Metaspace       used 6781K, capacity 6989K, committed 7040K, reserved 1056768K
  class space    used 803K, capacity 874K, committed 896K, reserved 1048576K
}
Event: 3.254 GC heap before
{Heap before GC invocations=2 (full 0):
 garbage-first heap   total 131072K, used 24371K [0x0000000080200000, 0x0000000100000000)
  region size 1024K, 18 young (18432K), 1 survivors (1024K)
 Metaspace       used 10441K, capacity 10743K, committed 11008K, reserved 1058816K
  class space    used 1366K, capacity 1461K, committed 1536K, reserved 1048576K
}
Event: 3.265 GC heap after
{Heap after GC invocations=3 (full 0):
 garbage-first heap   total 131072K, used 9294K [0x0000000080200000, 0x0000000100000000)
  region size 1024K, 3 young (3072K), 3 survivors (3072K)
 Metaspace       used 10441K, capacity 10743K, committed 11008K, reserved 1058816K
  class space    used 1366K, capacity 1461K, committed 1536K, reserved 1048576K
}
Event: 4.936 GC heap before
{Heap before GC invocations=3 (full 0):
 garbage-first heap   total 131072K, used 83022K [0x0000000080200000, 0x0000000100000000)
  region size 1024K, 76 young (77824K), 3 survivors (3072K)
 Metaspace       used 16493K, capacity 16803K, committed 16896K, reserved 1064960K
  class space    used 2136K, capacity 2237K, committed 2304K, reserved 1048576K
}
Event: 4.950 GC heap after
{Heap after GC invocations=4 (full 0):
 garbage-first heap   total 131072K, used 11934K [0x0000000080200000, 0x0000000100000000)
  region size 1024K, 5 young (5120K), 5 survivors (5120K)
 Metaspace       used 16493K, capacity 16803K, committed 16896K, reserved 1064960K
  class space    used 2136K, capacity 2237K, committed 2304K, reserved 1048576K
}
Event: 6.060 GC heap before
{Heap before GC invocations=4 (full 0):
 garbage-first heap   total 131072K, used 45726K [0x0000000080200000, 0x0000000100000000)
  region size 1024K, 39 young (39936K), 5 survivors (5120K)
 Metaspace       used 20782K, capacity 21142K, committed 21296K, reserved 1067008K
  class space    used 2764K, capacity 2878K, committed 2944K, reserved 1048576K
}

Deoptimization events (2 events):
Event: 5.516 Thread 0x0000022a9f669610 DEOPT PACKING pc=0x0000022aa99fc6d4 sp=0x000000b970ffda10
Event: 5.516 Thread 0x0000022a9f669610 DEOPT UNPACKING pc=0x0000022aa90bdf30 sp=0x000000b970ffcf68 mode 0

Classes unloaded (0 events):
No events

Classes redefined (0 events):
No events

Internal exceptions (20 events):
Event: 5.957 Thread 0x0000022a9f669610 Exception <a 'java/lang/NoClassDefFoundError'{0x0000000086208800}: org/springframework/batch/core/repository/JobRepository> (0x0000000086208800) 
thrown [./open/src/hotspot/share/classfile/systemDictionary.cpp, line 284]
Event: 5.957 Thread 0x0000022a9f669610 Exception <a 'java/lang/NoClassDefFoundError'{0x0000000086209c98}: org/quartz/Scheduler> (0x0000000086209c98) 
thrown [./open/src/hotspot/share/classfile/systemDictionary.cpp, line 284]
Event: 5.958 Thread 0x0000022a9f669610 Exception <a 'java/lang/NoClassDefFoundError'{0x000000008620b480}: org/springframework/session/jdbc/JdbcIndexedSessionRepository> (0x000000008620b480) 
thrown [./open/src/hotspot/share/classfile/systemDictionary.cpp, line 284]
Event: 5.994 Thread 0x0000022a9f669610 Exception <a 'java/lang/NoSuchMethodError'{0x00000000862da838}: 'void java.lang.invoke.DirectMethodHandle$Holder.invokeSpecial(java.lang.Object, java.lang.Object, java.lang.Object, java.lang.Object, java.lang.Object, java.lang.Object)'> (0x00000000862da838) 
thrown [./open/src/hotspot/share/interpreter/linkResolver.cpp, line 782]
Event: 6.030 Thread 0x0000022a9f669610 Exception <a 'java/lang/ClassNotFoundException'{0x000000008600aff8}: java/lang/ObjectCustomizer> (0x000000008600aff8) 
thrown [./open/src/hotspot/share/classfile/systemDictionary.cpp, line 295]
Event: 6.031 Thread 0x0000022a9f669610 Exception <a 'java/lang/ClassNotFoundException'{0x0000000086011d50}: org/springframework/aop/framework/ProxyConfigCustomizer> (0x0000000086011d50) 
thrown [./open/src/hotspot/share/classfile/systemDictionary.cpp, line 295]
Event: 6.032 Thread 0x0000022a9f669610 Exception <a 'java/lang/ClassNotFoundException'{0x000000008601cfe8}: org/springframework/aop/framework/ProxyProcessorSupportCustomizer> (0x000000008601cfe8) 
thrown [./open/src/hotspot/share/classfile/systemDictionary.cpp, line 295]
Event: 6.033 Thread 0x0000022a9f669610 Exception <a 'java/lang/ClassNotFoundException'{0x00000000860251c0}: org/springframework/aop/framework/autoproxy/AbstractAutoProxyCreatorCustomizer> (0x00000000860251c0) 
thrown [./open/src/hotspot/share/classfile/systemDictionary.cpp, line 295]
Event: 6.037 Thread 0x0000022a9f669610 Exception <a 'java/lang/ClassNotFoundException'{0x0000000086039510}: org/springframework/aop/framework/autoproxy/AbstractAdvisorAutoProxyCreatorCustomizer> (0x0000000086039510) 
thrown [./open/src/hotspot/share/classfile/systemDictionary.cpp, line 295]
Event: 6.039 Thread 0x0000022a9f669610 Exception <a 'java/lang/ClassNotFoundException'{0x00000000860412d8}: org/springframework/aop/aspectj/autoproxy/AspectJAwareAdvisorAutoProxyCreatorCustomizer> (0x00000000860412d8) 
thrown [./open/src/hotspot/share/classfile/systemDictionary.cpp, line 295]
Event: 6.040 Thread 0x0000022a9f669610 Exception <a 'java/lang/ClassNotFoundException'{0x00000000860479f8}: org/springframework/aop/aspectj/annotation/AnnotationAwareAspectJAutoProxyCreatorCustomizer> (0x00000000860479f8) 
thrown [./open/src/hotspot/share/classfile/systemDictionary.cpp, line 295]
Event: 6.042 Thread 0x0000022a9f669610 Exception <a 'java/lang/ClassNotFoundException'{0x000000008605f130}: org/springframework/beans/factory/config/SmartInstantiationAwareBeanPostProcessorCustomizer> (0x000000008605f130) 
thrown [./open/src/hotspot/share/classfile/systemDictionary.cpp, line 295]
Event: 6.043 Thread 0x0000022a9f669610 Exception <a 'java/lang/ClassNotFoundException'{0x0000000086067038}: org/springframework/beans/factory/config/InstantiationAwareBeanPostProcessorCustomizer> (0x0000000086067038) 
thrown [./open/src/hotspot/share/classfile/systemDictionary.cpp, line 295]
Event: 6.045 Thread 0x0000022a9f669610 Exception <a 'java/lang/ClassNotFoundException'{0x000000008606e998}: org/springframework/beans/factory/config/BeanPostProcessorCustomizer> (0x000000008606e998) 
thrown [./open/src/hotspot/share/classfile/systemDictionary.cpp, line 295]
Event: 6.045 Thread 0x0000022a9f669610 Exception <a 'java/lang/ClassNotFoundException'{0x0000000086073b68}: org/springframework/beans/factory/BeanFactoryAwareCustomizer> (0x0000000086073b68) 
thrown [./open/src/hotspot/share/classfile/systemDictionary.cpp, line 295]
Event: 6.047 Thread 0x0000022a9f669610 Exception <a 'java/lang/ClassNotFoundException'{0x0000000086078bf8}: org/springframework/beans/factory/AwareCustomizer> (0x0000000086078bf8) 
thrown [./open/src/hotspot/share/classfile/systemDictionary.cpp, line 295]
Event: 6.047 Thread 0x0000022a9f669610 Exception <a 'java/lang/ClassNotFoundException'{0x000000008607c0f8}: org/springframework/core/OrderedCustomizer> (0x000000008607c0f8) 
thrown [./open/src/hotspot/share/classfile/systemDictionary.cpp, line 295]
Event: 6.048 Thread 0x0000022a9f669610 Exception <a 'java/lang/ClassNotFoundException'{0x0000000086080850}: org/springframework/beans/factory/BeanClassLoaderAwareCustomizer> (0x0000000086080850) 
thrown [./open/src/hotspot/share/classfile/systemDictionary.cpp, line 295]
Event: 6.049 Thread 0x0000022a9f669610 Exception <a 'java/lang/ClassNotFoundException'{0x0000000086084d70}: org/springframework/beans/factory/AwareCustomizer> (0x0000000086084d70) 
thrown [./open/src/hotspot/share/classfile/systemDictionary.cpp, line 295]
Event: 6.049 Thread 0x0000022a9f669610 Exception <a 'java/lang/ClassNotFoundException'{0x00000000860886e0}: org/springframework/aop/framework/AopInfrastructureBeanCustomizer> (0x00000000860886e0) 
thrown [./open/src/hotspot/share/classfile/systemDictionary.cpp, line 295]

Events (20 events):
Event: 5.967 loading class java/security/interfaces/RSAKey
Event: 5.967 loading class java/security/interfaces/RSAKey done
Event: 5.967 loading class java/security/interfaces/RSAPublicKey done
Event: 5.968 loading class java/security/interfaces/RSAPrivateKey
Event: 5.969 loading class java/security/PrivateKey
Event: 5.969 loading class javax/security/auth/Destroyable
Event: 5.969 loading class javax/security/auth/Destroyable done
Event: 5.969 loading class java/security/PrivateKey done
Event: 5.969 loading class java/security/interfaces/RSAPrivateKey done
Event: 5.980 loading class javax/xml/ws$WebServiceRef
Event: 5.980 loading class javax/xml/ws$WebServiceRef done
Event: 5.997 loading class jdk/internal/reflect/UnsafeObjectFieldAccessorImpl
Event: 5.997 loading class jdk/internal/reflect/UnsafeObjectFieldAccessorImpl done
Event: 6.030 loading class java/lang/ObjectCustomizer
Event: 6.030 loading class java/lang/ObjectCustomizer done
Event: 6.030 loading class java/lang/ObjectCustomizer
Event: 6.030 loading class java/lang/ObjectCustomizer done
Event: 6.033 loading class sun/reflect/generics/reflectiveObjects/GenericArrayTypeImpl
Event: 6.034 loading class sun/reflect/generics/reflectiveObjects/GenericArrayTypeImpl done
Event: 6.059 Executing VM operation: CollectForMetadataAllocation


Dynamic libraries:
0x00007ff72c860000 - 0x00007ff72c86d000 	C:\OPENJDK\bin\java.exe
0x00007ffba88f0000 - 0x00007ffba8ae5000 	C:\WINDOWS\SYSTEM32\ntdll.dll
0x00007ffb79dd0000 - 0x00007ffb79de6000 	C:\Program Files\AVAST Software\Avast\aswhook.dll
0x00007ffba85e0000 - 0x00007ffba869e000 	C:\WINDOWS\System32\KERNEL32.DLL
0x00007ffba6550000 - 0x00007ffba6818000 	C:\WINDOWS\System32\KERNELBASE.dll
0x00007ffba6000000 - 0x00007ffba6100000 	C:\WINDOWS\System32\ucrtbase.dll
0x00007ffba34d0000 - 0x00007ffba34e8000 	C:\OPENJDK\bin\jli.dll
0x00007ffba6d40000 - 0x00007ffba6ee1000 	C:\WINDOWS\System32\USER32.dll
0x00007ffba6150000 - 0x00007ffba6172000 	C:\WINDOWS\System32\win32u.dll
0x00007ffba86a0000 - 0x00007ffba86cb000 	C:\WINDOWS\System32\GDI32.dll
0x00007ffba6820000 - 0x00007ffba692d000 	C:\WINDOWS\System32\gdi32full.dll
0x00007ffba62c0000 - 0x00007ffba635d000 	C:\WINDOWS\System32\msvcp_win.dll
0x00007ffba17e0000 - 0x00007ffba17f9000 	C:\OPENJDK\bin\VCRUNTIME140.dll
0x00007ffb9cca0000 - 0x00007ffb9cf3a000 	C:\WINDOWS\WinSxS\amd64_microsoft.windows.common-controls_6595b64144ccf1df_6.0.19041.1110_none_60b5254171f9507e\COMCTL32.dll
0x00007ffba6c00000 - 0x00007ffba6c9e000 	C:\WINDOWS\System32\msvcrt.dll
0x00007ffba6a10000 - 0x00007ffba6a40000 	C:\WINDOWS\System32\IMM32.DLL
0x00007ffba17d0000 - 0x00007ffba17dc000 	C:\OPENJDK\bin\vcruntime140_1.dll
0x00007ffba1730000 - 0x00007ffba17c1000 	C:\OPENJDK\bin\msvcp140.dll
0x00007ffb44a40000 - 0x00007ffb4559e000 	C:\OPENJDK\bin\server\jvm.dll
0x00007ffba8800000 - 0x00007ffba88ac000 	C:\WINDOWS\System32\ADVAPI32.dll
0x00007ffba6ca0000 - 0x00007ffba6d3b000 	C:\WINDOWS\System32\sechost.dll
0x00007ffba7800000 - 0x00007ffba792a000 	C:\WINDOWS\System32\RPCRT4.dll
0x00007ffba84e0000 - 0x00007ffba84e8000 	C:\WINDOWS\System32\PSAPI.DLL
0x00007ffb9cff0000 - 0x00007ffb9d017000 	C:\WINDOWS\SYSTEM32\WINMM.dll
0x00007ffb95c30000 - 0x00007ffb95c39000 	C:\WINDOWS\SYSTEM32\WSOCK32.dll
0x00007ffba7930000 - 0x00007ffba799b000 	C:\WINDOWS\System32\WS2_32.dll
0x00007ffb9d6f0000 - 0x00007ffb9d6fa000 	C:\WINDOWS\SYSTEM32\VERSION.dll
0x00007ffba3ba0000 - 0x00007ffba3bb2000 	C:\WINDOWS\SYSTEM32\kernel.appcore.dll
0x00007ffba1720000 - 0x00007ffba172a000 	C:\OPENJDK\bin\jimage.dll
0x00007ffb9cab0000 - 0x00007ffb9cc94000 	C:\WINDOWS\SYSTEM32\DBGHELP.DLL
0x00007ffb9d040000 - 0x00007ffb9d06c000 	C:\WINDOWS\SYSTEM32\dbgcore.DLL
0x00007ffba6180000 - 0x00007ffba6202000 	C:\WINDOWS\System32\bcryptPrimitives.dll
0x00007ffba0db0000 - 0x00007ffba0dbe000 	C:\OPENJDK\bin\instrument.dll
0x00007ffba16f0000 - 0x00007ffba1715000 	C:\OPENJDK\bin\java.dll
0x00007ffba79b0000 - 0x00007ffba80f4000 	C:\WINDOWS\System32\SHELL32.dll
0x00007ffba4d20000 - 0x00007ffba54b4000 	C:\WINDOWS\SYSTEM32\windows.storage.dll
0x00007ffba73f0000 - 0x00007ffba7745000 	C:\WINDOWS\System32\combase.dll
0x00007ffba5a50000 - 0x00007ffba5a7e000 	C:\WINDOWS\SYSTEM32\Wldp.dll
0x00007ffba7750000 - 0x00007ffba77fd000 	C:\WINDOWS\System32\SHCORE.dll
0x00007ffba8480000 - 0x00007ffba84d5000 	C:\WINDOWS\System32\shlwapi.dll
0x00007ffba5f40000 - 0x00007ffba5f5f000 	C:\WINDOWS\SYSTEM32\profapi.dll
0x00007ffb9e790000 - 0x00007ffb9e7a8000 	C:\OPENJDK\bin\zip.dll
0x00007ffba16c0000 - 0x00007ffba16d9000 	C:\OPENJDK\bin\net.dll
0x00007ffb9f070000 - 0x00007ffb9f17c000 	C:\WINDOWS\SYSTEM32\WINHTTP.dll
0x00007ffba4bf0000 - 0x00007ffba4c5a000 	C:\WINDOWS\system32\mswsock.dll
0x00007ffba1050000 - 0x00007ffba1062000 	C:\OPENJDK\bin\nio.dll
0x00007ffb9fa00000 - 0x00007ffb9fa1a000 	C:\Program Files\JetBrains\IntelliJ IDEA 2020.1\bin\breakgen64.dll
0x00007ffba4920000 - 0x00007ffba49eb000 	C:\WINDOWS\SYSTEM32\DNSAPI.dll
0x00007ffba48e0000 - 0x00007ffba491b000 	C:\WINDOWS\SYSTEM32\IPHLPAPI.DLL
0x00007ffba79a0000 - 0x00007ffba79a8000 	C:\WINDOWS\System32\NSI.dll
0x00007ffb965a0000 - 0x00007ffb965aa000 	C:\Windows\System32\rasadhlp.dll
0x00007ffb965e0000 - 0x00007ffb9665f000 	C:\WINDOWS\System32\fwpuclnt.dll
0x00007ffba63c0000 - 0x00007ffba63e7000 	C:\WINDOWS\System32\bcrypt.dll
0x00007ffba1040000 - 0x00007ffba1049000 	C:\OPENJDK\bin\management.dll
0x00007ffb9eaa0000 - 0x00007ffb9eaab000 	C:\OPENJDK\bin\management_ext.dll
0x00007ffba59a0000 - 0x00007ffba59b8000 	C:\WINDOWS\SYSTEM32\CRYPTSP.dll
0x000000006dbe0000 - 0x000000006dbf1000 	C:\Program Files\Common Files\Crypto Pro\AppCompat\cpadvai.dll
0x000000006dc00000 - 0x000000006dc07000 	C:\Program Files\Common Files\Crypto Pro\AppCompat\detoured.dll
0x00007ffba4570000 - 0x00007ffba45a4000 	C:\WINDOWS\system32\rsaenh.dll
0x00007ffba5f00000 - 0x00007ffba5f2e000 	C:\WINDOWS\SYSTEM32\USERENV.dll
0x00007ffba59c0000 - 0x00007ffba59cc000 	C:\WINDOWS\SYSTEM32\CRYPTBASE.dll
0x00007ffb98560000 - 0x00007ffb98577000 	C:\WINDOWS\SYSTEM32\dhcpcsvc6.DLL
0x00007ffb9cf40000 - 0x00007ffb9cf5d000 	C:\WINDOWS\SYSTEM32\dhcpcsvc.DLL
0x00007ffb8f370000 - 0x00007ffb8f387000 	C:\WINDOWS\system32\napinsp.dll
0x00007ffb8f350000 - 0x00007ffb8f36b000 	C:\WINDOWS\system32\pnrpnsp.dll
0x00007ffb8f330000 - 0x00007ffb8f345000 	C:\WINDOWS\system32\wshbth.dll
0x00007ffba1690000 - 0x00007ffba16ad000 	C:\WINDOWS\system32\NLAapi.dll
0x00007ffb8f310000 - 0x00007ffb8f322000 	C:\WINDOWS\System32\winrnr.dll

dbghelp: loaded successfully - version: 4.0.5 - missing functions: none
symbol engine: initialized successfully - sym options: 0x614 - pdb path: .;C:\OPENJDK\bin;C:\WINDOWS\SYSTEM32;C:\Program Files\AVAST Software\Avast;C:\WINDOWS\WinSxS\amd64_microsoft.windows.common-controls_6595b64144ccf1df_6.0.19041.1110_none_60b5254171f9507e;C:\OPENJDK\bin\server;C:\Program Files\JetBrains\IntelliJ IDEA 2020.1\bin;C:\Program Files\Common Files\Crypto Pro\AppCompat

VM Arguments:
jvm_args: -XX:TieredStopAtLevel=1 -Xverify:none -Dspring.output.ansi.enabled=always -Dcom.sun.management.jmxremote -Dspring.jmx.enabled=true -Dspring.liveBeansView.mbeanDomain -Dspring.application.admin.enabled=true -javaagent:C:\Program Files\JetBrains\IntelliJ IDEA 2020.1\lib\idea_rt.jar=62238:C:\Program Files\JetBrains\IntelliJ IDEA 2020.1\bin -Dfile.encoding=UTF-8 
java_command: com.example.demo.DemoApplication
java_class_path (initial): C:\Users\79513\IdeaProjects\3.1.3-new\target\classes;C:\Users\79513\.m2\repository\org\springframework\boot\spring-boot-starter-data-jpa\2.5.8-SNAPSHOT\spring-boot-starter-data-jpa-2.5.8-20211213.085256-27.jar;C:\Users\79513\.m2\repository\org\springframework\boot\spring-boot-starter-aop\2.5.8-SNAPSHOT\spring-boot-starter-aop-2.5.8-20211213.085256-27.jar;C:\Users\79513\.m2\repository\org\aspectj\aspectjweaver\1.9.7\aspectjweaver-1.9.7.jar;C:\Users\79513\.m2\repository\org\springframework\boot\spring-boot-starter-jdbc\2.5.8-SNAPSHOT\spring-boot-starter-jdbc-2.5.8-20211213.085256-27.jar;C:\Users\79513\.m2\repository\com\zaxxer\HikariCP\4.0.3\HikariCP-4.0.3.jar;C:\Users\79513\.m2\repository\org\springframework\spring-jdbc\5.3.14-SNAPSHOT\spring-jdbc-5.3.14-20211213.153122-34.jar;C:\Users\79513\.m2\repository\jakarta\transaction\jakarta.transaction-api\1.3.3\jakarta.transaction-api-1.3.3.jar;C:\Users\79513\.m2\repository\jakarta\persistence\jakarta.persistence-api\2.2.3\jakarta.persistence-api-2.2.3.jar;C:\Users\79513\.m2\repository\org\hibernate\hibernate-core\5.4.32.Final\hibernate-core-5.4.32.Final.jar;C:\Users\79513\.m2\repository\org\javassist\javassist\3.27.0-GA\javassist-3.27.0-GA.jar;C:\Users\79513\.m2\repository\net\bytebuddy\byte-buddy\1.10.22\byte-buddy-1.10.22.jar;C:\Users\79513\.m2\repository\antlr\antlr\2.7.7\antlr-2.7.7.jar;C:\Users\79513\.m2\repository\org\jboss\jandex\2.2.3.Final\jandex-2.2.3.Final.jar;C:\Users\79513\.m2\repository\org\dom4j\dom4j\2.1.3\dom4j-2.1.3.jar;C:\Users\79513\.m2\repository\org\hibernate\common\hibernate-commons-annotations\5.1.2.Final\hibernate-commons-annotations-5.1.2.Final.jar;C:\Users\79513\.m2\repository\org\glassfish\jaxb\jaxb-runtime\2.3.5\jaxb-runtime-2.3.5.jar;C:\Users\79513\.m2\repository\org\glassfish\jaxb\txw2\2.3.5\txw2-2.3.5.jar;C:\Users\79513\.m2\repository\com\sun\istack\istack-commons-runtime\3.0.12\istack-commons-runtime-3.0.12.jar;C:\Users\79513\.m2\repository\com\sun\activation\j
Launcher Type: SUN_STANDARD

[Global flags]
     intx CICompilerCount                          = 3                                         {product} {ergonomic}
     uint ConcGCThreads                            = 1                                         {product} {ergonomic}
     uint G1ConcRefinementThreads                  = 4                                         {product} {ergonomic}
   size_t G1HeapRegionSize                         = 1048576                                   {product} {ergonomic}
    uintx GCDrainStackTargetSize                   = 64                                        {product} {ergonomic}
   size_t InitialHeapSize                          = 134217728                                 {product} {ergonomic}
     bool ManagementServer                         = true                                      {product} {command line}
   size_t MarkStackSize                            = 4194304                                   {product} {ergonomic}
   size_t MaxHeapSize                              = 2145386496                                {product} {ergonomic}
   size_t MaxNewSize                               = 1286602752                                {product} {ergonomic}
   size_t MinHeapDeltaBytes                        = 1048576                                   {product} {ergonomic}
   size_t MinHeapSize                              = 8388608                                   {product} {ergonomic}
    uintx NonNMethodCodeHeapSize                   = 6973028                                {pd product} {ergonomic}
    uintx NonProfiledCodeHeapSize                  = 244685212                              {pd product} {ergonomic}
    uintx ProfiledCodeHeapSize                     = 0                                      {pd product} {ergonomic}
    uintx ReservedCodeCacheSize                    = 251658240                              {pd product} {ergonomic}
     bool SegmentedCodeCache                       = true                                      {product} {ergonomic}
   size_t SoftMaxHeapSize                          = 2145386496                             {manageable} {ergonomic}
     intx TieredStopAtLevel                        = 1                                         {product} {command line}
     bool UseCompressedClassPointers               = true                                 {lp64_product} {ergonomic}
     bool UseCompressedOops                        = true                                 {lp64_product} {ergonomic}
     bool UseG1GC                                  = true                                      {product} {ergonomic}
     bool UseLargePagesIndividualAllocation        = false                                  {pd product} {ergonomic}

Logging:
Log output configuration:
 #0: stdout all=warning uptime,level,tags
 #1: stderr all=off uptime,level,tags

Environment Variables:
JAVA_HOME=C:\OPENJDK
PATH=C:\Program Files (x86)\NVIDIA Corporation\PhysX\Common;C:\WINDOWS\system32;C:\WINDOWS;C:\WINDOWS\System32\Wbem;C:\WINDOWS\System32\WindowsPowerShell\v1.0\;C:\WINDOWS\System32\OpenSSH\;C:\Program Files (x86)\NoteBook FanControl\;C:\Program Files\Git\cmd;C:\apache-maven-3.8.3\bin;C:\OPENJDK\bin;C:\windows\system32\;C:\tizen-studio\tools\ide\bin;C:\Users\79513\AppData\Local\Microsoft\WindowsApps;C:\Users\79513\AppData\Local\GitHubDesktop\bin
USERNAME=Анатолий
OS=Windows_NT
PROCESSOR_IDENTIFIER=Intel64 Family 6 Model 37 Stepping 2, GenuineIntel



---------------  S Y S T E M  ---------------

OS:
 Windows 10 , 64 bit Build 19041 (10.0.19041.1348)
OS uptime: 1 days 0:34 hours

CPU: total 4 (initial active 4) (2 cores per cpu, 2 threads per core) family 6 model 37 stepping 2 microcode 0x11, cmov, cx8, fxsr, mmx, sse, sse2, sse3, ssse3, sse4.1, sse4.2, popcnt, ht, tsc, tscinvbit, clflush

Memory: 4k page, system-wide physical 8182M (1751M free)
TotalPageFile size 9182M (AvailPageFile size 26M)
current process WorkingSet (physical memory assigned to process): 161M, peak: 161M
current process commit charge ("private bytes"): 239M, peak: 265M

vm_info: OpenJDK 64-Bit Server VM (15.0.1+9-18) for windows-amd64 JRE (15.0.1+9-18), built on Sep 15 2020 14:39:31 by "mach5one" with unknown MS VC++:1925

END.
