#
# There is insufficient memory for the Java Runtime Environment to continue.
# Native memory allocation (malloc) failed to allocate 1048576 bytes for AllocateHeap
# Possible reasons:
#   The system is out of physical RAM or swap space
#   The process is running with CompressedOops enabled, and the Java Heap may be blocking the growth of the native heap
# Possible solutions:
#   Reduce memory load on the system
#   Increase physical memory or swap space
#   Check if swap backing store is full
#   Decrease Java heap size (-Xmx/-Xms)
#   Decrease number of Java threads
#   Decrease Java thread stack sizes (-Xss)
#   Set larger code cache with -XX:ReservedCodeCacheSize=
#   JVM is running with Unscaled Compressed Oops mode in which the Java heap is
#     placed in the first 4GB address space. The Java Heap base address is the
#     maximum limit for the native heap growth. Please use -XX:HeapBaseMinAddress
#     to set the Java Heap base and to place the Java Heap above 4GB virtual address.
# This output file may be truncated or incomplete.
#
#  Out of Memory Error (./open/src/hotspot/share/memory/allocation.cpp:44), pid=17944, tid=11772
#
# JRE version: OpenJDK Runtime Environment (15.0.1+9) (build 15.0.1+9-18)
# Java VM: OpenJDK 64-Bit Server VM (15.0.1+9-18, mixed mode, sharing, tiered, compressed oops, g1 gc, windows-amd64)
# No core dump will be written. Minidumps are not enabled by default on client versions of Windows
#

---------------  S U M M A R Y ------------

Command Line: -XX:TieredStopAtLevel=1 -Xverify:none -Dspring.output.ansi.enabled=always -Dcom.sun.management.jmxremote -Dspring.jmx.enabled=true -Dspring.liveBeansView.mbeanDomain -Dspring.application.admin.enabled=true -javaagent:C:\Program Files\JetBrains\IntelliJ IDEA 2020.1\lib\idea_rt.jar=63999:C:\Program Files\JetBrains\IntelliJ IDEA 2020.1\bin -Dfile.encoding=UTF-8 com.example.demo.DemoApplication

Host: Intel(R) Core(TM) i5 CPU       M 430  @ 2.27GHz, 4 cores, 7G,  Windows 10 , 64 bit Build 19041 (10.0.19041.1348)
Time: Wed Dec  8 21:53:57 2021 Новосибирское стандартное время elapsed time: 13.684075 seconds (0d 0h 0m 13s)

---------------  T H R E A D  ---------------

Current thread (0x00000154e3fc5d70):  VMThread "VM Thread" [stack: 0x0000001295800000,0x0000001295900000] [id=11772]

Stack: [0x0000001295800000,0x0000001295900000]
[error occurred during error reporting (printing stack bounds), id 0xc0000005, EXCEPTION_ACCESS_VIOLATION (0xc0000005) at pc=0x00000154cdf010bd]

Native frames: (J=compiled Java code, j=interpreted, Vv=VM code, C=native code)
V  [jvm.dll+0x62ae9a]
V  [jvm.dll+0x781389]
V  [jvm.dll+0x782ae3]
V  [jvm.dll+0x7830a5]
V  [jvm.dll+0x78305b]
V  [jvm.dll+0x62a2b9]
V  [jvm.dll+0x62aa88]
C  [ntdll.dll+0xa20cf]
C  [ntdll.dll+0x51454]
C  [ntdll.dll+0xa0bfe]
C  0x00000154cdf010bd

VM_Operation (0x00000012952f9e10): CollectForMetadataAllocation, mode: safepoint, requested by thread 0x00000154c5ce5490


---------------  P R O C E S S  ---------------

Threads class SMR info:
_java_thread_list=0x00000154e66e9e00, length=18, elements={
0x00000154c5ce5490, 0x00000154e3fcbe90, 0x00000154e3fcda50, 0x00000154e3fea4d0,
0x00000154e3febea0, 0x00000154e3fee870, 0x00000154e3fef2e0, 0x00000154e3fefdb0,
0x00000154e3fae850, 0x00000154e4d32d60, 0x00000154e4d37240, 0x00000154e4f11540,
0x00000154e540a3a0, 0x00000154e5409060, 0x00000154e540c080, 0x00000154e540c550,
0x00000154e540a870, 0x00000154e540ca20
}

Java Threads: ( => current thread )
  0x00000154c5ce5490 JavaThread "main" [_thread_blocked, id=2668, stack(0x0000001295200000,0x0000001295300000)]
  0x00000154e3fcbe90 JavaThread "Reference Handler" daemon [_thread_blocked, id=12040, stack(0x0000001295900000,0x0000001295a00000)]
  0x00000154e3fcda50 JavaThread "Finalizer" daemon [_thread_blocked, id=13820, stack(0x0000001295a00000,0x0000001295b00000)]
  0x00000154e3fea4d0 JavaThread "Signal Dispatcher" daemon [_thread_blocked, id=9828, stack(0x0000001295b00000,0x0000001295c00000)]
  0x00000154e3febea0 JavaThread "Attach Listener" daemon [_thread_blocked, id=5860, stack(0x0000001295c00000,0x0000001295d00000)]
  0x00000154e3fee870 JavaThread "Service Thread" daemon [_thread_blocked, id=5864, stack(0x0000001295d00000,0x0000001295e00000)]
  0x00000154e3fef2e0 JavaThread "C1 CompilerThread0" daemon [_thread_blocked, id=19208, stack(0x0000001295e00000,0x0000001295f00000)]
  0x00000154e3fefdb0 JavaThread "Sweeper thread" daemon [_thread_blocked, id=8584, stack(0x0000001295f00000,0x0000001296000000)]
  0x00000154e3fae850 JavaThread "Common-Cleaner" daemon [_thread_blocked, id=11316, stack(0x0000001296000000,0x0000001296100000)]
  0x00000154e4d32d60 JavaThread "Monitor Ctrl-Break" daemon [_thread_in_native, id=9240, stack(0x0000001296100000,0x0000001296200000)]
  0x00000154e4d37240 JavaThread "Notification Thread" daemon [_thread_blocked, id=14700, stack(0x0000001296200000,0x0000001296300000)]
  0x00000154e4f11540 JavaThread "RMI TCP Accept-0" daemon [_thread_in_native, id=6284, stack(0x0000001296300000,0x0000001296400000)]
  0x00000154e540a3a0 JavaThread "Catalina-utility-1" [_thread_blocked, id=10848, stack(0x0000001296900000,0x0000001296a00000)]
  0x00000154e5409060 JavaThread "Catalina-utility-2" [_thread_blocked, id=14636, stack(0x0000001296b00000,0x0000001296c00000)]
  0x00000154e540c080 JavaThread "container-0" [_thread_blocked, id=16764, stack(0x0000001296c00000,0x0000001296d00000)]
  0x00000154e540c550 JavaThread "mysql-cj-abandoned-connection-cleanup" daemon [_thread_blocked, id=5648, stack(0x0000001296d00000,0x0000001296e00000)]
  0x00000154e540a870 JavaThread "HikariPool-1 housekeeper" daemon [_thread_blocked, id=9896, stack(0x0000001296f00000,0x0000001297000000)]
  0x00000154e540ca20 JavaThread "HikariPool-1 connection adder" daemon [_thread_blocked, id=5056, stack(0x0000001297000000,0x0000001297100000)]

Other Threads:
=>0x00000154e3fc5d70 VMThread "VM Thread" [stack: 0x0000001295800000,0x0000001295900000] [id=11772]
  0x00000154c5ce6640 WatcherThread [stack: 0x0000001296400000,0x0000001296500000] [id=18232]
  0x00000154c5d249d0 GCTaskThread "GC Thread#0" [stack: 0x0000001295300000,0x0000001295400000] [id=3400]
  0x00000154e4f800d0 GCTaskThread "GC Thread#1" [stack: 0x0000001296500000,0x0000001296600000] [id=19176]
  0x00000154e4f80400 GCTaskThread "GC Thread#2" [stack: 0x0000001296600000,0x0000001296700000] [id=1876]
  0x00000154e4f823e0 GCTaskThread "GC Thread#3" [stack: 0x0000001296a00000,0x0000001296b00000] [id=14208]
  0x00000154c5d35c60 ConcurrentGCThread "G1 Main Marker" [stack: 0x0000001295400000,0x0000001295500000] [id=11688]
  0x00000154c5d37860 ConcurrentGCThread "G1 Conc#0" [stack: 0x0000001295500000,0x0000001295600000] [id=12544]
  0x00000154c5dae740 ConcurrentGCThread "G1 Refine#0" [stack: 0x0000001295600000,0x0000001295700000] [id=19388]
  0x00000154e4f4df70 ConcurrentGCThread "G1 Refine#1" [stack: 0x0000001296700000,0x0000001296800000] [id=10528]
  0x00000154e4fc7f90 ConcurrentGCThread "G1 Refine#2" [stack: 0x0000001296800000,0x0000001296900000] [id=11400]
  0x00000154e3e41450 ConcurrentGCThread "G1 Young RemSet Sampling" [stack: 0x0000001295700000,0x0000001295800000] [id=9344]

Threads with active compile tasks:

VM state: at safepoint (normal execution)

VM Mutex/Monitor currently owned by a thread:  ([mutex/lock_event])
[0x00000154c5ce0790] Threads_lock - owner thread: 0x00000154e3fc5d70
[0x00000154c5ce03a0] Heap_lock - owner thread: 0x00000154c5ce5490

Heap address: 0x0000000080200000, size: 2046 MB, Compressed Oops mode: 32-bit
CDS archive(s) mapped at: [0x0000000800000000-0x0000000800b50000-0x0000000800b50000), size 11862016, SharedBaseAddress: 0x0000000800000000, ArchiveRelocationMode: 0.
Compressed class space mapped at: 0x0000000800b50000-0x0000000840b50000, size: 1073741824
Narrow klass base: 0x0000000800000000, Narrow klass shift: 3, Narrow klass range: 0x100000000

GC Precious Log:
 CPUs: 4 total, 4 available
 Memory: 8182M
 Large Page Support: Disabled
 NUMA Support: Disabled
 Compressed Oops: Enabled (32-bit)
 Heap Region Size: 1M
 Heap Min Capacity: 8M
 Heap Initial Capacity: 128M
 Heap Max Capacity: 2046M
 Pre-touch: Disabled
 Parallel Workers: 4
 Concurrent Workers: 1
 Concurrent Refinement Workers: 4
 Periodic GC: Disabled

Heap:
 garbage-first heap   total 71680K, used 24660K [0x0000000080200000, 0x0000000100000000)
  region size 1024K, 3 young (3072K), 3 survivors (3072K)
 Metaspace       used 44453K, capacity 44836K, committed 44956K, reserved 1095680K
  class space    used 5972K, capacity 6118K, committed 6220K, reserved 1048576K

Heap Regions: E=young(eden), S=young(survivor), O=old, HS=humongous(starts), HC=humongous(continues), CS=collection set, F=free, OA=open archive, CA=closed archive, TAMS=top-at-mark-start (previous, next)
|   0|0x0000000080200000, 0x0000000080300000, 0x0000000080300000|100%|HS|  |TAMS 0x0000000080300000, 0x0000000080300000| Complete 
|   1|0x0000000080300000, 0x0000000080400000, 0x0000000080400000|100%| O|  |TAMS 0x0000000080400000, 0x0000000080400000| Untracked 
|   2|0x0000000080400000, 0x0000000080500000, 0x0000000080500000|100%| O|  |TAMS 0x0000000080500000, 0x0000000080500000| Untracked 
|   3|0x0000000080500000, 0x0000000080600000, 0x0000000080600000|100%| O|  |TAMS 0x0000000080600000, 0x0000000080600000| Untracked 
|   4|0x0000000080600000, 0x0000000080700000, 0x0000000080700000|100%| O|  |TAMS 0x0000000080700000, 0x0000000080700000| Untracked 
|   5|0x0000000080700000, 0x0000000080800000, 0x0000000080800000|100%| O|  |TAMS 0x0000000080800000, 0x0000000080800000| Untracked 
|   6|0x0000000080800000, 0x00000000808c2600, 0x0000000080900000| 75%| O|  |TAMS 0x00000000808c2600, 0x00000000808c2600| Untracked 
|   7|0x0000000080900000, 0x0000000080a00000, 0x0000000080a00000|100%| O|  |TAMS 0x0000000080a00000, 0x0000000080a00000| Untracked 
|   8|0x0000000080a00000, 0x0000000080b00000, 0x0000000080b00000|100%| O|  |TAMS 0x0000000080b00000, 0x0000000080b00000| Untracked 
|   9|0x0000000080b00000, 0x0000000080c00000, 0x0000000080c00000|100%| O|  |TAMS 0x0000000080c00000, 0x0000000080c00000| Untracked 
|  10|0x0000000080c00000, 0x0000000080c6da00, 0x0000000080d00000| 42%| O|  |TAMS 0x0000000080c6da00, 0x0000000080c6da00| Untracked 
|  11|0x0000000080d00000, 0x0000000080e00000, 0x0000000080e00000|100%| O|  |TAMS 0x0000000080d00000, 0x0000000080e00000| Untracked 
|  12|0x0000000080e00000, 0x0000000080f00000, 0x0000000080f00000|100%| O|  |TAMS 0x0000000080e00000, 0x0000000080f00000| Untracked 
|  13|0x0000000080f00000, 0x0000000081000000, 0x0000000081000000|100%| O|  |TAMS 0x0000000080f00000, 0x0000000081000000| Untracked 
|  14|0x0000000081000000, 0x0000000081100000, 0x0000000081100000|100%| O|  |TAMS 0x0000000081000000, 0x0000000081100000| Untracked 
|  15|0x0000000081100000, 0x0000000081200000, 0x0000000081200000|100%| O|  |TAMS 0x0000000081100000, 0x0000000081200000| Untracked 
|  16|0x0000000081200000, 0x0000000081300000, 0x0000000081300000|100%| O|  |TAMS 0x0000000081200000, 0x0000000081300000| Untracked 
|  17|0x0000000081300000, 0x0000000081400000, 0x0000000081400000|100%| O|  |TAMS 0x0000000081300000, 0x0000000081400000| Untracked 
|  18|0x0000000081400000, 0x0000000081500000, 0x0000000081500000|100%| O|  |TAMS 0x0000000081400000, 0x0000000081500000| Untracked 
|  19|0x0000000081500000, 0x00000000815c2800, 0x0000000081600000| 75%| O|  |TAMS 0x0000000081500000, 0x00000000815c2800| Untracked 
|  20|0x0000000081600000, 0x0000000081600000, 0x0000000081700000|  0%| F|  |TAMS 0x0000000081600000, 0x0000000081600000| Untracked 
|  21|0x0000000081700000, 0x0000000081700000, 0x0000000081800000|  0%| F|  |TAMS 0x0000000081700000, 0x0000000081700000| Untracked 
|  22|0x0000000081800000, 0x0000000081800000, 0x0000000081900000|  0%| F|  |TAMS 0x0000000081800000, 0x0000000081800000| Untracked 
|  23|0x0000000081900000, 0x0000000081900000, 0x0000000081a00000|  0%| F|  |TAMS 0x0000000081900000, 0x0000000081900000| Untracked 
|  24|0x0000000081a00000, 0x0000000081a00000, 0x0000000081b00000|  0%| F|  |TAMS 0x0000000081a00000, 0x0000000081a00000| Untracked 
|  25|0x0000000081b00000, 0x0000000081b00000, 0x0000000081c00000|  0%| F|  |TAMS 0x0000000081b00000, 0x0000000081b00000| Untracked 
|  26|0x0000000081c00000, 0x0000000081c00000, 0x0000000081d00000|  0%| F|  |TAMS 0x0000000081c00000, 0x0000000081c00000| Untracked 
|  27|0x0000000081d00000, 0x0000000081d00000, 0x0000000081e00000|  0%| F|  |TAMS 0x0000000081d00000, 0x0000000081d00000| Untracked 
|  28|0x0000000081e00000, 0x0000000081e00000, 0x0000000081f00000|  0%| F|  |TAMS 0x0000000081e00000, 0x0000000081e00000| Untracked 
|  29|0x0000000081f00000, 0x0000000081f00000, 0x0000000082000000|  0%| F|  |TAMS 0x0000000081f00000, 0x0000000081f00000| Untracked 
|  30|0x0000000082000000, 0x0000000082000000, 0x0000000082100000|  0%| F|  |TAMS 0x0000000082000000, 0x0000000082000000| Untracked 
|  31|0x0000000082100000, 0x0000000082100000, 0x0000000082200000|  0%| F|  |TAMS 0x0000000082100000, 0x0000000082100000| Untracked 
|  32|0x0000000082200000, 0x0000000082200000, 0x0000000082300000|  0%| F|  |TAMS 0x0000000082200000, 0x0000000082200000| Untracked 
|  33|0x0000000082300000, 0x0000000082300000, 0x0000000082400000|  0%| F|  |TAMS 0x0000000082300000, 0x0000000082300000| Untracked 
|  34|0x0000000082400000, 0x0000000082400000, 0x0000000082500000|  0%| F|  |TAMS 0x0000000082400000, 0x0000000082400000| Untracked 
|  35|0x0000000082500000, 0x0000000082500000, 0x0000000082600000|  0%| F|  |TAMS 0x0000000082500000, 0x0000000082500000| Untracked 
|  36|0x0000000082600000, 0x0000000082600000, 0x0000000082700000|  0%| F|  |TAMS 0x0000000082600000, 0x0000000082600000| Untracked 
|  37|0x0000000082700000, 0x0000000082700000, 0x0000000082800000|  0%| F|  |TAMS 0x0000000082700000, 0x0000000082700000| Untracked 
|  38|0x0000000082800000, 0x0000000082800000, 0x0000000082900000|  0%| F|  |TAMS 0x0000000082800000, 0x0000000082800000| Untracked 
|  39|0x0000000082900000, 0x0000000082900000, 0x0000000082a00000|  0%| F|  |TAMS 0x0000000082900000, 0x0000000082900000| Untracked 
|  40|0x0000000082a00000, 0x0000000082a00000, 0x0000000082b00000|  0%| F|  |TAMS 0x0000000082a00000, 0x0000000082a00000| Untracked 
|  41|0x0000000082b00000, 0x0000000082b00000, 0x0000000082c00000|  0%| F|  |TAMS 0x0000000082b00000, 0x0000000082b00000| Untracked 
|  42|0x0000000082c00000, 0x0000000082c00000, 0x0000000082d00000|  0%| F|  |TAMS 0x0000000082c00000, 0x0000000082c00000| Untracked 
|  43|0x0000000082d00000, 0x0000000082d00000, 0x0000000082e00000|  0%| F|  |TAMS 0x0000000082d00000, 0x0000000082d00000| Untracked 
|  44|0x0000000082e00000, 0x0000000082e00000, 0x0000000082f00000|  0%| F|  |TAMS 0x0000000082e00000, 0x0000000082e00000| Untracked 
|  45|0x0000000082f00000, 0x0000000082f00000, 0x0000000083000000|  0%| F|  |TAMS 0x0000000082f00000, 0x0000000082f00000| Untracked 
|  46|0x0000000083000000, 0x0000000083000000, 0x0000000083100000|  0%| F|  |TAMS 0x0000000083000000, 0x0000000083000000| Untracked 
|  47|0x0000000083100000, 0x0000000083100000, 0x0000000083200000|  0%| F|  |TAMS 0x0000000083100000, 0x0000000083100000| Untracked 
|  48|0x0000000083200000, 0x0000000083200000, 0x0000000083300000|  0%| F|  |TAMS 0x0000000083200000, 0x0000000083200000| Untracked 
|  49|0x0000000083300000, 0x0000000083300000, 0x0000000083400000|  0%| F|  |TAMS 0x0000000083300000, 0x0000000083300000| Untracked 
|  50|0x0000000083400000, 0x0000000083400000, 0x0000000083500000|  0%| F|  |TAMS 0x0000000083400000, 0x0000000083400000| Untracked 
|  51|0x0000000083500000, 0x0000000083500000, 0x0000000083600000|  0%| F|  |TAMS 0x0000000083500000, 0x0000000083500000| Untracked 
|  52|0x0000000083600000, 0x0000000083600000, 0x0000000083700000|  0%| F|  |TAMS 0x0000000083600000, 0x0000000083600000| Untracked 
|  53|0x0000000083700000, 0x0000000083700000, 0x0000000083800000|  0%| F|  |TAMS 0x0000000083700000, 0x0000000083700000| Untracked 
|  54|0x0000000083800000, 0x0000000083800000, 0x0000000083900000|  0%| F|  |TAMS 0x0000000083800000, 0x0000000083800000| Untracked 
|  55|0x0000000083900000, 0x0000000083900000, 0x0000000083a00000|  0%| F|  |TAMS 0x0000000083900000, 0x0000000083900000| Untracked 
|  56|0x0000000083a00000, 0x0000000083a00000, 0x0000000083b00000|  0%| F|  |TAMS 0x0000000083a00000, 0x0000000083a00000| Untracked 
|  57|0x0000000083b00000, 0x0000000083b00000, 0x0000000083c00000|  0%| F|  |TAMS 0x0000000083b00000, 0x0000000083b00000| Untracked 
|  58|0x0000000083c00000, 0x0000000083c00000, 0x0000000083d00000|  0%| F|  |TAMS 0x0000000083c00000, 0x0000000083c00000| Untracked 
|  59|0x0000000083d00000, 0x0000000083d22ba0, 0x0000000083e00000| 13%| S|CS|TAMS 0x0000000083d00000, 0x0000000083d00000| Complete 
|  60|0x0000000083e00000, 0x0000000083f00000, 0x0000000083f00000|100%| S|CS|TAMS 0x0000000083e00000, 0x0000000083e00000| Complete 
|  84|0x0000000085600000, 0x0000000085700000, 0x0000000085700000|100%| S|CS|TAMS 0x0000000085600000, 0x0000000085600000| Complete 
|  85|0x0000000085700000, 0x0000000085700000, 0x0000000085800000|  0%| F|  |TAMS 0x0000000085700000, 0x0000000085700000| Untracked 
|  86|0x0000000085800000, 0x0000000085800000, 0x0000000085900000|  0%| F|  |TAMS 0x0000000085800000, 0x0000000085800000| Untracked 
|  87|0x0000000085900000, 0x0000000085900000, 0x0000000085a00000|  0%| F|  |TAMS 0x0000000085900000, 0x0000000085900000| Untracked 
|  88|0x0000000085a00000, 0x0000000085a00000, 0x0000000085b00000|  0%| F|  |TAMS 0x0000000085a00000, 0x0000000085a00000| Untracked 
| 127|0x0000000088100000, 0x0000000088100000, 0x0000000088200000|  0%| F|  |TAMS 0x0000000088100000, 0x0000000088100000| Untracked 
|2043|0x00000000ffd00000, 0x00000000ffe00000, 0x00000000ffe00000|100%| O|  |TAMS 0x00000000ffe00000, 0x00000000ffe00000| Untracked 
|2044|0x00000000ffe00000, 0x00000000fff00000, 0x00000000fff00000|100%| O|  |TAMS 0x00000000fff00000, 0x00000000fff00000| Untracked 
|2045|0x00000000fff00000, 0x0000000100000000, 0x0000000100000000|100%| O|  |TAMS 0x0000000100000000, 0x0000000100000000| Untracked 

Card table byte_map: [0x00000154dd300000,0x00000154dd700000] _byte_map_base: 0x00000154dceff000

Marking Bits (Prev, Next): (CMBitMap*) 0x00000154c5d25240, (CMBitMap*) 0x00000154c5d25280
 Prev Bits: [0x00000154ddb00000, 0x00000154dfaf8000)
 Next Bits: [0x00000154dfb00000, 0x00000154e1af8000)

Polling page: 0x00000154c3c60000

Metaspace:

Usage:
  Non-class:     37.81 MB capacity,    37.58 MB (>99%) used,   175.93 KB ( <1%) free+waste,    60.38 KB ( <1%) overhead. 
      Class:      5.97 MB capacity,     5.83 MB ( 98%) used,   121.30 KB (  2%) free+waste,    24.44 KB ( <1%) overhead. 
       Both:     43.79 MB capacity,    43.41 MB (>99%) used,   297.23 KB ( <1%) free+waste,    84.81 KB ( <1%) overhead. 

Virtual space:
  Non-class space:       46.00 MB reserved,      37.83 MB ( 82%) committed 
      Class space:        1.00 GB reserved,       6.07 MB ( <1%) committed 
             Both:        1.04 GB reserved,      43.90 MB (  4%) committed 

Chunk freelists:
   Non-Class:  18.00 KB
       Class:  26.00 KB
        Both:  44.00 KB

MaxMetaspaceSize: 17179869184.00 GB
CompressedClassSpaceSize: 1.00 GB

CodeHeap 'non-profiled nmethods': size=238912Kb used=6929Kb max_used=6929Kb free=231983Kb
 bounds [0x00000154ce5b0000, 0x00000154cec80000, 0x00000154dcf00000]
CodeHeap 'non-nmethods': size=6848Kb used=1300Kb max_used=1300Kb free=5548Kb
 bounds [0x00000154cdf00000, 0x00000154ce170000, 0x00000154ce5b0000]
 total_blobs=5072 nmethods=4474 adapters=526
 compilation: enabled
              stopped_count=0, restarted_count=0
 full_count=0

Compilation events (20 events):
Event: 13.593 Thread 0x00000154e3fef2e0 4465       1       com.mysql.cj.protocol.a.NativeProtocol::findMysqlType (1037 bytes)
Event: 13.598 Thread 0x00000154e3fef2e0 nmethod 4465 0x00000154cec6e410 code [0x00000154cec6e800, 0x00000154cec70018]
Event: 13.640 Thread 0x00000154e3fef2e0 4466       1       jdk.internal.misc.Unsafe::getIntUnaligned (83 bytes)
Event: 13.640 Thread 0x00000154e3fef2e0 nmethod 4466 0x00000154cec70c10 code [0x00000154cec70da0, 0x00000154cec70f68]
Event: 13.641 Thread 0x00000154e3fef2e0 4467       1       sun.security.ssl.SSLSocketInputRecord::readHeader (43 bytes)
Event: 13.641 Thread 0x00000154e3fef2e0 nmethod 4467 0x00000154cec71010 code [0x00000154cec711a0, 0x00000154cec712c8]
Event: 13.641 Thread 0x00000154e3fef2e0 4469       1       com.mysql.cj.protocol.a.ColumnDefinitionReader::unpackField (545 bytes)
Event: 13.643 Thread 0x00000154e3fef2e0 nmethod 4469 0x00000154cec71390 code [0x00000154cec71660, 0x00000154cec724b8]
Event: 13.643 Thread 0x00000154e3fef2e0 4472       1       java.util.Calendar::internalGet (7 bytes)
Event: 13.643 Thread 0x00000154e3fef2e0 nmethod 4472 0x00000154cec72c90 code [0x00000154cec72e20, 0x00000154cec72ef8]
Event: 13.643 Thread 0x00000154e3fef2e0 4470       1       com.mysql.cj.protocol.a.NativeServerSession::hasLongColumnInfo (19 bytes)
Event: 13.643 Thread 0x00000154e3fef2e0 nmethod 4470 0x00000154cec72f90 code [0x00000154cec73120, 0x00000154cec73218]
Event: 13.643 Thread 0x00000154e3fef2e0 4471       1       com.mysql.cj.NativeCharsetSettings::getJavaEncodingForCollationIndex (21 bytes)
Event: 13.644 Thread 0x00000154e3fef2e0 nmethod 4471 0x00000154cec73290 code [0x00000154cec73440, 0x00000154cec73668]
Event: 13.644 Thread 0x00000154e3fef2e0 4468       1       sun.security.ssl.Authenticator::increaseSequenceNumber (29 bytes)
Event: 13.644 Thread 0x00000154e3fef2e0 nmethod 4468 0x00000154cec73810 code [0x00000154cec739a0, 0x00000154cec73ab8]
Event: 13.658 Thread 0x00000154e3fef2e0 4473       1       java.util.HashMap::clear (50 bytes)
Event: 13.659 Thread 0x00000154e3fef2e0 nmethod 4473 0x00000154cec73b90 code [0x00000154cec73d20, 0x00000154cec73e58]
Event: 13.667 Thread 0x00000154e3fef2e0 4474       1       org.springframework.beans.factory.support.RootBeanDefinition::<init> (43 bytes)
Event: 13.667 Thread 0x00000154e3fef2e0 nmethod 4474 0x00000154cec73f10 code [0x00000154cec740c0, 0x00000154cec74328]

GC Heap History (20 events):
Event: 2.192 GC heap before
{Heap before GC invocations=1 (full 0):
 garbage-first heap   total 131072K, used 13969K [0x0000000080200000, 0x0000000100000000)
  region size 1024K, 9 young (9216K), 2 survivors (2048K)
 Metaspace       used 6732K, capacity 6973K, committed 7040K, reserved 1056768K
  class space    used 793K, capacity 874K, committed 896K, reserved 1048576K
}
Event: 2.198 GC heap after
{Heap after GC invocations=2 (full 0):
 garbage-first heap   total 131072K, used 7883K [0x0000000080200000, 0x0000000100000000)
  region size 1024K, 1 young (1024K), 1 survivors (1024K)
 Metaspace       used 6732K, capacity 6973K, committed 7040K, reserved 1056768K
  class space    used 793K, capacity 874K, committed 896K, reserved 1048576K
}
Event: 3.182 GC heap before
{Heap before GC invocations=2 (full 0):
 garbage-first heap   total 131072K, used 24267K [0x0000000080200000, 0x0000000100000000)
  region size 1024K, 18 young (18432K), 1 survivors (1024K)
 Metaspace       used 10255K, capacity 10503K, committed 10752K, reserved 1058816K
  class space    used 1341K, capacity 1429K, committed 1536K, reserved 1048576K
}
Event: 3.194 GC heap after
{Heap after GC invocations=3 (full 0):
 garbage-first heap   total 131072K, used 9526K [0x0000000080200000, 0x0000000100000000)
  region size 1024K, 3 young (3072K), 3 survivors (3072K)
 Metaspace       used 10255K, capacity 10503K, committed 10752K, reserved 1058816K
  class space    used 1341K, capacity 1429K, committed 1536K, reserved 1048576K
}
Event: 5.445 GC heap before
{Heap before GC invocations=3 (full 0):
 garbage-first heap   total 131072K, used 81206K [0x0000000080200000, 0x0000000100000000)
  region size 1024K, 74 young (75776K), 3 survivors (3072K)
 Metaspace       used 16409K, capacity 16743K, committed 16896K, reserved 1064960K
  class space    used 2113K, capacity 2203K, committed 2304K, reserved 1048576K
}
Event: 5.461 GC heap after
{Heap after GC invocations=4 (full 0):
 garbage-first heap   total 131072K, used 11706K [0x0000000080200000, 0x0000000100000000)
  region size 1024K, 5 young (5120K), 5 survivors (5120K)
 Metaspace       used 16409K, capacity 16743K, committed 16896K, reserved 1064960K
  class space    used 2113K, capacity 2203K, committed 2304K, reserved 1048576K
}
Event: 7.472 GC heap before
{Heap before GC invocations=4 (full 0):
 garbage-first heap   total 131072K, used 48570K [0x0000000080200000, 0x0000000100000000)
  region size 1024K, 42 young (43008K), 5 survivors (5120K)
 Metaspace       used 20762K, capacity 21132K, committed 21296K, reserved 1067008K
  class space    used 2760K, capacity 2879K, committed 2944K, reserved 1048576K
}
Event: 7.493 GC heap after
{Heap after GC invocations=5 (full 0):
 garbage-first heap   total 131072K, used 14089K [0x0000000080200000, 0x0000000100000000)
  region size 1024K, 7 young (7168K), 7 survivors (7168K)
 Metaspace       used 20762K, capacity 21132K, committed 21296K, reserved 1067008K
  class space    used 2760K, capacity 2879K, committed 2944K, reserved 1048576K
}
Event: 8.196 GC heap before
{Heap before GC invocations=6 (full 0):
 garbage-first heap   total 51200K, used 49929K [0x0000000080200000, 0x0000000100000000)
  region size 1024K, 43 young (44032K), 7 survivors (7168K)
 Metaspace       used 23712K, capacity 24091K, committed 24240K, reserved 1071104K
  class space    used 3144K, capacity 3268K, committed 3328K, reserved 1048576K
}
Event: 8.230 GC heap after
{Heap after GC invocations=7 (full 0):
 garbage-first heap   total 73728K, used 15712K [0x0000000080200000, 0x0000000100000000)
  region size 1024K, 7 young (7168K), 7 survivors (7168K)
 Metaspace       used 23712K, capacity 24091K, committed 24240K, reserved 1071104K
  class space    used 3144K, capacity 3268K, committed 3328K, reserved 1048576K
}
Event: 9.012 GC heap before
{Heap before GC invocations=7 (full 0):
 garbage-first heap   total 73728K, used 51552K [0x0000000080200000, 0x0000000100000000)
  region size 1024K, 43 young (44032K), 7 survivors (7168K)
 Metaspace       used 26383K, capacity 26703K, committed 26928K, reserved 1073152K
  class space    used 3480K, capacity 3628K, committed 3712K, reserved 1048576K
}
Event: 9.031 GC heap after
{Heap after GC invocations=8 (full 0):
 garbage-first heap   total 73728K, used 16576K [0x0000000080200000, 0x0000000100000000)
  region size 1024K, 3 young (3072K), 3 survivors (3072K)
 Metaspace       used 26383K, capacity 26703K, committed 26928K, reserved 1073152K
  class space    used 3480K, capacity 3628K, committed 3712K, reserved 1048576K
}
Event: 10.741 GC heap before
{Heap before GC invocations=8 (full 0):
 garbage-first heap   total 73728K, used 45248K [0x0000000080200000, 0x0000000100000000)
  region size 1024K, 32 young (32768K), 3 survivors (3072K)
 Metaspace       used 35407K, capacity 35827K, committed 35920K, reserved 1081344K
  class space    used 4719K, capacity 4851K, committed 4864K, reserved 1048576K
}
Event: 10.754 GC heap after
{Heap after GC invocations=9 (full 0):
 garbage-first heap   total 73728K, used 19648K [0x0000000080200000, 0x0000000100000000)
  region size 1024K, 6 young (6144K), 6 survivors (6144K)
 Metaspace       used 35407K, capacity 35827K, committed 35920K, reserved 1081344K
  class space    used 4719K, capacity 4851K, committed 4864K, reserved 1048576K
}
Event: 11.718 GC heap before
{Heap before GC invocations=10 (full 0):
 garbage-first heap   total 71680K, used 56512K [0x0000000080200000, 0x0000000100000000)
  region size 1024K, 42 young (43008K), 6 survivors (6144K)
 Metaspace       used 37193K, capacity 37582K, committed 37660K, reserved 1081344K
  class space    used 4918K, capacity 5048K, committed 5068K, reserved 1048576K
}
Event: 11.729 GC heap after
{Heap after GC invocations=11 (full 0):
 garbage-first heap   total 71680K, used 22549K [0x0000000080200000, 0x0000000100000000)
  region size 1024K, 3 young (3072K), 3 survivors (3072K)
 Metaspace       used 37193K, capacity 37582K, committed 37660K, reserved 1081344K
  class space    used 4918K, capacity 5048K, committed 5068K, reserved 1048576K
}
Event: 13.246 GC heap before
{Heap before GC invocations=11 (full 0):
 garbage-first heap   total 71680K, used 53269K [0x0000000080200000, 0x0000000100000000)
  region size 1024K, 34 young (34816K), 3 survivors (3072K)
 Metaspace       used 43408K, capacity 43876K, committed 44060K, reserved 1087488K
  class space    used 5827K, capacity 5990K, committed 6092K, reserved 1048576K
}
Event: 13.254 GC heap after
{Heap after GC invocations=12 (full 0):
 garbage-first heap   total 71680K, used 24631K [0x0000000080200000, 0x0000000100000000)
  region size 1024K, 3 young (3072K), 3 survivors (3072K)
 Metaspace       used 43408K, capacity 43876K, committed 44060K, reserved 1087488K
  class space    used 5827K, capacity 5990K, committed 6092K, reserved 1048576K
}
Event: 13.673 GC heap before
{Heap before GC invocations=12 (full 0):
 garbage-first heap   total 71680K, used 28727K [0x0000000080200000, 0x0000000100000000)
  region size 1024K, 8 young (8192K), 3 survivors (3072K)
 Metaspace       used 44453K, capacity 44836K, committed 44956K, reserved 1093632K
  class space    used 5972K, capacity 6118K, committed 6220K, reserved 1048576K
}
Event: 13.678 GC heap after
{Heap after GC invocations=13 (full 0):
 garbage-first heap   total 71680K, used 24660K [0x0000000080200000, 0x0000000100000000)
  region size 1024K, 3 young (3072K), 3 survivors (3072K)
 Metaspace       used 44453K, capacity 44836K, committed 44956K, reserved 1093632K
  class space    used 5972K, capacity 6118K, committed 6220K, reserved 1048576K
}

Deoptimization events (6 events):
Event: 6.617 Thread 0x00000154c5ce5490 DEOPT PACKING pc=0x00000154ce87e254 sp=0x00000012952fd610
Event: 6.617 Thread 0x00000154c5ce5490 DEOPT UNPACKING pc=0x00000154cdf4df30 sp=0x00000012952fcb68 mode 0
Event: 8.611 Thread 0x00000154e540a3a0 DEOPT PACKING pc=0x00000154ce838091 sp=0x00000012969fec40
Event: 8.611 Thread 0x00000154e5409060 DEOPT PACKING pc=0x00000154ce85aafe sp=0x0000001296bff1b0
Event: 8.611 Thread 0x00000154e540a3a0 DEOPT UNPACKING pc=0x00000154cdf4df30 sp=0x00000012969fe098 mode 3
Event: 8.611 Thread 0x00000154e5409060 DEOPT UNPACKING pc=0x00000154cdf4df30 sp=0x0000001296bfe648 mode 3

Classes unloaded (0 events):
No events

Classes redefined (0 events):
No events

Internal exceptions (20 events):
Event: 7.448 Thread 0x00000154c5ce5490 Exception <a 'java/lang/ClassNotFoundException'{0x0000000085d2fa10}: org/springframework/transaction/annotation/ProxyTransactionManagementConfigurationCustomizer> (0x0000000085d2fa10) 
thrown [./open/src/hotspot/share/classfile/systemDictionary.cpp, line 295]
Event: 7.449 Thread 0x00000154c5ce5490 Exception <a 'java/lang/ClassNotFoundException'{0x0000000085d37798}: org/springframework/context/annotation/ImportAwareCustomizer> (0x0000000085d37798) 
thrown [./open/src/hotspot/share/classfile/systemDictionary.cpp, line 295]
Event: 7.450 Thread 0x00000154c5ce5490 Exception <a 'java/lang/ClassNotFoundException'{0x0000000085d3c588}: org/springframework/beans/factory/AwareCustomizer> (0x0000000085d3c588) 
thrown [./open/src/hotspot/share/classfile/systemDictionary.cpp, line 295]
Event: 7.570 Thread 0x00000154c5ce5490 Exception <a 'java/lang/NoSuchMethodError'{0x0000000082b44e88}: 'java.lang.Object java.lang.invoke.DirectMethodHandle$Holder.invokeSpecialIFC(java.lang.Object, java.lang.Object, java.lang.Object)'> (0x0000000082b44e88) 
thrown [./open/src/hotspot/share/interpreter/linkResolver.cpp, line 782]
Event: 7.635 Thread 0x00000154c5ce5490 Exception <a 'java/lang/NoSuchMethodError'{0x0000000082a7b9d0}: 'int java.lang.invoke.DirectMethodHandle$Holder.invokeSpecial(java.lang.Object, java.lang.Object, java.lang.Object, java.lang.Object, java.lang.Object)'> (0x0000000082a7b9d0) 
thrown [./open/src/hotspot/share/interpreter/linkResolver.cpp, line 782]
Event: 7.740 Thread 0x00000154c5ce5490 Exception <a 'java/lang/NoSuchMethodError'{0x0000000082723d20}: 'void java.lang.invoke.DirectMethodHandle$Holder.invokeInterface(java.lang.Object, java.lang.Object, int)'> (0x0000000082723d20) 
thrown [./open/src/hotspot/share/interpreter/linkResolver.cpp, line 782]
Event: 7.749 Thread 0x00000154c5ce5490 Exception <a 'java/lang/IncompatibleClassChangeError'{0x0000000082779228}: Found class java.lang.Object, but interface was expected> (0x0000000082779228) 
thrown [./open/src/hotspot/share/interpreter/linkResolver.cpp, line 848]
Event: 7.749 Thread 0x00000154c5ce5490 Exception <a 'java/lang/NoSuchMethodError'{0x000000008277e910}: 'void java.lang.invoke.DirectMethodHandle$Holder.invokeStatic(java.lang.Object, int, java.lang.Object)'> (0x000000008277e910) 
thrown [./open/src/hotspot/share/interpreter/linkResolver.cpp, line 782]
Event: 7.756 Thread 0x00000154c5ce5490 Exception <a 'java/lang/NoSuchMethodError'{0x00000000827af6f0}: 'int java.lang.invoke.DirectMethodHandle$Holder.invokeSpecial(java.lang.Object, java.lang.Object, int)'> (0x00000000827af6f0) 
thrown [./open/src/hotspot/share/interpreter/linkResolver.cpp, line 782]
Event: 8.405 Thread 0x00000154c5ce5490 Exception <a 'java/io/FileNotFoundException'{0x0000000082bede38}> (0x0000000082bede38) 
thrown [./open/src/hotspot/share/prims/jni.cpp, line 578]
Event: 8.494 Thread 0x00000154c5ce5490 Exception <a 'java/lang/NoSuchMethodError'{0x00000000829b9360}: 'int java.lang.invoke.DirectMethodHandle$Holder.invokeInterface(java.lang.Object, java.lang.Object, java.lang.Object, java.lang.Object)'> (0x00000000829b9360) 
thrown [./open/src/hotspot/share/interpreter/linkResolver.cpp, line 782]
Event: 8.594 Thread 0x00000154c5ce5490 Exception <a 'java/io/FileNotFoundException'{0x000000008260ce30}> (0x000000008260ce30) 
thrown [./open/src/hotspot/share/prims/jni.cpp, line 578]
Event: 9.894 Thread 0x00000154c5ce5490 Exception <a 'sun/nio/fs/WindowsException'{0x00000000833f8c30}> (0x00000000833f8c30) 
thrown [./open/src/hotspot/share/prims/jni.cpp, line 578]
Event: 9.926 Thread 0x00000154c5ce5490 Exception <a 'java/lang/NoSuchMethodError'{0x000000008321ca00}: 'int java.lang.invoke.DirectMethodHandle$Holder.invokeStaticInit(java.lang.Object, java.lang.Object, java.lang.Object, java.lang.Object)'> (0x000000008321ca00) 
thrown [./open/src/hotspot/share/interpreter/linkResolver.cpp, line 782]
Event: 11.372 Thread 0x00000154c5ce5490 Exception <a 'java/lang/NoSuchMethodError'{0x00000000833521d0}: 'java.lang.Object java.lang.invoke.DirectMethodHandle$Holder.invokeStaticInit(java.lang.Object, java.lang.Object, java.lang.Object, java.lang.Object)'> (0x00000000833521d0) 
thrown [./open/src/hotspot/share/interpreter/linkResolver.cpp, line 782]
Event: 12.035 Thread 0x00000154c5ce5490 Exception <a 'java/lang/NoSuchMethodError'{0x0000000083965e88}: 'java.lang.Object java.lang.invoke.DirectMethodHandle$Holder.newInvokeSpecial(java.lang.Object, java.lang.Object, int, java.lang.Object, java.lang.Object)'> (0x0000000083965e88) 
thrown [./open/src/hotspot/share/interpreter/linkResolver.cpp, line 782]
Event: 13.091 Thread 0x00000154c5ce5490 Exception <a 'java/lang/NoSuchMethodError'{0x00000000829c39b8}: 'void java.lang.invoke.DirectMethodHandle$Holder.invokeInterface(java.lang.Object, java.lang.Object)'> (0x00000000829c39b8) 
thrown [./open/src/hotspot/share/interpreter/linkResolver.cpp, line 782]
Event: 13.094 Thread 0x00000154c5ce5490 Exception <a 'java/lang/NoSuchMethodError'{0x00000000829d2340}: 'int java.lang.invoke.DirectMethodHandle$Holder.invokeStatic(java.lang.Object, java.lang.Object, int)'> (0x00000000829d2340) 
thrown [./open/src/hotspot/share/interpreter/linkResolver.cpp, line 782]
Event: 13.122 Thread 0x00000154c5ce5490 Exception <a 'java/lang/NoSuchMethodError'{0x000000008285d420}: 'java.lang.Object java.lang.invoke.DirectMethodHandle$Holder.invokeStaticInit(java.lang.Object, java.lang.Object, java.lang.Object, java.lang.Object, int, int)'> (0x000000008285d420) 
thrown [./open/src/hotspot/share/interpreter/linkResolver.cpp, line 782]
Event: 13.149 Thread 0x00000154c5ce5490 Exception <a 'java/lang/NoSuchMethodError'{0x00000000828f54c0}: 'void java.lang.invoke.DirectMethodHandle$Holder.invokeStaticInit(java.lang.Object, java.lang.Object, java.lang.Object, java.lang.Object)'> (0x00000000828f54c0) 
thrown [./open/src/hotspot/share/interpreter/linkResolver.cpp, line 782]

Events (20 events):
Event: 12.925 loading class java/nio/file/attribute/UserPrincipal done
Event: 12.925 loading class java/nio/file/FileStore
Event: 12.925 loading class java/nio/file/FileStore done
Event: 12.926 loading class java/nio/file/FileVisitor
Event: 12.926 loading class java/nio/file/FileVisitor done
Event: 13.150 loading class java/io/ObjectInputStream$GetField
Event: 13.151 loading class java/io/ObjectInputStream$GetField done
Event: 13.151 loading class java/io/ObjectInputValidation
Event: 13.151 loading class java/io/ObjectInputValidation done
Event: 13.151 loading class java/io/NotActiveException
Event: 13.151 loading class java/io/NotActiveException done
Event: 13.151 loading class java/io/InvalidObjectException
Event: 13.151 loading class java/io/InvalidObjectException done
Event: 13.245 Executing VM operation: G1CollectForAllocation
Event: 13.254 Executing VM operation: G1CollectForAllocation done
Event: 13.457 Executing VM operation: HandshakeAllThreads
Event: 13.457 Executing VM operation: HandshakeAllThreads done
Event: 13.663 loading class javax/naming/Reference
Event: 13.663 loading class javax/naming/Reference done
Event: 13.673 Executing VM operation: CollectForMetadataAllocation


Dynamic libraries:
0x00007ff722570000 - 0x00007ff72257d000 	C:\OPENJDK\bin\java.exe
0x00007ffdc6250000 - 0x00007ffdc6445000 	C:\WINDOWS\SYSTEM32\ntdll.dll
0x00007ffd91b80000 - 0x00007ffd91b96000 	C:\Program Files\AVAST Software\Avast\aswhook.dll
0x00007ffdc4ce0000 - 0x00007ffdc4d9e000 	C:\WINDOWS\System32\KERNEL32.DLL
0x00007ffdc3f70000 - 0x00007ffdc4238000 	C:\WINDOWS\System32\KERNELBASE.dll
0x00007ffdc3d70000 - 0x00007ffdc3e70000 	C:\WINDOWS\System32\ucrtbase.dll
0x00007ffdc0de0000 - 0x00007ffdc0df8000 	C:\OPENJDK\bin\jli.dll
0x00007ffdc42a0000 - 0x00007ffdc4441000 	C:\WINDOWS\System32\USER32.dll
0x00007ffdc3f10000 - 0x00007ffdc3f32000 	C:\WINDOWS\System32\win32u.dll
0x00007ffdc4be0000 - 0x00007ffdc4c0b000 	C:\WINDOWS\System32\GDI32.dll
0x00007ffdc3a00000 - 0x00007ffdc3b0b000 	C:\WINDOWS\System32\gdi32full.dll
0x00007ffdc3e70000 - 0x00007ffdc3f0d000 	C:\WINDOWS\System32\msvcp_win.dll
0x00007ffdb8610000 - 0x00007ffdb88aa000 	C:\WINDOWS\WinSxS\amd64_microsoft.windows.common-controls_6595b64144ccf1df_6.0.19041.1110_none_60b5254171f9507e\COMCTL32.dll
0x00007ffdc49d0000 - 0x00007ffdc4a6e000 	C:\WINDOWS\System32\msvcrt.dll
0x00007ffdbe700000 - 0x00007ffdbe719000 	C:\OPENJDK\bin\VCRUNTIME140.dll
0x00007ffdc4cb0000 - 0x00007ffdc4ce0000 	C:\WINDOWS\System32\IMM32.DLL
0x00007ffdbf080000 - 0x00007ffdbf08c000 	C:\OPENJDK\bin\vcruntime140_1.dll
0x00007ffdb89d0000 - 0x00007ffdb8a61000 	C:\OPENJDK\bin\msvcp140.dll
0x00007ffd908c0000 - 0x00007ffd9141e000 	C:\OPENJDK\bin\server\jvm.dll
0x00007ffdc4da0000 - 0x00007ffdc4e4c000 	C:\WINDOWS\System32\ADVAPI32.dll
0x00007ffdc4c10000 - 0x00007ffdc4cab000 	C:\WINDOWS\System32\sechost.dll
0x00007ffdc5c60000 - 0x00007ffdc5d8a000 	C:\WINDOWS\System32\RPCRT4.dll
0x00007ffdc5c50000 - 0x00007ffdc5c58000 	C:\WINDOWS\System32\PSAPI.DLL
0x00007ffdb4ab0000 - 0x00007ffdb4ab9000 	C:\WINDOWS\SYSTEM32\WSOCK32.dll
0x00007ffdc4a70000 - 0x00007ffdc4adb000 	C:\WINDOWS\System32\WS2_32.dll
0x00007ffdb88b0000 - 0x00007ffdb88d7000 	C:\WINDOWS\SYSTEM32\WINMM.dll
0x00007ffdb9470000 - 0x00007ffdb947a000 	C:\WINDOWS\SYSTEM32\VERSION.dll
0x00007ffdc1530000 - 0x00007ffdc1542000 	C:\WINDOWS\SYSTEM32\kernel.appcore.dll
0x00007ffdbf050000 - 0x00007ffdbf05a000 	C:\OPENJDK\bin\jimage.dll
0x00007ffdb83f0000 - 0x00007ffdb85d4000 	C:\WINDOWS\SYSTEM32\DBGHELP.DLL
0x00007ffdb8260000 - 0x00007ffdb828c000 	C:\WINDOWS\SYSTEM32\dbgcore.DLL
0x00007ffdc3970000 - 0x00007ffdc39f3000 	C:\WINDOWS\System32\bcryptPrimitives.dll
0x00007ffdbe500000 - 0x00007ffdbe50e000 	C:\OPENJDK\bin\instrument.dll
0x00007ffdb8c20000 - 0x00007ffdb8c45000 	C:\OPENJDK\bin\java.dll
0x00007ffdc4e50000 - 0x00007ffdc558f000 	C:\WINDOWS\System32\SHELL32.dll
0x00007ffdc2720000 - 0x00007ffdc2eb0000 	C:\WINDOWS\SYSTEM32\windows.storage.dll
0x00007ffdc4450000 - 0x00007ffdc47a5000 	C:\WINDOWS\System32\combase.dll
0x00007ffdc33c0000 - 0x00007ffdc33ee000 	C:\WINDOWS\SYSTEM32\Wldp.dll
0x00007ffdc5660000 - 0x00007ffdc570d000 	C:\WINDOWS\System32\SHCORE.dll
0x00007ffdc5710000 - 0x00007ffdc5765000 	C:\WINDOWS\System32\shlwapi.dll
0x00007ffdc38b0000 - 0x00007ffdc38cf000 	C:\WINDOWS\SYSTEM32\profapi.dll
0x00007ffdb8b30000 - 0x00007ffdb8b48000 	C:\OPENJDK\bin\zip.dll
0x00007ffdbb720000 - 0x00007ffdbb739000 	C:\OPENJDK\bin\net.dll
0x00007ffdbd170000 - 0x00007ffdbd27c000 	C:\WINDOWS\SYSTEM32\WINHTTP.dll
0x00007ffdc2650000 - 0x00007ffdc26ba000 	C:\WINDOWS\system32\mswsock.dll
0x00007ffdb8c00000 - 0x00007ffdb8c12000 	C:\OPENJDK\bin\nio.dll
0x00007ffdb2400000 - 0x00007ffdb241a000 	C:\Program Files\JetBrains\IntelliJ IDEA 2020.1\bin\breakgen64.dll
0x00007ffdc2310000 - 0x00007ffdc23db000 	C:\WINDOWS\SYSTEM32\DNSAPI.dll
0x00007ffdc22d0000 - 0x00007ffdc230b000 	C:\WINDOWS\SYSTEM32\IPHLPAPI.DLL
0x00007ffdc4850000 - 0x00007ffdc4858000 	C:\WINDOWS\System32\NSI.dll
0x00007ffdb72a0000 - 0x00007ffdb72aa000 	C:\Windows\System32\rasadhlp.dll
0x00007ffdb62a0000 - 0x00007ffdb631f000 	C:\WINDOWS\System32\fwpuclnt.dll
0x00007ffdc3f40000 - 0x00007ffdc3f67000 	C:\WINDOWS\System32\bcrypt.dll
0x00007ffdbd8f0000 - 0x00007ffdbd8f9000 	C:\OPENJDK\bin\management.dll
0x00007ffdbc250000 - 0x00007ffdbc25b000 	C:\OPENJDK\bin\management_ext.dll
0x00007ffdc3310000 - 0x00007ffdc3328000 	C:\WINDOWS\SYSTEM32\CRYPTSP.dll
0x0000000052ad0000 - 0x0000000052ae1000 	C:\Program Files\Common Files\Crypto Pro\AppCompat\cpadvai.dll
0x0000000052af0000 - 0x0000000052af7000 	C:\Program Files\Common Files\Crypto Pro\AppCompat\detoured.dll
0x00007ffdc1f00000 - 0x00007ffdc1f34000 	C:\WINDOWS\system32\rsaenh.dll
0x00007ffdc3870000 - 0x00007ffdc389e000 	C:\WINDOWS\SYSTEM32\USERENV.dll
0x00007ffdc3330000 - 0x00007ffdc333c000 	C:\WINDOWS\SYSTEM32\CRYPTBASE.dll
0x00007ffdb7e90000 - 0x00007ffdb7ea7000 	C:\WINDOWS\SYSTEM32\dhcpcsvc6.DLL
0x00007ffdb8320000 - 0x00007ffdb833d000 	C:\WINDOWS\SYSTEM32\dhcpcsvc.DLL
0x00007ffdacdc0000 - 0x00007ffdacdd7000 	C:\WINDOWS\system32\napinsp.dll
0x00007ffdacda0000 - 0x00007ffdacdbb000 	C:\WINDOWS\system32\pnrpnsp.dll
0x00007ffdaf8f0000 - 0x00007ffdaf905000 	C:\WINDOWS\system32\wshbth.dll
0x00007ffdbf020000 - 0x00007ffdbf03d000 	C:\WINDOWS\system32\NLAapi.dll
0x00007ffdacd30000 - 0x00007ffdacd42000 	C:\WINDOWS\System32\winrnr.dll
0x00007ffdb8bf0000 - 0x00007ffdb8bfd000 	C:\OPENJDK\bin\sunmscapi.dll
0x00007ffdc3c10000 - 0x00007ffdc3d66000 	C:\WINDOWS\System32\CRYPT32.dll
0x00007ffdc3430000 - 0x00007ffdc3457000 	C:\WINDOWS\SYSTEM32\ncrypt.dll
0x0000000052b00000 - 0x0000000052b1f000 	C:\Program Files\Common Files\Crypto Pro\AppCompat\cpcrypt.dll
0x00007ffdc33f0000 - 0x00007ffdc342b000 	C:\WINDOWS\SYSTEM32\NTASN1.dll

dbghelp: loaded successfully - version: 4.0.5 - missing functions: none
symbol engine: initialized successfully - sym options: 0x614 - pdb path: .;C:\OPENJDK\bin;C:\WINDOWS\SYSTEM32;C:\Program Files\AVAST Software\Avast;C:\WINDOWS\WinSxS\amd64_microsoft.windows.common-controls_6595b64144ccf1df_6.0.19041.1110_none_60b5254171f9507e;C:\OPENJDK\bin\server;C:\Program Files\JetBrains\IntelliJ IDEA 2020.1\bin;C:\Program Files\Common Files\Crypto Pro\AppCompat

VM Arguments:
jvm_args: -XX:TieredStopAtLevel=1 -Xverify:none -Dspring.output.ansi.enabled=always -Dcom.sun.management.jmxremote -Dspring.jmx.enabled=true -Dspring.liveBeansView.mbeanDomain -Dspring.application.admin.enabled=true -javaagent:C:\Program Files\JetBrains\IntelliJ IDEA 2020.1\lib\idea_rt.jar=63999:C:\Program Files\JetBrains\IntelliJ IDEA 2020.1\bin -Dfile.encoding=UTF-8 
java_command: com.example.demo.DemoApplication
java_class_path (initial): C:\Users\79513\Desktop\проекты JM\3.1.1\target\classes;C:\Users\79513\.m2\repository\org\springframework\boot\spring-boot-starter-data-jpa\2.5.8-SNAPSHOT\spring-boot-starter-data-jpa-2.5.8-20211201.145113-18.jar;C:\Users\79513\.m2\repository\org\springframework\boot\spring-boot-starter-aop\2.5.8-SNAPSHOT\spring-boot-starter-aop-2.5.8-20211201.145113-18.jar;C:\Users\79513\.m2\repository\org\aspectj\aspectjweaver\1.9.7\aspectjweaver-1.9.7.jar;C:\Users\79513\.m2\repository\org\springframework\boot\spring-boot-starter-jdbc\2.5.8-SNAPSHOT\spring-boot-starter-jdbc-2.5.8-20211201.145113-18.jar;C:\Users\79513\.m2\repository\com\zaxxer\HikariCP\4.0.3\HikariCP-4.0.3.jar;C:\Users\79513\.m2\repository\org\springframework\spring-jdbc\5.3.13\spring-jdbc-5.3.13.jar;C:\Users\79513\.m2\repository\jakarta\transaction\jakarta.transaction-api\1.3.3\jakarta.transaction-api-1.3.3.jar;C:\Users\79513\.m2\repository\jakarta\persistence\jakarta.persistence-api\2.2.3\jakarta.persistence-api-2.2.3.jar;C:\Users\79513\.m2\repository\org\hibernate\hibernate-core\5.4.32.Final\hibernate-core-5.4.32.Final.jar;C:\Users\79513\.m2\repository\org\javassist\javassist\3.27.0-GA\javassist-3.27.0-GA.jar;C:\Users\79513\.m2\repository\net\bytebuddy\byte-buddy\1.10.22\byte-buddy-1.10.22.jar;C:\Users\79513\.m2\repository\antlr\antlr\2.7.7\antlr-2.7.7.jar;C:\Users\79513\.m2\repository\org\jboss\jandex\2.2.3.Final\jandex-2.2.3.Final.jar;C:\Users\79513\.m2\repository\org\dom4j\dom4j\2.1.3\dom4j-2.1.3.jar;C:\Users\79513\.m2\repository\org\hibernate\common\hibernate-commons-annotations\5.1.2.Final\hibernate-commons-annotations-5.1.2.Final.jar;C:\Users\79513\.m2\repository\org\glassfish\jaxb\jaxb-runtime\2.3.5\jaxb-runtime-2.3.5.jar;C:\Users\79513\.m2\repository\org\glassfish\jaxb\txw2\2.3.5\txw2-2.3.5.jar;C:\Users\79513\.m2\repository\com\sun\istack\istack-commons-runtime\3.0.12\istack-commons-runtime-3.0.12.jar;C:\Users\79513\.m2\repository\com\sun\activation\jakarta.activation\1.2.2\ja
Launcher Type: SUN_STANDARD

[Global flags]
     intx CICompilerCount                          = 3                                         {product} {ergonomic}
     uint ConcGCThreads                            = 1                                         {product} {ergonomic}
     uint G1ConcRefinementThreads                  = 4                                         {product} {ergonomic}
   size_t G1HeapRegionSize                         = 1048576                                   {product} {ergonomic}
    uintx GCDrainStackTargetSize                   = 64                                        {product} {ergonomic}
   size_t InitialHeapSize                          = 134217728                                 {product} {ergonomic}
     bool ManagementServer                         = true                                      {product} {command line}
   size_t MarkStackSize                            = 4194304                                   {product} {ergonomic}
   size_t MaxHeapSize                              = 2145386496                                {product} {ergonomic}
   size_t MaxNewSize                               = 1286602752                                {product} {ergonomic}
   size_t MinHeapDeltaBytes                        = 1048576                                   {product} {ergonomic}
   size_t MinHeapSize                              = 8388608                                   {product} {ergonomic}
    uintx NonNMethodCodeHeapSize                   = 6973028                                {pd product} {ergonomic}
    uintx NonProfiledCodeHeapSize                  = 244685212                              {pd product} {ergonomic}
    uintx ProfiledCodeHeapSize                     = 0                                      {pd product} {ergonomic}
    uintx ReservedCodeCacheSize                    = 251658240                              {pd product} {ergonomic}
     bool SegmentedCodeCache                       = true                                      {product} {ergonomic}
   size_t SoftMaxHeapSize                          = 2145386496                             {manageable} {ergonomic}
     intx TieredStopAtLevel                        = 1                                         {product} {command line}
     bool UseCompressedClassPointers               = true                                 {lp64_product} {ergonomic}
     bool UseCompressedOops                        = true                                 {lp64_product} {ergonomic}
     bool UseG1GC                                  = true                                      {product} {ergonomic}
     bool UseLargePagesIndividualAllocation        = false                                  {pd product} {ergonomic}

Logging:
Log output configuration:
 #0: stdout all=warning uptime,level,tags
 #1: stderr all=off uptime,level,tags

Environment Variables:
JAVA_HOME=C:\OPENJDK
PATH=C:\Program Files (x86)\NVIDIA Corporation\PhysX\Common;C:\WINDOWS\system32;C:\WINDOWS;C:\WINDOWS\System32\Wbem;C:\WINDOWS\System32\WindowsPowerShell\v1.0\;C:\WINDOWS\System32\OpenSSH\;C:\Program Files (x86)\NoteBook FanControl\;C:\Program Files\Git\cmd;C:\apache-maven-3.8.3\bin;C:\OPENJDK\bin;C:\windows\system32\;C:\tizen-studio\tools\ide\bin;C:\Users\79513\AppData\Local\Microsoft\WindowsApps;C:\Users\79513\AppData\Local\GitHubDesktop\bin
USERNAME=Анатолий
OS=Windows_NT
PROCESSOR_IDENTIFIER=Intel64 Family 6 Model 37 Stepping 2, GenuineIntel



---------------  S Y S T E M  ---------------

OS:
 Windows 10 , 64 bit Build 19041 (10.0.19041.1348)
OS uptime: 0 days 11:11 hours

CPU: total 4 (initial active 4) (2 cores per cpu, 2 threads per core) family 6 model 37 stepping 2 microcode 0x11, cmov, cx8, fxsr, mmx, sse, sse2, sse3, ssse3, sse4.1, sse4.2, popcnt, ht, tsc, tscinvbit, clflush

Memory: 4k page, system-wide physical 8182M (1427M free)
TotalPageFile size 9182M (AvailPageFile size 0M)
current process WorkingSet (physical memory assigned to process): 183M, peak: 183M
current process commit charge ("private bytes"): 215M, peak: 239M

vm_info: OpenJDK 64-Bit Server VM (15.0.1+9-18) for windows-amd64 JRE (15.0.1+9-18), built on Sep 15 2020 14:39:31 by "mach5one" with unknown MS VC++:1925

END.
