#
# There is insufficient memory for the Java Runtime Environment to continue.
# Native memory allocation (mmap) failed to map 27262976 bytes for G1 virtual space
# Possible reasons:
#   The system is out of physical RAM or swap space
#   The process is running with CompressedOops enabled, and the Java Heap may be blocking the growth of the native heap
# Possible solutions:
#   Reduce memory load on the system
#   Increase physical memory or swap space
#   Check if swap backing store is full
#   Decrease Java heap size (-Xmx/-Xms)
#   Decrease number of Java threads
#   Decrease Java thread stack sizes (-Xss)
#   Set larger code cache with -XX:ReservedCodeCacheSize=
#   JVM is running with Unscaled Compressed Oops mode in which the Java heap is
#     placed in the first 4GB address space. The Java Heap base address is the
#     maximum limit for the native heap growth. Please use -XX:HeapBaseMinAddress
#     to set the Java Heap base and to place the Java Heap above 4GB virtual address.
# This output file may be truncated or incomplete.
#
#  Out of Memory Error (./open/src/hotspot/os/windows/os_windows.cpp:3472), pid=18796, tid=12172
#
# JRE version: OpenJDK Runtime Environment (15.0.1+9) (build 15.0.1+9-18)
# Java VM: OpenJDK 64-Bit Server VM (15.0.1+9-18, mixed mode, sharing, tiered, compressed oops, g1 gc, windows-amd64)
# No core dump will be written. Minidumps are not enabled by default on client versions of Windows
#

---------------  S U M M A R Y ------------

Command Line: -XX:TieredStopAtLevel=1 -Xverify:none -Dspring.output.ansi.enabled=always -Dcom.sun.management.jmxremote -Dspring.jmx.enabled=true -Dspring.liveBeansView.mbeanDomain -Dspring.application.admin.enabled=true -javaagent:C:\Program Files\JetBrains\IntelliJ IDEA 2020.1\lib\idea_rt.jar=55518:C:\Program Files\JetBrains\IntelliJ IDEA 2020.1\bin -Dfile.encoding=UTF-8 com.example.demo.DemoApplication

Host: Intel(R) Core(TM) i5 CPU       M 430  @ 2.27GHz, 4 cores, 7G,  Windows 10 , 64 bit Build 19041 (10.0.19041.1348)
Time: Wed Dec  8 22:30:50 2021 Ќовосибирское стандартное врем€ elapsed time: 5.410119 seconds (0d 0h 0m 5s)

---------------  T H R E A D  ---------------

Current thread (0x00000201c6687b10):  VMThread "VM Thread" [stack: 0x000000a3ef700000,0x000000a3ef800000] [id=12172]

Stack: [0x000000a3ef700000,0x000000a3ef800000]
[error occurred during error reporting (printing stack bounds), id 0xc0000005, EXCEPTION_ACCESS_VIOLATION (0xc0000005) at pc=0x00000201b05b10bd]

Native frames: (J=compiled Java code, j=interpreted, Vv=VM code, C=native code)
V  [jvm.dll+0x62ae9a]
V  [jvm.dll+0x781389]
V  [jvm.dll+0x782ae3]
V  [jvm.dll+0x7830a5]
V  [jvm.dll+0x78305b]
V  [jvm.dll+0x62a2b9]
V  [jvm.dll+0x62aa88]
C  [ntdll.dll+0xa20cf]
C  [ntdll.dll+0x51454]
C  [ntdll.dll+0xa0bfe]
C  0x00000201b05b10bd

VM_Operation (0x000000a3ef1fcea0): CollectForMetadataAllocation, mode: safepoint, requested by thread 0x00000201a839ab30


---------------  P R O C E S S  ---------------

Threads class SMR info:
_java_thread_list=0x00000201c8787dc0, length=14, elements={
0x00000201a839ab30, 0x00000201c668e3b0, 0x00000201c668ef60, 0x00000201c66ab530,
0x00000201c66acf00, 0x00000201c66af8d0, 0x00000201c66b1820, 0x00000201c66b2220,
0x00000201c666de60, 0x00000201c73ef500, 0x00000201c73f3f50, 0x00000201c75c5440,
0x00000201c75d3770, 0x00000201c76b21f0
}

Java Threads: ( => current thread )
  0x00000201a839ab30 JavaThread "main" [_thread_blocked, id=14904, stack(0x000000a3ef100000,0x000000a3ef200000)]
  0x00000201c668e3b0 JavaThread "Reference Handler" daemon [_thread_blocked, id=14292, stack(0x000000a3ef800000,0x000000a3ef900000)]
  0x00000201c668ef60 JavaThread "Finalizer" daemon [_thread_blocked, id=15600, stack(0x000000a3ef900000,0x000000a3efa00000)]
  0x00000201c66ab530 JavaThread "Signal Dispatcher" daemon [_thread_blocked, id=11420, stack(0x000000a3efa00000,0x000000a3efb00000)]
  0x00000201c66acf00 JavaThread "Attach Listener" daemon [_thread_blocked, id=6624, stack(0x000000a3efb00000,0x000000a3efc00000)]
  0x00000201c66af8d0 JavaThread "Service Thread" daemon [_thread_blocked, id=13128, stack(0x000000a3efc00000,0x000000a3efd00000)]
  0x00000201c66b1820 JavaThread "C1 CompilerThread0" daemon [_thread_blocked, id=9488, stack(0x000000a3efd00000,0x000000a3efe00000)]
  0x00000201c66b2220 JavaThread "Sweeper thread" daemon [_thread_blocked, id=14220, stack(0x000000a3efe00000,0x000000a3eff00000)]
  0x00000201c666de60 JavaThread "Common-Cleaner" daemon [_thread_blocked, id=3852, stack(0x000000a3eff00000,0x000000a3f0000000)]
  0x00000201c73ef500 JavaThread "Monitor Ctrl-Break" daemon [_thread_in_native, id=16564, stack(0x000000a3f0100000,0x000000a3f0200000)]
  0x00000201c73f3f50 JavaThread "Notification Thread" daemon [_thread_blocked, id=4744, stack(0x000000a3f0200000,0x000000a3f0300000)]
  0x00000201c75c5440 JavaThread "RMI TCP Accept-0" daemon [_thread_in_native, id=16984, stack(0x000000a3f0300000,0x000000a3f0400000)]
  0x00000201c75d3770 JavaThread "RMI TCP Connection(1)-192.168.0.180" daemon [_thread_in_native, id=17404, stack(0x000000a3f0500000,0x000000a3f0600000)]
  0x00000201c76b21f0 JavaThread "RMI Scheduler(0)" daemon [_thread_blocked, id=17888, stack(0x000000a3f0900000,0x000000a3f0a00000)]

Other Threads:
=>0x00000201c6687b10 VMThread "VM Thread" [stack: 0x000000a3ef700000,0x000000a3ef800000] [id=12172]
  0x00000201a839bc60 WatcherThread [stack: 0x000000a3f0400000,0x000000a3f0500000] [id=7468]
  0x00000201a633e800 GCTaskThread "GC Thread#0" [stack: 0x000000a3ef200000,0x000000a3ef300000] [id=10396]
  0x00000201c7637720 GCTaskThread "GC Thread#1" [stack: 0x000000a3f0600000,0x000000a3f0700000] [id=2032]
  0x00000201c7638d70 GCTaskThread "GC Thread#2" [stack: 0x000000a3f0700000,0x000000a3f0800000] [id=11552]
  0x00000201c76383e0 GCTaskThread "GC Thread#3" [stack: 0x000000a3f0b00000,0x000000a3f0c00000] [id=14508]
  0x00000201a83e6070 ConcurrentGCThread "G1 Main Marker" [stack: 0x000000a3ef300000,0x000000a3ef400000] [id=9848]
  0x00000201a83e6c40 ConcurrentGCThread "G1 Conc#0" [stack: 0x000000a3ef400000,0x000000a3ef500000] [id=18608]
  0x00000201a845da50 ConcurrentGCThread "G1 Refine#0" [stack: 0x000000a3ef500000,0x000000a3ef600000] [id=10060]
  0x00000201c75e6a40 ConcurrentGCThread "G1 Refine#1" [stack: 0x000000a3f0800000,0x000000a3f0900000] [id=5808]
  0x00000201a845e650 ConcurrentGCThread "G1 Young RemSet Sampling" [stack: 0x000000a3ef600000,0x000000a3ef700000] [id=19068]

Threads with active compile tasks:

VM state: at safepoint (normal execution)

VM Mutex/Monitor currently owned by a thread:  ([mutex/lock_event])
[0x00000201a8396210] Threads_lock - owner thread: 0x00000201c6687b10
[0x00000201a8397800] Heap_lock - owner thread: 0x00000201a839ab30

Heap address: 0x0000000080200000, size: 2046 MB, Compressed Oops mode: 32-bit
CDS archive(s) mapped at: [0x0000000800000000-0x0000000800b50000-0x0000000800b50000), size 11862016, SharedBaseAddress: 0x0000000800000000, ArchiveRelocationMode: 0.
Compressed class space mapped at: 0x0000000800b50000-0x0000000840b50000, size: 1073741824
Narrow klass base: 0x0000000800000000, Narrow klass shift: 3, Narrow klass range: 0x100000000

GC Precious Log:
 CPUs: 4 total, 4 available
 Memory: 8182M
 Large Page Support: Disabled
 NUMA Support: Disabled
 Compressed Oops: Enabled (32-bit)
 Heap Region Size: 1M
 Heap Min Capacity: 8M
 Heap Initial Capacity: 128M
 Heap Max Capacity: 2046M
 Pre-touch: Disabled
 Parallel Workers: 4
 Concurrent Workers: 1
 Concurrent Refinement Workers: 4
 Periodic GC: Disabled

Heap:
 garbage-first heap   total 157696K, used 13718K [0x0000000080200000, 0x0000000100000000)
  region size 1024K, 7 young (7168K), 7 survivors (7168K)
 Metaspace       used 20775K, capacity 21161K, committed 21296K, reserved 1067008K
  class space    used 2753K, capacity 2900K, committed 2944K, reserved 1048576K

Heap Regions: E=young(eden), S=young(survivor), O=old, HS=humongous(starts), HC=humongous(continues), CS=collection set, F=free, OA=open archive, CA=closed archive, TAMS=top-at-mark-start (previous, next)
|   0|0x0000000080200000, 0x0000000080300000, 0x0000000080300000|100%|HS|  |TAMS 0x0000000080200000, 0x0000000080300000| Complete 
|   1|0x0000000080300000, 0x0000000080400000, 0x0000000080400000|100%| O|  |TAMS 0x0000000080300000, 0x0000000080400000| Untracked 
|   2|0x0000000080400000, 0x0000000080500000, 0x0000000080500000|100%| O|  |TAMS 0x0000000080400000, 0x0000000080500000| Untracked 
|   3|0x0000000080500000, 0x0000000080600000, 0x0000000080600000|100%| O|  |TAMS 0x0000000080500000, 0x0000000080600000| Untracked 
|   4|0x0000000080600000, 0x0000000080700000, 0x0000000080700000|100%| O|  |TAMS 0x0000000080600000, 0x0000000080700000| Untracked 
|   5|0x0000000080700000, 0x0000000080800000, 0x0000000080800000|100%| O|  |TAMS 0x0000000080700000, 0x0000000080800000| Untracked 
|   6|0x0000000080800000, 0x00000000808df800, 0x0000000080900000| 87%| O|  |TAMS 0x0000000080800000, 0x00000000808df800| Untracked 
|   7|0x0000000080900000, 0x0000000080900000, 0x0000000080a00000|  0%| F|  |TAMS 0x0000000080900000, 0x0000000080900000| Untracked 
|   8|0x0000000080a00000, 0x0000000080a00000, 0x0000000080b00000|  0%| F|  |TAMS 0x0000000080a00000, 0x0000000080a00000| Untracked 
|   9|0x0000000080b00000, 0x0000000080b00000, 0x0000000080c00000|  0%| F|  |TAMS 0x0000000080b00000, 0x0000000080b00000| Untracked 
|  10|0x0000000080c00000, 0x0000000080c00000, 0x0000000080d00000|  0%| F|  |TAMS 0x0000000080c00000, 0x0000000080c00000| Untracked 
|  11|0x0000000080d00000, 0x0000000080d00000, 0x0000000080e00000|  0%| F|  |TAMS 0x0000000080d00000, 0x0000000080d00000| Untracked 
|  12|0x0000000080e00000, 0x0000000080e00000, 0x0000000080f00000|  0%| F|  |TAMS 0x0000000080e00000, 0x0000000080e00000| Untracked 
|  13|0x0000000080f00000, 0x0000000080f00000, 0x0000000081000000|  0%| F|  |TAMS 0x0000000080f00000, 0x0000000080f00000| Untracked 
|  14|0x0000000081000000, 0x0000000081000000, 0x0000000081100000|  0%| F|  |TAMS 0x0000000081000000, 0x0000000081000000| Untracked 
|  15|0x0000000081100000, 0x0000000081100000, 0x0000000081200000|  0%| F|  |TAMS 0x0000000081100000, 0x0000000081100000| Untracked 
|  16|0x0000000081200000, 0x0000000081200000, 0x0000000081300000|  0%| F|  |TAMS 0x0000000081200000, 0x0000000081200000| Untracked 
|  17|0x0000000081300000, 0x0000000081300000, 0x0000000081400000|  0%| F|  |TAMS 0x0000000081300000, 0x0000000081300000| Untracked 
|  18|0x0000000081400000, 0x0000000081400000, 0x0000000081500000|  0%| F|  |TAMS 0x0000000081400000, 0x0000000081400000| Untracked 
|  19|0x0000000081500000, 0x0000000081500000, 0x0000000081600000|  0%| F|  |TAMS 0x0000000081500000, 0x0000000081500000| Untracked 
|  20|0x0000000081600000, 0x0000000081600000, 0x0000000081700000|  0%| F|  |TAMS 0x0000000081600000, 0x0000000081600000| Untracked 
|  21|0x0000000081700000, 0x0000000081700000, 0x0000000081800000|  0%| F|  |TAMS 0x0000000081700000, 0x0000000081700000| Untracked 
|  22|0x0000000081800000, 0x0000000081800000, 0x0000000081900000|  0%| F|  |TAMS 0x0000000081800000, 0x0000000081800000| Untracked 
|  23|0x0000000081900000, 0x0000000081900000, 0x0000000081a00000|  0%| F|  |TAMS 0x0000000081900000, 0x0000000081900000| Untracked 
|  24|0x0000000081a00000, 0x0000000081a00000, 0x0000000081b00000|  0%| F|  |TAMS 0x0000000081a00000, 0x0000000081a00000| Untracked 
|  25|0x0000000081b00000, 0x0000000081b00000, 0x0000000081c00000|  0%| F|  |TAMS 0x0000000081b00000, 0x0000000081b00000| Untracked 
|  26|0x0000000081c00000, 0x0000000081c00000, 0x0000000081d00000|  0%| F|  |TAMS 0x0000000081c00000, 0x0000000081c00000| Untracked 
|  27|0x0000000081d00000, 0x0000000081d00000, 0x0000000081e00000|  0%| F|  |TAMS 0x0000000081d00000, 0x0000000081d00000| Untracked 
|  28|0x0000000081e00000, 0x0000000081e00000, 0x0000000081f00000|  0%| F|  |TAMS 0x0000000081e00000, 0x0000000081e00000| Untracked 
|  29|0x0000000081f00000, 0x0000000081f00000, 0x0000000082000000|  0%| F|  |TAMS 0x0000000081f00000, 0x0000000081f00000| Untracked 
|  30|0x0000000082000000, 0x0000000082000000, 0x0000000082100000|  0%| F|  |TAMS 0x0000000082000000, 0x0000000082000000| Untracked 
|  31|0x0000000082100000, 0x0000000082100000, 0x0000000082200000|  0%| F|  |TAMS 0x0000000082100000, 0x0000000082100000| Untracked 
|  32|0x0000000082200000, 0x0000000082200000, 0x0000000082300000|  0%| F|  |TAMS 0x0000000082200000, 0x0000000082200000| Untracked 
|  33|0x0000000082300000, 0x0000000082300000, 0x0000000082400000|  0%| F|  |TAMS 0x0000000082300000, 0x0000000082300000| Untracked 
|  34|0x0000000082400000, 0x0000000082400000, 0x0000000082500000|  0%| F|  |TAMS 0x0000000082400000, 0x0000000082400000| Untracked 
|  35|0x0000000082500000, 0x0000000082500000, 0x0000000082600000|  0%| F|  |TAMS 0x0000000082500000, 0x0000000082500000| Untracked 
|  36|0x0000000082600000, 0x0000000082600000, 0x0000000082700000|  0%| F|  |TAMS 0x0000000082600000, 0x0000000082600000| Untracked 
|  37|0x0000000082700000, 0x0000000082700000, 0x0000000082800000|  0%| F|  |TAMS 0x0000000082700000, 0x0000000082700000| Untracked 
|  38|0x0000000082800000, 0x0000000082800000, 0x0000000082900000|  0%| F|  |TAMS 0x0000000082800000, 0x0000000082800000| Untracked 
|  39|0x0000000082900000, 0x0000000082900000, 0x0000000082a00000|  0%| F|  |TAMS 0x0000000082900000, 0x0000000082900000| Untracked 
|  40|0x0000000082a00000, 0x0000000082a00000, 0x0000000082b00000|  0%| F|  |TAMS 0x0000000082a00000, 0x0000000082a00000| Untracked 
|  41|0x0000000082b00000, 0x0000000082b00000, 0x0000000082c00000|  0%| F|  |TAMS 0x0000000082b00000, 0x0000000082b00000| Untracked 
|  42|0x0000000082c00000, 0x0000000082c00000, 0x0000000082d00000|  0%| F|  |TAMS 0x0000000082c00000, 0x0000000082c00000| Untracked 
|  43|0x0000000082d00000, 0x0000000082d00000, 0x0000000082e00000|  0%| F|  |TAMS 0x0000000082d00000, 0x0000000082d00000| Untracked 
|  44|0x0000000082e00000, 0x0000000082e00000, 0x0000000082f00000|  0%| F|  |TAMS 0x0000000082e00000, 0x0000000082e00000| Untracked 
|  45|0x0000000082f00000, 0x0000000082f00000, 0x0000000083000000|  0%| F|  |TAMS 0x0000000082f00000, 0x0000000082f00000| Untracked 
|  46|0x0000000083000000, 0x0000000083000000, 0x0000000083100000|  0%| F|  |TAMS 0x0000000083000000, 0x0000000083000000| Untracked 
|  47|0x0000000083100000, 0x0000000083100000, 0x0000000083200000|  0%| F|  |TAMS 0x0000000083100000, 0x0000000083100000| Untracked 
|  48|0x0000000083200000, 0x0000000083200000, 0x0000000083300000|  0%| F|  |TAMS 0x0000000083200000, 0x0000000083200000| Untracked 
|  49|0x0000000083300000, 0x0000000083300000, 0x0000000083400000|  0%| F|  |TAMS 0x0000000083300000, 0x0000000083300000| Untracked 
|  50|0x0000000083400000, 0x0000000083400000, 0x0000000083500000|  0%| F|  |TAMS 0x0000000083400000, 0x0000000083400000| Untracked 
|  51|0x0000000083500000, 0x0000000083500000, 0x0000000083600000|  0%| F|  |TAMS 0x0000000083500000, 0x0000000083500000| Untracked 
|  52|0x0000000083600000, 0x0000000083600000, 0x0000000083700000|  0%| F|  |TAMS 0x0000000083600000, 0x0000000083600000| Untracked 
|  53|0x0000000083700000, 0x0000000083700000, 0x0000000083800000|  0%| F|  |TAMS 0x0000000083700000, 0x0000000083700000| Untracked 
|  54|0x0000000083800000, 0x0000000083800000, 0x0000000083900000|  0%| F|  |TAMS 0x0000000083800000, 0x0000000083800000| Untracked 
|  55|0x0000000083900000, 0x0000000083900000, 0x0000000083a00000|  0%| F|  |TAMS 0x0000000083900000, 0x0000000083900000| Untracked 
|  56|0x0000000083a00000, 0x0000000083a00000, 0x0000000083b00000|  0%| F|  |TAMS 0x0000000083a00000, 0x0000000083a00000| Untracked 
|  57|0x0000000083b00000, 0x0000000083b00000, 0x0000000083c00000|  0%| F|  |TAMS 0x0000000083b00000, 0x0000000083b00000| Untracked 
|  58|0x0000000083c00000, 0x0000000083c00000, 0x0000000083d00000|  0%| F|  |TAMS 0x0000000083c00000, 0x0000000083c00000| Untracked 
|  59|0x0000000083d00000, 0x0000000083d00000, 0x0000000083e00000|  0%| F|  |TAMS 0x0000000083d00000, 0x0000000083d00000| Untracked 
|  60|0x0000000083e00000, 0x0000000083e00000, 0x0000000083f00000|  0%| F|  |TAMS 0x0000000083e00000, 0x0000000083e00000| Untracked 
|  61|0x0000000083f00000, 0x0000000083f00000, 0x0000000084000000|  0%| F|  |TAMS 0x0000000083f00000, 0x0000000083f00000| Untracked 
|  62|0x0000000084000000, 0x0000000084000000, 0x0000000084100000|  0%| F|  |TAMS 0x0000000084000000, 0x0000000084000000| Untracked 
|  63|0x0000000084100000, 0x0000000084100000, 0x0000000084200000|  0%| F|  |TAMS 0x0000000084100000, 0x0000000084100000| Untracked 
|  64|0x0000000084200000, 0x0000000084200000, 0x0000000084300000|  0%| F|  |TAMS 0x0000000084200000, 0x0000000084200000| Untracked 
|  65|0x0000000084300000, 0x0000000084300000, 0x0000000084400000|  0%| F|  |TAMS 0x0000000084300000, 0x0000000084300000| Untracked 
|  66|0x0000000084400000, 0x0000000084400000, 0x0000000084500000|  0%| F|  |TAMS 0x0000000084400000, 0x0000000084400000| Untracked 
|  67|0x0000000084500000, 0x0000000084500000, 0x0000000084600000|  0%| F|  |TAMS 0x0000000084500000, 0x0000000084500000| Untracked 
|  68|0x0000000084600000, 0x0000000084600000, 0x0000000084700000|  0%| F|  |TAMS 0x0000000084600000, 0x0000000084600000| Untracked 
|  69|0x0000000084700000, 0x0000000084700000, 0x0000000084800000|  0%| F|  |TAMS 0x0000000084700000, 0x0000000084700000| Untracked 
|  70|0x0000000084800000, 0x0000000084800000, 0x0000000084900000|  0%| F|  |TAMS 0x0000000084800000, 0x0000000084800000| Untracked 
|  71|0x0000000084900000, 0x0000000084900000, 0x0000000084a00000|  0%| F|  |TAMS 0x0000000084900000, 0x0000000084900000| Untracked 
|  72|0x0000000084a00000, 0x0000000084a00000, 0x0000000084b00000|  0%| F|  |TAMS 0x0000000084a00000, 0x0000000084a00000| Untracked 
|  73|0x0000000084b00000, 0x0000000084b00000, 0x0000000084c00000|  0%| F|  |TAMS 0x0000000084b00000, 0x0000000084b00000| Untracked 
|  74|0x0000000084c00000, 0x0000000084c00000, 0x0000000084d00000|  0%| F|  |TAMS 0x0000000084c00000, 0x0000000084c00000| Untracked 
|  75|0x0000000084d00000, 0x0000000084d00000, 0x0000000084e00000|  0%| F|  |TAMS 0x0000000084d00000, 0x0000000084d00000| Untracked 
|  76|0x0000000084e00000, 0x0000000084e00000, 0x0000000084f00000|  0%| F|  |TAMS 0x0000000084e00000, 0x0000000084e00000| Untracked 
|  77|0x0000000084f00000, 0x0000000084f00000, 0x0000000085000000|  0%| F|  |TAMS 0x0000000084f00000, 0x0000000084f00000| Untracked 
|  78|0x0000000085000000, 0x0000000085000000, 0x0000000085100000|  0%| F|  |TAMS 0x0000000085000000, 0x0000000085000000| Untracked 
|  79|0x0000000085100000, 0x0000000085100000, 0x0000000085200000|  0%| F|  |TAMS 0x0000000085100000, 0x0000000085100000| Untracked 
|  80|0x0000000085200000, 0x0000000085200000, 0x0000000085300000|  0%| F|  |TAMS 0x0000000085200000, 0x0000000085200000| Untracked 
|  81|0x0000000085300000, 0x0000000085300000, 0x0000000085400000|  0%| F|  |TAMS 0x0000000085300000, 0x0000000085300000| Untracked 
|  82|0x0000000085400000, 0x0000000085400000, 0x0000000085500000|  0%| F|  |TAMS 0x0000000085400000, 0x0000000085400000| Untracked 
|  83|0x0000000085500000, 0x0000000085500000, 0x0000000085600000|  0%| F|  |TAMS 0x0000000085500000, 0x0000000085500000| Untracked 
|  84|0x0000000085600000, 0x0000000085600000, 0x0000000085700000|  0%| F|  |TAMS 0x0000000085600000, 0x0000000085600000| Untracked 
|  85|0x0000000085700000, 0x0000000085700000, 0x0000000085800000|  0%| F|  |TAMS 0x0000000085700000, 0x0000000085700000| Untracked 
|  86|0x0000000085800000, 0x0000000085800000, 0x0000000085900000|  0%| F|  |TAMS 0x0000000085800000, 0x0000000085800000| Untracked 
|  87|0x0000000085900000, 0x0000000085900000, 0x0000000085a00000|  0%| F|  |TAMS 0x0000000085900000, 0x0000000085900000| Untracked 
|  88|0x0000000085a00000, 0x0000000085a863f0, 0x0000000085b00000| 52%| S|CS|TAMS 0x0000000085a00000, 0x0000000085a00000| Complete 
|  89|0x0000000085b00000, 0x0000000085c00000, 0x0000000085c00000|100%| S|CS|TAMS 0x0000000085b00000, 0x0000000085b00000| Complete 
|  90|0x0000000085c00000, 0x0000000085d00000, 0x0000000085d00000|100%| S|CS|TAMS 0x0000000085c00000, 0x0000000085c00000| Complete 
|  91|0x0000000085d00000, 0x0000000085e00000, 0x0000000085e00000|100%| S|CS|TAMS 0x0000000085d00000, 0x0000000085d00000| Complete 
|  92|0x0000000085e00000, 0x0000000085f00000, 0x0000000085f00000|100%| S|CS|TAMS 0x0000000085e00000, 0x0000000085e00000| Complete 
|  93|0x0000000085f00000, 0x0000000086000000, 0x0000000086000000|100%| S|CS|TAMS 0x0000000085f00000, 0x0000000085f00000| Complete 
|  94|0x0000000086000000, 0x0000000086100000, 0x0000000086100000|100%| S|CS|TAMS 0x0000000086000000, 0x0000000086000000| Complete 
|  95|0x0000000086100000, 0x0000000086100000, 0x0000000086200000|  0%| F|  |TAMS 0x0000000086100000, 0x0000000086100000| Untracked 
|  96|0x0000000086200000, 0x0000000086200000, 0x0000000086300000|  0%| F|  |TAMS 0x0000000086200000, 0x0000000086200000| Untracked 
|  97|0x0000000086300000, 0x0000000086300000, 0x0000000086400000|  0%| F|  |TAMS 0x0000000086300000, 0x0000000086300000| Untracked 
|  98|0x0000000086400000, 0x0000000086400000, 0x0000000086500000|  0%| F|  |TAMS 0x0000000086400000, 0x0000000086400000| Untracked 
|  99|0x0000000086500000, 0x0000000086500000, 0x0000000086600000|  0%| F|  |TAMS 0x0000000086500000, 0x0000000086500000| Untracked 
| 100|0x0000000086600000, 0x0000000086600000, 0x0000000086700000|  0%| F|  |TAMS 0x0000000086600000, 0x0000000086600000| Untracked 
| 101|0x0000000086700000, 0x0000000086700000, 0x0000000086800000|  0%| F|  |TAMS 0x0000000086700000, 0x0000000086700000| Untracked 
| 102|0x0000000086800000, 0x0000000086800000, 0x0000000086900000|  0%| F|  |TAMS 0x0000000086800000, 0x0000000086800000| Untracked 
| 103|0x0000000086900000, 0x0000000086900000, 0x0000000086a00000|  0%| F|  |TAMS 0x0000000086900000, 0x0000000086900000| Untracked 
| 104|0x0000000086a00000, 0x0000000086a00000, 0x0000000086b00000|  0%| F|  |TAMS 0x0000000086a00000, 0x0000000086a00000| Untracked 
| 105|0x0000000086b00000, 0x0000000086b00000, 0x0000000086c00000|  0%| F|  |TAMS 0x0000000086b00000, 0x0000000086b00000| Untracked 
| 106|0x0000000086c00000, 0x0000000086c00000, 0x0000000086d00000|  0%| F|  |TAMS 0x0000000086c00000, 0x0000000086c00000| Untracked 
| 107|0x0000000086d00000, 0x0000000086d00000, 0x0000000086e00000|  0%| F|  |TAMS 0x0000000086d00000, 0x0000000086d00000| Untracked 
| 108|0x0000000086e00000, 0x0000000086e00000, 0x0000000086f00000|  0%| F|  |TAMS 0x0000000086e00000, 0x0000000086e00000| Untracked 
| 109|0x0000000086f00000, 0x0000000086f00000, 0x0000000087000000|  0%| F|  |TAMS 0x0000000086f00000, 0x0000000086f00000| Untracked 
| 110|0x0000000087000000, 0x0000000087000000, 0x0000000087100000|  0%| F|  |TAMS 0x0000000087000000, 0x0000000087000000| Untracked 
| 111|0x0000000087100000, 0x0000000087100000, 0x0000000087200000|  0%| F|  |TAMS 0x0000000087100000, 0x0000000087100000| Untracked 
| 112|0x0000000087200000, 0x0000000087200000, 0x0000000087300000|  0%| F|  |TAMS 0x0000000087200000, 0x0000000087200000| Untracked 
| 113|0x0000000087300000, 0x0000000087300000, 0x0000000087400000|  0%| F|  |TAMS 0x0000000087300000, 0x0000000087300000| Untracked 
| 114|0x0000000087400000, 0x0000000087400000, 0x0000000087500000|  0%| F|  |TAMS 0x0000000087400000, 0x0000000087400000| Untracked 
| 115|0x0000000087500000, 0x0000000087500000, 0x0000000087600000|  0%| F|  |TAMS 0x0000000087500000, 0x0000000087500000| Untracked 
| 116|0x0000000087600000, 0x0000000087600000, 0x0000000087700000|  0%| F|  |TAMS 0x0000000087600000, 0x0000000087600000| Untracked 
| 117|0x0000000087700000, 0x0000000087700000, 0x0000000087800000|  0%| F|  |TAMS 0x0000000087700000, 0x0000000087700000| Untracked 
| 118|0x0000000087800000, 0x0000000087800000, 0x0000000087900000|  0%| F|  |TAMS 0x0000000087800000, 0x0000000087800000| Untracked 
| 119|0x0000000087900000, 0x0000000087900000, 0x0000000087a00000|  0%| F|  |TAMS 0x0000000087900000, 0x0000000087900000| Untracked 
| 120|0x0000000087a00000, 0x0000000087a00000, 0x0000000087b00000|  0%| F|  |TAMS 0x0000000087a00000, 0x0000000087a00000| Untracked 
| 121|0x0000000087b00000, 0x0000000087b00000, 0x0000000087c00000|  0%| F|  |TAMS 0x0000000087b00000, 0x0000000087b00000| Untracked 
| 122|0x0000000087c00000, 0x0000000087c00000, 0x0000000087d00000|  0%| F|  |TAMS 0x0000000087c00000, 0x0000000087c00000| Untracked 
| 123|0x0000000087d00000, 0x0000000087d00000, 0x0000000087e00000|  0%| F|  |TAMS 0x0000000087d00000, 0x0000000087d00000| Untracked 
| 124|0x0000000087e00000, 0x0000000087e00000, 0x0000000087f00000|  0%| F|  |TAMS 0x0000000087e00000, 0x0000000087e00000| Untracked 
| 125|0x0000000087f00000, 0x0000000087f00000, 0x0000000088000000|  0%| F|  |TAMS 0x0000000087f00000, 0x0000000087f00000| Untracked 
| 126|0x0000000088000000, 0x0000000088000000, 0x0000000088100000|  0%| F|  |TAMS 0x0000000088000000, 0x0000000088000000| Untracked 
| 127|0x0000000088100000, 0x0000000088100000, 0x0000000088200000|  0%| F|  |TAMS 0x0000000088100000, 0x0000000088100000| Untracked 

Card table byte_map: [0x00000201bf9b0000,0x00000201bfdb0000] _byte_map_base: 0x00000201bf5af000

Marking Bits (Prev, Next): (CMBitMap*) 0x00000201a83d5750, (CMBitMap*) 0x00000201a83d5790
 Prev Bits: [0x00000201c01b0000, 0x00000201c21a8000)
 Next Bits: [0x00000201c21b0000, 0x00000201c41a8000)

Polling page: 0x00000201a6530000

Metaspace:

Usage:
  Non-class:     17.83 MB capacity,    17.60 MB ( 99%) used,   199.98 KB (  1%) free+waste,    38.62 KB ( <1%) overhead. 
      Class:      2.83 MB capacity,     2.69 MB ( 95%) used,   129.84 KB (  4%) free+waste,    17.12 KB ( <1%) overhead. 
       Both:     20.67 MB capacity,    20.29 MB ( 98%) used,   329.82 KB (  2%) free+waste,    55.75 KB ( <1%) overhead. 

Virtual space:
  Non-class space:       18.00 MB reserved,      17.92 MB (>99%) committed 
      Class space:        1.00 GB reserved,       2.88 MB ( <1%) committed 
             Both:        1.02 GB reserved,      20.80 MB (  2%) committed 

Chunk freelists:
   Non-Class:  43.00 KB
       Class:  12.00 KB
        Both:  55.00 KB

MaxMetaspaceSize: 17179869184.00 GB
CompressedClassSpaceSize: 1.00 GB

CodeHeap 'non-profiled nmethods': size=238912Kb used=4841Kb max_used=4841Kb free=234070Kb
 bounds [0x00000201b0c60000, 0x00000201b1120000, 0x00000201bf5b0000]
CodeHeap 'non-nmethods': size=6848Kb used=1212Kb max_used=1212Kb free=5636Kb
 bounds [0x00000201b05b0000, 0x00000201b0820000, 0x00000201b0c60000]
 total_blobs=3662 nmethods=3178 adapters=412
 compilation: enabled
              stopped_count=0, restarted_count=0
 full_count=0

Compilation events (20 events):
Event: 5.370 Thread 0x00000201c66b1820 3168       1       java.lang.reflect.ProxyGenerator::collectCompatibleTypes (93 bytes)
Event: 5.371 Thread 0x00000201c66b1820 nmethod 3168 0x00000201b1115f10 code [0x00000201b11160c0, 0x00000201b11162a8]
Event: 5.375 Thread 0x00000201c66b1820 3169       1       org.springframework.core.annotation.TypeMappedAnnotations$MergedAnnotationFinder::process (167 bytes)
Event: 5.376 Thread 0x00000201c66b1820 nmethod 3169 0x00000201b1116490 code [0x00000201b11166c0, 0x00000201b1116bc8]
Event: 5.376 Thread 0x00000201c66b1820 3170       1       java.lang.Class::createAnnotationData (195 bytes)
Event: 5.377 Thread 0x00000201c66b1820 nmethod 3170 0x00000201b1116f90 code [0x00000201b1117260, 0x00000201b11179f8]
Event: 5.377 Thread 0x00000201c66b1820 3171       1       java.lang.Class$AnnotationData::<init> (20 bytes)
Event: 5.377 Thread 0x00000201c66b1820 nmethod 3171 0x00000201b1117e90 code [0x00000201b1118020, 0x00000201b1118178]
Event: 5.377 Thread 0x00000201c66b1820 3172       1       org.springframework.core.annotation.TypeMappedAnnotations::get (52 bytes)
Event: 5.377 Thread 0x00000201c66b1820 nmethod 3172 0x00000201b1118210 code [0x00000201b11183e0, 0x00000201b1118648]
Event: 5.381 Thread 0x00000201c66b1820 3173       1       org.springframework.core.annotation.RepeatableContainers$StandardRepeatableContainers::findRepeatedAnnotations (32 bytes)
Event: 5.382 Thread 0x00000201c66b1820 nmethod 3173 0x00000201b1118790 code [0x00000201b11189c0, 0x00000201b1118e48]
Event: 5.382 Thread 0x00000201c66b1820 3174       1       org.springframework.core.annotation.RepeatableContainers$StandardRepeatableContainers::getRepeatedAnnotationsMethod (31 bytes)
Event: 5.382 Thread 0x00000201c66b1820 nmethod 3174 0x00000201b1119110 code [0x00000201b11192c0, 0x00000201b11193e8]
Event: 5.383 Thread 0x00000201c66b1820 3175       1       org.springframework.core.annotation.AnnotationsScanner::isOverride (38 bytes)
Event: 5.384 Thread 0x00000201c66b1820 nmethod 3175 0x00000201b1119490 code [0x00000201b1119640, 0x00000201b1119798]
Event: 5.385 Thread 0x00000201c66b1820 3176       1       org.springframework.core.annotation.TypeMappedAnnotations::get (8 bytes)
Event: 5.385 Thread 0x00000201c66b1820 nmethod 3176 0x00000201b1119890 code [0x00000201b1119a20, 0x00000201b1119b08]
Event: 5.387 Thread 0x00000201c66b1820 3178       1       java.lang.PublicMethods::toArray (76 bytes)
Event: 5.387 Thread 0x00000201c66b1820 nmethod 3178 0x00000201b1119f90 code [0x00000201b111a160, 0x00000201b111a4f8]

GC Heap History (9 events):
Event: 1.547 GC heap before
{Heap before GC invocations=0 (full 0):
 garbage-first heap   total 131072K, used 14336K [0x0000000080200000, 0x0000000100000000)
  region size 1024K, 13 young (13312K), 0 survivors (0K)
 Metaspace       used 5387K, capacity 5557K, committed 5888K, reserved 1056768K
  class space    used 618K, capacity 677K, committed 768K, reserved 1048576K
}
Event: 1.558 GC heap after
{Heap after GC invocations=1 (full 0):
 garbage-first heap   total 131072K, used 6884K [0x0000000080200000, 0x0000000100000000)
  region size 1024K, 2 young (2048K), 2 survivors (2048K)
 Metaspace       used 5387K, capacity 5557K, committed 5888K, reserved 1056768K
  class space    used 618K, capacity 677K, committed 768K, reserved 1048576K
}
Event: 1.850 GC heap before
{Heap before GC invocations=1 (full 0):
 garbage-first heap   total 131072K, used 14052K [0x0000000080200000, 0x0000000100000000)
  region size 1024K, 9 young (9216K), 2 survivors (2048K)
 Metaspace       used 7083K, capacity 7350K, committed 7680K, reserved 1056768K
  class space    used 848K, capacity 940K, committed 1024K, reserved 1048576K
}
Event: 1.857 GC heap after
{Heap after GC invocations=2 (full 0):
 garbage-first heap   total 131072K, used 8137K [0x0000000080200000, 0x0000000100000000)
  region size 1024K, 2 young (2048K), 2 survivors (2048K)
 Metaspace       used 7083K, capacity 7350K, committed 7680K, reserved 1056768K
  class space    used 848K, capacity 940K, committed 1024K, reserved 1048576K
}
Event: 2.889 GC heap before
{Heap before GC invocations=2 (full 0):
 garbage-first heap   total 131072K, used 25545K [0x0000000080200000, 0x0000000100000000)
  region size 1024K, 20 young (20480K), 2 survivors (2048K)
 Metaspace       used 10696K, capacity 11025K, committed 11264K, reserved 1058816K
  class space    used 1430K, capacity 1523K, committed 1536K, reserved 1048576K
}
Event: 2.898 GC heap after
{Heap after GC invocations=3 (full 0):
 garbage-first heap   total 131072K, used 9490K [0x0000000080200000, 0x0000000100000000)
  region size 1024K, 3 young (3072K), 3 survivors (3072K)
 Metaspace       used 10696K, capacity 11025K, committed 11264K, reserved 1058816K
  class space    used 1430K, capacity 1523K, committed 1536K, reserved 1048576K
}
Event: 4.328 GC heap before
{Heap before GC invocations=3 (full 0):
 garbage-first heap   total 131072K, used 83218K [0x0000000080200000, 0x0000000100000000)
  region size 1024K, 76 young (77824K), 3 survivors (3072K)
 Metaspace       used 17032K, capacity 17393K, committed 17408K, reserved 1064960K
  class space    used 2204K, capacity 2297K, committed 2304K, reserved 1048576K
}
Event: 4.341 GC heap after
{Heap after GC invocations=4 (full 0):
 garbage-first heap   total 131072K, used 12083K [0x0000000080200000, 0x0000000100000000)
  region size 1024K, 5 young (5120K), 5 survivors (5120K)
 Metaspace       used 17032K, capacity 17393K, committed 17408K, reserved 1064960K
  class space    used 2204K, capacity 2297K, committed 2304K, reserved 1048576K
}
Event: 5.387 GC heap before
{Heap before GC invocations=4 (full 0):
 garbage-first heap   total 131072K, used 44851K [0x0000000080200000, 0x0000000100000000)
  region size 1024K, 38 young (38912K), 5 survivors (5120K)
 Metaspace       used 20775K, capacity 21161K, committed 21296K, reserved 1067008K
  class space    used 2753K, capacity 2900K, committed 2944K, reserved 1048576K
}

Deoptimization events (2 events):
Event: 4.957 Thread 0x00000201a839ab30 DEOPT PACKING pc=0x00000201b0f4f2d4 sp=0x000000a3ef1fdb30
Event: 4.957 Thread 0x00000201a839ab30 DEOPT UNPACKING pc=0x00000201b05fdf30 sp=0x000000a3ef1fd088 mode 0

Classes unloaded (0 events):
No events

Classes redefined (0 events):
No events

Internal exceptions (20 events):
Event: 3.346 Thread 0x00000201a839ab30 Exception <a 'java/lang/ClassNotFoundException'{0x00000000870abf60}: org/springframework/core/OrderedCustomizer> (0x00000000870abf60) 
thrown [./open/src/hotspot/share/classfile/systemDictionary.cpp, line 295]
Event: 3.347 Thread 0x00000201a839ab30 Exception <a 'java/lang/ClassNotFoundException'{0x00000000870b0c58}: org/springframework/context/ResourceLoaderAwareCustomizer> (0x00000000870b0c58) 
thrown [./open/src/hotspot/share/classfile/systemDictionary.cpp, line 295]
Event: 3.348 Thread 0x00000201a839ab30 Exception <a 'java/lang/ClassNotFoundException'{0x00000000870b5a78}: org/springframework/beans/factory/AwareCustomizer> (0x00000000870b5a78) 
thrown [./open/src/hotspot/share/classfile/systemDictionary.cpp, line 295]
Event: 3.349 Thread 0x00000201a839ab30 Exception <a 'java/lang/ClassNotFoundException'{0x00000000870b9890}: org/springframework/context/ApplicationStartupAwareCustomizer> (0x00000000870b9890) 
thrown [./open/src/hotspot/share/classfile/systemDictionary.cpp, line 295]
Event: 3.350 Thread 0x00000201a839ab30 Exception <a 'java/lang/ClassNotFoundException'{0x00000000870be928}: org/springframework/beans/factory/AwareCustomizer> (0x00000000870be928) 
thrown [./open/src/hotspot/share/classfile/systemDictionary.cpp, line 295]
Event: 3.351 Thread 0x00000201a839ab30 Exception <a 'java/lang/ClassNotFoundException'{0x00000000870c2798}: org/springframework/beans/factory/BeanClassLoaderAwareCustomizer> (0x00000000870c2798) 
thrown [./open/src/hotspot/share/classfile/systemDictionary.cpp, line 295]
Event: 3.352 Thread 0x00000201a839ab30 Exception <a 'java/lang/ClassNotFoundException'{0x00000000870c75d0}: org/springframework/beans/factory/AwareCustomizer> (0x00000000870c75d0) 
thrown [./open/src/hotspot/share/classfile/systemDictionary.cpp, line 295]
Event: 3.352 Thread 0x00000201a839ab30 Exception <a 'java/lang/ClassNotFoundException'{0x00000000870cb1c0}: org/springframework/context/EnvironmentAwareCustomizer> (0x00000000870cb1c0) 
thrown [./open/src/hotspot/share/classfile/systemDictionary.cpp, line 295]
Event: 3.353 Thread 0x00000201a839ab30 Exception <a 'java/lang/ClassNotFoundException'{0x00000000870cff70}: org/springframework/beans/factory/AwareCustomizer> (0x00000000870cff70) 
thrown [./open/src/hotspot/share/classfile/systemDictionary.cpp, line 295]
Event: 3.771 Thread 0x00000201c75d3770 Exception <a 'java/lang/reflect/InvocationTargetException'{0x0000000087316610}> (0x0000000087316610) 
thrown [./open/src/hotspot/share/runtime/reflection.cpp, line 1157]
Event: 3.912 Thread 0x00000201a839ab30 Exception <a 'java/lang/IncompatibleClassChangeError'{0x0000000083f52168}: Found class java.lang.Object, but interface was expected> (0x0000000083f52168) 
thrown [./open/src/hotspot/share/interpreter/linkResolver.cpp, line 848]
Event: 3.977 Thread 0x00000201a839ab30 Exception <a 'java/lang/NoSuchMethodError'{0x0000000083ecb5a0}: 'void java.lang.invoke.DirectMethodHandle$Holder.invokeInterface(java.lang.Object, java.lang.Object, java.lang.Object, java.lang.Object)'> (0x0000000083ecb5a0) 
thrown [./open/src/hotspot/share/interpreter/linkResolver.cpp, line 782]
Event: 4.216 Thread 0x00000201a839ab30 Exception <a 'java/lang/NoSuchMethodError'{0x000000008390e5b0}: 'java.lang.Object java.lang.invoke.DirectMethodHandle$Holder.invokeStatic(java.lang.Object, java.lang.Object, int)'> (0x000000008390e5b0) 
thrown [./open/src/hotspot/share/interpreter/linkResolver.cpp, line 782]
Event: 4.218 Thread 0x00000201a839ab30 Exception <a 'java/lang/NoSuchMethodError'{0x000000008391a3a8}: 'void java.lang.invoke.DelegatingMethodHandle$Holder.delegate(java.lang.Object, java.lang.Object, int, java.lang.Object)'> (0x000000008391a3a8) 
thrown [./open/src/hotspot/share/interpreter/linkResolver.cpp, line 782]
Event: 4.287 Thread 0x00000201c75d3770 Exception <a 'java/lang/reflect/InvocationTargetException'{0x0000000087323388}> (0x0000000087323388) 
thrown [./open/src/hotspot/share/runtime/reflection.cpp, line 1157]
Event: 4.803 Thread 0x00000201c75d3770 Exception <a 'java/lang/reflect/InvocationTargetException'{0x0000000087109648}> (0x0000000087109648) 
thrown [./open/src/hotspot/share/runtime/reflection.cpp, line 1157]
Event: 4.964 Thread 0x00000201a839ab30 Exception <a 'java/lang/NoSuchMethodError'{0x0000000086c34a50}: 'java.lang.Object java.lang.invoke.DirectMethodHandle$Holder.invokeStatic(java.lang.Object, java.lang.Object, java.lang.Object, java.lang.Object, int)'> (0x0000000086c34a50) 
thrown [./open/src/hotspot/share/interpreter/linkResolver.cpp, line 782]
Event: 5.317 Thread 0x00000201c75d3770 Exception <a 'java/lang/reflect/InvocationTargetException'{0x0000000087116610}> (0x0000000087116610) 
thrown [./open/src/hotspot/share/runtime/reflection.cpp, line 1157]
Event: 5.358 Thread 0x00000201a839ab30 Exception <a 'java/lang/NoClassDefFoundError'{0x00000000862cfdd0}: org/flywaydb/core/Flyway> (0x00000000862cfdd0) 
thrown [./open/src/hotspot/share/classfile/systemDictionary.cpp, line 284]
Event: 5.358 Thread 0x00000201a839ab30 Exception <a 'java/lang/NoClassDefFoundError'{0x00000000862d16a0}: liquibase/integration/spring/SpringLiquibase> (0x00000000862d16a0) 
thrown [./open/src/hotspot/share/classfile/systemDictionary.cpp, line 284]

Events (20 events):
Event: 5.009 loading class java/util/stream/ReferencePipeline$11 done
Event: 5.010 loading class java/util/stream/ReferencePipeline$11$1
Event: 5.010 loading class java/util/stream/ReferencePipeline$11$1 done
Event: 5.014 Executing VM operation: HandshakeAllThreads
Event: 5.014 Executing VM operation: HandshakeAllThreads done
Event: 5.250 Executing VM operation: HandshakeAllThreads
Event: 5.250 Executing VM operation: HandshakeAllThreads done
Event: 5.257 loading class java/lang/ClassFormatError
Event: 5.257 loading class java/lang/ClassFormatError done
Event: 5.304 loading class java/util/DualPivotQuicksort
Event: 5.305 loading class java/util/DualPivotQuicksort done
Event: 5.310 Thread 0x00000201c773d030 Thread added: 0x00000201c773d030
Event: 5.314 loading class jdk/internal/reflect/UnsafeStaticObjectFieldAccessorImpl
Event: 5.314 loading class jdk/internal/reflect/UnsafeStaticObjectFieldAccessorImpl done
Event: 5.321 Thread 0x00000201c773d030 Thread exited: 0x00000201c773d030
Event: 5.325 Executing VM operation: HandshakeAllThreads
Event: 5.325 Executing VM operation: HandshakeAllThreads done
Event: 5.361 loading class sun/reflect/generics/tree/BooleanSignature
Event: 5.361 loading class sun/reflect/generics/tree/BooleanSignature done
Event: 5.387 Executing VM operation: CollectForMetadataAllocation


Dynamic libraries:
0x00007ff722570000 - 0x00007ff72257d000 	C:\OPENJDK\bin\java.exe
0x00007ffdc6250000 - 0x00007ffdc6445000 	C:\WINDOWS\SYSTEM32\ntdll.dll
0x00007ffd91b80000 - 0x00007ffd91b96000 	C:\Program Files\AVAST Software\Avast\aswhook.dll
0x00007ffdc4ce0000 - 0x00007ffdc4d9e000 	C:\WINDOWS\System32\KERNEL32.DLL
0x00007ffdc3f70000 - 0x00007ffdc4238000 	C:\WINDOWS\System32\KERNELBASE.dll
0x00007ffdc3d70000 - 0x00007ffdc3e70000 	C:\WINDOWS\System32\ucrtbase.dll
0x00007ffdc0de0000 - 0x00007ffdc0df8000 	C:\OPENJDK\bin\jli.dll
0x00007ffdc42a0000 - 0x00007ffdc4441000 	C:\WINDOWS\System32\USER32.dll
0x00007ffdc3f10000 - 0x00007ffdc3f32000 	C:\WINDOWS\System32\win32u.dll
0x00007ffdc4be0000 - 0x00007ffdc4c0b000 	C:\WINDOWS\System32\GDI32.dll
0x00007ffdc3a00000 - 0x00007ffdc3b0b000 	C:\WINDOWS\System32\gdi32full.dll
0x00007ffdc3e70000 - 0x00007ffdc3f0d000 	C:\WINDOWS\System32\msvcp_win.dll
0x00007ffdbe700000 - 0x00007ffdbe719000 	C:\OPENJDK\bin\VCRUNTIME140.dll
0x00007ffdb8610000 - 0x00007ffdb88aa000 	C:\WINDOWS\WinSxS\amd64_microsoft.windows.common-controls_6595b64144ccf1df_6.0.19041.1110_none_60b5254171f9507e\COMCTL32.dll
0x00007ffdc49d0000 - 0x00007ffdc4a6e000 	C:\WINDOWS\System32\msvcrt.dll
0x00007ffdc4cb0000 - 0x00007ffdc4ce0000 	C:\WINDOWS\System32\IMM32.DLL
0x00007ffdbf080000 - 0x00007ffdbf08c000 	C:\OPENJDK\bin\vcruntime140_1.dll
0x00007ffdb89d0000 - 0x00007ffdb8a61000 	C:\OPENJDK\bin\msvcp140.dll
0x00007ffd908c0000 - 0x00007ffd9141e000 	C:\OPENJDK\bin\server\jvm.dll
0x00007ffdc4da0000 - 0x00007ffdc4e4c000 	C:\WINDOWS\System32\ADVAPI32.dll
0x00007ffdc4c10000 - 0x00007ffdc4cab000 	C:\WINDOWS\System32\sechost.dll
0x00007ffdc5c60000 - 0x00007ffdc5d8a000 	C:\WINDOWS\System32\RPCRT4.dll
0x00007ffdc5c50000 - 0x00007ffdc5c58000 	C:\WINDOWS\System32\PSAPI.DLL
0x00007ffdb4ab0000 - 0x00007ffdb4ab9000 	C:\WINDOWS\SYSTEM32\WSOCK32.dll
0x00007ffdc4a70000 - 0x00007ffdc4adb000 	C:\WINDOWS\System32\WS2_32.dll
0x00007ffdb88b0000 - 0x00007ffdb88d7000 	C:\WINDOWS\SYSTEM32\WINMM.dll
0x00007ffdb9470000 - 0x00007ffdb947a000 	C:\WINDOWS\SYSTEM32\VERSION.dll
0x00007ffdc1530000 - 0x00007ffdc1542000 	C:\WINDOWS\SYSTEM32\kernel.appcore.dll
0x00007ffdbf050000 - 0x00007ffdbf05a000 	C:\OPENJDK\bin\jimage.dll
0x00007ffdb83f0000 - 0x00007ffdb85d4000 	C:\WINDOWS\SYSTEM32\DBGHELP.DLL
0x00007ffdb8260000 - 0x00007ffdb828c000 	C:\WINDOWS\SYSTEM32\dbgcore.DLL
0x00007ffdc3970000 - 0x00007ffdc39f3000 	C:\WINDOWS\System32\bcryptPrimitives.dll
0x00007ffdbe750000 - 0x00007ffdbe75e000 	C:\OPENJDK\bin\instrument.dll
0x00007ffdb8c20000 - 0x00007ffdb8c45000 	C:\OPENJDK\bin\java.dll
0x00007ffdc4e50000 - 0x00007ffdc558f000 	C:\WINDOWS\System32\SHELL32.dll
0x00007ffdc2720000 - 0x00007ffdc2eb0000 	C:\WINDOWS\SYSTEM32\windows.storage.dll
0x00007ffdc4450000 - 0x00007ffdc47a5000 	C:\WINDOWS\System32\combase.dll
0x00007ffdc33c0000 - 0x00007ffdc33ee000 	C:\WINDOWS\SYSTEM32\Wldp.dll
0x00007ffdc5660000 - 0x00007ffdc570d000 	C:\WINDOWS\System32\SHCORE.dll
0x00007ffdc5710000 - 0x00007ffdc5765000 	C:\WINDOWS\System32\shlwapi.dll
0x00007ffdc38b0000 - 0x00007ffdc38cf000 	C:\WINDOWS\SYSTEM32\profapi.dll
0x00007ffdb8b30000 - 0x00007ffdb8b48000 	C:\OPENJDK\bin\zip.dll
0x00007ffdbb720000 - 0x00007ffdbb739000 	C:\OPENJDK\bin\net.dll
0x00007ffdbd170000 - 0x00007ffdbd27c000 	C:\WINDOWS\SYSTEM32\WINHTTP.dll
0x00007ffdc2650000 - 0x00007ffdc26ba000 	C:\WINDOWS\system32\mswsock.dll
0x00007ffdb8c00000 - 0x00007ffdb8c12000 	C:\OPENJDK\bin\nio.dll
0x00007ffdae720000 - 0x00007ffdae73a000 	C:\Program Files\JetBrains\IntelliJ IDEA 2020.1\bin\breakgen64.dll
0x00007ffdc2310000 - 0x00007ffdc23db000 	C:\WINDOWS\SYSTEM32\DNSAPI.dll
0x00007ffdc22d0000 - 0x00007ffdc230b000 	C:\WINDOWS\SYSTEM32\IPHLPAPI.DLL
0x00007ffdc4850000 - 0x00007ffdc4858000 	C:\WINDOWS\System32\NSI.dll
0x00007ffdb72a0000 - 0x00007ffdb72aa000 	C:\Windows\System32\rasadhlp.dll
0x00007ffdb62a0000 - 0x00007ffdb631f000 	C:\WINDOWS\System32\fwpuclnt.dll
0x00007ffdc3f40000 - 0x00007ffdc3f67000 	C:\WINDOWS\System32\bcrypt.dll
0x00007ffdbd8f0000 - 0x00007ffdbd8f9000 	C:\OPENJDK\bin\management.dll
0x00007ffdbc250000 - 0x00007ffdbc25b000 	C:\OPENJDK\bin\management_ext.dll
0x00007ffdc3310000 - 0x00007ffdc3328000 	C:\WINDOWS\SYSTEM32\CRYPTSP.dll
0x0000000052ad0000 - 0x0000000052ae1000 	C:\Program Files\Common Files\Crypto Pro\AppCompat\cpadvai.dll
0x0000000052af0000 - 0x0000000052af7000 	C:\Program Files\Common Files\Crypto Pro\AppCompat\detoured.dll
0x00007ffdc1f00000 - 0x00007ffdc1f34000 	C:\WINDOWS\system32\rsaenh.dll
0x00007ffdc3870000 - 0x00007ffdc389e000 	C:\WINDOWS\SYSTEM32\USERENV.dll
0x00007ffdc3330000 - 0x00007ffdc333c000 	C:\WINDOWS\SYSTEM32\CRYPTBASE.dll
0x00007ffdb7e90000 - 0x00007ffdb7ea7000 	C:\WINDOWS\SYSTEM32\dhcpcsvc6.DLL
0x00007ffdb8320000 - 0x00007ffdb833d000 	C:\WINDOWS\SYSTEM32\dhcpcsvc.DLL
0x00007ffdacdc0000 - 0x00007ffdacdd7000 	C:\WINDOWS\system32\napinsp.dll
0x00007ffdacda0000 - 0x00007ffdacdbb000 	C:\WINDOWS\system32\pnrpnsp.dll
0x00007ffdaf8f0000 - 0x00007ffdaf905000 	C:\WINDOWS\system32\wshbth.dll
0x00007ffdbf020000 - 0x00007ffdbf03d000 	C:\WINDOWS\system32\NLAapi.dll
0x00007ffdacd30000 - 0x00007ffdacd42000 	C:\WINDOWS\System32\winrnr.dll

dbghelp: loaded successfully - version: 4.0.5 - missing functions: none
symbol engine: initialized successfully - sym options: 0x614 - pdb path: .;C:\OPENJDK\bin;C:\WINDOWS\SYSTEM32;C:\Program Files\AVAST Software\Avast;C:\WINDOWS\WinSxS\amd64_microsoft.windows.common-controls_6595b64144ccf1df_6.0.19041.1110_none_60b5254171f9507e;C:\OPENJDK\bin\server;C:\Program Files\JetBrains\IntelliJ IDEA 2020.1\bin;C:\Program Files\Common Files\Crypto Pro\AppCompat

VM Arguments:
jvm_args: -XX:TieredStopAtLevel=1 -Xverify:none -Dspring.output.ansi.enabled=always -Dcom.sun.management.jmxremote -Dspring.jmx.enabled=true -Dspring.liveBeansView.mbeanDomain -Dspring.application.admin.enabled=true -javaagent:C:\Program Files\JetBrains\IntelliJ IDEA 2020.1\lib\idea_rt.jar=55518:C:\Program Files\JetBrains\IntelliJ IDEA 2020.1\bin -Dfile.encoding=UTF-8 
java_command: com.example.demo.DemoApplication
java_class_path (initial): C:\Users\79513\Desktop\проекты JM\3.1.1\target\classes;C:\Users\79513\.m2\repository\org\springframework\boot\spring-boot-starter-data-jpa\2.5.8-SNAPSHOT\spring-boot-starter-data-jpa-2.5.8-20211201.145113-18.jar;C:\Users\79513\.m2\repository\org\springframework\boot\spring-boot-starter-aop\2.5.8-SNAPSHOT\spring-boot-starter-aop-2.5.8-20211201.145113-18.jar;C:\Users\79513\.m2\repository\org\aspectj\aspectjweaver\1.9.7\aspectjweaver-1.9.7.jar;C:\Users\79513\.m2\repository\org\springframework\boot\spring-boot-starter-jdbc\2.5.8-SNAPSHOT\spring-boot-starter-jdbc-2.5.8-20211201.145113-18.jar;C:\Users\79513\.m2\repository\com\zaxxer\HikariCP\4.0.3\HikariCP-4.0.3.jar;C:\Users\79513\.m2\repository\org\springframework\spring-jdbc\5.3.13\spring-jdbc-5.3.13.jar;C:\Users\79513\.m2\repository\jakarta\transaction\jakarta.transaction-api\1.3.3\jakarta.transaction-api-1.3.3.jar;C:\Users\79513\.m2\repository\jakarta\persistence\jakarta.persistence-api\2.2.3\jakarta.persistence-api-2.2.3.jar;C:\Users\79513\.m2\repository\org\hibernate\hibernate-core\5.4.32.Final\hibernate-core-5.4.32.Final.jar;C:\Users\79513\.m2\repository\org\javassist\javassist\3.27.0-GA\javassist-3.27.0-GA.jar;C:\Users\79513\.m2\repository\net\bytebuddy\byte-buddy\1.10.22\byte-buddy-1.10.22.jar;C:\Users\79513\.m2\repository\antlr\antlr\2.7.7\antlr-2.7.7.jar;C:\Users\79513\.m2\repository\org\jboss\jandex\2.2.3.Final\jandex-2.2.3.Final.jar;C:\Users\79513\.m2\repository\org\dom4j\dom4j\2.1.3\dom4j-2.1.3.jar;C:\Users\79513\.m2\repository\org\hibernate\common\hibernate-commons-annotations\5.1.2.Final\hibernate-commons-annotations-5.1.2.Final.jar;C:\Users\79513\.m2\repository\org\glassfish\jaxb\jaxb-runtime\2.3.5\jaxb-runtime-2.3.5.jar;C:\Users\79513\.m2\repository\org\glassfish\jaxb\txw2\2.3.5\txw2-2.3.5.jar;C:\Users\79513\.m2\repository\com\sun\istack\istack-commons-runtime\3.0.12\istack-commons-runtime-3.0.12.jar;C:\Users\79513\.m2\repository\com\sun\activation\jakarta.activation\1.2.2\ja
Launcher Type: SUN_STANDARD

[Global flags]
     intx CICompilerCount                          = 3                                         {product} {ergonomic}
     uint ConcGCThreads                            = 1                                         {product} {ergonomic}
     uint G1ConcRefinementThreads                  = 4                                         {product} {ergonomic}
   size_t G1HeapRegionSize                         = 1048576                                   {product} {ergonomic}
    uintx GCDrainStackTargetSize                   = 64                                        {product} {ergonomic}
   size_t InitialHeapSize                          = 134217728                                 {product} {ergonomic}
     bool ManagementServer                         = true                                      {product} {command line}
   size_t MarkStackSize                            = 4194304                                   {product} {ergonomic}
   size_t MaxHeapSize                              = 2145386496                                {product} {ergonomic}
   size_t MaxNewSize                               = 1286602752                                {product} {ergonomic}
   size_t MinHeapDeltaBytes                        = 1048576                                   {product} {ergonomic}
   size_t MinHeapSize                              = 8388608                                   {product} {ergonomic}
    uintx NonNMethodCodeHeapSize                   = 6973028                                {pd product} {ergonomic}
    uintx NonProfiledCodeHeapSize                  = 244685212                              {pd product} {ergonomic}
    uintx ProfiledCodeHeapSize                     = 0                                      {pd product} {ergonomic}
    uintx ReservedCodeCacheSize                    = 251658240                              {pd product} {ergonomic}
     bool SegmentedCodeCache                       = true                                      {product} {ergonomic}
   size_t SoftMaxHeapSize                          = 2145386496                             {manageable} {ergonomic}
     intx TieredStopAtLevel                        = 1                                         {product} {command line}
     bool UseCompressedClassPointers               = true                                 {lp64_product} {ergonomic}
     bool UseCompressedOops                        = true                                 {lp64_product} {ergonomic}
     bool UseG1GC                                  = true                                      {product} {ergonomic}
     bool UseLargePagesIndividualAllocation        = false                                  {pd product} {ergonomic}

Logging:
Log output configuration:
 #0: stdout all=warning uptime,level,tags
 #1: stderr all=off uptime,level,tags

Environment Variables:
JAVA_HOME=C:\OPENJDK
PATH=C:\Program Files (x86)\NVIDIA Corporation\PhysX\Common;C:\WINDOWS\system32;C:\WINDOWS;C:\WINDOWS\System32\Wbem;C:\WINDOWS\System32\WindowsPowerShell\v1.0\;C:\WINDOWS\System32\OpenSSH\;C:\Program Files (x86)\NoteBook FanControl\;C:\Program Files\Git\cmd;C:\apache-maven-3.8.3\bin;C:\OPENJDK\bin;C:\windows\system32\;C:\tizen-studio\tools\ide\bin;C:\Users\79513\AppData\Local\Microsoft\WindowsApps;C:\Users\79513\AppData\Local\GitHubDesktop\bin
USERNAME=јнатолий
OS=Windows_NT
PROCESSOR_IDENTIFIER=Intel64 Family 6 Model 37 Stepping 2, GenuineIntel



---------------  S Y S T E M  ---------------

OS:
 Windows 10 , 64 bit Build 19041 (10.0.19041.1348)
OS uptime: 0 days 11:48 hours

CPU: total 4 (initial active 4) (2 cores per cpu, 2 threads per core) family 6 model 37 stepping 2 microcode 0x11, cmov, cx8, fxsr, mmx, sse, sse2, sse3, ssse3, sse4.1, sse4.2, popcnt, ht, tsc, tscinvbit, clflush

Memory: 4k page, system-wide physical 8182M (1385M free)
TotalPageFile size 9182M (AvailPageFile size 15M)
current process WorkingSet (physical memory assigned to process): 160M, peak: 160M
current process commit charge ("private bytes"): 240M, peak: 266M

vm_info: OpenJDK 64-Bit Server VM (15.0.1+9-18) for windows-amd64 JRE (15.0.1+9-18), built on Sep 15 2020 14:39:31 by "mach5one" with unknown MS VC++:1925

END.
