#
# There is insufficient memory for the Java Runtime Environment to continue.
# Native memory allocation (mmap) failed to map 27262976 bytes for G1 virtual space
# Possible reasons:
#   The system is out of physical RAM or swap space
#   The process is running with CompressedOops enabled, and the Java Heap may be blocking the growth of the native heap
# Possible solutions:
#   Reduce memory load on the system
#   Increase physical memory or swap space
#   Check if swap backing store is full
#   Decrease Java heap size (-Xmx/-Xms)
#   Decrease number of Java threads
#   Decrease Java thread stack sizes (-Xss)
#   Set larger code cache with -XX:ReservedCodeCacheSize=
#   JVM is running with Unscaled Compressed Oops mode in which the Java heap is
#     placed in the first 4GB address space. The Java Heap base address is the
#     maximum limit for the native heap growth. Please use -XX:HeapBaseMinAddress
#     to set the Java Heap base and to place the Java Heap above 4GB virtual address.
# This output file may be truncated or incomplete.
#
#  Out of Memory Error (./open/src/hotspot/os/windows/os_windows.cpp:3472), pid=5884, tid=14180
#
# JRE version: OpenJDK Runtime Environment (15.0.1+9) (build 15.0.1+9-18)
# Java VM: OpenJDK 64-Bit Server VM (15.0.1+9-18, mixed mode, sharing, tiered, compressed oops, g1 gc, windows-amd64)
# No core dump will be written. Minidumps are not enabled by default on client versions of Windows
#

---------------  S U M M A R Y ------------

Command Line: -XX:TieredStopAtLevel=1 -Xverify:none -Dspring.output.ansi.enabled=always -Dcom.sun.management.jmxremote -Dspring.jmx.enabled=true -Dspring.liveBeansView.mbeanDomain -Dspring.application.admin.enabled=true -javaagent:C:\Program Files\JetBrains\IntelliJ IDEA 2020.1\lib\idea_rt.jar=63405:C:\Program Files\JetBrains\IntelliJ IDEA 2020.1\bin -Dfile.encoding=UTF-8 com.example.demo.DemoApplication

Host: Intel(R) Core(TM) i5 CPU       M 430  @ 2.27GHz, 4 cores, 7G,  Windows 10 , 64 bit Build 19041 (10.0.19041.1348)
Time: Wed Dec  8 09:52:01 2021 Ќовосибирское стандартное врем€ elapsed time: 5.051421 seconds (0d 0h 0m 5s)

---------------  T H R E A D  ---------------

Current thread (0x000002a5c01e9680):  VMThread "VM Thread" [stack: 0x000000e794900000,0x000000e794a00000] [id=14180]

Stack: [0x000000e794900000,0x000000e794a00000]
[error occurred during error reporting (printing stack bounds), id 0xc0000005, EXCEPTION_ACCESS_VIOLATION (0xc0000005) at pc=0x000002a5aa1310bd]

Native frames: (J=compiled Java code, j=interpreted, Vv=VM code, C=native code)
V  [jvm.dll+0x62ae9a]
V  [jvm.dll+0x781389]
V  [jvm.dll+0x782ae3]
V  [jvm.dll+0x7830a5]
V  [jvm.dll+0x78305b]
V  [jvm.dll+0x62a2b9]
V  [jvm.dll+0x62aa88]
C  [ntdll.dll+0xa20cf]
C  [ntdll.dll+0x51454]
C  [ntdll.dll+0xa0bfe]
C  0x000002a5aa1310bd

VM_Operation (0x000000e7943fa5e0): CollectForMetadataAllocation, mode: safepoint, requested by thread 0x000002a5a1f1a150


---------------  P R O C E S S  ---------------

Threads class SMR info:
_java_thread_list=0x000002a5c20bd4f0, length=12, elements={
0x000002a5a1f1a150, 0x000002a5c01ee320, 0x000002a5c01efe10, 0x000002a5c020a4d0,
0x000002a5c020bea0, 0x000002a5c020e870, 0x000002a5c020f2e0, 0x000002a5c020fce0,
0x000002a5c01d32d0, 0x000002a5c0f64fa0, 0x000002a5c0f65470, 0x000002a5c11573e0
}

Java Threads: ( => current thread )
  0x000002a5a1f1a150 JavaThread "main" [_thread_blocked, id=9676, stack(0x000000e794300000,0x000000e794400000)]
  0x000002a5c01ee320 JavaThread "Reference Handler" daemon [_thread_blocked, id=12540, stack(0x000000e794a00000,0x000000e794b00000)]
  0x000002a5c01efe10 JavaThread "Finalizer" daemon [_thread_blocked, id=2184, stack(0x000000e794b00000,0x000000e794c00000)]
  0x000002a5c020a4d0 JavaThread "Signal Dispatcher" daemon [_thread_blocked, id=18056, stack(0x000000e794c00000,0x000000e794d00000)]
  0x000002a5c020bea0 JavaThread "Attach Listener" daemon [_thread_blocked, id=15292, stack(0x000000e794d00000,0x000000e794e00000)]
  0x000002a5c020e870 JavaThread "Service Thread" daemon [_thread_blocked, id=3280, stack(0x000000e794e00000,0x000000e794f00000)]
  0x000002a5c020f2e0 JavaThread "C1 CompilerThread0" daemon [_thread_blocked, id=4424, stack(0x000000e794f00000,0x000000e795000000)]
  0x000002a5c020fce0 JavaThread "Sweeper thread" daemon [_thread_blocked, id=9652, stack(0x000000e795000000,0x000000e795100000)]
  0x000002a5c01d32d0 JavaThread "Common-Cleaner" daemon [_thread_blocked, id=4136, stack(0x000000e795100000,0x000000e795200000)]
  0x000002a5c0f64fa0 JavaThread "Monitor Ctrl-Break" daemon [_thread_in_native, id=20676, stack(0x000000e795200000,0x000000e795300000)]
  0x000002a5c0f65470 JavaThread "Notification Thread" daemon [_thread_blocked, id=19532, stack(0x000000e795300000,0x000000e795400000)]
  0x000002a5c11573e0 JavaThread "RMI TCP Accept-0" daemon [_thread_in_native, id=19936, stack(0x000000e795400000,0x000000e795500000)]

Other Threads:
=>0x000002a5c01e9680 VMThread "VM Thread" [stack: 0x000000e794900000,0x000000e794a00000] [id=14180]
  0x000002a5a1f1b300 WatcherThread [stack: 0x000000e795500000,0x000000e795600000] [id=4796]
  0x000002a59ff3e840 GCTaskThread "GC Thread#0" [stack: 0x000000e794400000,0x000000e794500000] [id=8456]
  0x000002a5c119dde0 GCTaskThread "GC Thread#1" [stack: 0x000000e795600000,0x000000e795700000] [id=728]
  0x000002a5c11a0db0 GCTaskThread "GC Thread#2" [stack: 0x000000e795700000,0x000000e795800000] [id=11668]
  0x000002a5c11a00f0 GCTaskThread "GC Thread#3" [stack: 0x000000e795a00000,0x000000e795b00000] [id=21400]
  0x000002a5a1f65920 ConcurrentGCThread "G1 Main Marker" [stack: 0x000000e794500000,0x000000e794600000] [id=18004]
  0x000002a5a1f66590 ConcurrentGCThread "G1 Conc#0" [stack: 0x000000e794600000,0x000000e794700000] [id=14524]
  0x000002a5a1fddc10 ConcurrentGCThread "G1 Refine#0" [stack: 0x000000e794700000,0x000000e794800000] [id=11076]
  0x000002a5c11d8b70 ConcurrentGCThread "G1 Refine#1" [stack: 0x000000e795800000,0x000000e795900000] [id=15796]
  0x000002a5a1fde810 ConcurrentGCThread "G1 Young RemSet Sampling" [stack: 0x000000e794800000,0x000000e794900000] [id=7392]

Threads with active compile tasks:

VM state: at safepoint (normal execution)

VM Mutex/Monitor currently owned by a thread:  ([mutex/lock_event])
[0x000002a5a1f14f00] Threads_lock - owner thread: 0x000002a5c01e9680
[0x000002a5a1f15ec0] Heap_lock - owner thread: 0x000002a5a1f1a150

Heap address: 0x0000000080200000, size: 2046 MB, Compressed Oops mode: 32-bit
CDS archive(s) mapped at: [0x0000000800000000-0x0000000800b50000-0x0000000800b50000), size 11862016, SharedBaseAddress: 0x0000000800000000, ArchiveRelocationMode: 0.
Compressed class space mapped at: 0x0000000800b50000-0x0000000840b50000, size: 1073741824
Narrow klass base: 0x0000000800000000, Narrow klass shift: 3, Narrow klass range: 0x100000000

GC Precious Log:
 CPUs: 4 total, 4 available
 Memory: 8182M
 Large Page Support: Disabled
 NUMA Support: Disabled
 Compressed Oops: Enabled (32-bit)
 Heap Region Size: 1M
 Heap Min Capacity: 8M
 Heap Initial Capacity: 128M
 Heap Max Capacity: 2046M
 Pre-touch: Disabled
 Parallel Workers: 4
 Concurrent Workers: 1
 Concurrent Refinement Workers: 4
 Periodic GC: Disabled

Heap:
 garbage-first heap   total 157696K, used 13924K [0x0000000080200000, 0x0000000100000000)
  region size 1024K, 7 young (7168K), 7 survivors (7168K)
 Metaspace       used 20773K, capacity 21132K, committed 21296K, reserved 1067008K
  class space    used 2761K, capacity 2879K, committed 2944K, reserved 1048576K

Heap Regions: E=young(eden), S=young(survivor), O=old, HS=humongous(starts), HC=humongous(continues), CS=collection set, F=free, OA=open archive, CA=closed archive, TAMS=top-at-mark-start (previous, next)
|   0|0x0000000080200000, 0x0000000080300000, 0x0000000080300000|100%|HS|  |TAMS 0x0000000080200000, 0x0000000080300000| Complete 
|   1|0x0000000080300000, 0x0000000080400000, 0x0000000080400000|100%| O|  |TAMS 0x0000000080300000, 0x0000000080400000| Untracked 
|   2|0x0000000080400000, 0x0000000080500000, 0x0000000080500000|100%| O|  |TAMS 0x0000000080400000, 0x0000000080500000| Untracked 
|   3|0x0000000080500000, 0x0000000080600000, 0x0000000080600000|100%| O|  |TAMS 0x0000000080500000, 0x0000000080600000| Untracked 
|   4|0x0000000080600000, 0x0000000080700000, 0x0000000080700000|100%| O|  |TAMS 0x0000000080600000, 0x0000000080700000| Untracked 
|   5|0x0000000080700000, 0x0000000080800000, 0x0000000080800000|100%| O|  |TAMS 0x0000000080700000, 0x0000000080800000| Untracked 
|   6|0x0000000080800000, 0x00000000808d3000, 0x0000000080900000| 82%| O|  |TAMS 0x0000000080800000, 0x00000000808d3000| Untracked 
|   7|0x0000000080900000, 0x0000000080900000, 0x0000000080a00000|  0%| F|  |TAMS 0x0000000080900000, 0x0000000080900000| Untracked 
|   8|0x0000000080a00000, 0x0000000080a00000, 0x0000000080b00000|  0%| F|  |TAMS 0x0000000080a00000, 0x0000000080a00000| Untracked 
|   9|0x0000000080b00000, 0x0000000080b00000, 0x0000000080c00000|  0%| F|  |TAMS 0x0000000080b00000, 0x0000000080b00000| Untracked 
|  10|0x0000000080c00000, 0x0000000080c00000, 0x0000000080d00000|  0%| F|  |TAMS 0x0000000080c00000, 0x0000000080c00000| Untracked 
|  11|0x0000000080d00000, 0x0000000080d00000, 0x0000000080e00000|  0%| F|  |TAMS 0x0000000080d00000, 0x0000000080d00000| Untracked 
|  12|0x0000000080e00000, 0x0000000080e00000, 0x0000000080f00000|  0%| F|  |TAMS 0x0000000080e00000, 0x0000000080e00000| Untracked 
|  13|0x0000000080f00000, 0x0000000080f00000, 0x0000000081000000|  0%| F|  |TAMS 0x0000000080f00000, 0x0000000080f00000| Untracked 
|  14|0x0000000081000000, 0x0000000081000000, 0x0000000081100000|  0%| F|  |TAMS 0x0000000081000000, 0x0000000081000000| Untracked 
|  15|0x0000000081100000, 0x0000000081100000, 0x0000000081200000|  0%| F|  |TAMS 0x0000000081100000, 0x0000000081100000| Untracked 
|  16|0x0000000081200000, 0x0000000081200000, 0x0000000081300000|  0%| F|  |TAMS 0x0000000081200000, 0x0000000081200000| Untracked 
|  17|0x0000000081300000, 0x0000000081300000, 0x0000000081400000|  0%| F|  |TAMS 0x0000000081300000, 0x0000000081300000| Untracked 
|  18|0x0000000081400000, 0x0000000081400000, 0x0000000081500000|  0%| F|  |TAMS 0x0000000081400000, 0x0000000081400000| Untracked 
|  19|0x0000000081500000, 0x0000000081500000, 0x0000000081600000|  0%| F|  |TAMS 0x0000000081500000, 0x0000000081500000| Untracked 
|  20|0x0000000081600000, 0x0000000081600000, 0x0000000081700000|  0%| F|  |TAMS 0x0000000081600000, 0x0000000081600000| Untracked 
|  21|0x0000000081700000, 0x0000000081700000, 0x0000000081800000|  0%| F|  |TAMS 0x0000000081700000, 0x0000000081700000| Untracked 
|  22|0x0000000081800000, 0x0000000081800000, 0x0000000081900000|  0%| F|  |TAMS 0x0000000081800000, 0x0000000081800000| Untracked 
|  23|0x0000000081900000, 0x0000000081900000, 0x0000000081a00000|  0%| F|  |TAMS 0x0000000081900000, 0x0000000081900000| Untracked 
|  24|0x0000000081a00000, 0x0000000081a00000, 0x0000000081b00000|  0%| F|  |TAMS 0x0000000081a00000, 0x0000000081a00000| Untracked 
|  25|0x0000000081b00000, 0x0000000081b00000, 0x0000000081c00000|  0%| F|  |TAMS 0x0000000081b00000, 0x0000000081b00000| Untracked 
|  26|0x0000000081c00000, 0x0000000081c00000, 0x0000000081d00000|  0%| F|  |TAMS 0x0000000081c00000, 0x0000000081c00000| Untracked 
|  27|0x0000000081d00000, 0x0000000081d00000, 0x0000000081e00000|  0%| F|  |TAMS 0x0000000081d00000, 0x0000000081d00000| Untracked 
|  28|0x0000000081e00000, 0x0000000081e00000, 0x0000000081f00000|  0%| F|  |TAMS 0x0000000081e00000, 0x0000000081e00000| Untracked 
|  29|0x0000000081f00000, 0x0000000081f00000, 0x0000000082000000|  0%| F|  |TAMS 0x0000000081f00000, 0x0000000081f00000| Untracked 
|  30|0x0000000082000000, 0x0000000082000000, 0x0000000082100000|  0%| F|  |TAMS 0x0000000082000000, 0x0000000082000000| Untracked 
|  31|0x0000000082100000, 0x0000000082100000, 0x0000000082200000|  0%| F|  |TAMS 0x0000000082100000, 0x0000000082100000| Untracked 
|  32|0x0000000082200000, 0x0000000082200000, 0x0000000082300000|  0%| F|  |TAMS 0x0000000082200000, 0x0000000082200000| Untracked 
|  33|0x0000000082300000, 0x0000000082300000, 0x0000000082400000|  0%| F|  |TAMS 0x0000000082300000, 0x0000000082300000| Untracked 
|  34|0x0000000082400000, 0x0000000082400000, 0x0000000082500000|  0%| F|  |TAMS 0x0000000082400000, 0x0000000082400000| Untracked 
|  35|0x0000000082500000, 0x0000000082500000, 0x0000000082600000|  0%| F|  |TAMS 0x0000000082500000, 0x0000000082500000| Untracked 
|  36|0x0000000082600000, 0x0000000082600000, 0x0000000082700000|  0%| F|  |TAMS 0x0000000082600000, 0x0000000082600000| Untracked 
|  37|0x0000000082700000, 0x0000000082700000, 0x0000000082800000|  0%| F|  |TAMS 0x0000000082700000, 0x0000000082700000| Untracked 
|  38|0x0000000082800000, 0x0000000082800000, 0x0000000082900000|  0%| F|  |TAMS 0x0000000082800000, 0x0000000082800000| Untracked 
|  39|0x0000000082900000, 0x0000000082900000, 0x0000000082a00000|  0%| F|  |TAMS 0x0000000082900000, 0x0000000082900000| Untracked 
|  40|0x0000000082a00000, 0x0000000082a00000, 0x0000000082b00000|  0%| F|  |TAMS 0x0000000082a00000, 0x0000000082a00000| Untracked 
|  41|0x0000000082b00000, 0x0000000082b00000, 0x0000000082c00000|  0%| F|  |TAMS 0x0000000082b00000, 0x0000000082b00000| Untracked 
|  42|0x0000000082c00000, 0x0000000082c00000, 0x0000000082d00000|  0%| F|  |TAMS 0x0000000082c00000, 0x0000000082c00000| Untracked 
|  43|0x0000000082d00000, 0x0000000082d00000, 0x0000000082e00000|  0%| F|  |TAMS 0x0000000082d00000, 0x0000000082d00000| Untracked 
|  44|0x0000000082e00000, 0x0000000082e00000, 0x0000000082f00000|  0%| F|  |TAMS 0x0000000082e00000, 0x0000000082e00000| Untracked 
|  45|0x0000000082f00000, 0x0000000082f00000, 0x0000000083000000|  0%| F|  |TAMS 0x0000000082f00000, 0x0000000082f00000| Untracked 
|  46|0x0000000083000000, 0x0000000083000000, 0x0000000083100000|  0%| F|  |TAMS 0x0000000083000000, 0x0000000083000000| Untracked 
|  47|0x0000000083100000, 0x0000000083100000, 0x0000000083200000|  0%| F|  |TAMS 0x0000000083100000, 0x0000000083100000| Untracked 
|  48|0x0000000083200000, 0x0000000083200000, 0x0000000083300000|  0%| F|  |TAMS 0x0000000083200000, 0x0000000083200000| Untracked 
|  49|0x0000000083300000, 0x0000000083300000, 0x0000000083400000|  0%| F|  |TAMS 0x0000000083300000, 0x0000000083300000| Untracked 
|  50|0x0000000083400000, 0x0000000083400000, 0x0000000083500000|  0%| F|  |TAMS 0x0000000083400000, 0x0000000083400000| Untracked 
|  51|0x0000000083500000, 0x0000000083500000, 0x0000000083600000|  0%| F|  |TAMS 0x0000000083500000, 0x0000000083500000| Untracked 
|  52|0x0000000083600000, 0x0000000083600000, 0x0000000083700000|  0%| F|  |TAMS 0x0000000083600000, 0x0000000083600000| Untracked 
|  53|0x0000000083700000, 0x0000000083700000, 0x0000000083800000|  0%| F|  |TAMS 0x0000000083700000, 0x0000000083700000| Untracked 
|  54|0x0000000083800000, 0x0000000083800000, 0x0000000083900000|  0%| F|  |TAMS 0x0000000083800000, 0x0000000083800000| Untracked 
|  55|0x0000000083900000, 0x0000000083900000, 0x0000000083a00000|  0%| F|  |TAMS 0x0000000083900000, 0x0000000083900000| Untracked 
|  56|0x0000000083a00000, 0x0000000083a00000, 0x0000000083b00000|  0%| F|  |TAMS 0x0000000083a00000, 0x0000000083a00000| Untracked 
|  57|0x0000000083b00000, 0x0000000083b00000, 0x0000000083c00000|  0%| F|  |TAMS 0x0000000083b00000, 0x0000000083b00000| Untracked 
|  58|0x0000000083c00000, 0x0000000083c00000, 0x0000000083d00000|  0%| F|  |TAMS 0x0000000083c00000, 0x0000000083c00000| Untracked 
|  59|0x0000000083d00000, 0x0000000083d00000, 0x0000000083e00000|  0%| F|  |TAMS 0x0000000083d00000, 0x0000000083d00000| Untracked 
|  60|0x0000000083e00000, 0x0000000083e00000, 0x0000000083f00000|  0%| F|  |TAMS 0x0000000083e00000, 0x0000000083e00000| Untracked 
|  61|0x0000000083f00000, 0x0000000083f00000, 0x0000000084000000|  0%| F|  |TAMS 0x0000000083f00000, 0x0000000083f00000| Untracked 
|  62|0x0000000084000000, 0x0000000084000000, 0x0000000084100000|  0%| F|  |TAMS 0x0000000084000000, 0x0000000084000000| Untracked 
|  63|0x0000000084100000, 0x0000000084100000, 0x0000000084200000|  0%| F|  |TAMS 0x0000000084100000, 0x0000000084100000| Untracked 
|  64|0x0000000084200000, 0x0000000084200000, 0x0000000084300000|  0%| F|  |TAMS 0x0000000084200000, 0x0000000084200000| Untracked 
|  65|0x0000000084300000, 0x0000000084300000, 0x0000000084400000|  0%| F|  |TAMS 0x0000000084300000, 0x0000000084300000| Untracked 
|  66|0x0000000084400000, 0x0000000084400000, 0x0000000084500000|  0%| F|  |TAMS 0x0000000084400000, 0x0000000084400000| Untracked 
|  67|0x0000000084500000, 0x0000000084500000, 0x0000000084600000|  0%| F|  |TAMS 0x0000000084500000, 0x0000000084500000| Untracked 
|  68|0x0000000084600000, 0x0000000084600000, 0x0000000084700000|  0%| F|  |TAMS 0x0000000084600000, 0x0000000084600000| Untracked 
|  69|0x0000000084700000, 0x0000000084700000, 0x0000000084800000|  0%| F|  |TAMS 0x0000000084700000, 0x0000000084700000| Untracked 
|  70|0x0000000084800000, 0x0000000084800000, 0x0000000084900000|  0%| F|  |TAMS 0x0000000084800000, 0x0000000084800000| Untracked 
|  71|0x0000000084900000, 0x0000000084900000, 0x0000000084a00000|  0%| F|  |TAMS 0x0000000084900000, 0x0000000084900000| Untracked 
|  72|0x0000000084a00000, 0x0000000084a00000, 0x0000000084b00000|  0%| F|  |TAMS 0x0000000084a00000, 0x0000000084a00000| Untracked 
|  73|0x0000000084b00000, 0x0000000084b00000, 0x0000000084c00000|  0%| F|  |TAMS 0x0000000084b00000, 0x0000000084b00000| Untracked 
|  74|0x0000000084c00000, 0x0000000084c00000, 0x0000000084d00000|  0%| F|  |TAMS 0x0000000084c00000, 0x0000000084c00000| Untracked 
|  75|0x0000000084d00000, 0x0000000084d00000, 0x0000000084e00000|  0%| F|  |TAMS 0x0000000084d00000, 0x0000000084d00000| Untracked 
|  76|0x0000000084e00000, 0x0000000084e00000, 0x0000000084f00000|  0%| F|  |TAMS 0x0000000084e00000, 0x0000000084e00000| Untracked 
|  77|0x0000000084f00000, 0x0000000084f00000, 0x0000000085000000|  0%| F|  |TAMS 0x0000000084f00000, 0x0000000084f00000| Untracked 
|  78|0x0000000085000000, 0x0000000085000000, 0x0000000085100000|  0%| F|  |TAMS 0x0000000085000000, 0x0000000085000000| Untracked 
|  79|0x0000000085100000, 0x0000000085100000, 0x0000000085200000|  0%| F|  |TAMS 0x0000000085100000, 0x0000000085100000| Untracked 
|  80|0x0000000085200000, 0x0000000085200000, 0x0000000085300000|  0%| F|  |TAMS 0x0000000085200000, 0x0000000085200000| Untracked 
|  81|0x0000000085300000, 0x0000000085300000, 0x0000000085400000|  0%| F|  |TAMS 0x0000000085300000, 0x0000000085300000| Untracked 
|  82|0x0000000085400000, 0x0000000085400000, 0x0000000085500000|  0%| F|  |TAMS 0x0000000085400000, 0x0000000085400000| Untracked 
|  83|0x0000000085500000, 0x0000000085500000, 0x0000000085600000|  0%| F|  |TAMS 0x0000000085500000, 0x0000000085500000| Untracked 
|  84|0x0000000085600000, 0x0000000085600000, 0x0000000085700000|  0%| F|  |TAMS 0x0000000085600000, 0x0000000085600000| Untracked 
|  85|0x0000000085700000, 0x0000000085700000, 0x0000000085800000|  0%| F|  |TAMS 0x0000000085700000, 0x0000000085700000| Untracked 
|  86|0x0000000085800000, 0x00000000858c6240, 0x0000000085900000| 77%| S|CS|TAMS 0x0000000085800000, 0x0000000085800000| Complete 
|  87|0x0000000085900000, 0x0000000085a00000, 0x0000000085a00000|100%| S|CS|TAMS 0x0000000085900000, 0x0000000085900000| Complete 
|  88|0x0000000085a00000, 0x0000000085b00000, 0x0000000085b00000|100%| S|CS|TAMS 0x0000000085a00000, 0x0000000085a00000| Complete 
|  89|0x0000000085b00000, 0x0000000085c00000, 0x0000000085c00000|100%| S|CS|TAMS 0x0000000085b00000, 0x0000000085b00000| Complete 
|  90|0x0000000085c00000, 0x0000000085d00000, 0x0000000085d00000|100%| S|CS|TAMS 0x0000000085c00000, 0x0000000085c00000| Complete 
|  91|0x0000000085d00000, 0x0000000085e00000, 0x0000000085e00000|100%| S|CS|TAMS 0x0000000085d00000, 0x0000000085d00000| Complete 
|  92|0x0000000085e00000, 0x0000000085f00000, 0x0000000085f00000|100%| S|CS|TAMS 0x0000000085e00000, 0x0000000085e00000| Complete 
|  93|0x0000000085f00000, 0x0000000085f00000, 0x0000000086000000|  0%| F|  |TAMS 0x0000000085f00000, 0x0000000085f00000| Untracked 
|  94|0x0000000086000000, 0x0000000086000000, 0x0000000086100000|  0%| F|  |TAMS 0x0000000086000000, 0x0000000086000000| Untracked 
|  95|0x0000000086100000, 0x0000000086100000, 0x0000000086200000|  0%| F|  |TAMS 0x0000000086100000, 0x0000000086100000| Untracked 
|  96|0x0000000086200000, 0x0000000086200000, 0x0000000086300000|  0%| F|  |TAMS 0x0000000086200000, 0x0000000086200000| Untracked 
|  97|0x0000000086300000, 0x0000000086300000, 0x0000000086400000|  0%| F|  |TAMS 0x0000000086300000, 0x0000000086300000| Untracked 
|  98|0x0000000086400000, 0x0000000086400000, 0x0000000086500000|  0%| F|  |TAMS 0x0000000086400000, 0x0000000086400000| Untracked 
|  99|0x0000000086500000, 0x0000000086500000, 0x0000000086600000|  0%| F|  |TAMS 0x0000000086500000, 0x0000000086500000| Untracked 
| 100|0x0000000086600000, 0x0000000086600000, 0x0000000086700000|  0%| F|  |TAMS 0x0000000086600000, 0x0000000086600000| Untracked 
| 101|0x0000000086700000, 0x0000000086700000, 0x0000000086800000|  0%| F|  |TAMS 0x0000000086700000, 0x0000000086700000| Untracked 
| 102|0x0000000086800000, 0x0000000086800000, 0x0000000086900000|  0%| F|  |TAMS 0x0000000086800000, 0x0000000086800000| Untracked 
| 103|0x0000000086900000, 0x0000000086900000, 0x0000000086a00000|  0%| F|  |TAMS 0x0000000086900000, 0x0000000086900000| Untracked 
| 104|0x0000000086a00000, 0x0000000086a00000, 0x0000000086b00000|  0%| F|  |TAMS 0x0000000086a00000, 0x0000000086a00000| Untracked 
| 105|0x0000000086b00000, 0x0000000086b00000, 0x0000000086c00000|  0%| F|  |TAMS 0x0000000086b00000, 0x0000000086b00000| Untracked 
| 106|0x0000000086c00000, 0x0000000086c00000, 0x0000000086d00000|  0%| F|  |TAMS 0x0000000086c00000, 0x0000000086c00000| Untracked 
| 107|0x0000000086d00000, 0x0000000086d00000, 0x0000000086e00000|  0%| F|  |TAMS 0x0000000086d00000, 0x0000000086d00000| Untracked 
| 108|0x0000000086e00000, 0x0000000086e00000, 0x0000000086f00000|  0%| F|  |TAMS 0x0000000086e00000, 0x0000000086e00000| Untracked 
| 109|0x0000000086f00000, 0x0000000086f00000, 0x0000000087000000|  0%| F|  |TAMS 0x0000000086f00000, 0x0000000086f00000| Untracked 
| 110|0x0000000087000000, 0x0000000087000000, 0x0000000087100000|  0%| F|  |TAMS 0x0000000087000000, 0x0000000087000000| Untracked 
| 111|0x0000000087100000, 0x0000000087100000, 0x0000000087200000|  0%| F|  |TAMS 0x0000000087100000, 0x0000000087100000| Untracked 
| 112|0x0000000087200000, 0x0000000087200000, 0x0000000087300000|  0%| F|  |TAMS 0x0000000087200000, 0x0000000087200000| Untracked 
| 113|0x0000000087300000, 0x0000000087300000, 0x0000000087400000|  0%| F|  |TAMS 0x0000000087300000, 0x0000000087300000| Untracked 
| 114|0x0000000087400000, 0x0000000087400000, 0x0000000087500000|  0%| F|  |TAMS 0x0000000087400000, 0x0000000087400000| Untracked 
| 115|0x0000000087500000, 0x0000000087500000, 0x0000000087600000|  0%| F|  |TAMS 0x0000000087500000, 0x0000000087500000| Untracked 
| 116|0x0000000087600000, 0x0000000087600000, 0x0000000087700000|  0%| F|  |TAMS 0x0000000087600000, 0x0000000087600000| Untracked 
| 117|0x0000000087700000, 0x0000000087700000, 0x0000000087800000|  0%| F|  |TAMS 0x0000000087700000, 0x0000000087700000| Untracked 
| 118|0x0000000087800000, 0x0000000087800000, 0x0000000087900000|  0%| F|  |TAMS 0x0000000087800000, 0x0000000087800000| Untracked 
| 119|0x0000000087900000, 0x0000000087900000, 0x0000000087a00000|  0%| F|  |TAMS 0x0000000087900000, 0x0000000087900000| Untracked 
| 120|0x0000000087a00000, 0x0000000087a00000, 0x0000000087b00000|  0%| F|  |TAMS 0x0000000087a00000, 0x0000000087a00000| Untracked 
| 121|0x0000000087b00000, 0x0000000087b00000, 0x0000000087c00000|  0%| F|  |TAMS 0x0000000087b00000, 0x0000000087b00000| Untracked 
| 122|0x0000000087c00000, 0x0000000087c00000, 0x0000000087d00000|  0%| F|  |TAMS 0x0000000087c00000, 0x0000000087c00000| Untracked 
| 123|0x0000000087d00000, 0x0000000087d00000, 0x0000000087e00000|  0%| F|  |TAMS 0x0000000087d00000, 0x0000000087d00000| Untracked 
| 124|0x0000000087e00000, 0x0000000087e00000, 0x0000000087f00000|  0%| F|  |TAMS 0x0000000087e00000, 0x0000000087e00000| Untracked 
| 125|0x0000000087f00000, 0x0000000087f00000, 0x0000000088000000|  0%| F|  |TAMS 0x0000000087f00000, 0x0000000087f00000| Untracked 
| 126|0x0000000088000000, 0x0000000088000000, 0x0000000088100000|  0%| F|  |TAMS 0x0000000088000000, 0x0000000088000000| Untracked 
| 127|0x0000000088100000, 0x0000000088100000, 0x0000000088200000|  0%| F|  |TAMS 0x0000000088100000, 0x0000000088100000| Untracked 

Card table byte_map: [0x000002a5b9530000,0x000002a5b9930000] _byte_map_base: 0x000002a5b912f000

Marking Bits (Prev, Next): (CMBitMap*) 0x000002a5a1f54f80, (CMBitMap*) 0x000002a5a1f54fc0
 Prev Bits: [0x000002a5b9d30000, 0x000002a5bbd28000)
 Next Bits: [0x000002a5bbd30000, 0x000002a5bdd28000)

Polling page: 0x000002a59fe00000

Metaspace:

Usage:
  Non-class:     17.83 MB capacity,    17.59 MB ( 99%) used,   204.40 KB (  1%) free+waste,    35.88 KB ( <1%) overhead. 
      Class:      2.81 MB capacity,     2.70 MB ( 96%) used,   102.05 KB (  4%) free+waste,    15.81 KB ( <1%) overhead. 
       Both:     20.64 MB capacity,    20.29 MB ( 98%) used,   306.45 KB (  1%) free+waste,    51.69 KB ( <1%) overhead. 

Virtual space:
  Non-class space:       18.00 MB reserved,      17.92 MB (>99%) committed 
      Class space:        1.00 GB reserved,       2.88 MB ( <1%) committed 
             Both:        1.02 GB reserved,      20.80 MB (  2%) committed 

Chunk freelists:
   Non-Class:  51.00 KB
       Class:  1.00 KB
        Both:  52.00 KB

MaxMetaspaceSize: 17179869184.00 GB
CompressedClassSpaceSize: 1.00 GB

CodeHeap 'non-profiled nmethods': size=238912Kb used=4874Kb max_used=4874Kb free=234037Kb
 bounds [0x000002a5aa7e0000, 0x000002a5aacb0000, 0x000002a5b9130000]
CodeHeap 'non-nmethods': size=6848Kb used=1206Kb max_used=1206Kb free=5641Kb
 bounds [0x000002a5aa130000, 0x000002a5aa3a0000, 0x000002a5aa7e0000]
 total_blobs=3636 nmethods=3159 adapters=405
 compilation: enabled
              stopped_count=0, restarted_count=0
 full_count=0

Compilation events (20 events):
Event: 5.008 Thread 0x000002a5c020f2e0 3150       1       sun.reflect.generics.reflectiveObjects.ParameterizedTypeImpl::getRawType (5 bytes)
Event: 5.008 Thread 0x000002a5c020f2e0 nmethod 3150 0x000002a5aac9c410 code [0x000002a5aac9c5a0, 0x000002a5aac9c658]
Event: 5.009 Thread 0x000002a5c020f2e0 3152  s!   1       java.beans.PropertyDescriptor::getReadMethod (149 bytes)
Event: 5.011 Thread 0x000002a5c020f2e0 nmethod 3152 0x000002a5aac9c710 code [0x000002a5aac9c9a0, 0x000002a5aac9d438]
Event: 5.011 Thread 0x000002a5c020f2e0 3151       1       com.sun.beans.util.Cache::index (7 bytes)
Event: 5.011 Thread 0x000002a5c020f2e0 nmethod 3151 0x000002a5aac9d990 code [0x000002a5aac9db20, 0x000002a5aac9dbb8]
Event: 5.011 Thread 0x000002a5c020f2e0 3153       1       java.beans.MethodRef::<init> (5 bytes)
Event: 5.011 Thread 0x000002a5c020f2e0 nmethod 3153 0x000002a5aac9dc90 code [0x000002a5aac9de20, 0x000002a5aac9ded8]
Event: 5.011 Thread 0x000002a5c020f2e0 3154       1       java.beans.MethodRef::set (58 bytes)
Event: 5.011 Thread 0x000002a5c020f2e0 nmethod 3154 0x000002a5aac9df90 code [0x000002a5aac9e160, 0x000002a5aac9e6f8]
Event: 5.013 Thread 0x000002a5c020f2e0 3155       1       org.springframework.core.SerializableTypeWrapper::forTypeProvider (191 bytes)
Event: 5.015 Thread 0x000002a5c020f2e0 nmethod 3155 0x000002a5aac9e890 code [0x000002a5aac9eb80, 0x000002a5aac9f898]
Event: 5.015 Thread 0x000002a5c020f2e0 3156       1       org.springframework.beans.factory.support.AbstractAutowireCapableBeanFactory::getTypeForFactoryBean (323 bytes)
Event: 5.018 Thread 0x000002a5c020f2e0 nmethod 3156 0x000002a5aac9ff90 code [0x000002a5aaca0340, 0x000002a5aaca14b8]
Event: 5.018 Thread 0x000002a5c020f2e0 3157       1       org.springframework.beans.factory.support.AbstractBeanFactory::getTypeForFactoryBeanFromAttributes (41 bytes)
Event: 5.018 Thread 0x000002a5c020f2e0 nmethod 3157 0x000002a5aaca1d90 code [0x000002a5aaca1f40, 0x000002a5aaca21f8]
Event: 5.018 Thread 0x000002a5c020f2e0 3158       1       java.lang.Class::getGenericInterfaces (21 bytes)
Event: 5.020 Thread 0x000002a5c020f2e0 nmethod 3158 0x000002a5aaca2310 code [0x000002a5aaca24e0, 0x000002a5aaca2718]
Event: 5.020 Thread 0x000002a5c020f2e0 3159       1       org.springframework.core.MethodParameter::getContainingClass (18 bytes)
Event: 5.021 Thread 0x000002a5c020f2e0 nmethod 3159 0x000002a5aaca2890 code [0x000002a5aaca2a20, 0x000002a5aaca2b08]

GC Heap History (9 events):
Event: 1.398 GC heap before
{Heap before GC invocations=0 (full 0):
 garbage-first heap   total 131072K, used 14336K [0x0000000080200000, 0x0000000100000000)
  region size 1024K, 13 young (13312K), 0 survivors (0K)
 Metaspace       used 5410K, capacity 5629K, committed 5888K, reserved 1056768K
  class space    used 626K, capacity 702K, committed 768K, reserved 1048576K
}
Event: 1.411 GC heap after
{Heap after GC invocations=1 (full 0):
 garbage-first heap   total 131072K, used 6836K [0x0000000080200000, 0x0000000100000000)
  region size 1024K, 2 young (2048K), 2 survivors (2048K)
 Metaspace       used 5410K, capacity 5629K, committed 5888K, reserved 1056768K
  class space    used 626K, capacity 702K, committed 768K, reserved 1048576K
}
Event: 1.710 GC heap before
{Heap before GC invocations=1 (full 0):
 garbage-first heap   total 131072K, used 14004K [0x0000000080200000, 0x0000000100000000)
  region size 1024K, 9 young (9216K), 2 survivors (2048K)
 Metaspace       used 6742K, capacity 6973K, committed 7040K, reserved 1056768K
  class space    used 796K, capacity 874K, committed 896K, reserved 1048576K
}
Event: 1.718 GC heap after
{Heap after GC invocations=2 (full 0):
 garbage-first heap   total 131072K, used 7983K [0x0000000080200000, 0x0000000100000000)
  region size 1024K, 1 young (1024K), 1 survivors (1024K)
 Metaspace       used 6742K, capacity 6973K, committed 7040K, reserved 1056768K
  class space    used 796K, capacity 874K, committed 896K, reserved 1048576K
}
Event: 2.660 GC heap before
{Heap before GC invocations=2 (full 0):
 garbage-first heap   total 131072K, used 24367K [0x0000000080200000, 0x0000000100000000)
  region size 1024K, 18 young (18432K), 1 survivors (1024K)
 Metaspace       used 10229K, capacity 10503K, committed 10752K, reserved 1058816K
  class space    used 1348K, capacity 1429K, committed 1536K, reserved 1048576K
}
Event: 2.674 GC heap after
{Heap after GC invocations=3 (full 0):
 garbage-first heap   total 131072K, used 9329K [0x0000000080200000, 0x0000000100000000)
  region size 1024K, 3 young (3072K), 3 survivors (3072K)
 Metaspace       used 10229K, capacity 10503K, committed 10752K, reserved 1058816K
  class space    used 1348K, capacity 1429K, committed 1536K, reserved 1048576K
}
Event: 4.019 GC heap before
{Heap before GC invocations=3 (full 0):
 garbage-first heap   total 131072K, used 83057K [0x0000000080200000, 0x0000000100000000)
  region size 1024K, 76 young (77824K), 3 survivors (3072K)
 Metaspace       used 16428K, capacity 16755K, committed 16896K, reserved 1064960K
  class space    used 2116K, capacity 2205K, committed 2304K, reserved 1048576K
}
Event: 4.032 GC heap after
{Heap after GC invocations=4 (full 0):
 garbage-first heap   total 131072K, used 11953K [0x0000000080200000, 0x0000000100000000)
  region size 1024K, 5 young (5120K), 5 survivors (5120K)
 Metaspace       used 16428K, capacity 16755K, committed 16896K, reserved 1064960K
  class space    used 2116K, capacity 2205K, committed 2304K, reserved 1048576K
}
Event: 5.024 GC heap before
{Heap before GC invocations=4 (full 0):
 garbage-first heap   total 131072K, used 46769K [0x0000000080200000, 0x0000000100000000)
  region size 1024K, 40 young (40960K), 5 survivors (5120K)
 Metaspace       used 20773K, capacity 21132K, committed 21296K, reserved 1067008K
  class space    used 2761K, capacity 2879K, committed 2944K, reserved 1048576K
}

Deoptimization events (2 events):
Event: 4.501 Thread 0x000002a5a1f1a150 DEOPT PACKING pc=0x000002a5aaaa70d4 sp=0x000000e7943fd8f0
Event: 4.501 Thread 0x000002a5a1f1a150 DEOPT UNPACKING pc=0x000002a5aa17df30 sp=0x000000e7943fce48 mode 0

Classes unloaded (0 events):
No events

Classes redefined (0 events):
No events

Internal exceptions (20 events):
Event: 4.949 Thread 0x000002a5a1f1a150 Exception <a 'java/lang/ClassNotFoundException'{0x0000000086017e30}: org/springframework/aop/framework/ProxyConfigCustomizer> (0x0000000086017e30) 
thrown [./open/src/hotspot/share/classfile/systemDictionary.cpp, line 295]
Event: 4.950 Thread 0x000002a5a1f1a150 Exception <a 'java/lang/ClassNotFoundException'{0x00000000860235a8}: org/springframework/aop/framework/ProxyProcessorSupportCustomizer> (0x00000000860235a8) 
thrown [./open/src/hotspot/share/classfile/systemDictionary.cpp, line 295]
Event: 4.952 Thread 0x000002a5a1f1a150 Exception <a 'java/lang/ClassNotFoundException'{0x000000008602bc60}: org/springframework/aop/framework/autoproxy/AbstractAutoProxyCreatorCustomizer> (0x000000008602bc60) 
thrown [./open/src/hotspot/share/classfile/systemDictionary.cpp, line 295]
Event: 4.956 Thread 0x000002a5a1f1a150 Exception <a 'java/lang/ClassNotFoundException'{0x00000000860404b0}: org/springframework/aop/framework/autoproxy/AbstractAdvisorAutoProxyCreatorCustomizer> (0x00000000860404b0) 
thrown [./open/src/hotspot/share/classfile/systemDictionary.cpp, line 295]
Event: 4.957 Thread 0x000002a5a1f1a150 Exception <a 'java/lang/ClassNotFoundException'{0x0000000086048768}: org/springframework/aop/aspectj/autoproxy/AspectJAwareAdvisorAutoProxyCreatorCustomizer> (0x0000000086048768) 
thrown [./open/src/hotspot/share/classfile/systemDictionary.cpp, line 295]
Event: 4.957 Thread 0x000002a5a1f1a150 Exception <a 'java/lang/ClassNotFoundException'{0x000000008604f360}: org/springframework/aop/aspectj/annotation/AnnotationAwareAspectJAutoProxyCreatorCustomizer> (0x000000008604f360) 
thrown [./open/src/hotspot/share/classfile/systemDictionary.cpp, line 295]
Event: 4.959 Thread 0x000002a5a1f1a150 Exception <a 'java/lang/ClassNotFoundException'{0x0000000086066f70}: org/springframework/beans/factory/config/SmartInstantiationAwareBeanPostProcessorCustomizer> (0x0000000086066f70) 
thrown [./open/src/hotspot/share/classfile/systemDictionary.cpp, line 295]
Event: 4.961 Thread 0x000002a5a1f1a150 Exception <a 'java/lang/ClassNotFoundException'{0x000000008606f368}: org/springframework/beans/factory/config/InstantiationAwareBeanPostProcessorCustomizer> (0x000000008606f368) 
thrown [./open/src/hotspot/share/classfile/systemDictionary.cpp, line 295]
Event: 4.962 Thread 0x000002a5a1f1a150 Exception <a 'java/lang/ClassNotFoundException'{0x00000000860771c8}: org/springframework/beans/factory/config/BeanPostProcessorCustomizer> (0x00000000860771c8) 
thrown [./open/src/hotspot/share/classfile/systemDictionary.cpp, line 295]
Event: 4.963 Thread 0x000002a5a1f1a150 Exception <a 'java/lang/ClassNotFoundException'{0x000000008607c888}: org/springframework/beans/factory/BeanFactoryAwareCustomizer> (0x000000008607c888) 
thrown [./open/src/hotspot/share/classfile/systemDictionary.cpp, line 295]
Event: 4.964 Thread 0x000002a5a1f1a150 Exception <a 'java/lang/ClassNotFoundException'{0x0000000086082038}: org/springframework/beans/factory/AwareCustomizer> (0x0000000086082038) 
thrown [./open/src/hotspot/share/classfile/systemDictionary.cpp, line 295]
Event: 4.964 Thread 0x000002a5a1f1a150 Exception <a 'java/lang/ClassNotFoundException'{0x00000000860859c8}: org/springframework/core/OrderedCustomizer> (0x00000000860859c8) 
thrown [./open/src/hotspot/share/classfile/systemDictionary.cpp, line 295]
Event: 4.965 Thread 0x000002a5a1f1a150 Exception <a 'java/lang/ClassNotFoundException'{0x000000008608a378}: org/springframework/beans/factory/BeanClassLoaderAwareCustomizer> (0x000000008608a378) 
thrown [./open/src/hotspot/share/classfile/systemDictionary.cpp, line 295]
Event: 4.965 Thread 0x000002a5a1f1a150 Exception <a 'java/lang/ClassNotFoundException'{0x000000008608ed58}: org/springframework/beans/factory/AwareCustomizer> (0x000000008608ed58) 
thrown [./open/src/hotspot/share/classfile/systemDictionary.cpp, line 295]
Event: 4.966 Thread 0x000002a5a1f1a150 Exception <a 'java/lang/ClassNotFoundException'{0x0000000086092ba8}: org/springframework/aop/framework/AopInfrastructureBeanCustomizer> (0x0000000086092ba8) 
thrown [./open/src/hotspot/share/classfile/systemDictionary.cpp, line 295]
Event: 5.005 Thread 0x000002a5a1f1a150 Exception <a 'java/lang/ClassNotFoundException'{0x0000000085f5d060}: java/lang/ObjectCustomizer> (0x0000000085f5d060) 
thrown [./open/src/hotspot/share/classfile/systemDictionary.cpp, line 295]
Event: 5.007 Thread 0x000002a5a1f1a150 Exception <a 'java/lang/ClassNotFoundException'{0x0000000085f64a38}: org/springframework/transaction/annotation/AbstractTransactionManagementConfigurationCustomizer> (0x0000000085f64a38) 
thrown [./open/src/hotspot/share/classfile/systemDictionary.cpp, line 295]
Event: 5.008 Thread 0x000002a5a1f1a150 Exception <a 'java/lang/ClassNotFoundException'{0x0000000085f6b428}: org/springframework/transaction/annotation/ProxyTransactionManagementConfigurationCustomizer> (0x0000000085f6b428) 
thrown [./open/src/hotspot/share/classfile/systemDictionary.cpp, line 295]
Event: 5.009 Thread 0x000002a5a1f1a150 Exception <a 'java/lang/ClassNotFoundException'{0x0000000085f731b0}: org/springframework/context/annotation/ImportAwareCustomizer> (0x0000000085f731b0) 
thrown [./open/src/hotspot/share/classfile/systemDictionary.cpp, line 295]
Event: 5.010 Thread 0x000002a5a1f1a150 Exception <a 'java/lang/ClassNotFoundException'{0x0000000085f77fa0}: org/springframework/beans/factory/AwareCustomizer> (0x0000000085f77fa0) 
thrown [./open/src/hotspot/share/classfile/systemDictionary.cpp, line 295]

Events (20 events):
Event: 4.912 loading class java/security/interfaces/RSAPublicKey done
Event: 4.914 loading class java/security/interfaces/RSAPrivateKey
Event: 4.914 loading class java/security/PrivateKey
Event: 4.914 loading class javax/security/auth/Destroyable
Event: 4.914 loading class javax/security/auth/Destroyable done
Event: 4.914 loading class java/security/PrivateKey done
Event: 4.914 loading class java/security/interfaces/RSAPrivateKey done
Event: 4.922 loading class javax/xml/ws$WebServiceRef
Event: 4.922 loading class javax/xml/ws$WebServiceRef done
Event: 4.948 loading class java/lang/ObjectCustomizer
Event: 4.948 loading class java/lang/ObjectCustomizer done
Event: 4.948 loading class java/lang/ObjectCustomizer
Event: 4.948 loading class java/lang/ObjectCustomizer done
Event: 4.952 loading class sun/reflect/generics/reflectiveObjects/GenericArrayTypeImpl
Event: 4.953 loading class sun/reflect/generics/reflectiveObjects/GenericArrayTypeImpl done
Event: 5.005 loading class java/lang/ObjectCustomizer
Event: 5.005 loading class java/lang/ObjectCustomizer done
Event: 5.005 loading class java/lang/ObjectCustomizer
Event: 5.005 loading class java/lang/ObjectCustomizer done
Event: 5.024 Executing VM operation: CollectForMetadataAllocation


Dynamic libraries:
0x00007ff6468c0000 - 0x00007ff6468cd000 	C:\OPENJDK\bin\java.exe
0x00007ffa36a90000 - 0x00007ffa36c85000 	C:\WINDOWS\SYSTEM32\ntdll.dll
0x00007ffa08ca0000 - 0x00007ffa08cb6000 	C:\Program Files\AVAST Software\Avast\aswhook.dll
0x00007ffa368c0000 - 0x00007ffa3697e000 	C:\WINDOWS\System32\KERNEL32.DLL
0x00007ffa341b0000 - 0x00007ffa34478000 	C:\WINDOWS\System32\KERNELBASE.dll
0x00007ffa34530000 - 0x00007ffa34630000 	C:\WINDOWS\System32\ucrtbase.dll
0x00007ffa2cf90000 - 0x00007ffa2cfa8000 	C:\OPENJDK\bin\jli.dll
0x00007ffa36710000 - 0x00007ffa368b1000 	C:\WINDOWS\System32\USER32.dll
0x00007ffa346d0000 - 0x00007ffa346f2000 	C:\WINDOWS\System32\win32u.dll
0x00007ffa35810000 - 0x00007ffa3583b000 	C:\WINDOWS\System32\GDI32.dll
0x00007ffa347e0000 - 0x00007ffa348eb000 	C:\WINDOWS\System32\gdi32full.dll
0x00007ffa34630000 - 0x00007ffa346cd000 	C:\WINDOWS\System32\msvcp_win.dll
0x00007ffa26990000 - 0x00007ffa269a9000 	C:\OPENJDK\bin\VCRUNTIME140.dll
0x00007ffa28700000 - 0x00007ffa2899a000 	C:\WINDOWS\WinSxS\amd64_microsoft.windows.common-controls_6595b64144ccf1df_6.0.19041.1110_none_60b5254171f9507e\COMCTL32.dll
0x00007ffa36670000 - 0x00007ffa3670e000 	C:\WINDOWS\System32\msvcrt.dll
0x00007ffa36640000 - 0x00007ffa36670000 	C:\WINDOWS\System32\IMM32.DLL
0x00007ffa31630000 - 0x00007ffa3163c000 	C:\OPENJDK\bin\vcruntime140_1.dll
0x00007ffa1fac0000 - 0x00007ffa1fb51000 	C:\OPENJDK\bin\msvcp140.dll
0x00007ffa01cc0000 - 0x00007ffa0281e000 	C:\OPENJDK\bin\server\jvm.dll
0x00007ffa35680000 - 0x00007ffa3572c000 	C:\WINDOWS\System32\ADVAPI32.dll
0x00007ffa34af0000 - 0x00007ffa34b8b000 	C:\WINDOWS\System32\sechost.dll
0x00007ffa35a90000 - 0x00007ffa35bba000 	C:\WINDOWS\System32\RPCRT4.dll
0x00007ffa34ae0000 - 0x00007ffa34ae8000 	C:\WINDOWS\System32\PSAPI.DLL
0x00007ffa253d0000 - 0x00007ffa253d9000 	C:\WINDOWS\SYSTEM32\WSOCK32.dll
0x00007ffa35840000 - 0x00007ffa358ab000 	C:\WINDOWS\System32\WS2_32.dll
0x00007ffa29030000 - 0x00007ffa29057000 	C:\WINDOWS\SYSTEM32\WINMM.dll
0x00007ffa2a3b0000 - 0x00007ffa2a3ba000 	C:\WINDOWS\SYSTEM32\VERSION.dll
0x00007ffa31c90000 - 0x00007ffa31ca2000 	C:\WINDOWS\SYSTEM32\kernel.appcore.dll
0x00007ffa2f9c0000 - 0x00007ffa2f9ca000 	C:\OPENJDK\bin\jimage.dll
0x00007ffa29060000 - 0x00007ffa29244000 	C:\WINDOWS\SYSTEM32\DBGHELP.DLL
0x00007ffa29420000 - 0x00007ffa2944c000 	C:\WINDOWS\SYSTEM32\dbgcore.DLL
0x00007ffa34a50000 - 0x00007ffa34ad3000 	C:\WINDOWS\System32\bcryptPrimitives.dll
0x00007ffa2e7b0000 - 0x00007ffa2e7be000 	C:\OPENJDK\bin\instrument.dll
0x00007ffa1fd30000 - 0x00007ffa1fd55000 	C:\OPENJDK\bin\java.dll
0x00007ffa34b90000 - 0x00007ffa352cf000 	C:\WINDOWS\System32\SHELL32.dll
0x00007ffa32f60000 - 0x00007ffa336f0000 	C:\WINDOWS\SYSTEM32\windows.storage.dll
0x00007ffa35bc0000 - 0x00007ffa35f15000 	C:\WINDOWS\System32\combase.dll
0x00007ffa33c00000 - 0x00007ffa33c2e000 	C:\WINDOWS\SYSTEM32\Wldp.dll
0x00007ffa358b0000 - 0x00007ffa3595d000 	C:\WINDOWS\System32\SHCORE.dll
0x00007ffa354e0000 - 0x00007ffa35535000 	C:\WINDOWS\System32\shlwapi.dll
0x00007ffa340f0000 - 0x00007ffa3410f000 	C:\WINDOWS\SYSTEM32\profapi.dll
0x00007ffa1fcf0000 - 0x00007ffa1fd08000 	C:\OPENJDK\bin\zip.dll
0x00007ffa24fd0000 - 0x00007ffa24fe9000 	C:\OPENJDK\bin\net.dll
0x00007ffa2dc10000 - 0x00007ffa2dd1c000 	C:\WINDOWS\SYSTEM32\WINHTTP.dll
0x00007ffa32e20000 - 0x00007ffa32e8a000 	C:\WINDOWS\system32\mswsock.dll
0x00007ffa1fd10000 - 0x00007ffa1fd22000 	C:\OPENJDK\bin\nio.dll
0x00007ffa1fbd0000 - 0x00007ffa1fbea000 	C:\Program Files\JetBrains\IntelliJ IDEA 2020.1\bin\breakgen64.dll
0x00007ffa32b50000 - 0x00007ffa32c1b000 	C:\WINDOWS\SYSTEM32\DNSAPI.dll
0x00007ffa32b10000 - 0x00007ffa32b4b000 	C:\WINDOWS\SYSTEM32\IPHLPAPI.DLL
0x00007ffa361a0000 - 0x00007ffa361a8000 	C:\WINDOWS\System32\NSI.dll
0x00007ffa26950000 - 0x00007ffa2695a000 	C:\Windows\System32\rasadhlp.dll
0x00007ffa26c20000 - 0x00007ffa26c9f000 	C:\WINDOWS\System32\fwpuclnt.dll
0x00007ffa34700000 - 0x00007ffa34727000 	C:\WINDOWS\System32\bcrypt.dll
0x00007ffa2cf80000 - 0x00007ffa2cf89000 	C:\OPENJDK\bin\management.dll
0x00007ffa2cb80000 - 0x00007ffa2cb8b000 	C:\OPENJDK\bin\management_ext.dll
0x00007ffa33b50000 - 0x00007ffa33b68000 	C:\WINDOWS\SYSTEM32\CRYPTSP.dll
0x0000000050250000 - 0x0000000050261000 	C:\Program Files\Common Files\Crypto Pro\AppCompat\cpadvai.dll
0x0000000050270000 - 0x0000000050277000 	C:\Program Files\Common Files\Crypto Pro\AppCompat\detoured.dll
0x00007ffa32740000 - 0x00007ffa32774000 	C:\WINDOWS\system32\rsaenh.dll
0x00007ffa340b0000 - 0x00007ffa340de000 	C:\WINDOWS\SYSTEM32\USERENV.dll
0x00007ffa33b70000 - 0x00007ffa33b7c000 	C:\WINDOWS\SYSTEM32\CRYPTBASE.dll
0x00007ffa29370000 - 0x00007ffa29387000 	C:\WINDOWS\SYSTEM32\dhcpcsvc6.DLL
0x00007ffa29520000 - 0x00007ffa2953d000 	C:\WINDOWS\SYSTEM32\dhcpcsvc.DLL
0x00007ffa231d0000 - 0x00007ffa231e7000 	C:\WINDOWS\system32\napinsp.dll
0x00007ffa1d750000 - 0x00007ffa1d76b000 	C:\WINDOWS\system32\pnrpnsp.dll
0x00007ffa27af0000 - 0x00007ffa27b05000 	C:\WINDOWS\system32\wshbth.dll
0x00007ffa2f860000 - 0x00007ffa2f87d000 	C:\WINDOWS\system32\NLAapi.dll
0x00007ffa1d730000 - 0x00007ffa1d742000 	C:\WINDOWS\System32\winrnr.dll

dbghelp: loaded successfully - version: 4.0.5 - missing functions: none
symbol engine: initialized successfully - sym options: 0x614 - pdb path: .;C:\OPENJDK\bin;C:\WINDOWS\SYSTEM32;C:\Program Files\AVAST Software\Avast;C:\WINDOWS\WinSxS\amd64_microsoft.windows.common-controls_6595b64144ccf1df_6.0.19041.1110_none_60b5254171f9507e;C:\OPENJDK\bin\server;C:\Program Files\JetBrains\IntelliJ IDEA 2020.1\bin;C:\Program Files\Common Files\Crypto Pro\AppCompat

VM Arguments:
jvm_args: -XX:TieredStopAtLevel=1 -Xverify:none -Dspring.output.ansi.enabled=always -Dcom.sun.management.jmxremote -Dspring.jmx.enabled=true -Dspring.liveBeansView.mbeanDomain -Dspring.application.admin.enabled=true -javaagent:C:\Program Files\JetBrains\IntelliJ IDEA 2020.1\lib\idea_rt.jar=63405:C:\Program Files\JetBrains\IntelliJ IDEA 2020.1\bin -Dfile.encoding=UTF-8 
java_command: com.example.demo.DemoApplication
java_class_path (initial): C:\Users\79513\Desktop\проекты JM\3.1.1\target\classes;C:\Users\79513\.m2\repository\org\springframework\boot\spring-boot-starter-data-jpa\2.5.8-SNAPSHOT\spring-boot-starter-data-jpa-2.5.8-20211201.145113-18.jar;C:\Users\79513\.m2\repository\org\springframework\boot\spring-boot-starter-aop\2.5.8-SNAPSHOT\spring-boot-starter-aop-2.5.8-20211201.145113-18.jar;C:\Users\79513\.m2\repository\org\aspectj\aspectjweaver\1.9.7\aspectjweaver-1.9.7.jar;C:\Users\79513\.m2\repository\org\springframework\boot\spring-boot-starter-jdbc\2.5.8-SNAPSHOT\spring-boot-starter-jdbc-2.5.8-20211201.145113-18.jar;C:\Users\79513\.m2\repository\com\zaxxer\HikariCP\4.0.3\HikariCP-4.0.3.jar;C:\Users\79513\.m2\repository\org\springframework\spring-jdbc\5.3.13\spring-jdbc-5.3.13.jar;C:\Users\79513\.m2\repository\jakarta\transaction\jakarta.transaction-api\1.3.3\jakarta.transaction-api-1.3.3.jar;C:\Users\79513\.m2\repository\jakarta\persistence\jakarta.persistence-api\2.2.3\jakarta.persistence-api-2.2.3.jar;C:\Users\79513\.m2\repository\org\hibernate\hibernate-core\5.4.32.Final\hibernate-core-5.4.32.Final.jar;C:\Users\79513\.m2\repository\org\javassist\javassist\3.27.0-GA\javassist-3.27.0-GA.jar;C:\Users\79513\.m2\repository\net\bytebuddy\byte-buddy\1.10.22\byte-buddy-1.10.22.jar;C:\Users\79513\.m2\repository\antlr\antlr\2.7.7\antlr-2.7.7.jar;C:\Users\79513\.m2\repository\org\jboss\jandex\2.2.3.Final\jandex-2.2.3.Final.jar;C:\Users\79513\.m2\repository\org\dom4j\dom4j\2.1.3\dom4j-2.1.3.jar;C:\Users\79513\.m2\repository\org\hibernate\common\hibernate-commons-annotations\5.1.2.Final\hibernate-commons-annotations-5.1.2.Final.jar;C:\Users\79513\.m2\repository\org\glassfish\jaxb\jaxb-runtime\2.3.5\jaxb-runtime-2.3.5.jar;C:\Users\79513\.m2\repository\org\glassfish\jaxb\txw2\2.3.5\txw2-2.3.5.jar;C:\Users\79513\.m2\repository\com\sun\istack\istack-commons-runtime\3.0.12\istack-commons-runtime-3.0.12.jar;C:\Users\79513\.m2\repository\com\sun\activation\jakarta.activation\1.2.2\ja
Launcher Type: SUN_STANDARD

[Global flags]
     intx CICompilerCount                          = 3                                         {product} {ergonomic}
     uint ConcGCThreads                            = 1                                         {product} {ergonomic}
     uint G1ConcRefinementThreads                  = 4                                         {product} {ergonomic}
   size_t G1HeapRegionSize                         = 1048576                                   {product} {ergonomic}
    uintx GCDrainStackTargetSize                   = 64                                        {product} {ergonomic}
   size_t InitialHeapSize                          = 134217728                                 {product} {ergonomic}
     bool ManagementServer                         = true                                      {product} {command line}
   size_t MarkStackSize                            = 4194304                                   {product} {ergonomic}
   size_t MaxHeapSize                              = 2145386496                                {product} {ergonomic}
   size_t MaxNewSize                               = 1286602752                                {product} {ergonomic}
   size_t MinHeapDeltaBytes                        = 1048576                                   {product} {ergonomic}
   size_t MinHeapSize                              = 8388608                                   {product} {ergonomic}
    uintx NonNMethodCodeHeapSize                   = 6973028                                {pd product} {ergonomic}
    uintx NonProfiledCodeHeapSize                  = 244685212                              {pd product} {ergonomic}
    uintx ProfiledCodeHeapSize                     = 0                                      {pd product} {ergonomic}
    uintx ReservedCodeCacheSize                    = 251658240                              {pd product} {ergonomic}
     bool SegmentedCodeCache                       = true                                      {product} {ergonomic}
   size_t SoftMaxHeapSize                          = 2145386496                             {manageable} {ergonomic}
     intx TieredStopAtLevel                        = 1                                         {product} {command line}
     bool UseCompressedClassPointers               = true                                 {lp64_product} {ergonomic}
     bool UseCompressedOops                        = true                                 {lp64_product} {ergonomic}
     bool UseG1GC                                  = true                                      {product} {ergonomic}
     bool UseLargePagesIndividualAllocation        = false                                  {pd product} {ergonomic}

Logging:
Log output configuration:
 #0: stdout all=warning uptime,level,tags
 #1: stderr all=off uptime,level,tags

Environment Variables:
JAVA_HOME=C:\OPENJDK
PATH=C:\Program Files (x86)\NVIDIA Corporation\PhysX\Common;C:\WINDOWS\system32;C:\WINDOWS;C:\WINDOWS\System32\Wbem;C:\WINDOWS\System32\WindowsPowerShell\v1.0\;C:\WINDOWS\System32\OpenSSH\;C:\Program Files (x86)\NoteBook FanControl\;C:\Program Files\Git\cmd;C:\apache-maven-3.8.3\bin;C:\OPENJDK\bin;C:\windows\system32\;C:\tizen-studio\tools\ide\bin;C:\Users\79513\AppData\Local\Microsoft\WindowsApps;C:\Users\79513\AppData\Local\GitHubDesktop\bin
USERNAME=јнатолий
OS=Windows_NT
PROCESSOR_IDENTIFIER=Intel64 Family 6 Model 37 Stepping 2, GenuineIntel



---------------  S Y S T E M  ---------------

OS:
 Windows 10 , 64 bit Build 19041 (10.0.19041.1348)
OS uptime: 0 days 19:43 hours

CPU: total 4 (initial active 4) (2 cores per cpu, 2 threads per core) family 6 model 37 stepping 2 microcode 0x11, cmov, cx8, fxsr, mmx, sse, sse2, sse3, ssse3, sse4.1, sse4.2, popcnt, ht, tsc, tscinvbit, clflush

Memory: 4k page, system-wide physical 8182M (1744M free)
TotalPageFile size 9182M (AvailPageFile size 26M)
current process WorkingSet (physical memory assigned to process): 160M, peak: 160M
current process commit charge ("private bytes"): 239M, peak: 265M

vm_info: OpenJDK 64-Bit Server VM (15.0.1+9-18) for windows-amd64 JRE (15.0.1+9-18), built on Sep 15 2020 14:39:31 by "mach5one" with unknown MS VC++:1925

END.
