#
# There is insufficient memory for the Java Runtime Environment to continue.
# Native memory allocation (mmap) failed to map 2097152 bytes for G1 virtual space
# Possible reasons:
#   The system is out of physical RAM or swap space
#   The process is running with CompressedOops enabled, and the Java Heap may be blocking the growth of the native heap
# Possible solutions:
#   Reduce memory load on the system
#   Increase physical memory or swap space
#   Check if swap backing store is full
#   Decrease Java heap size (-Xmx/-Xms)
#   Decrease number of Java threads
#   Decrease Java thread stack sizes (-Xss)
#   Set larger code cache with -XX:ReservedCodeCacheSize=
#   JVM is running with Unscaled Compressed Oops mode in which the Java heap is
#     placed in the first 4GB address space. The Java Heap base address is the
#     maximum limit for the native heap growth. Please use -XX:HeapBaseMinAddress
#     to set the Java Heap base and to place the Java Heap above 4GB virtual address.
# This output file may be truncated or incomplete.
#
#  Out of Memory Error (./open/src/hotspot/os/windows/os_windows.cpp:3472), pid=7256, tid=7592
#
# JRE version:  (15.0.1+9) (build )
# Java VM: OpenJDK 64-Bit Server VM (15.0.1+9-18, mixed mode, sharing, tiered, compressed oops, g1 gc, windows-amd64)
# No core dump will be written. Minidumps are not enabled by default on client versions of Windows
#

---------------  S U M M A R Y ------------

Command Line: -XX:TieredStopAtLevel=1 -Xverify:none -Dspring.output.ansi.enabled=always -Dcom.sun.management.jmxremote -Dspring.jmx.enabled=true -Dspring.liveBeansView.mbeanDomain -Dspring.application.admin.enabled=true -javaagent:C:\Program Files\JetBrains\IntelliJ IDEA 2020.1\lib\idea_rt.jar=56621:C:\Program Files\JetBrains\IntelliJ IDEA 2020.1\bin -Dfile.encoding=UTF-8 com.example.demo.DemoApplication

Host: Intel(R) Core(TM) i5 CPU       M 430  @ 2.27GHz, 4 cores, 7G,  Windows 10 , 64 bit Build 19041 (10.0.19041.1348)
Time: Thu Dec  9 19:28:03 2021 Новосибирское стандартное время elapsed time: 0.074942 seconds (0d 0h 0m 0s)

---------------  T H R E A D  ---------------

Current thread (0x00000279a4a88c60):  JavaThread "Unknown thread" [_thread_in_vm, id=7592, stack(0x000000be54300000,0x000000be54400000)]

Stack: [0x000000be54300000,0x000000be54400000]
Native frames: (J=compiled Java code, j=interpreted, Vv=VM code, C=native code)
V  [jvm.dll+0x62ae9a]
V  [jvm.dll+0x781389]
V  [jvm.dll+0x782ae3]
V  [jvm.dll+0x783143]
V  [jvm.dll+0x216265]
V  [jvm.dll+0x6281d9]
V  [jvm.dll+0x61cd15]
V  [jvm.dll+0x2d01fd]
V  [jvm.dll+0x2d0062]
V  [jvm.dll+0x2d603c]
V  [jvm.dll+0x325b53]
V  [jvm.dll+0x3251f4]
V  [jvm.dll+0x2a717a]
V  [jvm.dll+0x2a8318]
V  [jvm.dll+0x75e101]
V  [jvm.dll+0x3343e4]
V  [jvm.dll+0x73e826]
V  [jvm.dll+0x3b7777]
V  [jvm.dll+0x3b9201]
C  [jli.dll+0x52fb]
C  [ucrtbase.dll+0x21bb2]
C  [KERNEL32.DLL+0x17034]
C  [ntdll.dll+0x52651]


---------------  P R O C E S S  ---------------

Threads class SMR info:
_java_thread_list=0x00007ffc4df74ff0, length=0, elements={
}

Java Threads: ( => current thread )

Other Threads:
  0x00000279a296e820 GCTaskThread "GC Thread#0" [stack: 0x000000be54400000,0x000000be54500000] [id=14716]
  0x00000279a4ad51b0 ConcurrentGCThread "G1 Main Marker" [stack: 0x000000be54500000,0x000000be54600000] [id=12836]
  0x00000279a4ad5cb0 ConcurrentGCThread "G1 Conc#0" [stack: 0x000000be54600000,0x000000be54700000] [id=23884]

[error occurred during error reporting (printing all threads), id 0xc0000005, EXCEPTION_ACCESS_VIOLATION (0xc0000005) at pc=0x00007ffc4d768047]

VM state: not at safepoint (not fully initialized)

VM Mutex/Monitor currently owned by a thread:  ([mutex/lock_event])
[0x00000279a4a7b660] Heap_lock - owner thread: 0x00000279a4a88c60

Heap address: 0x0000000080200000, size: 2046 MB, Compressed Oops mode: 32-bit
CDS archive(s) mapped at: [0x0000000000000000-0x0000000000000000-0x0000000000000000), size 0, SharedBaseAddress: 0x0000000800000000, ArchiveRelocationMode: 0.
Narrow klass base: 0x0000000000000000, Narrow klass shift: 0, Narrow klass range: 0x0

Heap:
 garbage-first heap   total 131072K, used 0K [0x0000000080200000, 0x0000000100000000)
  region size 1024K, 0 young (0K), 0 survivors (0K)
 Metaspace       used 0K, capacity 0K, committed 0K, reserved 0K
  class space    used 0K, capacity 0K, committed 0K, reserved 0K

Heap Regions: E=young(eden), S=young(survivor), O=old, HS=humongous(starts), HC=humongous(continues), CS=collection set, F=free, OA=open archive, CA=closed archive, TAMS=top-at-mark-start (previous, next)

Card table byte_map: [0x00000279bc0a0000,0x00000279bc4a0000] _byte_map_base: 0x00000279bbc9f000

Marking Bits (Prev, Next): (CMBitMap*) 0x00000279a4ac4890, (CMBitMap*) 0x00000279a4ac48d0
 Prev Bits: [0x00000279bc8a0000, 0x00000279be898000)
 Next Bits: [0x00000279be8a0000, 0x00000279c0898000)

GC Heap History (0 events):
No events

Deoptimization events (0 events):
No events

Classes unloaded (0 events):
No events

Classes redefined (0 events):
No events

Internal exceptions (0 events):
No events

Events (1 events):
Event: 0.039 Loaded shared library C:\OPENJDK\bin\java.dll


Dynamic libraries:
0x00007ff720080000 - 0x00007ff72008d000 	C:\OPENJDK\bin\java.exe
0x00007ffc90570000 - 0x00007ffc90765000 	C:\WINDOWS\SYSTEM32\ntdll.dll
0x00007ffc63b70000 - 0x00007ffc63b86000 	C:\Program Files\AVAST Software\Avast\aswhook.dll
0x00007ffc8e5c0000 - 0x00007ffc8e67e000 	C:\WINDOWS\System32\KERNEL32.DLL
0x00007ffc8ddc0000 - 0x00007ffc8e088000 	C:\WINDOWS\System32\KERNELBASE.dll
0x00007ffc8dc90000 - 0x00007ffc8dd90000 	C:\WINDOWS\System32\ucrtbase.dll
0x00007ffc89480000 - 0x00007ffc89498000 	C:\OPENJDK\bin\jli.dll
0x00007ffc90380000 - 0x00007ffc90521000 	C:\WINDOWS\System32\USER32.dll
0x00007ffc8dd90000 - 0x00007ffc8ddb2000 	C:\WINDOWS\System32\win32u.dll
0x00007ffc8fe10000 - 0x00007ffc8fe3b000 	C:\WINDOWS\System32\GDI32.dll
0x00007ffc8e2f0000 - 0x00007ffc8e3fb000 	C:\WINDOWS\System32\gdi32full.dll
0x00007ffc8e090000 - 0x00007ffc8e12d000 	C:\WINDOWS\System32\msvcp_win.dll
0x00007ffc89460000 - 0x00007ffc89479000 	C:\OPENJDK\bin\VCRUNTIME140.dll
0x00007ffc81f00000 - 0x00007ffc8219a000 	C:\WINDOWS\WinSxS\amd64_microsoft.windows.common-controls_6595b64144ccf1df_6.0.19041.1110_none_60b5254171f9507e\COMCTL32.dll
0x00007ffc8fb80000 - 0x00007ffc8fc1e000 	C:\WINDOWS\System32\msvcrt.dll
0x00007ffc8f4a0000 - 0x00007ffc8f4d0000 	C:\WINDOWS\System32\IMM32.DLL
0x00007ffc89370000 - 0x00007ffc8937c000 	C:\OPENJDK\bin\vcruntime140_1.dll
0x00007ffc7d810000 - 0x00007ffc7d8a1000 	C:\OPENJDK\bin\msvcp140.dll
0x00007ffc4d4b0000 - 0x00007ffc4e00e000 	C:\OPENJDK\bin\server\jvm.dll
0x00007ffc8f340000 - 0x00007ffc8f3ec000 	C:\WINDOWS\System32\ADVAPI32.dll
0x00007ffc8fd60000 - 0x00007ffc8fdfb000 	C:\WINDOWS\System32\sechost.dll
0x00007ffc8e6e0000 - 0x00007ffc8e80a000 	C:\WINDOWS\System32\RPCRT4.dll
0x00007ffc8fc20000 - 0x00007ffc8fc28000 	C:\WINDOWS\System32\PSAPI.DLL
0x00007ffc7fc30000 - 0x00007ffc7fc39000 	C:\WINDOWS\SYSTEM32\WSOCK32.dll
0x00007ffc8e810000 - 0x00007ffc8e87b000 	C:\WINDOWS\System32\WS2_32.dll
0x00007ffc82540000 - 0x00007ffc82567000 	C:\WINDOWS\SYSTEM32\WINMM.dll
0x00007ffc85650000 - 0x00007ffc8565a000 	C:\WINDOWS\SYSTEM32\VERSION.dll
0x00007ffc8b850000 - 0x00007ffc8b862000 	C:\WINDOWS\SYSTEM32\kernel.appcore.dll
0x00007ffc87e00000 - 0x00007ffc87e0a000 	C:\OPENJDK\bin\jimage.dll
0x00007ffc82c10000 - 0x00007ffc82df4000 	C:\WINDOWS\SYSTEM32\DBGHELP.DLL
0x00007ffc82be0000 - 0x00007ffc82c0c000 	C:\WINDOWS\SYSTEM32\dbgcore.DLL
0x00007ffc8e4e0000 - 0x00007ffc8e563000 	C:\WINDOWS\System32\bcryptPrimitives.dll
0x00007ffc87070000 - 0x00007ffc8707e000 	C:\OPENJDK\bin\instrument.dll
0x00007ffc7e350000 - 0x00007ffc7e375000 	C:\OPENJDK\bin\java.dll

dbghelp: loaded successfully - version: 4.0.5 - missing functions: none
symbol engine: initialized successfully - sym options: 0x614 - pdb path: .;C:\OPENJDK\bin;C:\WINDOWS\SYSTEM32;C:\Program Files\AVAST Software\Avast;C:\WINDOWS\WinSxS\amd64_microsoft.windows.common-controls_6595b64144ccf1df_6.0.19041.1110_none_60b5254171f9507e;C:\OPENJDK\bin\server

VM Arguments:
jvm_args: -XX:TieredStopAtLevel=1 -Xverify:none -Dspring.output.ansi.enabled=always -Dcom.sun.management.jmxremote -Dspring.jmx.enabled=true -Dspring.liveBeansView.mbeanDomain -Dspring.application.admin.enabled=true -javaagent:C:\Program Files\JetBrains\IntelliJ IDEA 2020.1\lib\idea_rt.jar=56621:C:\Program Files\JetBrains\IntelliJ IDEA 2020.1\bin -Dfile.encoding=UTF-8 
java_command: com.example.demo.DemoApplication
java_class_path (initial): C:\Users\79513\Desktop\3.1.2-new\target\classes;C:\Users\79513\.m2\repository\org\springframework\boot\spring-boot-starter-data-jpa\2.5.8-SNAPSHOT\spring-boot-starter-data-jpa-2.5.8-20211207.211639-21.jar;C:\Users\79513\.m2\repository\org\springframework\boot\spring-boot-starter-aop\2.5.8-SNAPSHOT\spring-boot-starter-aop-2.5.8-20211207.211639-21.jar;C:\Users\79513\.m2\repository\org\aspectj\aspectjweaver\1.9.7\aspectjweaver-1.9.7.jar;C:\Users\79513\.m2\repository\org\springframework\boot\spring-boot-starter-jdbc\2.5.8-SNAPSHOT\spring-boot-starter-jdbc-2.5.8-20211207.211639-21.jar;C:\Users\79513\.m2\repository\com\zaxxer\HikariCP\4.0.3\HikariCP-4.0.3.jar;C:\Users\79513\.m2\repository\org\springframework\spring-jdbc\5.3.13\spring-jdbc-5.3.13.jar;C:\Users\79513\.m2\repository\jakarta\transaction\jakarta.transaction-api\1.3.3\jakarta.transaction-api-1.3.3.jar;C:\Users\79513\.m2\repository\jakarta\persistence\jakarta.persistence-api\2.2.3\jakarta.persistence-api-2.2.3.jar;C:\Users\79513\.m2\repository\org\hibernate\hibernate-core\5.4.32.Final\hibernate-core-5.4.32.Final.jar;C:\Users\79513\.m2\repository\org\javassist\javassist\3.27.0-GA\javassist-3.27.0-GA.jar;C:\Users\79513\.m2\repository\net\bytebuddy\byte-buddy\1.10.22\byte-buddy-1.10.22.jar;C:\Users\79513\.m2\repository\antlr\antlr\2.7.7\antlr-2.7.7.jar;C:\Users\79513\.m2\repository\org\jboss\jandex\2.2.3.Final\jandex-2.2.3.Final.jar;C:\Users\79513\.m2\repository\org\dom4j\dom4j\2.1.3\dom4j-2.1.3.jar;C:\Users\79513\.m2\repository\org\hibernate\common\hibernate-commons-annotations\5.1.2.Final\hibernate-commons-annotations-5.1.2.Final.jar;C:\Users\79513\.m2\repository\org\glassfish\jaxb\jaxb-runtime\2.3.5\jaxb-runtime-2.3.5.jar;C:\Users\79513\.m2\repository\org\glassfish\jaxb\txw2\2.3.5\txw2-2.3.5.jar;C:\Users\79513\.m2\repository\com\sun\istack\istack-commons-runtime\3.0.12\istack-commons-runtime-3.0.12.jar;C:\Users\79513\.m2\repository\com\sun\activation\jakarta.activation\1.2.2\jakarta.a
Launcher Type: SUN_STANDARD

[Global flags]
     intx CICompilerCount                          = 3                                         {product} {ergonomic}
     uint ConcGCThreads                            = 1                                         {product} {ergonomic}
     uint G1ConcRefinementThreads                  = 4                                         {product} {ergonomic}
   size_t G1HeapRegionSize                         = 1048576                                   {product} {ergonomic}
    uintx GCDrainStackTargetSize                   = 64                                        {product} {ergonomic}
   size_t InitialHeapSize                          = 134217728                                 {product} {ergonomic}
     bool ManagementServer                         = true                                      {product} {command line}
   size_t MarkStackSize                            = 4194304                                   {product} {ergonomic}
   size_t MaxHeapSize                              = 2145386496                                {product} {ergonomic}
   size_t MinHeapDeltaBytes                        = 1048576                                   {product} {ergonomic}
   size_t MinHeapSize                              = 8388608                                   {product} {ergonomic}
    uintx NonNMethodCodeHeapSize                   = 6973028                                {pd product} {ergonomic}
    uintx NonProfiledCodeHeapSize                  = 244685212                              {pd product} {ergonomic}
    uintx ProfiledCodeHeapSize                     = 0                                      {pd product} {ergonomic}
    uintx ReservedCodeCacheSize                    = 251658240                              {pd product} {ergonomic}
     bool SegmentedCodeCache                       = true                                      {product} {ergonomic}
   size_t SoftMaxHeapSize                          = 2145386496                             {manageable} {ergonomic}
     intx TieredStopAtLevel                        = 1                                         {product} {command line}
     bool UseCompressedClassPointers               = true                                 {lp64_product} {ergonomic}
     bool UseCompressedOops                        = true                                 {lp64_product} {ergonomic}
     bool UseG1GC                                  = true                                      {product} {ergonomic}
     bool UseLargePagesIndividualAllocation        = false                                  {pd product} {ergonomic}

Logging:
Log output configuration:
 #0: stdout all=warning uptime,level,tags
 #1: stderr all=off uptime,level,tags

Environment Variables:
JAVA_HOME=C:\OPENJDK
PATH=C:\Program Files (x86)\NVIDIA Corporation\PhysX\Common;C:\WINDOWS\system32;C:\WINDOWS;C:\WINDOWS\System32\Wbem;C:\WINDOWS\System32\WindowsPowerShell\v1.0\;C:\WINDOWS\System32\OpenSSH\;C:\Program Files (x86)\NoteBook FanControl\;C:\Program Files\Git\cmd;C:\apache-maven-3.8.3\bin;C:\OPENJDK\bin;C:\windows\system32\;C:\tizen-studio\tools\ide\bin;C:\Users\79513\AppData\Local\Microsoft\WindowsApps;C:\Users\79513\AppData\Local\GitHubDesktop\bin
USERNAME=Анатолий
OS=Windows_NT
PROCESSOR_IDENTIFIER=Intel64 Family 6 Model 37 Stepping 2, GenuineIntel



---------------  S Y S T E M  ---------------

OS:
 Windows 10 , 64 bit Build 19041 (10.0.19041.1348)
OS uptime: 0 days 7:42 hours

CPU: total 4 (initial active 4) (2 cores per cpu, 2 threads per core) family 6 model 37 stepping 2 microcode 0x11, cmov, cx8, fxsr, mmx, sse, sse2, sse3, ssse3, sse4.1, sse4.2, popcnt, ht, tsc, tscinvbit, clflush

Memory: 4k page, system-wide physical 8182M (2116M free)
TotalPageFile size 9182M (AvailPageFile size 5M)
current process WorkingSet (physical memory assigned to process): 10M, peak: 10M
current process commit charge ("private bytes"): 179M, peak: 181M

vm_info: OpenJDK 64-Bit Server VM (15.0.1+9-18) for windows-amd64 JRE (15.0.1+9-18), built on Sep 15 2020 14:39:31 by "mach5one" with unknown MS VC++:1925

END.
